"source"""":""""XmlWinEventLog:Microsoft-Windows-Sysmon/Operational"""",""""host"""":{""""name"""":""""DESKTOP-PC01""""},""""sourcetype"""":""""XmlWinEventLog:Microsoft-Windows-Sysmon/Operational"""",""""index"""":""""default"""",""""cribl_pipe"""":""""passthru"""",""""@timestamp"""":""""2021-12-01T16:54:26.979Z""""}"",""DESKTOP-PC01"",""sysmon_events.json
XmlWinEventLog:Microsoft-Windows-Sysmon/Operational"",13,""2021-11-21 12:58:14.266"",""2021-12-01T16:54:26.979Z"",""2021-11-21T12:58:14.267674300Z"",,,,""C:\Windows\system32\compattelrunner.exe"",,,","2024-03-16T14:09:30.000+00:00",,"sysmon_events.json
XmlWinEventLog:Microsoft-Windows-Sysmon/Operational","si-i-061ebfca0cf8b90c6.prd-p-s3zl2.splunkcloud.com",main,2,"""{"""""""":""""<_='://../////'><><_='--'_='{----}'/><></","{""_raw"":""<Event xmlns='http://schemas.microsoft.com/win/2004/08/events/event'><System><Provider Name='Microsoft-Windows-Sysmon' Guid='{5770385f-c22a-43e0-bf4c-06f5698ffbd9}'/><EventID>13</EventID><Version>2</Version><Level>4</Level><Task>13</Task><Opcode>0</Opcode><Keywords>0x8000000000000000</Keywords><TimeCreated SystemTime='2021-11-21T12:58:14.267674300Z'/><EventRecordID>82</EventRecordID><Correlation/><Execution ProcessID='1872' ThreadID='3648'/><Channel>Microsoft-Windows-Sysmon/Operational</Channel><Computer>DESKTOP-PC01</Computer><Security UserID='S-1-5-18'/></System><EventData><Data Name='RuleName'>InvDB-CompileTimeClaim</Data><Data Name='EventType'>SetValue</Data><Data Name='UtcTime'>2021-11-21 12:58:14.266</Data><Data Name='ProcessGuid'>{10cf5a0f-4252-619a-c001-000000000700}</Data><Data Name='ProcessId'>6860</Data><Data Name='Image'>C:\\Windows\\system32\\compattelrunner.exe</Data><Data Name='TargetObject'>\\REGISTRY\\A\\{50c90cbf-b2f5-cc7b-b22d-2619b6da3d06}\\Root\\InventoryApplicationFile\\splknetdrv.sys|9d837bc7abc517f\\LinkDate</Data><Data Name='Details'>(Empty)</Data><Data Name='User'>NT AUTHORITY\\SYSTEM</Data></EventData></Event>"",""source"":""XmlWinEventLog:Microsoft-Windows-Sysmon/Operational"",""host"":{""name"":""DESKTOP-PC01""},""sourcetype"":""XmlWinEventLog:Microsoft-Windows-Sysmon/Operational"",""index"":""default"",""cribl_pipe"":""passthru"",""@timestamp"":""2021-12-01T16:54:26.979Z""}","sysmon_events_summary_upload.csv",csv,"si-i-061ebfca0cf8b90c6.prd-p-s3zl2.splunkcloud.com",,"2021-12-01T16:54:26.979Z
none","<Event xmlns='http://schemas.microsoft.com/win/2004/08/events/event'><System><Provider Name='Microsoft-Windows-Sysmon' Guid='{5770385f-c22a-43e0-bf4c-06f5698ffbd9}'/><EventID>13</EventID><Version>2</Version><Level>4</Level><Task>13</Task><Opcode>0</Opcode><Keywords>0x8000000000000000</Keywords><TimeCreated SystemTime='2021-11-21T12:58:14.267674300Z'/><EventRecordID>82</EventRecordID><Correlation/><Execution ProcessID='1872' ThreadID='3648'/><Channel>Microsoft-Windows-Sysmon/Operational</Channel><Computer>DESKTOP-PC01</Computer><Security UserID='S-1-5-18'/></System><EventData><Data Name='RuleName'>InvDB-CompileTimeClaim</Data><Data Name='EventType'>SetValue</Data><Data Name='UtcTime'>2021-11-21 12:58:14.266</Data><Data Name='ProcessGuid'>{10cf5a0f-4252-619a-c001-000000000700}</Data><Data Name='ProcessId'>6860</Data><Data Name='Image'>C:\\Windows\\system32\\compattelrunner.exe</Data><Data Name='TargetObject'>\\REGISTRY\\A\\{50c90cbf-b2f5-cc7b-b22d-2619b6da3d06}\\Root\\InventoryApplicationFile\\splknetdrv.sys|9d837bc7abc517f\\LinkDate</Data><Data Name='Details'>(Empty)</Data><Data Name='User'>NT AUTHORITY\\SYSTEM</Data></EventData></Event>"
"Microsoft-Windows-Sysmon/Operational",,"DESKTOP-PC01",,,13,81,"http://schemas.microsoft.com/win/2004/08/events/event",1872,3648,"C:\\Windows\\system32\\compattelrunner.exe",0x8000000000000000,4,0,,,"{5770385f-c22a-43e0-bf4c-06f5698ffbd9}","Microsoft-Windows-Sysmon","S-1-5-18",,13,"2021-11-21T12:58:14.267236900Z","2021-11-21T12:58:14.267236900Z","2021-11-21 12:58:14.266",2,"""{""""_raw"""":""""<Event xmlns='http://schemas.microsoft.com/win/2004/08/events/event'><System><Provider Name='Microsoft-Windows-Sysmon' Guid='{5770385f-c22a-43e0-bf4c-06f5698ffbd9}'/><EventID>13</EventID><Version>2</Version><Level>4</Level><Task>13</Task><Opcode>0</Opcode><Keywords>0x8000000000000000</Keywords><TimeCreated SystemTime='2021-11-21T12:58:14.267236900Z'/><EventRecordID>81</EventRecordID><Correlation/><Execution ProcessID='1872' ThreadID='3648'/><Channel>Microsoft-Windows-Sysmon/Operational</Channel><Computer>DESKTOP-PC01</Computer><Security UserID='S-1-5-18'/></System><EventData><Data Name='RuleName'>InvDB-Pub</Data><Data Name='EventType'>SetValue</Data><Data Name='UtcTime'>2021-11-21 12:58:14.266</Data><Data Name='ProcessGuid'>{10cf5a0f-4252-619a-c001-000000000700}</Data><Data Name='ProcessId'>6860</Data><Data Name='Image'>C:\\Windows\\system32\\compattelrunner.exe</Data><Data Name='TargetObject'>\\REGISTRY\\A\\{50c90cbf-b2f5-cc7b-b22d-2619b6da3d06}\\Root\\InventoryApplicationFile\\splknetdrv.sys|9d837bc7abc517f\\Publisher</Data><Data Name='Details'>windows (r) win 7 ddk provider</Data><Data Name='User'>NT AUTHORITY\\SYSTEM</Data></EventData></Event>"""",""""source"""":""""XmlWinEventLog:Microsoft-Windows-Sysmon/Operational"""",""""host"""":{""""name"""":""""DESKTOP-PC01""""},""""sourcetype"""":""""XmlWinEventLog:Microsoft-Windows-Sysmon/Operational"""",""""index"""":""""default"""",""""cribl_pipe"""":""""passthru"""",""""@timestamp"""":""""2021-12-01T16:54:26.979Z""""}"",""DESKTOP-PC01"",""sysmon_events.json
XmlWinEventLog:Microsoft-Windows-Sysmon/Operational"",13,""2021-11-21 12:58:14.266"",""2021-12-01T16:54:26.979Z"",""2021-11-21T12:58:14.267236900Z"",,,,""C:\Windows\system32\compattelrunner.exe"",,,","2024-03-16T14:09:30.000+00:00",,"sysmon_events.json
XmlWinEventLog:Microsoft-Windows-Sysmon/Operational","si-i-061ebfca0cf8b90c6.prd-p-s3zl2.splunkcloud.com",main,2,"""{"""""""":""""<_='://../////'><><_='--'_='{----}'/><></","{""_raw"":""<Event xmlns='http://schemas.microsoft.com/win/2004/08/events/event'><System><Provider Name='Microsoft-Windows-Sysmon' Guid='{5770385f-c22a-43e0-bf4c-06f5698ffbd9}'/><EventID>13</EventID><Version>2</Version><Level>4</Level><Task>13</Task><Opcode>0</Opcode><Keywords>0x8000000000000000</Keywords><TimeCreated SystemTime='2021-11-21T12:58:14.267236900Z'/><EventRecordID>81</EventRecordID><Correlation/><Execution ProcessID='1872' ThreadID='3648'/><Channel>Microsoft-Windows-Sysmon/Operational</Channel><Computer>DESKTOP-PC01</Computer><Security UserID='S-1-5-18'/></System><EventData><Data Name='RuleName'>InvDB-Pub</Data><Data Name='EventType'>SetValue</Data><Data Name='UtcTime'>2021-11-21 12:58:14.266</Data><Data Name='ProcessGuid'>{10cf5a0f-4252-619a-c001-000000000700}</Data><Data Name='ProcessId'>6860</Data><Data Name='Image'>C:\\Windows\\system32\\compattelrunner.exe</Data><Data Name='TargetObject'>\\REGISTRY\\A\\{50c90cbf-b2f5-cc7b-b22d-2619b6da3d06}\\Root\\InventoryApplicationFile\\splknetdrv.sys|9d837bc7abc517f\\Publisher</Data><Data Name='Details'>windows (r) win 7 ddk provider</Data><Data Name='User'>NT AUTHORITY\\SYSTEM</Data></EventData></Event>"",""source"":""XmlWinEventLog:Microsoft-Windows-Sysmon/Operational"",""host"":{""name"":""DESKTOP-PC01""},""sourcetype"":""XmlWinEventLog:Microsoft-Windows-Sysmon/Operational"",""index"":""default"",""cribl_pipe"":""passthru"",""@timestamp"":""2021-12-01T16:54:26.979Z""}","sysmon_events_summary_upload.csv",csv,"si-i-061ebfca0cf8b90c6.prd-p-s3zl2.splunkcloud.com",,"2021-12-01T16:54:26.979Z
none","<Event xmlns='http://schemas.microsoft.com/win/2004/08/events/event'><System><Provider Name='Microsoft-Windows-Sysmon' Guid='{5770385f-c22a-43e0-bf4c-06f5698ffbd9}'/><EventID>13</EventID><Version>2</Version><Level>4</Level><Task>13</Task><Opcode>0</Opcode><Keywords>0x8000000000000000</Keywords><TimeCreated SystemTime='2021-11-21T12:58:14.267236900Z'/><EventRecordID>81</EventRecordID><Correlation/><Execution ProcessID='1872' ThreadID='3648'/><Channel>Microsoft-Windows-Sysmon/Operational</Channel><Computer>DESKTOP-PC01</Computer><Security UserID='S-1-5-18'/></System><EventData><Data Name='RuleName'>InvDB-Pub</Data><Data Name='EventType'>SetValue</Data><Data Name='UtcTime'>2021-11-21 12:58:14.266</Data><Data Name='ProcessGuid'>{10cf5a0f-4252-619a-c001-000000000700}</Data><Data Name='ProcessId'>6860</Data><Data Name='Image'>C:\\Windows\\system32\\compattelrunner.exe</Data><Data Name='TargetObject'>\\REGISTRY\\A\\{50c90cbf-b2f5-cc7b-b22d-2619b6da3d06}\\Root\\InventoryApplicationFile\\splknetdrv.sys|9d837bc7abc517f\\Publisher</Data><Data Name='Details'>windows (r) win 7 ddk provider</Data><Data Name='User'>NT AUTHORITY\\SYSTEM</Data></EventData></Event>"
"Microsoft-Windows-Sysmon/Operational",,"DESKTOP-PC01",,,13,80,"http://schemas.microsoft.com/win/2004/08/events/event",1872,3648,"C:\\Windows\\system32\\compattelrunner.exe",0x8000000000000000,4,0,,,"{5770385f-c22a-43e0-bf4c-06f5698ffbd9}","Microsoft-Windows-Sysmon","S-1-5-18",,13,"2021-11-21T12:58:14.267007400Z","2021-11-21T12:58:14.267007400Z","2021-11-21 12:58:14.266",2,"""{""""_raw"""":""""<Event xmlns='http://schemas.microsoft.com/win/2004/08/events/event'><System><Provider Name='Microsoft-Windows-Sysmon' Guid='{5770385f-c22a-43e0-bf4c-06f5698ffbd9}'/><EventID>13</EventID><Version>2</Version><Level>4</Level><Task>13</Task><Opcode>0</Opcode><Keywords>0x8000000000000000</Keywords><TimeCreated SystemTime='2021-11-21T12:58:14.267007400Z'/><EventRecordID>80</EventRecordID><Correlation/><Execution ProcessID='1872' ThreadID='3648'/><Channel>Microsoft-Windows-Sysmon/Operational</Channel><Computer>DESKTOP-PC01</Computer><Security UserID='S-1-5-18'/></System><EventData><Data Name='RuleName'>InvDB-Path</Data><Data Name='EventType'>SetValue</Data><Data Name='UtcTime'>2021-11-21 12:58:14.266</Data><Data Name='ProcessGuid'>{10cf5a0f-4252-619a-c001-000000000700}</Data><Data Name='ProcessId'>6860</Data><Data Name='Image'>C:\\Windows\\system32\\compattelrunner.exe</Data><Data Name='TargetObject'>\\REGISTRY\\A\\{50c90cbf-b2f5-cc7b-b22d-2619b6da3d06}\\Root\\InventoryApplicationFile\\splknetdrv.sys|9d837bc7abc517f\\LowerCaseLongPath</Data><Data Name='Details'>c:\\program files\\splunkuniversalforwarder\\bin\\splknetdrv.sys</Data><Data Name='User'>NT AUTHORITY\\SYSTEM</Data></EventData></Event>"""",""""source"""":""""XmlWinEventLog:Microsoft-Windows-Sysmon/Operational"""",""""host"""":{""""name"""":""""DESKTOP-PC01""""},""""sourcetype"""":""""XmlWinEventLog:Microsoft-Windows-Sysmon/Operational"""",""""index"""":""""default"""",""""cribl_pipe"""":""""passthru"""",""""@timestamp"""":""""2021-12-01T16:54:26.979Z""""}"",""DESKTOP-PC01"",""sysmon_events.json
XmlWinEventLog:Microsoft-Windows-Sysmon/Operational"",13,""2021-11-21 12:58:14.266"",""2021-12-01T16:54:26.979Z"",""2021-11-21T12:58:14.267007400Z"",,,,""C:\Windows\system32\compattelrunner.exe"",,,","2024-03-16T14:09:30.000+00:00",,"sysmon_events.json
XmlWinEventLog:Microsoft-Windows-Sysmon/Operational","si-i-061ebfca0cf8b90c6.prd-p-s3zl2.splunkcloud.com",main,2,"""{"""""""":""""<_='://../////'><><_='--'_='{----}'/><></","{""_raw"":""<Event xmlns='http://schemas.microsoft.com/win/2004/08/events/event'><System><Provider Name='Microsoft-Windows-Sysmon' Guid='{5770385f-c22a-43e0-bf4c-06f5698ffbd9}'/><EventID>13</EventID><Version>2</Version><Level>4</Level><Task>13</Task><Opcode>0</Opcode><Keywords>0x8000000000000000</Keywords><TimeCreated SystemTime='2021-11-21T12:58:14.267007400Z'/><EventRecordID>80</EventRecordID><Correlation/><Execution ProcessID='1872' ThreadID='3648'/><Channel>Microsoft-Windows-Sysmon/Operational</Channel><Computer>DESKTOP-PC01</Computer><Security UserID='S-1-5-18'/></System><EventData><Data Name='RuleName'>InvDB-Path</Data><Data Name='EventType'>SetValue</Data><Data Name='UtcTime'>2021-11-21 12:58:14.266</Data><Data Name='ProcessGuid'>{10cf5a0f-4252-619a-c001-000000000700}</Data><Data Name='ProcessId'>6860</Data><Data Name='Image'>C:\\Windows\\system32\\compattelrunner.exe</Data><Data Name='TargetObject'>\\REGISTRY\\A\\{50c90cbf-b2f5-cc7b-b22d-2619b6da3d06}\\Root\\InventoryApplicationFile\\splknetdrv.sys|9d837bc7abc517f\\LowerCaseLongPath</Data><Data Name='Details'>c:\\program files\\splunkuniversalforwarder\\bin\\splknetdrv.sys</Data><Data Name='User'>NT AUTHORITY\\SYSTEM</Data></EventData></Event>"",""source"":""XmlWinEventLog:Microsoft-Windows-Sysmon/Operational"",""host"":{""name"":""DESKTOP-PC01""},""sourcetype"":""XmlWinEventLog:Microsoft-Windows-Sysmon/Operational"",""index"":""default"",""cribl_pipe"":""passthru"",""@timestamp"":""2021-12-01T16:54:26.979Z""}","sysmon_events_summary_upload.csv",csv,"si-i-061ebfca0cf8b90c6.prd-p-s3zl2.splunkcloud.com",,"2021-12-01T16:54:26.979Z
none","<Event xmlns='http://schemas.microsoft.com/win/2004/08/events/event'><System><Provider Name='Microsoft-Windows-Sysmon' Guid='{5770385f-c22a-43e0-bf4c-06f5698ffbd9}'/><EventID>13</EventID><Version>2</Version><Level>4</Level><Task>13</Task><Opcode>0</Opcode><Keywords>0x8000000000000000</Keywords><TimeCreated SystemTime='2021-11-21T12:58:14.267007400Z'/><EventRecordID>80</EventRecordID><Correlation/><Execution ProcessID='1872' ThreadID='3648'/><Channel>Microsoft-Windows-Sysmon/Operational</Channel><Computer>DESKTOP-PC01</Computer><Security UserID='S-1-5-18'/></System><EventData><Data Name='RuleName'>InvDB-Path</Data><Data Name='EventType'>SetValue</Data><Data Name='UtcTime'>2021-11-21 12:58:14.266</Data><Data Name='ProcessGuid'>{10cf5a0f-4252-619a-c001-000000000700}</Data><Data Name='ProcessId'>6860</Data><Data Name='Image'>C:\\Windows\\system32\\compattelrunner.exe</Data><Data Name='TargetObject'>\\REGISTRY\\A\\{50c90cbf-b2f5-cc7b-b22d-2619b6da3d06}\\Root\\InventoryApplicationFile\\splknetdrv.sys|9d837bc7abc517f\\LowerCaseLongPath</Data><Data Name='Details'>c:\\program files\\splunkuniversalforwarder\\bin\\splknetdrv.sys</Data><Data Name='User'>NT AUTHORITY\\SYSTEM</Data></EventData></Event>"
"Microsoft-Windows-Sysmon/Operational",,"DESKTOP-PC01",,,13,79,"http://schemas.microsoft.com/win/2004/08/events/event",1872,3648,"C:\\Windows\\system32\\compattelrunner.exe",0x8000000000000000,4,0,,,"{5770385f-c22a-43e0-bf4c-06f5698ffbd9}","Microsoft-Windows-Sysmon","S-1-5-18",,13,"2021-11-21T12:58:14.265003600Z","2021-11-21T12:58:14.265003600Z","2021-11-21 12:58:14.264",2,"""{""""_raw"""":""""<Event xmlns='http://schemas.microsoft.com/win/2004/08/events/event'><System><Provider Name='Microsoft-Windows-Sysmon' Guid='{5770385f-c22a-43e0-bf4c-06f5698ffbd9}'/><EventID>13</EventID><Version>2</Version><Level>4</Level><Task>13</Task><Opcode>0</Opcode><Keywords>0x8000000000000000</Keywords><TimeCreated SystemTime='2021-11-21T12:58:14.265003600Z'/><EventRecordID>79</EventRecordID><Correlation/><Execution ProcessID='1872' ThreadID='3648'/><Channel>Microsoft-Windows-Sysmon/Operational</Channel><Computer>DESKTOP-PC01</Computer><Security UserID='S-1-5-18'/></System><EventData><Data Name='RuleName'>InvDB-Ver</Data><Data Name='EventType'>SetValue</Data><Data Name='UtcTime'>2021-11-21 12:58:14.264</Data><Data Name='ProcessGuid'>{10cf5a0f-4252-619a-c001-000000000700}</Data><Data Name='ProcessId'>6860</Data><Data Name='Image'>C:\\Windows\\system32\\compattelrunner.exe</Data><Data Name='TargetObject'>\\REGISTRY\\A\\{50c90cbf-b2f5-cc7b-b22d-2619b6da3d06}\\Root\\InventoryApplicationFile\\openssl.exe|fe2747d40e70e115\\BinProductVersion</Data><Data Name='Details'>(Empty)</Data><Data Name='User'>NT AUTHORITY\\SYSTEM</Data></EventData></Event>"""",""""source"""":""""XmlWinEventLog:Microsoft-Windows-Sysmon/Operational"""",""""host"""":{""""name"""":""""DESKTOP-PC01""""},""""sourcetype"""":""""XmlWinEventLog:Microsoft-Windows-Sysmon/Operational"""",""""index"""":""""default"""",""""cribl_pipe"""":""""passthru"""",""""@timestamp"""":""""2021-12-01T16:54:26.979Z""""}"",""DESKTOP-PC01"",""sysmon_events.json
XmlWinEventLog:Microsoft-Windows-Sysmon/Operational"",13,""2021-11-21 12:58:14.264"",""2021-12-01T16:54:26.979Z"",""2021-11-21T12:58:14.265003600Z"",,,,""C:\Windows\system32\compattelrunner.exe"",,,","2024-03-16T14:09:30.000+00:00",,"sysmon_events.json
XmlWinEventLog:Microsoft-Windows-Sysmon/Operational","si-i-061ebfca0cf8b90c6.prd-p-s3zl2.splunkcloud.com",main,2,"""{"""""""":""""<_='://../////'><><_='--'_='{----}'/><></","{""_raw"":""<Event xmlns='http://schemas.microsoft.com/win/2004/08/events/event'><System><Provider Name='Microsoft-Windows-Sysmon' Guid='{5770385f-c22a-43e0-bf4c-06f5698ffbd9}'/><EventID>13</EventID><Version>2</Version><Level>4</Level><Task>13</Task><Opcode>0</Opcode><Keywords>0x8000000000000000</Keywords><TimeCreated SystemTime='2021-11-21T12:58:14.265003600Z'/><EventRecordID>79</EventRecordID><Correlation/><Execution ProcessID='1872' ThreadID='3648'/><Channel>Microsoft-Windows-Sysmon/Operational</Channel><Computer>DESKTOP-PC01</Computer><Security UserID='S-1-5-18'/></System><EventData><Data Name='RuleName'>InvDB-Ver</Data><Data Name='EventType'>SetValue</Data><Data Name='UtcTime'>2021-11-21 12:58:14.264</Data><Data Name='ProcessGuid'>{10cf5a0f-4252-619a-c001-000000000700}</Data><Data Name='ProcessId'>6860</Data><Data Name='Image'>C:\\Windows\\system32\\compattelrunner.exe</Data><Data Name='TargetObject'>\\REGISTRY\\A\\{50c90cbf-b2f5-cc7b-b22d-2619b6da3d06}\\Root\\InventoryApplicationFile\\openssl.exe|fe2747d40e70e115\\BinProductVersion</Data><Data Name='Details'>(Empty)</Data><Data Name='User'>NT AUTHORITY\\SYSTEM</Data></EventData></Event>"",""source"":""XmlWinEventLog:Microsoft-Windows-Sysmon/Operational"",""host"":{""name"":""DESKTOP-PC01""},""sourcetype"":""XmlWinEventLog:Microsoft-Windows-Sysmon/Operational"",""index"":""default"",""cribl_pipe"":""passthru"",""@timestamp"":""2021-12-01T16:54:26.979Z""}","sysmon_events_summary_upload.csv",csv,"si-i-061ebfca0cf8b90c6.prd-p-s3zl2.splunkcloud.com",,"2021-12-01T16:54:26.979Z
none","<Event xmlns='http://schemas.microsoft.com/win/2004/08/events/event'><System><Provider Name='Microsoft-Windows-Sysmon' Guid='{5770385f-c22a-43e0-bf4c-06f5698ffbd9}'/><EventID>13</EventID><Version>2</Version><Level>4</Level><Task>13</Task><Opcode>0</Opcode><Keywords>0x8000000000000000</Keywords><TimeCreated SystemTime='2021-11-21T12:58:14.265003600Z'/><EventRecordID>79</EventRecordID><Correlation/><Execution ProcessID='1872' ThreadID='3648'/><Channel>Microsoft-Windows-Sysmon/Operational</Channel><Computer>DESKTOP-PC01</Computer><Security UserID='S-1-5-18'/></System><EventData><Data Name='RuleName'>InvDB-Ver</Data><Data Name='EventType'>SetValue</Data><Data Name='UtcTime'>2021-11-21 12:58:14.264</Data><Data Name='ProcessGuid'>{10cf5a0f-4252-619a-c001-000000000700}</Data><Data Name='ProcessId'>6860</Data><Data Name='Image'>C:\\Windows\\system32\\compattelrunner.exe</Data><Data Name='TargetObject'>\\REGISTRY\\A\\{50c90cbf-b2f5-cc7b-b22d-2619b6da3d06}\\Root\\InventoryApplicationFile\\openssl.exe|fe2747d40e70e115\\BinProductVersion</Data><Data Name='Details'>(Empty)</Data><Data Name='User'>NT AUTHORITY\\SYSTEM</Data></EventData></Event>"
"Microsoft-Windows-Sysmon/Operational",,"DESKTOP-PC01",,,13,78,"http://schemas.microsoft.com/win/2004/08/events/event",1872,3648,"C:\\Windows\\system32\\compattelrunner.exe",0x8000000000000000,4,0,,,"{5770385f-c22a-43e0-bf4c-06f5698ffbd9}","Microsoft-Windows-Sysmon","S-1-5-18",,13,"2021-11-21T12:58:14.264930300Z","2021-11-21T12:58:14.264930300Z","2021-11-21 12:58:14.264",2,"""{""""_raw"""":""""<Event xmlns='http://schemas.microsoft.com/win/2004/08/events/event'><System><Provider Name='Microsoft-Windows-Sysmon' Guid='{5770385f-c22a-43e0-bf4c-06f5698ffbd9}'/><EventID>13</EventID><Version>2</Version><Level>4</Level><Task>13</Task><Opcode>0</Opcode><Keywords>0x8000000000000000</Keywords><TimeCreated SystemTime='2021-11-21T12:58:14.264930300Z'/><EventRecordID>78</EventRecordID><Correlation/><Execution ProcessID='1872' ThreadID='3648'/><Channel>Microsoft-Windows-Sysmon/Operational</Channel><Computer>DESKTOP-PC01</Computer><Security UserID='S-1-5-18'/></System><EventData><Data Name='RuleName'>InvDB-CompileTimeClaim</Data><Data Name='EventType'>SetValue</Data><Data Name='UtcTime'>2021-11-21 12:58:14.264</Data><Data Name='ProcessGuid'>{10cf5a0f-4252-619a-c001-000000000700}</Data><Data Name='ProcessId'>6860</Data><Data Name='Image'>C:\\Windows\\system32\\compattelrunner.exe</Data><Data Name='TargetObject'>\\REGISTRY\\A\\{50c90cbf-b2f5-cc7b-b22d-2619b6da3d06}\\Root\\InventoryApplicationFile\\openssl.exe|fe2747d40e70e115\\LinkDate</Data><Data Name='Details'>(Empty)</Data><Data Name='User'>NT AUTHORITY\\SYSTEM</Data></EventData></Event>"""",""""source"""":""""XmlWinEventLog:Microsoft-Windows-Sysmon/Operational"""",""""host"""":{""""name"""":""""DESKTOP-PC01""""},""""sourcetype"""":""""XmlWinEventLog:Microsoft-Windows-Sysmon/Operational"""",""""index"""":""""default"""",""""cribl_pipe"""":""""passthru"""",""""@timestamp"""":""""2021-12-01T16:54:26.979Z""""}"",""DESKTOP-PC01"",""sysmon_events.json
XmlWinEventLog:Microsoft-Windows-Sysmon/Operational"",13,""2021-11-21 12:58:14.264"",""2021-12-01T16:54:26.979Z"",""2021-11-21T12:58:14.264930300Z"",,,,""C:\Windows\system32\compattelrunner.exe"",,,","2024-03-16T14:09:30.000+00:00",,"sysmon_events.json
XmlWinEventLog:Microsoft-Windows-Sysmon/Operational","si-i-061ebfca0cf8b90c6.prd-p-s3zl2.splunkcloud.com",main,2,"""{"""""""":""""<_='://../////'><><_='--'_='{----}'/><></","{""_raw"":""<Event xmlns='http://schemas.microsoft.com/win/2004/08/events/event'><System><Provider Name='Microsoft-Windows-Sysmon' Guid='{5770385f-c22a-43e0-bf4c-06f5698ffbd9}'/><EventID>13</EventID><Version>2</Version><Level>4</Level><Task>13</Task><Opcode>0</Opcode><Keywords>0x8000000000000000</Keywords><TimeCreated SystemTime='2021-11-21T12:58:14.264930300Z'/><EventRecordID>78</EventRecordID><Correlation/><Execution ProcessID='1872' ThreadID='3648'/><Channel>Microsoft-Windows-Sysmon/Operational</Channel><Computer>DESKTOP-PC01</Computer><Security UserID='S-1-5-18'/></System><EventData><Data Name='RuleName'>InvDB-CompileTimeClaim</Data><Data Name='EventType'>SetValue</Data><Data Name='UtcTime'>2021-11-21 12:58:14.264</Data><Data Name='ProcessGuid'>{10cf5a0f-4252-619a-c001-000000000700}</Data><Data Name='ProcessId'>6860</Data><Data Name='Image'>C:\\Windows\\system32\\compattelrunner.exe</Data><Data Name='TargetObject'>\\REGISTRY\\A\\{50c90cbf-b2f5-cc7b-b22d-2619b6da3d06}\\Root\\InventoryApplicationFile\\openssl.exe|fe2747d40e70e115\\LinkDate</Data><Data Name='Details'>(Empty)</Data><Data Name='User'>NT AUTHORITY\\SYSTEM</Data></EventData></Event>"",""source"":""XmlWinEventLog:Microsoft-Windows-Sysmon/Operational"",""host"":{""name"":""DESKTOP-PC01""},""sourcetype"":""XmlWinEventLog:Microsoft-Windows-Sysmon/Operational"",""index"":""default"",""cribl_pipe"":""passthru"",""@timestamp"":""2021-12-01T16:54:26.979Z""}","sysmon_events_summary_upload.csv",csv,"si-i-061ebfca0cf8b90c6.prd-p-s3zl2.splunkcloud.com",,"2021-12-01T16:54:26.979Z
none","<Event xmlns='http://schemas.microsoft.com/win/2004/08/events/event'><System><Provider Name='Microsoft-Windows-Sysmon' Guid='{5770385f-c22a-43e0-bf4c-06f5698ffbd9}'/><EventID>13</EventID><Version>2</Version><Level>4</Level><Task>13</Task><Opcode>0</Opcode><Keywords>0x8000000000000000</Keywords><TimeCreated SystemTime='2021-11-21T12:58:14.264930300Z'/><EventRecordID>78</EventRecordID><Correlation/><Execution ProcessID='1872' ThreadID='3648'/><Channel>Microsoft-Windows-Sysmon/Operational</Channel><Computer>DESKTOP-PC01</Computer><Security UserID='S-1-5-18'/></System><EventData><Data Name='RuleName'>InvDB-CompileTimeClaim</Data><Data Name='EventType'>SetValue</Data><Data Name='UtcTime'>2021-11-21 12:58:14.264</Data><Data Name='ProcessGuid'>{10cf5a0f-4252-619a-c001-000000000700}</Data><Data Name='ProcessId'>6860</Data><Data Name='Image'>C:\\Windows\\system32\\compattelrunner.exe</Data><Data Name='TargetObject'>\\REGISTRY\\A\\{50c90cbf-b2f5-cc7b-b22d-2619b6da3d06}\\Root\\InventoryApplicationFile\\openssl.exe|fe2747d40e70e115\\LinkDate</Data><Data Name='Details'>(Empty)</Data><Data Name='User'>NT AUTHORITY\\SYSTEM</Data></EventData></Event>"
"Microsoft-Windows-Sysmon/Operational",,"DESKTOP-PC01",,,13,77,"http://schemas.microsoft.com/win/2004/08/events/event",1872,3648,"C:\\Windows\\system32\\compattelrunner.exe",0x8000000000000000,4,0,,,"{5770385f-c22a-43e0-bf4c-06f5698ffbd9}","Microsoft-Windows-Sysmon","S-1-5-18",,13,"2021-11-21T12:58:14.264503900Z","2021-11-21T12:58:14.264503900Z","2021-11-21 12:58:14.263",2,"""{""""_raw"""":""""<Event xmlns='http://schemas.microsoft.com/win/2004/08/events/event'><System><Provider Name='Microsoft-Windows-Sysmon' Guid='{5770385f-c22a-43e0-bf4c-06f5698ffbd9}'/><EventID>13</EventID><Version>2</Version><Level>4</Level><Task>13</Task><Opcode>0</Opcode><Keywords>0x8000000000000000</Keywords><TimeCreated SystemTime='2021-11-21T12:58:14.264503900Z'/><EventRecordID>77</EventRecordID><Correlation/><Execution ProcessID='1872' ThreadID='3648'/><Channel>Microsoft-Windows-Sysmon/Operational</Channel><Computer>DESKTOP-PC01</Computer><Security UserID='S-1-5-18'/></System><EventData><Data Name='RuleName'>InvDB-Pub</Data><Data Name='EventType'>SetValue</Data><Data Name='UtcTime'>2021-11-21 12:58:14.263</Data><Data Name='ProcessGuid'>{10cf5a0f-4252-619a-c001-000000000700}</Data><Data Name='ProcessId'>6860</Data><Data Name='Image'>C:\\Windows\\system32\\compattelrunner.exe</Data><Data Name='TargetObject'>\\REGISTRY\\A\\{50c90cbf-b2f5-cc7b-b22d-2619b6da3d06}\\Root\\InventoryApplicationFile\\openssl.exe|fe2747d40e70e115\\Publisher</Data><Data Name='Details'>(Empty)</Data><Data Name='User'>NT AUTHORITY\\SYSTEM</Data></EventData></Event>"""",""""source"""":""""XmlWinEventLog:Microsoft-Windows-Sysmon/Operational"""",""""host"""":{""""name"""":""""DESKTOP-PC01""""},""""sourcetype"""":""""XmlWinEventLog:Microsoft-Windows-Sysmon/Operational"""",""""index"""":""""default"""",""""cribl_pipe"""":""""passthru"""",""""@timestamp"""":""""2021-12-01T16:54:26.979Z""""}"",""DESKTOP-PC01"",""sysmon_events.json
XmlWinEventLog:Microsoft-Windows-Sysmon/Operational"",13,""2021-11-21 12:58:14.263"",""2021-12-01T16:54:26.979Z"",""2021-11-21T12:58:14.264503900Z"",,,,""C:\Windows\system32\compattelrunner.exe"",,,","2024-03-16T14:09:30.000+00:00",,"sysmon_events.json
XmlWinEventLog:Microsoft-Windows-Sysmon/Operational","si-i-061ebfca0cf8b90c6.prd-p-s3zl2.splunkcloud.com",main,2,"""{"""""""":""""<_='://../////'><><_='--'_='{----}'/><></","{""_raw"":""<Event xmlns='http://schemas.microsoft.com/win/2004/08/events/event'><System><Provider Name='Microsoft-Windows-Sysmon' Guid='{5770385f-c22a-43e0-bf4c-06f5698ffbd9}'/><EventID>13</EventID><Version>2</Version><Level>4</Level><Task>13</Task><Opcode>0</Opcode><Keywords>0x8000000000000000</Keywords><TimeCreated SystemTime='2021-11-21T12:58:14.264503900Z'/><EventRecordID>77</EventRecordID><Correlation/><Execution ProcessID='1872' ThreadID='3648'/><Channel>Microsoft-Windows-Sysmon/Operational</Channel><Computer>DESKTOP-PC01</Computer><Security UserID='S-1-5-18'/></System><EventData><Data Name='RuleName'>InvDB-Pub</Data><Data Name='EventType'>SetValue</Data><Data Name='UtcTime'>2021-11-21 12:58:14.263</Data><Data Name='ProcessGuid'>{10cf5a0f-4252-619a-c001-000000000700}</Data><Data Name='ProcessId'>6860</Data><Data Name='Image'>C:\\Windows\\system32\\compattelrunner.exe</Data><Data Name='TargetObject'>\\REGISTRY\\A\\{50c90cbf-b2f5-cc7b-b22d-2619b6da3d06}\\Root\\InventoryApplicationFile\\openssl.exe|fe2747d40e70e115\\Publisher</Data><Data Name='Details'>(Empty)</Data><Data Name='User'>NT AUTHORITY\\SYSTEM</Data></EventData></Event>"",""source"":""XmlWinEventLog:Microsoft-Windows-Sysmon/Operational"",""host"":{""name"":""DESKTOP-PC01""},""sourcetype"":""XmlWinEventLog:Microsoft-Windows-Sysmon/Operational"",""index"":""default"",""cribl_pipe"":""passthru"",""@timestamp"":""2021-12-01T16:54:26.979Z""}","sysmon_events_summary_upload.csv",csv,"si-i-061ebfca0cf8b90c6.prd-p-s3zl2.splunkcloud.com",,"2021-12-01T16:54:26.979Z
none","<Event xmlns='http://schemas.microsoft.com/win/2004/08/events/event'><System><Provider Name='Microsoft-Windows-Sysmon' Guid='{5770385f-c22a-43e0-bf4c-06f5698ffbd9}'/><EventID>13</EventID><Version>2</Version><Level>4</Level><Task>13</Task><Opcode>0</Opcode><Keywords>0x8000000000000000</Keywords><TimeCreated SystemTime='2021-11-21T12:58:14.264503900Z'/><EventRecordID>77</EventRecordID><Correlation/><Execution ProcessID='1872' ThreadID='3648'/><Channel>Microsoft-Windows-Sysmon/Operational</Channel><Computer>DESKTOP-PC01</Computer><Security UserID='S-1-5-18'/></System><EventData><Data Name='RuleName'>InvDB-Pub</Data><Data Name='EventType'>SetValue</Data><Data Name='UtcTime'>2021-11-21 12:58:14.263</Data><Data Name='ProcessGuid'>{10cf5a0f-4252-619a-c001-000000000700}</Data><Data Name='ProcessId'>6860</Data><Data Name='Image'>C:\\Windows\\system32\\compattelrunner.exe</Data><Data Name='TargetObject'>\\REGISTRY\\A\\{50c90cbf-b2f5-cc7b-b22d-2619b6da3d06}\\Root\\InventoryApplicationFile\\openssl.exe|fe2747d40e70e115\\Publisher</Data><Data Name='Details'>(Empty)</Data><Data Name='User'>NT AUTHORITY\\SYSTEM</Data></EventData></Event>"
"Microsoft-Windows-Sysmon/Operational",,"DESKTOP-PC01",,,13,94,"http://schemas.microsoft.com/win/2004/08/events/event",1872,3648,"C:\\Windows\\system32\\compattelrunner.exe",0x8000000000000000,4,0,,,"{5770385f-c22a-43e0-bf4c-06f5698ffbd9}","Microsoft-Windows-Sysmon","S-1-5-18",,13,"2021-11-21T12:58:14.419343500Z","2021-11-21T12:58:14.419343500Z","2021-11-21 12:58:14.408",2,"""{""""_raw"""":""""<Event xmlns='http://schemas.microsoft.com/win/2004/08/events/event'><System><Provider Name='Microsoft-Windows-Sysmon' Guid='{5770385f-c22a-43e0-bf4c-06f5698ffbd9}'/><EventID>13</EventID><Version>2</Version><Level>4</Level><Task>13</Task><Opcode>0</Opcode><Keywords>0x8000000000000000</Keywords><TimeCreated SystemTime='2021-11-21T12:58:14.419343500Z'/><EventRecordID>94</EventRecordID><Correlation/><Execution ProcessID='1872' ThreadID='3648'/><Channel>Microsoft-Windows-Sysmon/Operational</Channel><Computer>DESKTOP-PC01</Computer><Security UserID='S-1-5-18'/></System><EventData><Data Name='RuleName'>InvDB-CompileTimeClaim</Data><Data Name='EventType'>SetValue</Data><Data Name='UtcTime'>2021-11-21 12:58:14.408</Data><Data Name='ProcessGuid'>{10cf5a0f-4252-619a-c001-000000000700}</Data><Data Name='ProcessId'>6860</Data><Data Name='Image'>C:\\Windows\\system32\\compattelrunner.exe</Data><Data Name='TargetObject'>\\REGISTRY\\A\\{50c90cbf-b2f5-cc7b-b22d-2619b6da3d06}\\Root\\InventoryApplicationFile\\splunk-monitorno|903ef6eeb885a45b\\LinkDate</Data><Data Name='Details'>(Empty)</Data><Data Name='User'>NT AUTHORITY\\SYSTEM</Data></EventData></Event>"""",""""source"""":""""XmlWinEventLog:Microsoft-Windows-Sysmon/Operational"""",""""host"""":{""""name"""":""""DESKTOP-PC01""""},""""sourcetype"""":""""XmlWinEventLog:Microsoft-Windows-Sysmon/Operational"""",""""index"""":""""default"""",""""cribl_pipe"""":""""passthru"""",""""@timestamp"""":""""2021-12-01T16:54:35.179Z""""}"",""DESKTOP-PC01"",""sysmon_events.json
XmlWinEventLog:Microsoft-Windows-Sysmon/Operational"",13,""2021-11-21 12:58:14.408"",""2021-12-01T16:54:35.179Z"",""2021-11-21T12:58:14.419343500Z"",,,,""C:\Windows\system32\compattelrunner.exe"",,,","2024-03-16T14:09:30.000+00:00",,"sysmon_events.json
XmlWinEventLog:Microsoft-Windows-Sysmon/Operational","si-i-061ebfca0cf8b90c6.prd-p-s3zl2.splunkcloud.com",main,2,"""{"""""""":""""<_='://../////'><><_='--'_='{----}'/><></","{""_raw"":""<Event xmlns='http://schemas.microsoft.com/win/2004/08/events/event'><System><Provider Name='Microsoft-Windows-Sysmon' Guid='{5770385f-c22a-43e0-bf4c-06f5698ffbd9}'/><EventID>13</EventID><Version>2</Version><Level>4</Level><Task>13</Task><Opcode>0</Opcode><Keywords>0x8000000000000000</Keywords><TimeCreated SystemTime='2021-11-21T12:58:14.419343500Z'/><EventRecordID>94</EventRecordID><Correlation/><Execution ProcessID='1872' ThreadID='3648'/><Channel>Microsoft-Windows-Sysmon/Operational</Channel><Computer>DESKTOP-PC01</Computer><Security UserID='S-1-5-18'/></System><EventData><Data Name='RuleName'>InvDB-CompileTimeClaim</Data><Data Name='EventType'>SetValue</Data><Data Name='UtcTime'>2021-11-21 12:58:14.408</Data><Data Name='ProcessGuid'>{10cf5a0f-4252-619a-c001-000000000700}</Data><Data Name='ProcessId'>6860</Data><Data Name='Image'>C:\\Windows\\system32\\compattelrunner.exe</Data><Data Name='TargetObject'>\\REGISTRY\\A\\{50c90cbf-b2f5-cc7b-b22d-2619b6da3d06}\\Root\\InventoryApplicationFile\\splunk-monitorno|903ef6eeb885a45b\\LinkDate</Data><Data Name='Details'>(Empty)</Data><Data Name='User'>NT AUTHORITY\\SYSTEM</Data></EventData></Event>"",""source"":""XmlWinEventLog:Microsoft-Windows-Sysmon/Operational"",""host"":{""name"":""DESKTOP-PC01""},""sourcetype"":""XmlWinEventLog:Microsoft-Windows-Sysmon/Operational"",""index"":""default"",""cribl_pipe"":""passthru"",""@timestamp"":""2021-12-01T16:54:35.179Z""}","sysmon_events_summary_upload.csv",csv,"si-i-061ebfca0cf8b90c6.prd-p-s3zl2.splunkcloud.com",,"2021-12-01T16:54:35.179Z
none","<Event xmlns='http://schemas.microsoft.com/win/2004/08/events/event'><System><Provider Name='Microsoft-Windows-Sysmon' Guid='{5770385f-c22a-43e0-bf4c-06f5698ffbd9}'/><EventID>13</EventID><Version>2</Version><Level>4</Level><Task>13</Task><Opcode>0</Opcode><Keywords>0x8000000000000000</Keywords><TimeCreated SystemTime='2021-11-21T12:58:14.419343500Z'/><EventRecordID>94</EventRecordID><Correlation/><Execution ProcessID='1872' ThreadID='3648'/><Channel>Microsoft-Windows-Sysmon/Operational</Channel><Computer>DESKTOP-PC01</Computer><Security UserID='S-1-5-18'/></System><EventData><Data Name='RuleName'>InvDB-CompileTimeClaim</Data><Data Name='EventType'>SetValue</Data><Data Name='UtcTime'>2021-11-21 12:58:14.408</Data><Data Name='ProcessGuid'>{10cf5a0f-4252-619a-c001-000000000700}</Data><Data Name='ProcessId'>6860</Data><Data Name='Image'>C:\\Windows\\system32\\compattelrunner.exe</Data><Data Name='TargetObject'>\\REGISTRY\\A\\{50c90cbf-b2f5-cc7b-b22d-2619b6da3d06}\\Root\\InventoryApplicationFile\\splunk-monitorno|903ef6eeb885a45b\\LinkDate</Data><Data Name='Details'>(Empty)</Data><Data Name='User'>NT AUTHORITY\\SYSTEM</Data></EventData></Event>"
"Microsoft-Windows-Sysmon/Operational",,"DESKTOP-PC01",,,13,93,"http://schemas.microsoft.com/win/2004/08/events/event",1872,3648,"C:\\Windows\\system32\\compattelrunner.exe",0x8000000000000000,4,0,,,"{5770385f-c22a-43e0-bf4c-06f5698ffbd9}","Microsoft-Windows-Sysmon","S-1-5-18",,13,"2021-11-21T12:58:14.418936900Z","2021-11-21T12:58:14.418936900Z","2021-11-21 12:58:14.408",2,"""{""""_raw"""":""""<Event xmlns='http://schemas.microsoft.com/win/2004/08/events/event'><System><Provider Name='Microsoft-Windows-Sysmon' Guid='{5770385f-c22a-43e0-bf4c-06f5698ffbd9}'/><EventID>13</EventID><Version>2</Version><Level>4</Level><Task>13</Task><Opcode>0</Opcode><Keywords>0x8000000000000000</Keywords><TimeCreated SystemTime='2021-11-21T12:58:14.418936900Z'/><EventRecordID>93</EventRecordID><Correlation/><Execution ProcessID='1872' ThreadID='3648'/><Channel>Microsoft-Windows-Sysmon/Operational</Channel><Computer>DESKTOP-PC01</Computer><Security UserID='S-1-5-18'/></System><EventData><Data Name='RuleName'>InvDB-Pub</Data><Data Name='EventType'>SetValue</Data><Data Name='UtcTime'>2021-11-21 12:58:14.408</Data><Data Name='ProcessGuid'>{10cf5a0f-4252-619a-c001-000000000700}</Data><Data Name='ProcessId'>6860</Data><Data Name='Image'>C:\\Windows\\system32\\compattelrunner.exe</Data><Data Name='TargetObject'>\\REGISTRY\\A\\{50c90cbf-b2f5-cc7b-b22d-2619b6da3d06}\\Root\\InventoryApplicationFile\\splunk-monitorno|903ef6eeb885a45b\\Publisher</Data><Data Name='Details'>windows (r) win 7 ddk provider</Data><Data Name='User'>NT AUTHORITY\\SYSTEM</Data></EventData></Event>"""",""""source"""":""""XmlWinEventLog:Microsoft-Windows-Sysmon/Operational"""",""""host"""":{""""name"""":""""DESKTOP-PC01""""},""""sourcetype"""":""""XmlWinEventLog:Microsoft-Windows-Sysmon/Operational"""",""""index"""":""""default"""",""""cribl_pipe"""":""""passthru"""",""""@timestamp"""":""""2021-12-01T16:54:35.179Z""""}"",""DESKTOP-PC01"",""sysmon_events.json
XmlWinEventLog:Microsoft-Windows-Sysmon/Operational"",13,""2021-11-21 12:58:14.408"",""2021-12-01T16:54:35.179Z"",""2021-11-21T12:58:14.418936900Z"",,,,""C:\Windows\system32\compattelrunner.exe"",,,","2024-03-16T14:09:30.000+00:00",,"sysmon_events.json
XmlWinEventLog:Microsoft-Windows-Sysmon/Operational","si-i-061ebfca0cf8b90c6.prd-p-s3zl2.splunkcloud.com",main,2,"""{"""""""":""""<_='://../////'><><_='--'_='{----}'/><></","{""_raw"":""<Event xmlns='http://schemas.microsoft.com/win/2004/08/events/event'><System><Provider Name='Microsoft-Windows-Sysmon' Guid='{5770385f-c22a-43e0-bf4c-06f5698ffbd9}'/><EventID>13</EventID><Version>2</Version><Level>4</Level><Task>13</Task><Opcode>0</Opcode><Keywords>0x8000000000000000</Keywords><TimeCreated SystemTime='2021-11-21T12:58:14.418936900Z'/><EventRecordID>93</EventRecordID><Correlation/><Execution ProcessID='1872' ThreadID='3648'/><Channel>Microsoft-Windows-Sysmon/Operational</Channel><Computer>DESKTOP-PC01</Computer><Security UserID='S-1-5-18'/></System><EventData><Data Name='RuleName'>InvDB-Pub</Data><Data Name='EventType'>SetValue</Data><Data Name='UtcTime'>2021-11-21 12:58:14.408</Data><Data Name='ProcessGuid'>{10cf5a0f-4252-619a-c001-000000000700}</Data><Data Name='ProcessId'>6860</Data><Data Name='Image'>C:\\Windows\\system32\\compattelrunner.exe</Data><Data Name='TargetObject'>\\REGISTRY\\A\\{50c90cbf-b2f5-cc7b-b22d-2619b6da3d06}\\Root\\InventoryApplicationFile\\splunk-monitorno|903ef6eeb885a45b\\Publisher</Data><Data Name='Details'>windows (r) win 7 ddk provider</Data><Data Name='User'>NT AUTHORITY\\SYSTEM</Data></EventData></Event>"",""source"":""XmlWinEventLog:Microsoft-Windows-Sysmon/Operational"",""host"":{""name"":""DESKTOP-PC01""},""sourcetype"":""XmlWinEventLog:Microsoft-Windows-Sysmon/Operational"",""index"":""default"",""cribl_pipe"":""passthru"",""@timestamp"":""2021-12-01T16:54:35.179Z""}","sysmon_events_summary_upload.csv",csv,"si-i-061ebfca0cf8b90c6.prd-p-s3zl2.splunkcloud.com",,"2021-12-01T16:54:35.179Z
none","<Event xmlns='http://schemas.microsoft.com/win/2004/08/events/event'><System><Provider Name='Microsoft-Windows-Sysmon' Guid='{5770385f-c22a-43e0-bf4c-06f5698ffbd9}'/><EventID>13</EventID><Version>2</Version><Level>4</Level><Task>13</Task><Opcode>0</Opcode><Keywords>0x8000000000000000</Keywords><TimeCreated SystemTime='2021-11-21T12:58:14.418936900Z'/><EventRecordID>93</EventRecordID><Correlation/><Execution ProcessID='1872' ThreadID='3648'/><Channel>Microsoft-Windows-Sysmon/Operational</Channel><Computer>DESKTOP-PC01</Computer><Security UserID='S-1-5-18'/></System><EventData><Data Name='RuleName'>InvDB-Pub</Data><Data Name='EventType'>SetValue</Data><Data Name='UtcTime'>2021-11-21 12:58:14.408</Data><Data Name='ProcessGuid'>{10cf5a0f-4252-619a-c001-000000000700}</Data><Data Name='ProcessId'>6860</Data><Data Name='Image'>C:\\Windows\\system32\\compattelrunner.exe</Data><Data Name='TargetObject'>\\REGISTRY\\A\\{50c90cbf-b2f5-cc7b-b22d-2619b6da3d06}\\Root\\InventoryApplicationFile\\splunk-monitorno|903ef6eeb885a45b\\Publisher</Data><Data Name='Details'>windows (r) win 7 ddk provider</Data><Data Name='User'>NT AUTHORITY\\SYSTEM</Data></EventData></Event>"
"Microsoft-Windows-Sysmon/Operational",,"DESKTOP-PC01",,,13,92,"http://schemas.microsoft.com/win/2004/08/events/event",1872,3648,"C:\\Windows\\system32\\compattelrunner.exe",0x8000000000000000,4,0,,,"{5770385f-c22a-43e0-bf4c-06f5698ffbd9}","Microsoft-Windows-Sysmon","S-1-5-18",,13,"2021-11-21T12:58:14.418725400Z","2021-11-21T12:58:14.418725400Z","2021-11-21 12:58:14.408",2,"""{""""_raw"""":""""<Event xmlns='http://schemas.microsoft.com/win/2004/08/events/event'><System><Provider Name='Microsoft-Windows-Sysmon' Guid='{5770385f-c22a-43e0-bf4c-06f5698ffbd9}'/><EventID>13</EventID><Version>2</Version><Level>4</Level><Task>13</Task><Opcode>0</Opcode><Keywords>0x8000000000000000</Keywords><TimeCreated SystemTime='2021-11-21T12:58:14.418725400Z'/><EventRecordID>92</EventRecordID><Correlation/><Execution ProcessID='1872' ThreadID='3648'/><Channel>Microsoft-Windows-Sysmon/Operational</Channel><Computer>DESKTOP-PC01</Computer><Security UserID='S-1-5-18'/></System><EventData><Data Name='RuleName'>InvDB-Path</Data><Data Name='EventType'>SetValue</Data><Data Name='UtcTime'>2021-11-21 12:58:14.408</Data><Data Name='ProcessGuid'>{10cf5a0f-4252-619a-c001-000000000700}</Data><Data Name='ProcessId'>6860</Data><Data Name='Image'>C:\\Windows\\system32\\compattelrunner.exe</Data><Data Name='TargetObject'>\\REGISTRY\\A\\{50c90cbf-b2f5-cc7b-b22d-2619b6da3d06}\\Root\\InventoryApplicationFile\\splunk-monitorno|903ef6eeb885a45b\\LowerCaseLongPath</Data><Data Name='Details'>c:\\program files\\splunkuniversalforwarder\\bin\\splunk-monitornohandle.exe</Data><Data Name='User'>NT AUTHORITY\\SYSTEM</Data></EventData></Event>"""",""""source"""":""""XmlWinEventLog:Microsoft-Windows-Sysmon/Operational"""",""""host"""":{""""name"""":""""DESKTOP-PC01""""},""""sourcetype"""":""""XmlWinEventLog:Microsoft-Windows-Sysmon/Operational"""",""""index"""":""""default"""",""""cribl_pipe"""":""""passthru"""",""""@timestamp"""":""""2021-12-01T16:54:35.179Z""""}"",""DESKTOP-PC01"",""sysmon_events.json
XmlWinEventLog:Microsoft-Windows-Sysmon/Operational"",13,""2021-11-21 12:58:14.408"",""2021-12-01T16:54:35.179Z"",""2021-11-21T12:58:14.418725400Z"",,,,""C:\Windows\system32\compattelrunner.exe"",,,","2024-03-16T14:09:30.000+00:00",,"sysmon_events.json
XmlWinEventLog:Microsoft-Windows-Sysmon/Operational","si-i-061ebfca0cf8b90c6.prd-p-s3zl2.splunkcloud.com",main,2,"""{"""""""":""""<_='://../////'><><_='--'_='{----}'/><></","{""_raw"":""<Event xmlns='http://schemas.microsoft.com/win/2004/08/events/event'><System><Provider Name='Microsoft-Windows-Sysmon' Guid='{5770385f-c22a-43e0-bf4c-06f5698ffbd9}'/><EventID>13</EventID><Version>2</Version><Level>4</Level><Task>13</Task><Opcode>0</Opcode><Keywords>0x8000000000000000</Keywords><TimeCreated SystemTime='2021-11-21T12:58:14.418725400Z'/><EventRecordID>92</EventRecordID><Correlation/><Execution ProcessID='1872' ThreadID='3648'/><Channel>Microsoft-Windows-Sysmon/Operational</Channel><Computer>DESKTOP-PC01</Computer><Security UserID='S-1-5-18'/></System><EventData><Data Name='RuleName'>InvDB-Path</Data><Data Name='EventType'>SetValue</Data><Data Name='UtcTime'>2021-11-21 12:58:14.408</Data><Data Name='ProcessGuid'>{10cf5a0f-4252-619a-c001-000000000700}</Data><Data Name='ProcessId'>6860</Data><Data Name='Image'>C:\\Windows\\system32\\compattelrunner.exe</Data><Data Name='TargetObject'>\\REGISTRY\\A\\{50c90cbf-b2f5-cc7b-b22d-2619b6da3d06}\\Root\\InventoryApplicationFile\\splunk-monitorno|903ef6eeb885a45b\\LowerCaseLongPath</Data><Data Name='Details'>c:\\program files\\splunkuniversalforwarder\\bin\\splunk-monitornohandle.exe</Data><Data Name='User'>NT AUTHORITY\\SYSTEM</Data></EventData></Event>"",""source"":""XmlWinEventLog:Microsoft-Windows-Sysmon/Operational"",""host"":{""name"":""DESKTOP-PC01""},""sourcetype"":""XmlWinEventLog:Microsoft-Windows-Sysmon/Operational"",""index"":""default"",""cribl_pipe"":""passthru"",""@timestamp"":""2021-12-01T16:54:35.179Z""}","sysmon_events_summary_upload.csv",csv,"si-i-061ebfca0cf8b90c6.prd-p-s3zl2.splunkcloud.com",,"2021-12-01T16:54:35.179Z
none","<Event xmlns='http://schemas.microsoft.com/win/2004/08/events/event'><System><Provider Name='Microsoft-Windows-Sysmon' Guid='{5770385f-c22a-43e0-bf4c-06f5698ffbd9}'/><EventID>13</EventID><Version>2</Version><Level>4</Level><Task>13</Task><Opcode>0</Opcode><Keywords>0x8000000000000000</Keywords><TimeCreated SystemTime='2021-11-21T12:58:14.418725400Z'/><EventRecordID>92</EventRecordID><Correlation/><Execution ProcessID='1872' ThreadID='3648'/><Channel>Microsoft-Windows-Sysmon/Operational</Channel><Computer>DESKTOP-PC01</Computer><Security UserID='S-1-5-18'/></System><EventData><Data Name='RuleName'>InvDB-Path</Data><Data Name='EventType'>SetValue</Data><Data Name='UtcTime'>2021-11-21 12:58:14.408</Data><Data Name='ProcessGuid'>{10cf5a0f-4252-619a-c001-000000000700}</Data><Data Name='ProcessId'>6860</Data><Data Name='Image'>C:\\Windows\\system32\\compattelrunner.exe</Data><Data Name='TargetObject'>\\REGISTRY\\A\\{50c90cbf-b2f5-cc7b-b22d-2619b6da3d06}\\Root\\InventoryApplicationFile\\splunk-monitorno|903ef6eeb885a45b\\LowerCaseLongPath</Data><Data Name='Details'>c:\\program files\\splunkuniversalforwarder\\bin\\splunk-monitornohandle.exe</Data><Data Name='User'>NT AUTHORITY\\SYSTEM</Data></EventData></Event>"
"Microsoft-Windows-Sysmon/Operational",,"DESKTOP-PC01",,,13,91,"http://schemas.microsoft.com/win/2004/08/events/event",1872,3648,"C:\\Windows\\system32\\compattelrunner.exe",0x8000000000000000,4,0,,,"{5770385f-c22a-43e0-bf4c-06f5698ffbd9}","Microsoft-Windows-Sysmon","S-1-5-18",,13,"2021-11-21T12:58:14.413837600Z","2021-11-21T12:58:14.413837600Z","2021-11-21 12:58:14.408",2,"""{""""_raw"""":""""<Event xmlns='http://schemas.microsoft.com/win/2004/08/events/event'><System><Provider Name='Microsoft-Windows-Sysmon' Guid='{5770385f-c22a-43e0-bf4c-06f5698ffbd9}'/><EventID>13</EventID><Version>2</Version><Level>4</Level><Task>13</Task><Opcode>0</Opcode><Keywords>0x8000000000000000</Keywords><TimeCreated SystemTime='2021-11-21T12:58:14.413837600Z'/><EventRecordID>91</EventRecordID><Correlation/><Execution ProcessID='1872' ThreadID='3648'/><Channel>Microsoft-Windows-Sysmon/Operational</Channel><Computer>DESKTOP-PC01</Computer><Security UserID='S-1-5-18'/></System><EventData><Data Name='RuleName'>InvDB-Ver</Data><Data Name='EventType'>SetValue</Data><Data Name='UtcTime'>2021-11-21 12:58:14.408</Data><Data Name='ProcessGuid'>{10cf5a0f-4252-619a-c001-000000000700}</Data><Data Name='ProcessId'>6860</Data><Data Name='Image'>C:\\Windows\\system32\\compattelrunner.exe</Data><Data Name='TargetObject'>\\REGISTRY\\A\\{50c90cbf-b2f5-cc7b-b22d-2619b6da3d06}\\Root\\InventoryApplicationFile\\splunk-compresst|40738d14a4b5ef86\\BinProductVersion</Data><Data Name='Details'>(Empty)</Data><Data Name='User'>NT AUTHORITY\\SYSTEM</Data></EventData></Event>"""",""""source"""":""""XmlWinEventLog:Microsoft-Windows-Sysmon/Operational"""",""""host"""":{""""name"""":""""DESKTOP-PC01""""},""""sourcetype"""":""""XmlWinEventLog:Microsoft-Windows-Sysmon/Operational"""",""""index"""":""""default"""",""""cribl_pipe"""":""""passthru"""",""""@timestamp"""":""""2021-12-01T16:54:35.179Z""""}"",""DESKTOP-PC01"",""sysmon_events.json
XmlWinEventLog:Microsoft-Windows-Sysmon/Operational"",13,""2021-11-21 12:58:14.408"",""2021-12-01T16:54:35.179Z"",""2021-11-21T12:58:14.413837600Z"",,,,""C:\Windows\system32\compattelrunner.exe"",,,","2024-03-16T14:09:30.000+00:00",,"sysmon_events.json
XmlWinEventLog:Microsoft-Windows-Sysmon/Operational","si-i-061ebfca0cf8b90c6.prd-p-s3zl2.splunkcloud.com",main,2,"""{"""""""":""""<_='://../////'><><_='--'_='{----}'/><></","{""_raw"":""<Event xmlns='http://schemas.microsoft.com/win/2004/08/events/event'><System><Provider Name='Microsoft-Windows-Sysmon' Guid='{5770385f-c22a-43e0-bf4c-06f5698ffbd9}'/><EventID>13</EventID><Version>2</Version><Level>4</Level><Task>13</Task><Opcode>0</Opcode><Keywords>0x8000000000000000</Keywords><TimeCreated SystemTime='2021-11-21T12:58:14.413837600Z'/><EventRecordID>91</EventRecordID><Correlation/><Execution ProcessID='1872' ThreadID='3648'/><Channel>Microsoft-Windows-Sysmon/Operational</Channel><Computer>DESKTOP-PC01</Computer><Security UserID='S-1-5-18'/></System><EventData><Data Name='RuleName'>InvDB-Ver</Data><Data Name='EventType'>SetValue</Data><Data Name='UtcTime'>2021-11-21 12:58:14.408</Data><Data Name='ProcessGuid'>{10cf5a0f-4252-619a-c001-000000000700}</Data><Data Name='ProcessId'>6860</Data><Data Name='Image'>C:\\Windows\\system32\\compattelrunner.exe</Data><Data Name='TargetObject'>\\REGISTRY\\A\\{50c90cbf-b2f5-cc7b-b22d-2619b6da3d06}\\Root\\InventoryApplicationFile\\splunk-compresst|40738d14a4b5ef86\\BinProductVersion</Data><Data Name='Details'>(Empty)</Data><Data Name='User'>NT AUTHORITY\\SYSTEM</Data></EventData></Event>"",""source"":""XmlWinEventLog:Microsoft-Windows-Sysmon/Operational"",""host"":{""name"":""DESKTOP-PC01""},""sourcetype"":""XmlWinEventLog:Microsoft-Windows-Sysmon/Operational"",""index"":""default"",""cribl_pipe"":""passthru"",""@timestamp"":""2021-12-01T16:54:35.179Z""}","sysmon_events_summary_upload.csv",csv,"si-i-061ebfca0cf8b90c6.prd-p-s3zl2.splunkcloud.com",,"2021-12-01T16:54:35.179Z
none","<Event xmlns='http://schemas.microsoft.com/win/2004/08/events/event'><System><Provider Name='Microsoft-Windows-Sysmon' Guid='{5770385f-c22a-43e0-bf4c-06f5698ffbd9}'/><EventID>13</EventID><Version>2</Version><Level>4</Level><Task>13</Task><Opcode>0</Opcode><Keywords>0x8000000000000000</Keywords><TimeCreated SystemTime='2021-11-21T12:58:14.413837600Z'/><EventRecordID>91</EventRecordID><Correlation/><Execution ProcessID='1872' ThreadID='3648'/><Channel>Microsoft-Windows-Sysmon/Operational</Channel><Computer>DESKTOP-PC01</Computer><Security UserID='S-1-5-18'/></System><EventData><Data Name='RuleName'>InvDB-Ver</Data><Data Name='EventType'>SetValue</Data><Data Name='UtcTime'>2021-11-21 12:58:14.408</Data><Data Name='ProcessGuid'>{10cf5a0f-4252-619a-c001-000000000700}</Data><Data Name='ProcessId'>6860</Data><Data Name='Image'>C:\\Windows\\system32\\compattelrunner.exe</Data><Data Name='TargetObject'>\\REGISTRY\\A\\{50c90cbf-b2f5-cc7b-b22d-2619b6da3d06}\\Root\\InventoryApplicationFile\\splunk-compresst|40738d14a4b5ef86\\BinProductVersion</Data><Data Name='Details'>(Empty)</Data><Data Name='User'>NT AUTHORITY\\SYSTEM</Data></EventData></Event>"
