"Microsoft-Windows-Sysmon/Operational","C:\\Windows\\Sysmon64.exe","DESKTOP-PC01",,,1,3,"http://schemas.microsoft.com/win/2004/08/events/event",1872,3648,"C:\\Windows\\Sysmon64.exe",0x8000000000000000,4,0,"C:\\Windows\\system32\\services.exe",,"{5770385f-c22a-43e0-bf4c-06f5698ffbd9}","Microsoft-Windows-Sysmon","S-1-5-18",,1,"2021-11-21T12:57:32.391051800Z","2021-11-21T12:57:32.391051800Z","2021-11-21 12:57:31.924",5,"""{""""_raw"""":""""<Event xmlns='http://schemas.microsoft.com/win/2004/08/events/event'><System><Provider Name='Microsoft-Windows-Sysmon' Guid='{5770385f-c22a-43e0-bf4c-06f5698ffbd9}'/><EventID>1</EventID><Version>5</Version><Level>4</Level><Task>1</Task><Opcode>0</Opcode><Keywords>0x8000000000000000</Keywords><TimeCreated SystemTime='2021-11-21T12:57:32.391051800Z'/><EventRecordID>3</EventRecordID><Correlation/><Execution ProcessID='1872' ThreadID='3648'/><Channel>Microsoft-Windows-Sysmon/Operational</Channel><Computer>DESKTOP-PC01</Computer><Security UserID='S-1-5-18'/></System><EventData><Data Name='RuleName'>-</Data><Data Name='UtcTime'>2021-11-21 12:57:31.924</Data><Data Name='ProcessGuid'>{10cf5a0f-423b-619a-ac01-000000000700}</Data><Data Name='ProcessId'>1872</Data><Data Name='Image'>C:\\Windows\\Sysmon64.exe</Data><Data Name='FileVersion'>13.30</Data><Data Name='Description'>System activity monitor</Data><Data Name='Product'>Sysinternals Sysmon</Data><Data Name='Company'>Sysinternals - www.sysinternals.com</Data><Data Name='OriginalFileName'>-</Data><Data Name='CommandLine'>C:\\Windows\\Sysmon64.exe</Data><Data Name='CurrentDirectory'>C:\\Windows\\system32\\</Data><Data Name='User'>NT AUTHORITY\\SYSTEM</Data><Data Name='LogonGuid'>{10cf5a0f-4043-619a-e703-000000000000}</Data><Data Name='LogonId'>0x3e7</Data><Data Name='TerminalSessionId'>0</Data><Data Name='IntegrityLevel'>System</Data><Data Name='Hashes'>MD5=59F94EAAF3AE40B33FEAD8BABE81DF54,SHA256=72A0CAC1F83027188837B227763EE0688396A29D989504A1394568D509DF4153,IMPHASH=E24AAA1CD60FC93DA4E2633D1340C1FA</Data><Data Name='ParentProcessGuid'>{10cf5a0f-4043-619a-0b00-000000000700}</Data><Data Name='ParentProcessId'>672</Data><Data Name='ParentImage'>C:\\Windows\\System32\\services.exe</Data><Data Name='ParentCommandLine'>C:\\Windows\\system32\\services.exe</Data><Data Name='ParentUser'>NT AUTHORITY\\SYSTEM</Data></EventData></Event>"""",""""source"""":""""XmlWinEventLog:Microsoft-Windows-Sysmon/Operational"""",""""host"""":{""""name"""":""""DESKTOP-PC01""""},""""sourcetype"""":""""XmlWinEventLog:Microsoft-Windows-Sysmon/Operational"""",""""index"""":""""default"""",""""cribl_pipe"""":""""passthru"""",""""@timestamp"""":""""2021-12-01T16:54:05.379Z""""}"",""DESKTOP-PC01"",""sysmon_events.json
XmlWinEventLog:Microsoft-Windows-Sysmon/Operational"",1,""2021-11-21 12:57:31.924"",""2021-12-01T16:54:05.379Z"",""2021-11-21T12:57:32.391051800Z"",,,,""C:\Windows\Sysmon64.exe"",""C:\Windows\Sysmon64.exe"",""C:\Windows\system32\services.exe"",","2024-03-16T14:09:30.000+00:00",,"sysmon_events.json
XmlWinEventLog:Microsoft-Windows-Sysmon/Operational","si-i-061ebfca0cf8b90c6.prd-p-s3zl2.splunkcloud.com",main,2,"""{"""""""":""""<_='://../////'><><_='--'_='{----}'/><></","{""_raw"":""<Event xmlns='http://schemas.microsoft.com/win/2004/08/events/event'><System><Provider Name='Microsoft-Windows-Sysmon' Guid='{5770385f-c22a-43e0-bf4c-06f5698ffbd9}'/><EventID>1</EventID><Version>5</Version><Level>4</Level><Task>1</Task><Opcode>0</Opcode><Keywords>0x8000000000000000</Keywords><TimeCreated SystemTime='2021-11-21T12:57:32.391051800Z'/><EventRecordID>3</EventRecordID><Correlation/><Execution ProcessID='1872' ThreadID='3648'/><Channel>Microsoft-Windows-Sysmon/Operational</Channel><Computer>DESKTOP-PC01</Computer><Security UserID='S-1-5-18'/></System><EventData><Data Name='RuleName'>-</Data><Data Name='UtcTime'>2021-11-21 12:57:31.924</Data><Data Name='ProcessGuid'>{10cf5a0f-423b-619a-ac01-000000000700}</Data><Data Name='ProcessId'>1872</Data><Data Name='Image'>C:\\Windows\\Sysmon64.exe</Data><Data Name='FileVersion'>13.30</Data><Data Name='Description'>System activity monitor</Data><Data Name='Product'>Sysinternals Sysmon</Data><Data Name='Company'>Sysinternals - www.sysinternals.com</Data><Data Name='OriginalFileName'>-</Data><Data Name='CommandLine'>C:\\Windows\\Sysmon64.exe</Data><Data Name='CurrentDirectory'>C:\\Windows\\system32\\</Data><Data Name='User'>NT AUTHORITY\\SYSTEM</Data><Data Name='LogonGuid'>{10cf5a0f-4043-619a-e703-000000000000}</Data><Data Name='LogonId'>0x3e7</Data><Data Name='TerminalSessionId'>0</Data><Data Name='IntegrityLevel'>System</Data><Data Name='Hashes'>MD5=59F94EAAF3AE40B33FEAD8BABE81DF54,SHA256=72A0CAC1F83027188837B227763EE0688396A29D989504A1394568D509DF4153,IMPHASH=E24AAA1CD60FC93DA4E2633D1340C1FA</Data><Data Name='ParentProcessGuid'>{10cf5a0f-4043-619a-0b00-000000000700}</Data><Data Name='ParentProcessId'>672</Data><Data Name='ParentImage'>C:\\Windows\\System32\\services.exe</Data><Data Name='ParentCommandLine'>C:\\Windows\\system32\\services.exe</Data><Data Name='ParentUser'>NT AUTHORITY\\SYSTEM</Data></EventData></Event>"",""source"":""XmlWinEventLog:Microsoft-Windows-Sysmon/Operational"",""host"":{""name"":""DESKTOP-PC01""},""sourcetype"":""XmlWinEventLog:Microsoft-Windows-Sysmon/Operational"",""index"":""default"",""cribl_pipe"":""passthru"",""@timestamp"":""2021-12-01T16:54:05.379Z""}","sysmon_events_summary_upload.csv",csv,"si-i-061ebfca0cf8b90c6.prd-p-s3zl2.splunkcloud.com",,"2021-12-01T16:54:05.379Z
none","<Event xmlns='http://schemas.microsoft.com/win/2004/08/events/event'><System><Provider Name='Microsoft-Windows-Sysmon' Guid='{5770385f-c22a-43e0-bf4c-06f5698ffbd9}'/><EventID>1</EventID><Version>5</Version><Level>4</Level><Task>1</Task><Opcode>0</Opcode><Keywords>0x8000000000000000</Keywords><TimeCreated SystemTime='2021-11-21T12:57:32.391051800Z'/><EventRecordID>3</EventRecordID><Correlation/><Execution ProcessID='1872' ThreadID='3648'/><Channel>Microsoft-Windows-Sysmon/Operational</Channel><Computer>DESKTOP-PC01</Computer><Security UserID='S-1-5-18'/></System><EventData><Data Name='RuleName'>-</Data><Data Name='UtcTime'>2021-11-21 12:57:31.924</Data><Data Name='ProcessGuid'>{10cf5a0f-423b-619a-ac01-000000000700}</Data><Data Name='ProcessId'>1872</Data><Data Name='Image'>C:\\Windows\\Sysmon64.exe</Data><Data Name='FileVersion'>13.30</Data><Data Name='Description'>System activity monitor</Data><Data Name='Product'>Sysinternals Sysmon</Data><Data Name='Company'>Sysinternals - www.sysinternals.com</Data><Data Name='OriginalFileName'>-</Data><Data Name='CommandLine'>C:\\Windows\\Sysmon64.exe</Data><Data Name='CurrentDirectory'>C:\\Windows\\system32\\</Data><Data Name='User'>NT AUTHORITY\\SYSTEM</Data><Data Name='LogonGuid'>{10cf5a0f-4043-619a-e703-000000000000}</Data><Data Name='LogonId'>0x3e7</Data><Data Name='TerminalSessionId'>0</Data><Data Name='IntegrityLevel'>System</Data><Data Name='Hashes'>MD5=59F94EAAF3AE40B33FEAD8BABE81DF54,SHA256=72A0CAC1F83027188837B227763EE0688396A29D989504A1394568D509DF4153,IMPHASH=E24AAA1CD60FC93DA4E2633D1340C1FA</Data><Data Name='ParentProcessGuid'>{10cf5a0f-4043-619a-0b00-000000000700}</Data><Data Name='ParentProcessId'>672</Data><Data Name='ParentImage'>C:\\Windows\\System32\\services.exe</Data><Data Name='ParentCommandLine'>C:\\Windows\\system32\\services.exe</Data><Data Name='ParentUser'>NT AUTHORITY\\SYSTEM</Data></EventData></Event>"
"Microsoft-Windows-Sysmon/Operational","C:\\Windows\\system32\\cmd.exe /c btool server list general --no-log","DESKTOP-PC01",,,1,17,"http://schemas.microsoft.com/win/2004/08/events/event",1872,3648,"C:\\Windows\\System32\\cmd.exe",0x8000000000000000,4,0,"\""""C:\\Program Files\\SplunkUniversalForwarder\\bin\\splunk.exe\""""  _internal_extra_splunkd_service_args",,"{5770385f-c22a-43e0-bf4c-06f5698ffbd9}","Microsoft-Windows-Sysmon","S-1-5-18",,1,"2021-11-21T12:57:53.518425000Z","2021-11-21T12:57:53.518425000Z","2021-11-21 12:57:53.511",5,"""{""""_raw"""":""""<Event xmlns='http://schemas.microsoft.com/win/2004/08/events/event'><System><Provider Name='Microsoft-Windows-Sysmon' Guid='{5770385f-c22a-43e0-bf4c-06f5698ffbd9}'/><EventID>1</EventID><Version>5</Version><Level>4</Level><Task>1</Task><Opcode>0</Opcode><Keywords>0x8000000000000000</Keywords><TimeCreated SystemTime='2021-11-21T12:57:53.518425000Z'/><EventRecordID>17</EventRecordID><Correlation/><Execution ProcessID='1872' ThreadID='3648'/><Channel>Microsoft-Windows-Sysmon/Operational</Channel><Computer>DESKTOP-PC01</Computer><Security UserID='S-1-5-18'/></System><EventData><Data Name='RuleName'>-</Data><Data Name='UtcTime'>2021-11-21 12:57:53.511</Data><Data Name='ProcessGuid'>{10cf5a0f-4251-619a-bd01-000000000700}</Data><Data Name='ProcessId'>4044</Data><Data Name='Image'>C:\\Windows\\System32\\cmd.exe</Data><Data Name='FileVersion'>10.0.18362.1 (WinBuild.160101.0800)</Data><Data Name='Description'>Windows Command Processor</Data><Data Name='Product'>Microsoft® Windows® Operating System</Data><Data Name='Company'>Microsoft Corporation</Data><Data Name='OriginalFileName'>Cmd.Exe</Data><Data Name='CommandLine'>C:\\Windows\\system32\\cmd.exe /c btool server list general --no-log</Data><Data Name='CurrentDirectory'>C:\\Windows\\system32\\</Data><Data Name='User'>NT AUTHORITY\\SYSTEM</Data><Data Name='LogonGuid'>{10cf5a0f-4043-619a-e703-000000000000}</Data><Data Name='LogonId'>0x3e7</Data><Data Name='TerminalSessionId'>0</Data><Data Name='IntegrityLevel'>System</Data><Data Name='Hashes'>MD5=9D59442313565C2E0860B88BF32B2277,SHA256=D0CEB18272966AB62B8EDFF100E9B4A6A3CB5DC0F2A32B2B18721FEA2D9C09A5,IMPHASH=272245E2988E1E430500B852C4FB5E18</Data><Data Name='ParentProcessGuid'>{10cf5a0f-4250-619a-b901-000000000700}</Data><Data Name='ParentProcessId'>4308</Data><Data Name='ParentImage'>C:\\Program Files\\SplunkUniversalForwarder\\bin\\splunk.exe</Data><Data Name='ParentCommandLine'>\""""C:\\Program Files\\SplunkUniversalForwarder\\bin\\splunk.exe\""""  _internal_extra_splunkd_service_args</Data><Data Name='ParentUser'>NT AUTHORITY\\SYSTEM</Data></EventData></Event>"""",""""source"""":""""XmlWinEventLog:Microsoft-Windows-Sysmon/Operational"""",""""host"""":{""""name"""":""""DESKTOP-PC01""""},""""sourcetype"""":""""XmlWinEventLog:Microsoft-Windows-Sysmon/Operational"""",""""index"""":""""default"""",""""cribl_pipe"""":""""passthru"""",""""@timestamp"""":""""2021-12-01T16:54:07.779Z""""}"",""DESKTOP-PC01"",""sysmon_events.json
XmlWinEventLog:Microsoft-Windows-Sysmon/Operational"",1,""2021-11-21 12:57:53.511"",""2021-12-01T16:54:07.779Z"",""2021-11-21T12:57:53.518425000Z"",,,,""C:\Windows\System32\cmd.exe"",""C:\Windows\system32\cmd.exe /c btool server list general --no-log"",""""""C:\Program Files\SplunkUniversalForwarder\bin\splunk.exe""""  _internal_extra_splunkd_service_args"",","2024-03-16T14:09:30.000+00:00",,"sysmon_events.json
XmlWinEventLog:Microsoft-Windows-Sysmon/Operational","si-i-061ebfca0cf8b90c6.prd-p-s3zl2.splunkcloud.com",main,2,"""{"""""""":""""<_='://../////'><><_='--'_='{----}'/><></","{""_raw"":""<Event xmlns='http://schemas.microsoft.com/win/2004/08/events/event'><System><Provider Name='Microsoft-Windows-Sysmon' Guid='{5770385f-c22a-43e0-bf4c-06f5698ffbd9}'/><EventID>1</EventID><Version>5</Version><Level>4</Level><Task>1</Task><Opcode>0</Opcode><Keywords>0x8000000000000000</Keywords><TimeCreated SystemTime='2021-11-21T12:57:53.518425000Z'/><EventRecordID>17</EventRecordID><Correlation/><Execution ProcessID='1872' ThreadID='3648'/><Channel>Microsoft-Windows-Sysmon/Operational</Channel><Computer>DESKTOP-PC01</Computer><Security UserID='S-1-5-18'/></System><EventData><Data Name='RuleName'>-</Data><Data Name='UtcTime'>2021-11-21 12:57:53.511</Data><Data Name='ProcessGuid'>{10cf5a0f-4251-619a-bd01-000000000700}</Data><Data Name='ProcessId'>4044</Data><Data Name='Image'>C:\\Windows\\System32\\cmd.exe</Data><Data Name='FileVersion'>10.0.18362.1 (WinBuild.160101.0800)</Data><Data Name='Description'>Windows Command Processor</Data><Data Name='Product'>Microsoft® Windows® Operating System</Data><Data Name='Company'>Microsoft Corporation</Data><Data Name='OriginalFileName'>Cmd.Exe</Data><Data Name='CommandLine'>C:\\Windows\\system32\\cmd.exe /c btool server list general --no-log</Data><Data Name='CurrentDirectory'>C:\\Windows\\system32\\</Data><Data Name='User'>NT AUTHORITY\\SYSTEM</Data><Data Name='LogonGuid'>{10cf5a0f-4043-619a-e703-000000000000}</Data><Data Name='LogonId'>0x3e7</Data><Data Name='TerminalSessionId'>0</Data><Data Name='IntegrityLevel'>System</Data><Data Name='Hashes'>MD5=9D59442313565C2E0860B88BF32B2277,SHA256=D0CEB18272966AB62B8EDFF100E9B4A6A3CB5DC0F2A32B2B18721FEA2D9C09A5,IMPHASH=272245E2988E1E430500B852C4FB5E18</Data><Data Name='ParentProcessGuid'>{10cf5a0f-4250-619a-b901-000000000700}</Data><Data Name='ParentProcessId'>4308</Data><Data Name='ParentImage'>C:\\Program Files\\SplunkUniversalForwarder\\bin\\splunk.exe</Data><Data Name='ParentCommandLine'>\""C:\\Program Files\\SplunkUniversalForwarder\\bin\\splunk.exe\""  _internal_extra_splunkd_service_args</Data><Data Name='ParentUser'>NT AUTHORITY\\SYSTEM</Data></EventData></Event>"",""source"":""XmlWinEventLog:Microsoft-Windows-Sysmon/Operational"",""host"":{""name"":""DESKTOP-PC01""},""sourcetype"":""XmlWinEventLog:Microsoft-Windows-Sysmon/Operational"",""index"":""default"",""cribl_pipe"":""passthru"",""@timestamp"":""2021-12-01T16:54:07.779Z""}","sysmon_events_summary_upload.csv",csv,"si-i-061ebfca0cf8b90c6.prd-p-s3zl2.splunkcloud.com",,"2021-12-01T16:54:07.779Z
none","<Event xmlns='http://schemas.microsoft.com/win/2004/08/events/event'><System><Provider Name='Microsoft-Windows-Sysmon' Guid='{5770385f-c22a-43e0-bf4c-06f5698ffbd9}'/><EventID>1</EventID><Version>5</Version><Level>4</Level><Task>1</Task><Opcode>0</Opcode><Keywords>0x8000000000000000</Keywords><TimeCreated SystemTime='2021-11-21T12:57:53.518425000Z'/><EventRecordID>17</EventRecordID><Correlation/><Execution ProcessID='1872' ThreadID='3648'/><Channel>Microsoft-Windows-Sysmon/Operational</Channel><Computer>DESKTOP-PC01</Computer><Security UserID='S-1-5-18'/></System><EventData><Data Name='RuleName'>-</Data><Data Name='UtcTime'>2021-11-21 12:57:53.511</Data><Data Name='ProcessGuid'>{10cf5a0f-4251-619a-bd01-000000000700}</Data><Data Name='ProcessId'>4044</Data><Data Name='Image'>C:\\Windows\\System32\\cmd.exe</Data><Data Name='FileVersion'>10.0.18362.1 (WinBuild.160101.0800)</Data><Data Name='Description'>Windows Command Processor</Data><Data Name='Product'>Microsoft® Windows® Operating System</Data><Data Name='Company'>Microsoft Corporation</Data><Data Name='OriginalFileName'>Cmd.Exe</Data><Data Name='CommandLine'>C:\\Windows\\system32\\cmd.exe /c btool server list general --no-log</Data><Data Name='CurrentDirectory'>C:\\Windows\\system32\\</Data><Data Name='User'>NT AUTHORITY\\SYSTEM</Data><Data Name='LogonGuid'>{10cf5a0f-4043-619a-e703-000000000000}</Data><Data Name='LogonId'>0x3e7</Data><Data Name='TerminalSessionId'>0</Data><Data Name='IntegrityLevel'>System</Data><Data Name='Hashes'>MD5=9D59442313565C2E0860B88BF32B2277,SHA256=D0CEB18272966AB62B8EDFF100E9B4A6A3CB5DC0F2A32B2B18721FEA2D9C09A5,IMPHASH=272245E2988E1E430500B852C4FB5E18</Data><Data Name='ParentProcessGuid'>{10cf5a0f-4250-619a-b901-000000000700}</Data><Data Name='ParentProcessId'>4308</Data><Data Name='ParentImage'>C:\\Program Files\\SplunkUniversalForwarder\\bin\\splunk.exe</Data><Data Name='ParentCommandLine'>\""""C:\\Program Files\\SplunkUniversalForwarder\\bin\\splunk.exe\""""  _internal_extra_splunkd_service_args</Data><Data Name='ParentUser'>NT AUTHORITY\\SYSTEM</Data></EventData></Event>"
"Microsoft-Windows-Sysmon/Operational","\""""C:\\Program Files\\SplunkUniversalForwarder\\bin\\SplunkD.EXE\"""" btool web list settings --no-log","DESKTOP-PC01",,,1,16,"http://schemas.microsoft.com/win/2004/08/events/event",1872,3648,"C:\\Program Files\\SplunkUniversalForwarder\\bin\\splunkd.exe",0x8000000000000000,4,0,"btool  web list settings --no-log",,"{5770385f-c22a-43e0-bf4c-06f5698ffbd9}","Microsoft-Windows-Sysmon","S-1-5-18",,1,"2021-11-21T12:57:52.968778000Z","2021-11-21T12:57:52.968778000Z","2021-11-21 12:57:52.499",5,"""{""""_raw"""":""""<Event xmlns='http://schemas.microsoft.com/win/2004/08/events/event'><System><Provider Name='Microsoft-Windows-Sysmon' Guid='{5770385f-c22a-43e0-bf4c-06f5698ffbd9}'/><EventID>1</EventID><Version>5</Version><Level>4</Level><Task>1</Task><Opcode>0</Opcode><Keywords>0x8000000000000000</Keywords><TimeCreated SystemTime='2021-11-21T12:57:52.968778000Z'/><EventRecordID>16</EventRecordID><Correlation/><Execution ProcessID='1872' ThreadID='3648'/><Channel>Microsoft-Windows-Sysmon/Operational</Channel><Computer>DESKTOP-PC01</Computer><Security UserID='S-1-5-18'/></System><EventData><Data Name='RuleName'>-</Data><Data Name='UtcTime'>2021-11-21 12:57:52.499</Data><Data Name='ProcessGuid'>{10cf5a0f-4250-619a-bc01-000000000700}</Data><Data Name='ProcessId'>8116</Data><Data Name='Image'>C:\\Program Files\\SplunkUniversalForwarder\\bin\\splunkd.exe</Data><Data Name='FileVersion'>8.2.3</Data><Data Name='Description'>splunkd service</Data><Data Name='Product'>splunk Application</Data><Data Name='Company'>Splunk Inc.</Data><Data Name='OriginalFileName'>splunkd.exe</Data><Data Name='CommandLine'>\""""C:\\Program Files\\SplunkUniversalForwarder\\bin\\SplunkD.EXE\"""" btool web list settings --no-log</Data><Data Name='CurrentDirectory'>C:\\Windows\\system32\\</Data><Data Name='User'>NT AUTHORITY\\SYSTEM</Data><Data Name='LogonGuid'>{10cf5a0f-4043-619a-e703-000000000000}</Data><Data Name='LogonId'>0x3e7</Data><Data Name='TerminalSessionId'>0</Data><Data Name='IntegrityLevel'>System</Data><Data Name='Hashes'>MD5=FC2CD610B2772612181F2D47B3CA9046,SHA256=DD5EFB7850EE35D6DCFA52920A4903CE9B1D8DE44BF15B3B89DFCB7D0425C9BA,IMPHASH=4ECC46994D80B28878D10B74C732EB89</Data><Data Name='ParentProcessGuid'>{10cf5a0f-4250-619a-bb01-000000000700}</Data><Data Name='ParentProcessId'>2280</Data><Data Name='ParentImage'>C:\\Program Files\\SplunkUniversalForwarder\\bin\\btool.exe</Data><Data Name='ParentCommandLine'>btool  web list settings --no-log</Data><Data Name='ParentUser'>NT AUTHORITY\\SYSTEM</Data></EventData></Event>"""",""""source"""":""""XmlWinEventLog:Microsoft-Windows-Sysmon/Operational"""",""""host"""":{""""name"""":""""DESKTOP-PC01""""},""""sourcetype"""":""""XmlWinEventLog:Microsoft-Windows-Sysmon/Operational"""",""""index"""":""""default"""",""""cribl_pipe"""":""""passthru"""",""""@timestamp"""":""""2021-12-01T16:54:07.779Z""""}"",""DESKTOP-PC01"",""sysmon_events.json
XmlWinEventLog:Microsoft-Windows-Sysmon/Operational"",1,""2021-11-21 12:57:52.499"",""2021-12-01T16:54:07.779Z"",""2021-11-21T12:57:52.968778000Z"",,,,""C:\Program Files\SplunkUniversalForwarder\bin\splunkd.exe"",""""""C:\Program Files\SplunkUniversalForwarder\bin\SplunkD.EXE"""" btool web list settings --no-log"",""btool  web list settings --no-log"",","2024-03-16T14:09:30.000+00:00",,"sysmon_events.json
XmlWinEventLog:Microsoft-Windows-Sysmon/Operational","si-i-061ebfca0cf8b90c6.prd-p-s3zl2.splunkcloud.com",main,2,"""{"""""""":""""<_='://../////'><><_='--'_='{----}'/><></","{""_raw"":""<Event xmlns='http://schemas.microsoft.com/win/2004/08/events/event'><System><Provider Name='Microsoft-Windows-Sysmon' Guid='{5770385f-c22a-43e0-bf4c-06f5698ffbd9}'/><EventID>1</EventID><Version>5</Version><Level>4</Level><Task>1</Task><Opcode>0</Opcode><Keywords>0x8000000000000000</Keywords><TimeCreated SystemTime='2021-11-21T12:57:52.968778000Z'/><EventRecordID>16</EventRecordID><Correlation/><Execution ProcessID='1872' ThreadID='3648'/><Channel>Microsoft-Windows-Sysmon/Operational</Channel><Computer>DESKTOP-PC01</Computer><Security UserID='S-1-5-18'/></System><EventData><Data Name='RuleName'>-</Data><Data Name='UtcTime'>2021-11-21 12:57:52.499</Data><Data Name='ProcessGuid'>{10cf5a0f-4250-619a-bc01-000000000700}</Data><Data Name='ProcessId'>8116</Data><Data Name='Image'>C:\\Program Files\\SplunkUniversalForwarder\\bin\\splunkd.exe</Data><Data Name='FileVersion'>8.2.3</Data><Data Name='Description'>splunkd service</Data><Data Name='Product'>splunk Application</Data><Data Name='Company'>Splunk Inc.</Data><Data Name='OriginalFileName'>splunkd.exe</Data><Data Name='CommandLine'>\""C:\\Program Files\\SplunkUniversalForwarder\\bin\\SplunkD.EXE\"" btool web list settings --no-log</Data><Data Name='CurrentDirectory'>C:\\Windows\\system32\\</Data><Data Name='User'>NT AUTHORITY\\SYSTEM</Data><Data Name='LogonGuid'>{10cf5a0f-4043-619a-e703-000000000000}</Data><Data Name='LogonId'>0x3e7</Data><Data Name='TerminalSessionId'>0</Data><Data Name='IntegrityLevel'>System</Data><Data Name='Hashes'>MD5=FC2CD610B2772612181F2D47B3CA9046,SHA256=DD5EFB7850EE35D6DCFA52920A4903CE9B1D8DE44BF15B3B89DFCB7D0425C9BA,IMPHASH=4ECC46994D80B28878D10B74C732EB89</Data><Data Name='ParentProcessGuid'>{10cf5a0f-4250-619a-bb01-000000000700}</Data><Data Name='ParentProcessId'>2280</Data><Data Name='ParentImage'>C:\\Program Files\\SplunkUniversalForwarder\\bin\\btool.exe</Data><Data Name='ParentCommandLine'>btool  web list settings --no-log</Data><Data Name='ParentUser'>NT AUTHORITY\\SYSTEM</Data></EventData></Event>"",""source"":""XmlWinEventLog:Microsoft-Windows-Sysmon/Operational"",""host"":{""name"":""DESKTOP-PC01""},""sourcetype"":""XmlWinEventLog:Microsoft-Windows-Sysmon/Operational"",""index"":""default"",""cribl_pipe"":""passthru"",""@timestamp"":""2021-12-01T16:54:07.779Z""}","sysmon_events_summary_upload.csv",csv,"si-i-061ebfca0cf8b90c6.prd-p-s3zl2.splunkcloud.com",,"2021-12-01T16:54:07.779Z
none","<Event xmlns='http://schemas.microsoft.com/win/2004/08/events/event'><System><Provider Name='Microsoft-Windows-Sysmon' Guid='{5770385f-c22a-43e0-bf4c-06f5698ffbd9}'/><EventID>1</EventID><Version>5</Version><Level>4</Level><Task>1</Task><Opcode>0</Opcode><Keywords>0x8000000000000000</Keywords><TimeCreated SystemTime='2021-11-21T12:57:52.968778000Z'/><EventRecordID>16</EventRecordID><Correlation/><Execution ProcessID='1872' ThreadID='3648'/><Channel>Microsoft-Windows-Sysmon/Operational</Channel><Computer>DESKTOP-PC01</Computer><Security UserID='S-1-5-18'/></System><EventData><Data Name='RuleName'>-</Data><Data Name='UtcTime'>2021-11-21 12:57:52.499</Data><Data Name='ProcessGuid'>{10cf5a0f-4250-619a-bc01-000000000700}</Data><Data Name='ProcessId'>8116</Data><Data Name='Image'>C:\\Program Files\\SplunkUniversalForwarder\\bin\\splunkd.exe</Data><Data Name='FileVersion'>8.2.3</Data><Data Name='Description'>splunkd service</Data><Data Name='Product'>splunk Application</Data><Data Name='Company'>Splunk Inc.</Data><Data Name='OriginalFileName'>splunkd.exe</Data><Data Name='CommandLine'>\""""C:\\Program Files\\SplunkUniversalForwarder\\bin\\SplunkD.EXE\"""" btool web list settings --no-log</Data><Data Name='CurrentDirectory'>C:\\Windows\\system32\\</Data><Data Name='User'>NT AUTHORITY\\SYSTEM</Data><Data Name='LogonGuid'>{10cf5a0f-4043-619a-e703-000000000000}</Data><Data Name='LogonId'>0x3e7</Data><Data Name='TerminalSessionId'>0</Data><Data Name='IntegrityLevel'>System</Data><Data Name='Hashes'>MD5=FC2CD610B2772612181F2D47B3CA9046,SHA256=DD5EFB7850EE35D6DCFA52920A4903CE9B1D8DE44BF15B3B89DFCB7D0425C9BA,IMPHASH=4ECC46994D80B28878D10B74C732EB89</Data><Data Name='ParentProcessGuid'>{10cf5a0f-4250-619a-bb01-000000000700}</Data><Data Name='ParentProcessId'>2280</Data><Data Name='ParentImage'>C:\\Program Files\\SplunkUniversalForwarder\\bin\\btool.exe</Data><Data Name='ParentCommandLine'>btool  web list settings --no-log</Data><Data Name='ParentUser'>NT AUTHORITY\\SYSTEM</Data></EventData></Event>"
"Microsoft-Windows-Sysmon/Operational","btool  web list settings --no-log","DESKTOP-PC01",,,1,15,"http://schemas.microsoft.com/win/2004/08/events/event",1872,3648,"C:\\Program Files\\SplunkUniversalForwarder\\bin\\btool.exe",0x8000000000000000,4,0,"C:\\Windows\\system32\\cmd.exe /c btool web list settings --no-log",,"{5770385f-c22a-43e0-bf4c-06f5698ffbd9}","Microsoft-Windows-Sysmon","S-1-5-18",,1,"2021-11-21T12:57:52.485942800Z","2021-11-21T12:57:52.485942800Z","2021-11-21 12:57:52.478",5,"""{""""_raw"""":""""<Event xmlns='http://schemas.microsoft.com/win/2004/08/events/event'><System><Provider Name='Microsoft-Windows-Sysmon' Guid='{5770385f-c22a-43e0-bf4c-06f5698ffbd9}'/><EventID>1</EventID><Version>5</Version><Level>4</Level><Task>1</Task><Opcode>0</Opcode><Keywords>0x8000000000000000</Keywords><TimeCreated SystemTime='2021-11-21T12:57:52.485942800Z'/><EventRecordID>15</EventRecordID><Correlation/><Execution ProcessID='1872' ThreadID='3648'/><Channel>Microsoft-Windows-Sysmon/Operational</Channel><Computer>DESKTOP-PC01</Computer><Security UserID='S-1-5-18'/></System><EventData><Data Name='RuleName'>-</Data><Data Name='UtcTime'>2021-11-21 12:57:52.478</Data><Data Name='ProcessGuid'>{10cf5a0f-4250-619a-bb01-000000000700}</Data><Data Name='ProcessId'>2280</Data><Data Name='Image'>C:\\Program Files\\SplunkUniversalForwarder\\bin\\btool.exe</Data><Data Name='FileVersion'>8.2.3</Data><Data Name='Description'>btool</Data><Data Name='Product'>splunk Application</Data><Data Name='Company'>Splunk Inc.</Data><Data Name='OriginalFileName'>btool.exe</Data><Data Name='CommandLine'>btool  web list settings --no-log</Data><Data Name='CurrentDirectory'>C:\\Windows\\system32\\</Data><Data Name='User'>NT AUTHORITY\\SYSTEM</Data><Data Name='LogonGuid'>{10cf5a0f-4043-619a-e703-000000000000}</Data><Data Name='LogonId'>0x3e7</Data><Data Name='TerminalSessionId'>0</Data><Data Name='IntegrityLevel'>System</Data><Data Name='Hashes'>MD5=72BEFED2DABDFB0B9D419619EE9DD3DB,SHA256=8E44DA6C02F52264503A58861FFF5A7611E63B9E0A0D2B83A4321E7B4DEC8D45,IMPHASH=D7E7C7FB1023AE6F5D81B244992E7451</Data><Data Name='ParentProcessGuid'>{10cf5a0f-4250-619a-ba01-000000000700}</Data><Data Name='ParentProcessId'>7724</Data><Data Name='ParentImage'>C:\\Windows\\System32\\cmd.exe</Data><Data Name='ParentCommandLine'>C:\\Windows\\system32\\cmd.exe /c btool web list settings --no-log</Data><Data Name='ParentUser'>NT AUTHORITY\\SYSTEM</Data></EventData></Event>"""",""""source"""":""""XmlWinEventLog:Microsoft-Windows-Sysmon/Operational"""",""""host"""":{""""name"""":""""DESKTOP-PC01""""},""""sourcetype"""":""""XmlWinEventLog:Microsoft-Windows-Sysmon/Operational"""",""""index"""":""""default"""",""""cribl_pipe"""":""""passthru"""",""""@timestamp"""":""""2021-12-01T16:54:07.779Z""""}"",""DESKTOP-PC01"",""sysmon_events.json
XmlWinEventLog:Microsoft-Windows-Sysmon/Operational"",1,""2021-11-21 12:57:52.478"",""2021-12-01T16:54:07.779Z"",""2021-11-21T12:57:52.485942800Z"",,,,""C:\Program Files\SplunkUniversalForwarder\bin\btool.exe"",""btool  web list settings --no-log"",""C:\Windows\system32\cmd.exe /c btool web list settings --no-log"",","2024-03-16T14:09:30.000+00:00",,"sysmon_events.json
XmlWinEventLog:Microsoft-Windows-Sysmon/Operational","si-i-061ebfca0cf8b90c6.prd-p-s3zl2.splunkcloud.com",main,2,"""{"""""""":""""<_='://../////'><><_='--'_='{----}'/><></","{""_raw"":""<Event xmlns='http://schemas.microsoft.com/win/2004/08/events/event'><System><Provider Name='Microsoft-Windows-Sysmon' Guid='{5770385f-c22a-43e0-bf4c-06f5698ffbd9}'/><EventID>1</EventID><Version>5</Version><Level>4</Level><Task>1</Task><Opcode>0</Opcode><Keywords>0x8000000000000000</Keywords><TimeCreated SystemTime='2021-11-21T12:57:52.485942800Z'/><EventRecordID>15</EventRecordID><Correlation/><Execution ProcessID='1872' ThreadID='3648'/><Channel>Microsoft-Windows-Sysmon/Operational</Channel><Computer>DESKTOP-PC01</Computer><Security UserID='S-1-5-18'/></System><EventData><Data Name='RuleName'>-</Data><Data Name='UtcTime'>2021-11-21 12:57:52.478</Data><Data Name='ProcessGuid'>{10cf5a0f-4250-619a-bb01-000000000700}</Data><Data Name='ProcessId'>2280</Data><Data Name='Image'>C:\\Program Files\\SplunkUniversalForwarder\\bin\\btool.exe</Data><Data Name='FileVersion'>8.2.3</Data><Data Name='Description'>btool</Data><Data Name='Product'>splunk Application</Data><Data Name='Company'>Splunk Inc.</Data><Data Name='OriginalFileName'>btool.exe</Data><Data Name='CommandLine'>btool  web list settings --no-log</Data><Data Name='CurrentDirectory'>C:\\Windows\\system32\\</Data><Data Name='User'>NT AUTHORITY\\SYSTEM</Data><Data Name='LogonGuid'>{10cf5a0f-4043-619a-e703-000000000000}</Data><Data Name='LogonId'>0x3e7</Data><Data Name='TerminalSessionId'>0</Data><Data Name='IntegrityLevel'>System</Data><Data Name='Hashes'>MD5=72BEFED2DABDFB0B9D419619EE9DD3DB,SHA256=8E44DA6C02F52264503A58861FFF5A7611E63B9E0A0D2B83A4321E7B4DEC8D45,IMPHASH=D7E7C7FB1023AE6F5D81B244992E7451</Data><Data Name='ParentProcessGuid'>{10cf5a0f-4250-619a-ba01-000000000700}</Data><Data Name='ParentProcessId'>7724</Data><Data Name='ParentImage'>C:\\Windows\\System32\\cmd.exe</Data><Data Name='ParentCommandLine'>C:\\Windows\\system32\\cmd.exe /c btool web list settings --no-log</Data><Data Name='ParentUser'>NT AUTHORITY\\SYSTEM</Data></EventData></Event>"",""source"":""XmlWinEventLog:Microsoft-Windows-Sysmon/Operational"",""host"":{""name"":""DESKTOP-PC01""},""sourcetype"":""XmlWinEventLog:Microsoft-Windows-Sysmon/Operational"",""index"":""default"",""cribl_pipe"":""passthru"",""@timestamp"":""2021-12-01T16:54:07.779Z""}","sysmon_events_summary_upload.csv",csv,"si-i-061ebfca0cf8b90c6.prd-p-s3zl2.splunkcloud.com",,"2021-12-01T16:54:07.779Z
none","<Event xmlns='http://schemas.microsoft.com/win/2004/08/events/event'><System><Provider Name='Microsoft-Windows-Sysmon' Guid='{5770385f-c22a-43e0-bf4c-06f5698ffbd9}'/><EventID>1</EventID><Version>5</Version><Level>4</Level><Task>1</Task><Opcode>0</Opcode><Keywords>0x8000000000000000</Keywords><TimeCreated SystemTime='2021-11-21T12:57:52.485942800Z'/><EventRecordID>15</EventRecordID><Correlation/><Execution ProcessID='1872' ThreadID='3648'/><Channel>Microsoft-Windows-Sysmon/Operational</Channel><Computer>DESKTOP-PC01</Computer><Security UserID='S-1-5-18'/></System><EventData><Data Name='RuleName'>-</Data><Data Name='UtcTime'>2021-11-21 12:57:52.478</Data><Data Name='ProcessGuid'>{10cf5a0f-4250-619a-bb01-000000000700}</Data><Data Name='ProcessId'>2280</Data><Data Name='Image'>C:\\Program Files\\SplunkUniversalForwarder\\bin\\btool.exe</Data><Data Name='FileVersion'>8.2.3</Data><Data Name='Description'>btool</Data><Data Name='Product'>splunk Application</Data><Data Name='Company'>Splunk Inc.</Data><Data Name='OriginalFileName'>btool.exe</Data><Data Name='CommandLine'>btool  web list settings --no-log</Data><Data Name='CurrentDirectory'>C:\\Windows\\system32\\</Data><Data Name='User'>NT AUTHORITY\\SYSTEM</Data><Data Name='LogonGuid'>{10cf5a0f-4043-619a-e703-000000000000}</Data><Data Name='LogonId'>0x3e7</Data><Data Name='TerminalSessionId'>0</Data><Data Name='IntegrityLevel'>System</Data><Data Name='Hashes'>MD5=72BEFED2DABDFB0B9D419619EE9DD3DB,SHA256=8E44DA6C02F52264503A58861FFF5A7611E63B9E0A0D2B83A4321E7B4DEC8D45,IMPHASH=D7E7C7FB1023AE6F5D81B244992E7451</Data><Data Name='ParentProcessGuid'>{10cf5a0f-4250-619a-ba01-000000000700}</Data><Data Name='ParentProcessId'>7724</Data><Data Name='ParentImage'>C:\\Windows\\System32\\cmd.exe</Data><Data Name='ParentCommandLine'>C:\\Windows\\system32\\cmd.exe /c btool web list settings --no-log</Data><Data Name='ParentUser'>NT AUTHORITY\\SYSTEM</Data></EventData></Event>"
"Microsoft-Windows-Sysmon/Operational","C:\\Windows\\system32\\cmd.exe /c btool web list settings --no-log","DESKTOP-PC01",,,1,14,"http://schemas.microsoft.com/win/2004/08/events/event",1872,3648,"C:\\Windows\\System32\\cmd.exe",0x8000000000000000,4,0,"\""""C:\\Program Files\\SplunkUniversalForwarder\\bin\\splunk.exe\""""  _internal_extra_splunkd_service_args",,"{5770385f-c22a-43e0-bf4c-06f5698ffbd9}","Microsoft-Windows-Sysmon","S-1-5-18",,1,"2021-11-21T12:57:52.463314500Z","2021-11-21T12:57:52.463314500Z","2021-11-21 12:57:52.458",5,"""{""""_raw"""":""""<Event xmlns='http://schemas.microsoft.com/win/2004/08/events/event'><System><Provider Name='Microsoft-Windows-Sysmon' Guid='{5770385f-c22a-43e0-bf4c-06f5698ffbd9}'/><EventID>1</EventID><Version>5</Version><Level>4</Level><Task>1</Task><Opcode>0</Opcode><Keywords>0x8000000000000000</Keywords><TimeCreated SystemTime='2021-11-21T12:57:52.463314500Z'/><EventRecordID>14</EventRecordID><Correlation/><Execution ProcessID='1872' ThreadID='3648'/><Channel>Microsoft-Windows-Sysmon/Operational</Channel><Computer>DESKTOP-PC01</Computer><Security UserID='S-1-5-18'/></System><EventData><Data Name='RuleName'>-</Data><Data Name='UtcTime'>2021-11-21 12:57:52.458</Data><Data Name='ProcessGuid'>{10cf5a0f-4250-619a-ba01-000000000700}</Data><Data Name='ProcessId'>7724</Data><Data Name='Image'>C:\\Windows\\System32\\cmd.exe</Data><Data Name='FileVersion'>10.0.18362.1 (WinBuild.160101.0800)</Data><Data Name='Description'>Windows Command Processor</Data><Data Name='Product'>Microsoft® Windows® Operating System</Data><Data Name='Company'>Microsoft Corporation</Data><Data Name='OriginalFileName'>Cmd.Exe</Data><Data Name='CommandLine'>C:\\Windows\\system32\\cmd.exe /c btool web list settings --no-log</Data><Data Name='CurrentDirectory'>C:\\Windows\\system32\\</Data><Data Name='User'>NT AUTHORITY\\SYSTEM</Data><Data Name='LogonGuid'>{10cf5a0f-4043-619a-e703-000000000000}</Data><Data Name='LogonId'>0x3e7</Data><Data Name='TerminalSessionId'>0</Data><Data Name='IntegrityLevel'>System</Data><Data Name='Hashes'>MD5=9D59442313565C2E0860B88BF32B2277,SHA256=D0CEB18272966AB62B8EDFF100E9B4A6A3CB5DC0F2A32B2B18721FEA2D9C09A5,IMPHASH=272245E2988E1E430500B852C4FB5E18</Data><Data Name='ParentProcessGuid'>{10cf5a0f-4250-619a-b901-000000000700}</Data><Data Name='ParentProcessId'>4308</Data><Data Name='ParentImage'>C:\\Program Files\\SplunkUniversalForwarder\\bin\\splunk.exe</Data><Data Name='ParentCommandLine'>\""""C:\\Program Files\\SplunkUniversalForwarder\\bin\\splunk.exe\""""  _internal_extra_splunkd_service_args</Data><Data Name='ParentUser'>NT AUTHORITY\\SYSTEM</Data></EventData></Event>"""",""""source"""":""""XmlWinEventLog:Microsoft-Windows-Sysmon/Operational"""",""""host"""":{""""name"""":""""DESKTOP-PC01""""},""""sourcetype"""":""""XmlWinEventLog:Microsoft-Windows-Sysmon/Operational"""",""""index"""":""""default"""",""""cribl_pipe"""":""""passthru"""",""""@timestamp"""":""""2021-12-01T16:54:07.779Z""""}"",""DESKTOP-PC01"",""sysmon_events.json
XmlWinEventLog:Microsoft-Windows-Sysmon/Operational"",1,""2021-11-21 12:57:52.458"",""2021-12-01T16:54:07.779Z"",""2021-11-21T12:57:52.463314500Z"",,,,""C:\Windows\System32\cmd.exe"",""C:\Windows\system32\cmd.exe /c btool web list settings --no-log"",""""""C:\Program Files\SplunkUniversalForwarder\bin\splunk.exe""""  _internal_extra_splunkd_service_args"",","2024-03-16T14:09:30.000+00:00",,"sysmon_events.json
XmlWinEventLog:Microsoft-Windows-Sysmon/Operational","si-i-061ebfca0cf8b90c6.prd-p-s3zl2.splunkcloud.com",main,2,"""{"""""""":""""<_='://../////'><><_='--'_='{----}'/><></","{""_raw"":""<Event xmlns='http://schemas.microsoft.com/win/2004/08/events/event'><System><Provider Name='Microsoft-Windows-Sysmon' Guid='{5770385f-c22a-43e0-bf4c-06f5698ffbd9}'/><EventID>1</EventID><Version>5</Version><Level>4</Level><Task>1</Task><Opcode>0</Opcode><Keywords>0x8000000000000000</Keywords><TimeCreated SystemTime='2021-11-21T12:57:52.463314500Z'/><EventRecordID>14</EventRecordID><Correlation/><Execution ProcessID='1872' ThreadID='3648'/><Channel>Microsoft-Windows-Sysmon/Operational</Channel><Computer>DESKTOP-PC01</Computer><Security UserID='S-1-5-18'/></System><EventData><Data Name='RuleName'>-</Data><Data Name='UtcTime'>2021-11-21 12:57:52.458</Data><Data Name='ProcessGuid'>{10cf5a0f-4250-619a-ba01-000000000700}</Data><Data Name='ProcessId'>7724</Data><Data Name='Image'>C:\\Windows\\System32\\cmd.exe</Data><Data Name='FileVersion'>10.0.18362.1 (WinBuild.160101.0800)</Data><Data Name='Description'>Windows Command Processor</Data><Data Name='Product'>Microsoft® Windows® Operating System</Data><Data Name='Company'>Microsoft Corporation</Data><Data Name='OriginalFileName'>Cmd.Exe</Data><Data Name='CommandLine'>C:\\Windows\\system32\\cmd.exe /c btool web list settings --no-log</Data><Data Name='CurrentDirectory'>C:\\Windows\\system32\\</Data><Data Name='User'>NT AUTHORITY\\SYSTEM</Data><Data Name='LogonGuid'>{10cf5a0f-4043-619a-e703-000000000000}</Data><Data Name='LogonId'>0x3e7</Data><Data Name='TerminalSessionId'>0</Data><Data Name='IntegrityLevel'>System</Data><Data Name='Hashes'>MD5=9D59442313565C2E0860B88BF32B2277,SHA256=D0CEB18272966AB62B8EDFF100E9B4A6A3CB5DC0F2A32B2B18721FEA2D9C09A5,IMPHASH=272245E2988E1E430500B852C4FB5E18</Data><Data Name='ParentProcessGuid'>{10cf5a0f-4250-619a-b901-000000000700}</Data><Data Name='ParentProcessId'>4308</Data><Data Name='ParentImage'>C:\\Program Files\\SplunkUniversalForwarder\\bin\\splunk.exe</Data><Data Name='ParentCommandLine'>\""C:\\Program Files\\SplunkUniversalForwarder\\bin\\splunk.exe\""  _internal_extra_splunkd_service_args</Data><Data Name='ParentUser'>NT AUTHORITY\\SYSTEM</Data></EventData></Event>"",""source"":""XmlWinEventLog:Microsoft-Windows-Sysmon/Operational"",""host"":{""name"":""DESKTOP-PC01""},""sourcetype"":""XmlWinEventLog:Microsoft-Windows-Sysmon/Operational"",""index"":""default"",""cribl_pipe"":""passthru"",""@timestamp"":""2021-12-01T16:54:07.779Z""}","sysmon_events_summary_upload.csv",csv,"si-i-061ebfca0cf8b90c6.prd-p-s3zl2.splunkcloud.com",,"2021-12-01T16:54:07.779Z
none","<Event xmlns='http://schemas.microsoft.com/win/2004/08/events/event'><System><Provider Name='Microsoft-Windows-Sysmon' Guid='{5770385f-c22a-43e0-bf4c-06f5698ffbd9}'/><EventID>1</EventID><Version>5</Version><Level>4</Level><Task>1</Task><Opcode>0</Opcode><Keywords>0x8000000000000000</Keywords><TimeCreated SystemTime='2021-11-21T12:57:52.463314500Z'/><EventRecordID>14</EventRecordID><Correlation/><Execution ProcessID='1872' ThreadID='3648'/><Channel>Microsoft-Windows-Sysmon/Operational</Channel><Computer>DESKTOP-PC01</Computer><Security UserID='S-1-5-18'/></System><EventData><Data Name='RuleName'>-</Data><Data Name='UtcTime'>2021-11-21 12:57:52.458</Data><Data Name='ProcessGuid'>{10cf5a0f-4250-619a-ba01-000000000700}</Data><Data Name='ProcessId'>7724</Data><Data Name='Image'>C:\\Windows\\System32\\cmd.exe</Data><Data Name='FileVersion'>10.0.18362.1 (WinBuild.160101.0800)</Data><Data Name='Description'>Windows Command Processor</Data><Data Name='Product'>Microsoft® Windows® Operating System</Data><Data Name='Company'>Microsoft Corporation</Data><Data Name='OriginalFileName'>Cmd.Exe</Data><Data Name='CommandLine'>C:\\Windows\\system32\\cmd.exe /c btool web list settings --no-log</Data><Data Name='CurrentDirectory'>C:\\Windows\\system32\\</Data><Data Name='User'>NT AUTHORITY\\SYSTEM</Data><Data Name='LogonGuid'>{10cf5a0f-4043-619a-e703-000000000000}</Data><Data Name='LogonId'>0x3e7</Data><Data Name='TerminalSessionId'>0</Data><Data Name='IntegrityLevel'>System</Data><Data Name='Hashes'>MD5=9D59442313565C2E0860B88BF32B2277,SHA256=D0CEB18272966AB62B8EDFF100E9B4A6A3CB5DC0F2A32B2B18721FEA2D9C09A5,IMPHASH=272245E2988E1E430500B852C4FB5E18</Data><Data Name='ParentProcessGuid'>{10cf5a0f-4250-619a-b901-000000000700}</Data><Data Name='ParentProcessId'>4308</Data><Data Name='ParentImage'>C:\\Program Files\\SplunkUniversalForwarder\\bin\\splunk.exe</Data><Data Name='ParentCommandLine'>\""""C:\\Program Files\\SplunkUniversalForwarder\\bin\\splunk.exe\""""  _internal_extra_splunkd_service_args</Data><Data Name='ParentUser'>NT AUTHORITY\\SYSTEM</Data></EventData></Event>"
"Microsoft-Windows-Sysmon/Operational","\""""C:\\Program Files\\SplunkUniversalForwarder\\bin\\splunk.exe\""""  _internal_extra_splunkd_service_args","DESKTOP-PC01",,,1,13,"http://schemas.microsoft.com/win/2004/08/events/event",1872,3648,"C:\\Program Files\\SplunkUniversalForwarder\\bin\\splunk.exe",0x8000000000000000,4,0,"C:\\Windows\\system32\\cmd.exe /c \""""C:\\Program Files\\SplunkUniversalForwarder\\bin\\splunk.exe\"""" _internal_extra_splunkd_service_args",,"{5770385f-c22a-43e0-bf4c-06f5698ffbd9}","Microsoft-Windows-Sysmon","S-1-5-18",,1,"2021-11-21T12:57:52.436795800Z","2021-11-21T12:57:52.436795800Z","2021-11-21 12:57:52.431",5,"""{""""_raw"""":""""<Event xmlns='http://schemas.microsoft.com/win/2004/08/events/event'><System><Provider Name='Microsoft-Windows-Sysmon' Guid='{5770385f-c22a-43e0-bf4c-06f5698ffbd9}'/><EventID>1</EventID><Version>5</Version><Level>4</Level><Task>1</Task><Opcode>0</Opcode><Keywords>0x8000000000000000</Keywords><TimeCreated SystemTime='2021-11-21T12:57:52.436795800Z'/><EventRecordID>13</EventRecordID><Correlation/><Execution ProcessID='1872' ThreadID='3648'/><Channel>Microsoft-Windows-Sysmon/Operational</Channel><Computer>DESKTOP-PC01</Computer><Security UserID='S-1-5-18'/></System><EventData><Data Name='RuleName'>-</Data><Data Name='UtcTime'>2021-11-21 12:57:52.431</Data><Data Name='ProcessGuid'>{10cf5a0f-4250-619a-b901-000000000700}</Data><Data Name='ProcessId'>4308</Data><Data Name='Image'>C:\\Program Files\\SplunkUniversalForwarder\\bin\\splunk.exe</Data><Data Name='FileVersion'>8.2.3</Data><Data Name='Description'>splunk Application</Data><Data Name='Product'>splunk Application</Data><Data Name='Company'>Splunk Inc.</Data><Data Name='OriginalFileName'>splunk.exe</Data><Data Name='CommandLine'>\""""C:\\Program Files\\SplunkUniversalForwarder\\bin\\splunk.exe\""""  _internal_extra_splunkd_service_args</Data><Data Name='CurrentDirectory'>C:\\Windows\\system32\\</Data><Data Name='User'>NT AUTHORITY\\SYSTEM</Data><Data Name='LogonGuid'>{10cf5a0f-4043-619a-e703-000000000000}</Data><Data Name='LogonId'>0x3e7</Data><Data Name='TerminalSessionId'>0</Data><Data Name='IntegrityLevel'>System</Data><Data Name='Hashes'>MD5=87A52CAA71B8734128F7CE6E299E50A5,SHA256=6CB28705C1D87277335B9C8889DE44451407C49994622F46BB51561832207462,IMPHASH=88D6255781D526DD9C6D614B7EA689F4</Data><Data Name='ParentProcessGuid'>{10cf5a0f-4250-619a-b801-000000000700}</Data><Data Name='ParentProcessId'>4748</Data><Data Name='ParentImage'>C:\\Windows\\System32\\cmd.exe</Data><Data Name='ParentCommandLine'>C:\\Windows\\system32\\cmd.exe /c \""""C:\\Program Files\\SplunkUniversalForwarder\\bin\\splunk.exe\"""" _internal_extra_splunkd_service_args</Data><Data Name='ParentUser'>NT AUTHORITY\\SYSTEM</Data></EventData></Event>"""",""""source"""":""""XmlWinEventLog:Microsoft-Windows-Sysmon/Operational"""",""""host"""":{""""name"""":""""DESKTOP-PC01""""},""""sourcetype"""":""""XmlWinEventLog:Microsoft-Windows-Sysmon/Operational"""",""""index"""":""""default"""",""""cribl_pipe"""":""""passthru"""",""""@timestamp"""":""""2021-12-01T16:54:07.779Z""""}"",""DESKTOP-PC01"",""sysmon_events.json
XmlWinEventLog:Microsoft-Windows-Sysmon/Operational"",1,""2021-11-21 12:57:52.431"",""2021-12-01T16:54:07.779Z"",""2021-11-21T12:57:52.436795800Z"",,,,""C:\Program Files\SplunkUniversalForwarder\bin\splunk.exe"",""""""C:\Program Files\SplunkUniversalForwarder\bin\splunk.exe""""  _internal_extra_splunkd_service_args"",""C:\Windows\system32\cmd.exe /c """"C:\Program Files\SplunkUniversalForwarder\bin\splunk.exe"""" _internal_extra_splunkd_service_args"",","2024-03-16T14:09:30.000+00:00",,"sysmon_events.json
XmlWinEventLog:Microsoft-Windows-Sysmon/Operational","si-i-061ebfca0cf8b90c6.prd-p-s3zl2.splunkcloud.com",main,2,"""{"""""""":""""<_='://../////'><><_='--'_='{----}'/><></","{""_raw"":""<Event xmlns='http://schemas.microsoft.com/win/2004/08/events/event'><System><Provider Name='Microsoft-Windows-Sysmon' Guid='{5770385f-c22a-43e0-bf4c-06f5698ffbd9}'/><EventID>1</EventID><Version>5</Version><Level>4</Level><Task>1</Task><Opcode>0</Opcode><Keywords>0x8000000000000000</Keywords><TimeCreated SystemTime='2021-11-21T12:57:52.436795800Z'/><EventRecordID>13</EventRecordID><Correlation/><Execution ProcessID='1872' ThreadID='3648'/><Channel>Microsoft-Windows-Sysmon/Operational</Channel><Computer>DESKTOP-PC01</Computer><Security UserID='S-1-5-18'/></System><EventData><Data Name='RuleName'>-</Data><Data Name='UtcTime'>2021-11-21 12:57:52.431</Data><Data Name='ProcessGuid'>{10cf5a0f-4250-619a-b901-000000000700}</Data><Data Name='ProcessId'>4308</Data><Data Name='Image'>C:\\Program Files\\SplunkUniversalForwarder\\bin\\splunk.exe</Data><Data Name='FileVersion'>8.2.3</Data><Data Name='Description'>splunk Application</Data><Data Name='Product'>splunk Application</Data><Data Name='Company'>Splunk Inc.</Data><Data Name='OriginalFileName'>splunk.exe</Data><Data Name='CommandLine'>\""C:\\Program Files\\SplunkUniversalForwarder\\bin\\splunk.exe\""  _internal_extra_splunkd_service_args</Data><Data Name='CurrentDirectory'>C:\\Windows\\system32\\</Data><Data Name='User'>NT AUTHORITY\\SYSTEM</Data><Data Name='LogonGuid'>{10cf5a0f-4043-619a-e703-000000000000}</Data><Data Name='LogonId'>0x3e7</Data><Data Name='TerminalSessionId'>0</Data><Data Name='IntegrityLevel'>System</Data><Data Name='Hashes'>MD5=87A52CAA71B8734128F7CE6E299E50A5,SHA256=6CB28705C1D87277335B9C8889DE44451407C49994622F46BB51561832207462,IMPHASH=88D6255781D526DD9C6D614B7EA689F4</Data><Data Name='ParentProcessGuid'>{10cf5a0f-4250-619a-b801-000000000700}</Data><Data Name='ParentProcessId'>4748</Data><Data Name='ParentImage'>C:\\Windows\\System32\\cmd.exe</Data><Data Name='ParentCommandLine'>C:\\Windows\\system32\\cmd.exe /c \""C:\\Program Files\\SplunkUniversalForwarder\\bin\\splunk.exe\"" _internal_extra_splunkd_service_args</Data><Data Name='ParentUser'>NT AUTHORITY\\SYSTEM</Data></EventData></Event>"",""source"":""XmlWinEventLog:Microsoft-Windows-Sysmon/Operational"",""host"":{""name"":""DESKTOP-PC01""},""sourcetype"":""XmlWinEventLog:Microsoft-Windows-Sysmon/Operational"",""index"":""default"",""cribl_pipe"":""passthru"",""@timestamp"":""2021-12-01T16:54:07.779Z""}","sysmon_events_summary_upload.csv",csv,"si-i-061ebfca0cf8b90c6.prd-p-s3zl2.splunkcloud.com",,"2021-12-01T16:54:07.779Z
none","<Event xmlns='http://schemas.microsoft.com/win/2004/08/events/event'><System><Provider Name='Microsoft-Windows-Sysmon' Guid='{5770385f-c22a-43e0-bf4c-06f5698ffbd9}'/><EventID>1</EventID><Version>5</Version><Level>4</Level><Task>1</Task><Opcode>0</Opcode><Keywords>0x8000000000000000</Keywords><TimeCreated SystemTime='2021-11-21T12:57:52.436795800Z'/><EventRecordID>13</EventRecordID><Correlation/><Execution ProcessID='1872' ThreadID='3648'/><Channel>Microsoft-Windows-Sysmon/Operational</Channel><Computer>DESKTOP-PC01</Computer><Security UserID='S-1-5-18'/></System><EventData><Data Name='RuleName'>-</Data><Data Name='UtcTime'>2021-11-21 12:57:52.431</Data><Data Name='ProcessGuid'>{10cf5a0f-4250-619a-b901-000000000700}</Data><Data Name='ProcessId'>4308</Data><Data Name='Image'>C:\\Program Files\\SplunkUniversalForwarder\\bin\\splunk.exe</Data><Data Name='FileVersion'>8.2.3</Data><Data Name='Description'>splunk Application</Data><Data Name='Product'>splunk Application</Data><Data Name='Company'>Splunk Inc.</Data><Data Name='OriginalFileName'>splunk.exe</Data><Data Name='CommandLine'>\""""C:\\Program Files\\SplunkUniversalForwarder\\bin\\splunk.exe\""""  _internal_extra_splunkd_service_args</Data><Data Name='CurrentDirectory'>C:\\Windows\\system32\\</Data><Data Name='User'>NT AUTHORITY\\SYSTEM</Data><Data Name='LogonGuid'>{10cf5a0f-4043-619a-e703-000000000000}</Data><Data Name='LogonId'>0x3e7</Data><Data Name='TerminalSessionId'>0</Data><Data Name='IntegrityLevel'>System</Data><Data Name='Hashes'>MD5=87A52CAA71B8734128F7CE6E299E50A5,SHA256=6CB28705C1D87277335B9C8889DE44451407C49994622F46BB51561832207462,IMPHASH=88D6255781D526DD9C6D614B7EA689F4</Data><Data Name='ParentProcessGuid'>{10cf5a0f-4250-619a-b801-000000000700}</Data><Data Name='ParentProcessId'>4748</Data><Data Name='ParentImage'>C:\\Windows\\System32\\cmd.exe</Data><Data Name='ParentCommandLine'>C:\\Windows\\system32\\cmd.exe /c \""""C:\\Program Files\\SplunkUniversalForwarder\\bin\\splunk.exe\"""" _internal_extra_splunkd_service_args</Data><Data Name='ParentUser'>NT AUTHORITY\\SYSTEM</Data></EventData></Event>"
