"Microsoft-Windows-Sysmon/Operational","C:\\Windows\\system32\\cmd.exe /c \""""C:\\Program Files\\SplunkUniversalForwarder\\bin\\splunk.exe\"""" _internal_extra_splunkd_service_args","DESKTOP-PC01",,,1,12,"http://schemas.microsoft.com/win/2004/08/events/event",1872,3648,"C:\\Windows\\System32\\cmd.exe",0x8000000000000000,4,0,"\""""C:\\Program Files\\SplunkUniversalForwarder\\bin\\splunkd.exe\"""" service",,"{5770385f-c22a-43e0-bf4c-06f5698ffbd9}","Microsoft-Windows-Sysmon","S-1-5-18",,1,"2021-11-21T12:57:52.422304400Z","2021-11-21T12:57:52.422304400Z","2021-11-21 12:57:52.418",5,"""{""""_raw"""":""""<Event xmlns='http://schemas.microsoft.com/win/2004/08/events/event'><System><Provider Name='Microsoft-Windows-Sysmon' Guid='{5770385f-c22a-43e0-bf4c-06f5698ffbd9}'/><EventID>1</EventID><Version>5</Version><Level>4</Level><Task>1</Task><Opcode>0</Opcode><Keywords>0x8000000000000000</Keywords><TimeCreated SystemTime='2021-11-21T12:57:52.422304400Z'/><EventRecordID>12</EventRecordID><Correlation/><Execution ProcessID='1872' ThreadID='3648'/><Channel>Microsoft-Windows-Sysmon/Operational</Channel><Computer>DESKTOP-PC01</Computer><Security UserID='S-1-5-18'/></System><EventData><Data Name='RuleName'>-</Data><Data Name='UtcTime'>2021-11-21 12:57:52.418</Data><Data Name='ProcessGuid'>{10cf5a0f-4250-619a-b801-000000000700}</Data><Data Name='ProcessId'>4748</Data><Data Name='Image'>C:\\Windows\\System32\\cmd.exe</Data><Data Name='FileVersion'>10.0.18362.1 (WinBuild.160101.0800)</Data><Data Name='Description'>Windows Command Processor</Data><Data Name='Product'>Microsoft® Windows® Operating System</Data><Data Name='Company'>Microsoft Corporation</Data><Data Name='OriginalFileName'>Cmd.Exe</Data><Data Name='CommandLine'>C:\\Windows\\system32\\cmd.exe /c \""""C:\\Program Files\\SplunkUniversalForwarder\\bin\\splunk.exe\"""" _internal_extra_splunkd_service_args</Data><Data Name='CurrentDirectory'>C:\\Windows\\system32\\</Data><Data Name='User'>NT AUTHORITY\\SYSTEM</Data><Data Name='LogonGuid'>{10cf5a0f-4043-619a-e703-000000000000}</Data><Data Name='LogonId'>0x3e7</Data><Data Name='TerminalSessionId'>0</Data><Data Name='IntegrityLevel'>System</Data><Data Name='Hashes'>MD5=9D59442313565C2E0860B88BF32B2277,SHA256=D0CEB18272966AB62B8EDFF100E9B4A6A3CB5DC0F2A32B2B18721FEA2D9C09A5,IMPHASH=272245E2988E1E430500B852C4FB5E18</Data><Data Name='ParentProcessGuid'>{10cf5a0f-424e-619a-b301-000000000700}</Data><Data Name='ParentProcessId'>5504</Data><Data Name='ParentImage'>C:\\Program Files\\SplunkUniversalForwarder\\bin\\splunkd.exe</Data><Data Name='ParentCommandLine'>\""""C:\\Program Files\\SplunkUniversalForwarder\\bin\\splunkd.exe\"""" service</Data><Data Name='ParentUser'>NT AUTHORITY\\SYSTEM</Data></EventData></Event>"""",""""source"""":""""XmlWinEventLog:Microsoft-Windows-Sysmon/Operational"""",""""host"""":{""""name"""":""""DESKTOP-PC01""""},""""sourcetype"""":""""XmlWinEventLog:Microsoft-Windows-Sysmon/Operational"""",""""index"""":""""default"""",""""cribl_pipe"""":""""passthru"""",""""@timestamp"""":""""2021-12-01T16:54:07.779Z""""}"",""DESKTOP-PC01"",""sysmon_events.json
XmlWinEventLog:Microsoft-Windows-Sysmon/Operational"",1,""2021-11-21 12:57:52.418"",""2021-12-01T16:54:07.779Z"",""2021-11-21T12:57:52.422304400Z"",,,,""C:\Windows\System32\cmd.exe"",""C:\Windows\system32\cmd.exe /c """"C:\Program Files\SplunkUniversalForwarder\bin\splunk.exe"""" _internal_extra_splunkd_service_args"",""""""C:\Program Files\SplunkUniversalForwarder\bin\splunkd.exe"""" service"",","2024-03-16T14:09:30.000+00:00",,"sysmon_events.json
XmlWinEventLog:Microsoft-Windows-Sysmon/Operational","si-i-061ebfca0cf8b90c6.prd-p-s3zl2.splunkcloud.com",main,2,"""{"""""""":""""<_='://../////'><><_='--'_='{----}'/><></","{""_raw"":""<Event xmlns='http://schemas.microsoft.com/win/2004/08/events/event'><System><Provider Name='Microsoft-Windows-Sysmon' Guid='{5770385f-c22a-43e0-bf4c-06f5698ffbd9}'/><EventID>1</EventID><Version>5</Version><Level>4</Level><Task>1</Task><Opcode>0</Opcode><Keywords>0x8000000000000000</Keywords><TimeCreated SystemTime='2021-11-21T12:57:52.422304400Z'/><EventRecordID>12</EventRecordID><Correlation/><Execution ProcessID='1872' ThreadID='3648'/><Channel>Microsoft-Windows-Sysmon/Operational</Channel><Computer>DESKTOP-PC01</Computer><Security UserID='S-1-5-18'/></System><EventData><Data Name='RuleName'>-</Data><Data Name='UtcTime'>2021-11-21 12:57:52.418</Data><Data Name='ProcessGuid'>{10cf5a0f-4250-619a-b801-000000000700}</Data><Data Name='ProcessId'>4748</Data><Data Name='Image'>C:\\Windows\\System32\\cmd.exe</Data><Data Name='FileVersion'>10.0.18362.1 (WinBuild.160101.0800)</Data><Data Name='Description'>Windows Command Processor</Data><Data Name='Product'>Microsoft® Windows® Operating System</Data><Data Name='Company'>Microsoft Corporation</Data><Data Name='OriginalFileName'>Cmd.Exe</Data><Data Name='CommandLine'>C:\\Windows\\system32\\cmd.exe /c \""C:\\Program Files\\SplunkUniversalForwarder\\bin\\splunk.exe\"" _internal_extra_splunkd_service_args</Data><Data Name='CurrentDirectory'>C:\\Windows\\system32\\</Data><Data Name='User'>NT AUTHORITY\\SYSTEM</Data><Data Name='LogonGuid'>{10cf5a0f-4043-619a-e703-000000000000}</Data><Data Name='LogonId'>0x3e7</Data><Data Name='TerminalSessionId'>0</Data><Data Name='IntegrityLevel'>System</Data><Data Name='Hashes'>MD5=9D59442313565C2E0860B88BF32B2277,SHA256=D0CEB18272966AB62B8EDFF100E9B4A6A3CB5DC0F2A32B2B18721FEA2D9C09A5,IMPHASH=272245E2988E1E430500B852C4FB5E18</Data><Data Name='ParentProcessGuid'>{10cf5a0f-424e-619a-b301-000000000700}</Data><Data Name='ParentProcessId'>5504</Data><Data Name='ParentImage'>C:\\Program Files\\SplunkUniversalForwarder\\bin\\splunkd.exe</Data><Data Name='ParentCommandLine'>\""C:\\Program Files\\SplunkUniversalForwarder\\bin\\splunkd.exe\"" service</Data><Data Name='ParentUser'>NT AUTHORITY\\SYSTEM</Data></EventData></Event>"",""source"":""XmlWinEventLog:Microsoft-Windows-Sysmon/Operational"",""host"":{""name"":""DESKTOP-PC01""},""sourcetype"":""XmlWinEventLog:Microsoft-Windows-Sysmon/Operational"",""index"":""default"",""cribl_pipe"":""passthru"",""@timestamp"":""2021-12-01T16:54:07.779Z""}","sysmon_events_summary_upload.csv",csv,"si-i-061ebfca0cf8b90c6.prd-p-s3zl2.splunkcloud.com",,"2021-12-01T16:54:07.779Z
none","<Event xmlns='http://schemas.microsoft.com/win/2004/08/events/event'><System><Provider Name='Microsoft-Windows-Sysmon' Guid='{5770385f-c22a-43e0-bf4c-06f5698ffbd9}'/><EventID>1</EventID><Version>5</Version><Level>4</Level><Task>1</Task><Opcode>0</Opcode><Keywords>0x8000000000000000</Keywords><TimeCreated SystemTime='2021-11-21T12:57:52.422304400Z'/><EventRecordID>12</EventRecordID><Correlation/><Execution ProcessID='1872' ThreadID='3648'/><Channel>Microsoft-Windows-Sysmon/Operational</Channel><Computer>DESKTOP-PC01</Computer><Security UserID='S-1-5-18'/></System><EventData><Data Name='RuleName'>-</Data><Data Name='UtcTime'>2021-11-21 12:57:52.418</Data><Data Name='ProcessGuid'>{10cf5a0f-4250-619a-b801-000000000700}</Data><Data Name='ProcessId'>4748</Data><Data Name='Image'>C:\\Windows\\System32\\cmd.exe</Data><Data Name='FileVersion'>10.0.18362.1 (WinBuild.160101.0800)</Data><Data Name='Description'>Windows Command Processor</Data><Data Name='Product'>Microsoft® Windows® Operating System</Data><Data Name='Company'>Microsoft Corporation</Data><Data Name='OriginalFileName'>Cmd.Exe</Data><Data Name='CommandLine'>C:\\Windows\\system32\\cmd.exe /c \""""C:\\Program Files\\SplunkUniversalForwarder\\bin\\splunk.exe\"""" _internal_extra_splunkd_service_args</Data><Data Name='CurrentDirectory'>C:\\Windows\\system32\\</Data><Data Name='User'>NT AUTHORITY\\SYSTEM</Data><Data Name='LogonGuid'>{10cf5a0f-4043-619a-e703-000000000000}</Data><Data Name='LogonId'>0x3e7</Data><Data Name='TerminalSessionId'>0</Data><Data Name='IntegrityLevel'>System</Data><Data Name='Hashes'>MD5=9D59442313565C2E0860B88BF32B2277,SHA256=D0CEB18272966AB62B8EDFF100E9B4A6A3CB5DC0F2A32B2B18721FEA2D9C09A5,IMPHASH=272245E2988E1E430500B852C4FB5E18</Data><Data Name='ParentProcessGuid'>{10cf5a0f-424e-619a-b301-000000000700}</Data><Data Name='ParentProcessId'>5504</Data><Data Name='ParentImage'>C:\\Program Files\\SplunkUniversalForwarder\\bin\\splunkd.exe</Data><Data Name='ParentCommandLine'>\""""C:\\Program Files\\SplunkUniversalForwarder\\bin\\splunkd.exe\"""" service</Data><Data Name='ParentUser'>NT AUTHORITY\\SYSTEM</Data></EventData></Event>"
"Microsoft-Windows-Sysmon/Operational","\""""C:\\Program Files\\SplunkUniversalForwarder\\bin\\splunk.exe\""""  _RAW_envvars","DESKTOP-PC01",,,1,11,"http://schemas.microsoft.com/win/2004/08/events/event",1872,3648,"C:\\Program Files\\SplunkUniversalForwarder\\bin\\splunk.exe",0x8000000000000000,4,0,"C:\\Windows\\system32\\cmd.exe /c \""""C:\\Program Files\\SplunkUniversalForwarder\\bin\\splunk.exe\"""" _RAW_envvars",,"{5770385f-c22a-43e0-bf4c-06f5698ffbd9}","Microsoft-Windows-Sysmon","S-1-5-18",,1,"2021-11-21T12:57:52.331458400Z","2021-11-21T12:57:52.331458400Z","2021-11-21 12:57:52.315",5,"""{""""_raw"""":""""<Event xmlns='http://schemas.microsoft.com/win/2004/08/events/event'><System><Provider Name='Microsoft-Windows-Sysmon' Guid='{5770385f-c22a-43e0-bf4c-06f5698ffbd9}'/><EventID>1</EventID><Version>5</Version><Level>4</Level><Task>1</Task><Opcode>0</Opcode><Keywords>0x8000000000000000</Keywords><TimeCreated SystemTime='2021-11-21T12:57:52.331458400Z'/><EventRecordID>11</EventRecordID><Correlation/><Execution ProcessID='1872' ThreadID='3648'/><Channel>Microsoft-Windows-Sysmon/Operational</Channel><Computer>DESKTOP-PC01</Computer><Security UserID='S-1-5-18'/></System><EventData><Data Name='RuleName'>-</Data><Data Name='UtcTime'>2021-11-21 12:57:52.315</Data><Data Name='ProcessGuid'>{10cf5a0f-4250-619a-b601-000000000700}</Data><Data Name='ProcessId'>5500</Data><Data Name='Image'>C:\\Program Files\\SplunkUniversalForwarder\\bin\\splunk.exe</Data><Data Name='FileVersion'>8.2.3</Data><Data Name='Description'>splunk Application</Data><Data Name='Product'>splunk Application</Data><Data Name='Company'>Splunk Inc.</Data><Data Name='OriginalFileName'>splunk.exe</Data><Data Name='CommandLine'>\""""C:\\Program Files\\SplunkUniversalForwarder\\bin\\splunk.exe\""""  _RAW_envvars</Data><Data Name='CurrentDirectory'>C:\\Windows\\system32\\</Data><Data Name='User'>NT AUTHORITY\\SYSTEM</Data><Data Name='LogonGuid'>{10cf5a0f-4043-619a-e703-000000000000}</Data><Data Name='LogonId'>0x3e7</Data><Data Name='TerminalSessionId'>0</Data><Data Name='IntegrityLevel'>System</Data><Data Name='Hashes'>MD5=87A52CAA71B8734128F7CE6E299E50A5,SHA256=6CB28705C1D87277335B9C8889DE44451407C49994622F46BB51561832207462,IMPHASH=88D6255781D526DD9C6D614B7EA689F4</Data><Data Name='ParentProcessGuid'>{10cf5a0f-4250-619a-b401-000000000700}</Data><Data Name='ParentProcessId'>3096</Data><Data Name='ParentImage'>C:\\Windows\\System32\\cmd.exe</Data><Data Name='ParentCommandLine'>C:\\Windows\\system32\\cmd.exe /c \""""C:\\Program Files\\SplunkUniversalForwarder\\bin\\splunk.exe\"""" _RAW_envvars</Data><Data Name='ParentUser'>NT AUTHORITY\\SYSTEM</Data></EventData></Event>"""",""""source"""":""""XmlWinEventLog:Microsoft-Windows-Sysmon/Operational"""",""""host"""":{""""name"""":""""DESKTOP-PC01""""},""""sourcetype"""":""""XmlWinEventLog:Microsoft-Windows-Sysmon/Operational"""",""""index"""":""""default"""",""""cribl_pipe"""":""""passthru"""",""""@timestamp"""":""""2021-12-01T16:54:07.779Z""""}"",""DESKTOP-PC01"",""sysmon_events.json
XmlWinEventLog:Microsoft-Windows-Sysmon/Operational"",1,""2021-11-21 12:57:52.315"",""2021-12-01T16:54:07.779Z"",""2021-11-21T12:57:52.331458400Z"",,,,""C:\Program Files\SplunkUniversalForwarder\bin\splunk.exe"",""""""C:\Program Files\SplunkUniversalForwarder\bin\splunk.exe""""  _RAW_envvars"",""C:\Windows\system32\cmd.exe /c """"C:\Program Files\SplunkUniversalForwarder\bin\splunk.exe"""" _RAW_envvars"",","2024-03-16T14:09:30.000+00:00",,"sysmon_events.json
XmlWinEventLog:Microsoft-Windows-Sysmon/Operational","si-i-061ebfca0cf8b90c6.prd-p-s3zl2.splunkcloud.com",main,2,"""{"""""""":""""<_='://../////'><><_='--'_='{----}'/><></","{""_raw"":""<Event xmlns='http://schemas.microsoft.com/win/2004/08/events/event'><System><Provider Name='Microsoft-Windows-Sysmon' Guid='{5770385f-c22a-43e0-bf4c-06f5698ffbd9}'/><EventID>1</EventID><Version>5</Version><Level>4</Level><Task>1</Task><Opcode>0</Opcode><Keywords>0x8000000000000000</Keywords><TimeCreated SystemTime='2021-11-21T12:57:52.331458400Z'/><EventRecordID>11</EventRecordID><Correlation/><Execution ProcessID='1872' ThreadID='3648'/><Channel>Microsoft-Windows-Sysmon/Operational</Channel><Computer>DESKTOP-PC01</Computer><Security UserID='S-1-5-18'/></System><EventData><Data Name='RuleName'>-</Data><Data Name='UtcTime'>2021-11-21 12:57:52.315</Data><Data Name='ProcessGuid'>{10cf5a0f-4250-619a-b601-000000000700}</Data><Data Name='ProcessId'>5500</Data><Data Name='Image'>C:\\Program Files\\SplunkUniversalForwarder\\bin\\splunk.exe</Data><Data Name='FileVersion'>8.2.3</Data><Data Name='Description'>splunk Application</Data><Data Name='Product'>splunk Application</Data><Data Name='Company'>Splunk Inc.</Data><Data Name='OriginalFileName'>splunk.exe</Data><Data Name='CommandLine'>\""C:\\Program Files\\SplunkUniversalForwarder\\bin\\splunk.exe\""  _RAW_envvars</Data><Data Name='CurrentDirectory'>C:\\Windows\\system32\\</Data><Data Name='User'>NT AUTHORITY\\SYSTEM</Data><Data Name='LogonGuid'>{10cf5a0f-4043-619a-e703-000000000000}</Data><Data Name='LogonId'>0x3e7</Data><Data Name='TerminalSessionId'>0</Data><Data Name='IntegrityLevel'>System</Data><Data Name='Hashes'>MD5=87A52CAA71B8734128F7CE6E299E50A5,SHA256=6CB28705C1D87277335B9C8889DE44451407C49994622F46BB51561832207462,IMPHASH=88D6255781D526DD9C6D614B7EA689F4</Data><Data Name='ParentProcessGuid'>{10cf5a0f-4250-619a-b401-000000000700}</Data><Data Name='ParentProcessId'>3096</Data><Data Name='ParentImage'>C:\\Windows\\System32\\cmd.exe</Data><Data Name='ParentCommandLine'>C:\\Windows\\system32\\cmd.exe /c \""C:\\Program Files\\SplunkUniversalForwarder\\bin\\splunk.exe\"" _RAW_envvars</Data><Data Name='ParentUser'>NT AUTHORITY\\SYSTEM</Data></EventData></Event>"",""source"":""XmlWinEventLog:Microsoft-Windows-Sysmon/Operational"",""host"":{""name"":""DESKTOP-PC01""},""sourcetype"":""XmlWinEventLog:Microsoft-Windows-Sysmon/Operational"",""index"":""default"",""cribl_pipe"":""passthru"",""@timestamp"":""2021-12-01T16:54:07.779Z""}","sysmon_events_summary_upload.csv",csv,"si-i-061ebfca0cf8b90c6.prd-p-s3zl2.splunkcloud.com",,"2021-12-01T16:54:07.779Z
none","<Event xmlns='http://schemas.microsoft.com/win/2004/08/events/event'><System><Provider Name='Microsoft-Windows-Sysmon' Guid='{5770385f-c22a-43e0-bf4c-06f5698ffbd9}'/><EventID>1</EventID><Version>5</Version><Level>4</Level><Task>1</Task><Opcode>0</Opcode><Keywords>0x8000000000000000</Keywords><TimeCreated SystemTime='2021-11-21T12:57:52.331458400Z'/><EventRecordID>11</EventRecordID><Correlation/><Execution ProcessID='1872' ThreadID='3648'/><Channel>Microsoft-Windows-Sysmon/Operational</Channel><Computer>DESKTOP-PC01</Computer><Security UserID='S-1-5-18'/></System><EventData><Data Name='RuleName'>-</Data><Data Name='UtcTime'>2021-11-21 12:57:52.315</Data><Data Name='ProcessGuid'>{10cf5a0f-4250-619a-b601-000000000700}</Data><Data Name='ProcessId'>5500</Data><Data Name='Image'>C:\\Program Files\\SplunkUniversalForwarder\\bin\\splunk.exe</Data><Data Name='FileVersion'>8.2.3</Data><Data Name='Description'>splunk Application</Data><Data Name='Product'>splunk Application</Data><Data Name='Company'>Splunk Inc.</Data><Data Name='OriginalFileName'>splunk.exe</Data><Data Name='CommandLine'>\""""C:\\Program Files\\SplunkUniversalForwarder\\bin\\splunk.exe\""""  _RAW_envvars</Data><Data Name='CurrentDirectory'>C:\\Windows\\system32\\</Data><Data Name='User'>NT AUTHORITY\\SYSTEM</Data><Data Name='LogonGuid'>{10cf5a0f-4043-619a-e703-000000000000}</Data><Data Name='LogonId'>0x3e7</Data><Data Name='TerminalSessionId'>0</Data><Data Name='IntegrityLevel'>System</Data><Data Name='Hashes'>MD5=87A52CAA71B8734128F7CE6E299E50A5,SHA256=6CB28705C1D87277335B9C8889DE44451407C49994622F46BB51561832207462,IMPHASH=88D6255781D526DD9C6D614B7EA689F4</Data><Data Name='ParentProcessGuid'>{10cf5a0f-4250-619a-b401-000000000700}</Data><Data Name='ParentProcessId'>3096</Data><Data Name='ParentImage'>C:\\Windows\\System32\\cmd.exe</Data><Data Name='ParentCommandLine'>C:\\Windows\\system32\\cmd.exe /c \""""C:\\Program Files\\SplunkUniversalForwarder\\bin\\splunk.exe\"""" _RAW_envvars</Data><Data Name='ParentUser'>NT AUTHORITY\\SYSTEM</Data></EventData></Event>"
"Microsoft-Windows-Sysmon/Operational","C:\\Windows\\system32\\cmd.exe /c \""""C:\\Program Files\\SplunkUniversalForwarder\\bin\\splunk.exe\"""" _RAW_envvars","DESKTOP-PC01",,,1,10,"http://schemas.microsoft.com/win/2004/08/events/event",1872,3648,"C:\\Windows\\System32\\cmd.exe",0x8000000000000000,4,0,"\""""C:\\Program Files\\SplunkUniversalForwarder\\bin\\splunkd.exe\"""" service",,"{5770385f-c22a-43e0-bf4c-06f5698ffbd9}","Microsoft-Windows-Sysmon","S-1-5-18",,1,"2021-11-21T12:57:52.085343500Z","2021-11-21T12:57:52.085343500Z","2021-11-21 12:57:52.075",5,"""{""""_raw"""":""""<Event xmlns='http://schemas.microsoft.com/win/2004/08/events/event'><System><Provider Name='Microsoft-Windows-Sysmon' Guid='{5770385f-c22a-43e0-bf4c-06f5698ffbd9}'/><EventID>1</EventID><Version>5</Version><Level>4</Level><Task>1</Task><Opcode>0</Opcode><Keywords>0x8000000000000000</Keywords><TimeCreated SystemTime='2021-11-21T12:57:52.085343500Z'/><EventRecordID>10</EventRecordID><Correlation/><Execution ProcessID='1872' ThreadID='3648'/><Channel>Microsoft-Windows-Sysmon/Operational</Channel><Computer>DESKTOP-PC01</Computer><Security UserID='S-1-5-18'/></System><EventData><Data Name='RuleName'>-</Data><Data Name='UtcTime'>2021-11-21 12:57:52.075</Data><Data Name='ProcessGuid'>{10cf5a0f-4250-619a-b401-000000000700}</Data><Data Name='ProcessId'>3096</Data><Data Name='Image'>C:\\Windows\\System32\\cmd.exe</Data><Data Name='FileVersion'>10.0.18362.1 (WinBuild.160101.0800)</Data><Data Name='Description'>Windows Command Processor</Data><Data Name='Product'>Microsoft® Windows® Operating System</Data><Data Name='Company'>Microsoft Corporation</Data><Data Name='OriginalFileName'>Cmd.Exe</Data><Data Name='CommandLine'>C:\\Windows\\system32\\cmd.exe /c \""""C:\\Program Files\\SplunkUniversalForwarder\\bin\\splunk.exe\"""" _RAW_envvars</Data><Data Name='CurrentDirectory'>C:\\Windows\\system32\\</Data><Data Name='User'>NT AUTHORITY\\SYSTEM</Data><Data Name='LogonGuid'>{10cf5a0f-4043-619a-e703-000000000000}</Data><Data Name='LogonId'>0x3e7</Data><Data Name='TerminalSessionId'>0</Data><Data Name='IntegrityLevel'>System</Data><Data Name='Hashes'>MD5=9D59442313565C2E0860B88BF32B2277,SHA256=D0CEB18272966AB62B8EDFF100E9B4A6A3CB5DC0F2A32B2B18721FEA2D9C09A5,IMPHASH=272245E2988E1E430500B852C4FB5E18</Data><Data Name='ParentProcessGuid'>{10cf5a0f-424e-619a-b301-000000000700}</Data><Data Name='ParentProcessId'>5504</Data><Data Name='ParentImage'>C:\\Program Files\\SplunkUniversalForwarder\\bin\\splunkd.exe</Data><Data Name='ParentCommandLine'>\""""C:\\Program Files\\SplunkUniversalForwarder\\bin\\splunkd.exe\"""" service</Data><Data Name='ParentUser'>NT AUTHORITY\\SYSTEM</Data></EventData></Event>"""",""""source"""":""""XmlWinEventLog:Microsoft-Windows-Sysmon/Operational"""",""""host"""":{""""name"""":""""DESKTOP-PC01""""},""""sourcetype"""":""""XmlWinEventLog:Microsoft-Windows-Sysmon/Operational"""",""""index"""":""""default"""",""""cribl_pipe"""":""""passthru"""",""""@timestamp"""":""""2021-12-01T16:54:07.779Z""""}"",""DESKTOP-PC01"",""sysmon_events.json
XmlWinEventLog:Microsoft-Windows-Sysmon/Operational"",1,""2021-11-21 12:57:52.075"",""2021-12-01T16:54:07.779Z"",""2021-11-21T12:57:52.085343500Z"",,,,""C:\Windows\System32\cmd.exe"",""C:\Windows\system32\cmd.exe /c """"C:\Program Files\SplunkUniversalForwarder\bin\splunk.exe"""" _RAW_envvars"",""""""C:\Program Files\SplunkUniversalForwarder\bin\splunkd.exe"""" service"",","2024-03-16T14:09:30.000+00:00",,"sysmon_events.json
XmlWinEventLog:Microsoft-Windows-Sysmon/Operational","si-i-061ebfca0cf8b90c6.prd-p-s3zl2.splunkcloud.com",main,2,"""{"""""""":""""<_='://../////'><><_='--'_='{----}'/><></","{""_raw"":""<Event xmlns='http://schemas.microsoft.com/win/2004/08/events/event'><System><Provider Name='Microsoft-Windows-Sysmon' Guid='{5770385f-c22a-43e0-bf4c-06f5698ffbd9}'/><EventID>1</EventID><Version>5</Version><Level>4</Level><Task>1</Task><Opcode>0</Opcode><Keywords>0x8000000000000000</Keywords><TimeCreated SystemTime='2021-11-21T12:57:52.085343500Z'/><EventRecordID>10</EventRecordID><Correlation/><Execution ProcessID='1872' ThreadID='3648'/><Channel>Microsoft-Windows-Sysmon/Operational</Channel><Computer>DESKTOP-PC01</Computer><Security UserID='S-1-5-18'/></System><EventData><Data Name='RuleName'>-</Data><Data Name='UtcTime'>2021-11-21 12:57:52.075</Data><Data Name='ProcessGuid'>{10cf5a0f-4250-619a-b401-000000000700}</Data><Data Name='ProcessId'>3096</Data><Data Name='Image'>C:\\Windows\\System32\\cmd.exe</Data><Data Name='FileVersion'>10.0.18362.1 (WinBuild.160101.0800)</Data><Data Name='Description'>Windows Command Processor</Data><Data Name='Product'>Microsoft® Windows® Operating System</Data><Data Name='Company'>Microsoft Corporation</Data><Data Name='OriginalFileName'>Cmd.Exe</Data><Data Name='CommandLine'>C:\\Windows\\system32\\cmd.exe /c \""C:\\Program Files\\SplunkUniversalForwarder\\bin\\splunk.exe\"" _RAW_envvars</Data><Data Name='CurrentDirectory'>C:\\Windows\\system32\\</Data><Data Name='User'>NT AUTHORITY\\SYSTEM</Data><Data Name='LogonGuid'>{10cf5a0f-4043-619a-e703-000000000000}</Data><Data Name='LogonId'>0x3e7</Data><Data Name='TerminalSessionId'>0</Data><Data Name='IntegrityLevel'>System</Data><Data Name='Hashes'>MD5=9D59442313565C2E0860B88BF32B2277,SHA256=D0CEB18272966AB62B8EDFF100E9B4A6A3CB5DC0F2A32B2B18721FEA2D9C09A5,IMPHASH=272245E2988E1E430500B852C4FB5E18</Data><Data Name='ParentProcessGuid'>{10cf5a0f-424e-619a-b301-000000000700}</Data><Data Name='ParentProcessId'>5504</Data><Data Name='ParentImage'>C:\\Program Files\\SplunkUniversalForwarder\\bin\\splunkd.exe</Data><Data Name='ParentCommandLine'>\""C:\\Program Files\\SplunkUniversalForwarder\\bin\\splunkd.exe\"" service</Data><Data Name='ParentUser'>NT AUTHORITY\\SYSTEM</Data></EventData></Event>"",""source"":""XmlWinEventLog:Microsoft-Windows-Sysmon/Operational"",""host"":{""name"":""DESKTOP-PC01""},""sourcetype"":""XmlWinEventLog:Microsoft-Windows-Sysmon/Operational"",""index"":""default"",""cribl_pipe"":""passthru"",""@timestamp"":""2021-12-01T16:54:07.779Z""}","sysmon_events_summary_upload.csv",csv,"si-i-061ebfca0cf8b90c6.prd-p-s3zl2.splunkcloud.com",,"2021-12-01T16:54:07.779Z
none","<Event xmlns='http://schemas.microsoft.com/win/2004/08/events/event'><System><Provider Name='Microsoft-Windows-Sysmon' Guid='{5770385f-c22a-43e0-bf4c-06f5698ffbd9}'/><EventID>1</EventID><Version>5</Version><Level>4</Level><Task>1</Task><Opcode>0</Opcode><Keywords>0x8000000000000000</Keywords><TimeCreated SystemTime='2021-11-21T12:57:52.085343500Z'/><EventRecordID>10</EventRecordID><Correlation/><Execution ProcessID='1872' ThreadID='3648'/><Channel>Microsoft-Windows-Sysmon/Operational</Channel><Computer>DESKTOP-PC01</Computer><Security UserID='S-1-5-18'/></System><EventData><Data Name='RuleName'>-</Data><Data Name='UtcTime'>2021-11-21 12:57:52.075</Data><Data Name='ProcessGuid'>{10cf5a0f-4250-619a-b401-000000000700}</Data><Data Name='ProcessId'>3096</Data><Data Name='Image'>C:\\Windows\\System32\\cmd.exe</Data><Data Name='FileVersion'>10.0.18362.1 (WinBuild.160101.0800)</Data><Data Name='Description'>Windows Command Processor</Data><Data Name='Product'>Microsoft® Windows® Operating System</Data><Data Name='Company'>Microsoft Corporation</Data><Data Name='OriginalFileName'>Cmd.Exe</Data><Data Name='CommandLine'>C:\\Windows\\system32\\cmd.exe /c \""""C:\\Program Files\\SplunkUniversalForwarder\\bin\\splunk.exe\"""" _RAW_envvars</Data><Data Name='CurrentDirectory'>C:\\Windows\\system32\\</Data><Data Name='User'>NT AUTHORITY\\SYSTEM</Data><Data Name='LogonGuid'>{10cf5a0f-4043-619a-e703-000000000000}</Data><Data Name='LogonId'>0x3e7</Data><Data Name='TerminalSessionId'>0</Data><Data Name='IntegrityLevel'>System</Data><Data Name='Hashes'>MD5=9D59442313565C2E0860B88BF32B2277,SHA256=D0CEB18272966AB62B8EDFF100E9B4A6A3CB5DC0F2A32B2B18721FEA2D9C09A5,IMPHASH=272245E2988E1E430500B852C4FB5E18</Data><Data Name='ParentProcessGuid'>{10cf5a0f-424e-619a-b301-000000000700}</Data><Data Name='ParentProcessId'>5504</Data><Data Name='ParentImage'>C:\\Program Files\\SplunkUniversalForwarder\\bin\\splunkd.exe</Data><Data Name='ParentCommandLine'>\""""C:\\Program Files\\SplunkUniversalForwarder\\bin\\splunkd.exe\"""" service</Data><Data Name='ParentUser'>NT AUTHORITY\\SYSTEM</Data></EventData></Event>"
"Microsoft-Windows-Sysmon/Operational","\""""C:\\Program Files\\SplunkUniversalForwarder\\bin\\SplunkD.EXE\"""" btool server list watchdog --no-log","DESKTOP-PC01",,,1,25,"http://schemas.microsoft.com/win/2004/08/events/event",1872,3648,"C:\\Program Files\\SplunkUniversalForwarder\\bin\\splunkd.exe",0x8000000000000000,4,0,"btool  server list watchdog --no-log",,"{5770385f-c22a-43e0-bf4c-06f5698ffbd9}","Microsoft-Windows-Sysmon","S-1-5-18",,1,"2021-11-21T12:57:55.986906000Z","2021-11-21T12:57:55.986906000Z","2021-11-21 12:57:55.573",5,"""{""""_raw"""":""""<Event xmlns='http://schemas.microsoft.com/win/2004/08/events/event'><System><Provider Name='Microsoft-Windows-Sysmon' Guid='{5770385f-c22a-43e0-bf4c-06f5698ffbd9}'/><EventID>1</EventID><Version>5</Version><Level>4</Level><Task>1</Task><Opcode>0</Opcode><Keywords>0x8000000000000000</Keywords><TimeCreated SystemTime='2021-11-21T12:57:55.986906000Z'/><EventRecordID>25</EventRecordID><Correlation/><Execution ProcessID='1872' ThreadID='3648'/><Channel>Microsoft-Windows-Sysmon/Operational</Channel><Computer>DESKTOP-PC01</Computer><Security UserID='S-1-5-18'/></System><EventData><Data Name='RuleName'>-</Data><Data Name='UtcTime'>2021-11-21 12:57:55.573</Data><Data Name='ProcessGuid'>{10cf5a0f-4253-619a-c701-000000000700}</Data><Data Name='ProcessId'>3936</Data><Data Name='Image'>C:\\Program Files\\SplunkUniversalForwarder\\bin\\splunkd.exe</Data><Data Name='FileVersion'>8.2.3</Data><Data Name='Description'>splunkd service</Data><Data Name='Product'>splunk Application</Data><Data Name='Company'>Splunk Inc.</Data><Data Name='OriginalFileName'>splunkd.exe</Data><Data Name='CommandLine'>\""""C:\\Program Files\\SplunkUniversalForwarder\\bin\\SplunkD.EXE\"""" btool server list watchdog --no-log</Data><Data Name='CurrentDirectory'>C:\\Windows\\system32\\</Data><Data Name='User'>NT AUTHORITY\\SYSTEM</Data><Data Name='LogonGuid'>{10cf5a0f-4043-619a-e703-000000000000}</Data><Data Name='LogonId'>0x3e7</Data><Data Name='TerminalSessionId'>0</Data><Data Name='IntegrityLevel'>System</Data><Data Name='Hashes'>MD5=FC2CD610B2772612181F2D47B3CA9046,SHA256=DD5EFB7850EE35D6DCFA52920A4903CE9B1D8DE44BF15B3B89DFCB7D0425C9BA,IMPHASH=4ECC46994D80B28878D10B74C732EB89</Data><Data Name='ParentProcessGuid'>{10cf5a0f-4253-619a-c601-000000000700}</Data><Data Name='ParentProcessId'>5516</Data><Data Name='ParentImage'>C:\\Program Files\\SplunkUniversalForwarder\\bin\\btool.exe</Data><Data Name='ParentCommandLine'>btool  server list watchdog --no-log</Data><Data Name='ParentUser'>NT AUTHORITY\\SYSTEM</Data></EventData></Event>"""",""""source"""":""""XmlWinEventLog:Microsoft-Windows-Sysmon/Operational"""",""""host"""":{""""name"""":""""DESKTOP-PC01""""},""""sourcetype"""":""""XmlWinEventLog:Microsoft-Windows-Sysmon/Operational"""",""""index"""":""""default"""",""""cribl_pipe"""":""""passthru"""",""""@timestamp"""":""""2021-12-01T16:54:10.979Z""""}"",""DESKTOP-PC01"",""sysmon_events.json
XmlWinEventLog:Microsoft-Windows-Sysmon/Operational"",1,""2021-11-21 12:57:55.573"",""2021-12-01T16:54:10.979Z"",""2021-11-21T12:57:55.986906000Z"",,,,""C:\Program Files\SplunkUniversalForwarder\bin\splunkd.exe"",""""""C:\Program Files\SplunkUniversalForwarder\bin\SplunkD.EXE"""" btool server list watchdog --no-log"",""btool  server list watchdog --no-log"",","2024-03-16T14:09:30.000+00:00",,"sysmon_events.json
XmlWinEventLog:Microsoft-Windows-Sysmon/Operational","si-i-061ebfca0cf8b90c6.prd-p-s3zl2.splunkcloud.com",main,2,"""{"""""""":""""<_='://../////'><><_='--'_='{----}'/><></","{""_raw"":""<Event xmlns='http://schemas.microsoft.com/win/2004/08/events/event'><System><Provider Name='Microsoft-Windows-Sysmon' Guid='{5770385f-c22a-43e0-bf4c-06f5698ffbd9}'/><EventID>1</EventID><Version>5</Version><Level>4</Level><Task>1</Task><Opcode>0</Opcode><Keywords>0x8000000000000000</Keywords><TimeCreated SystemTime='2021-11-21T12:57:55.986906000Z'/><EventRecordID>25</EventRecordID><Correlation/><Execution ProcessID='1872' ThreadID='3648'/><Channel>Microsoft-Windows-Sysmon/Operational</Channel><Computer>DESKTOP-PC01</Computer><Security UserID='S-1-5-18'/></System><EventData><Data Name='RuleName'>-</Data><Data Name='UtcTime'>2021-11-21 12:57:55.573</Data><Data Name='ProcessGuid'>{10cf5a0f-4253-619a-c701-000000000700}</Data><Data Name='ProcessId'>3936</Data><Data Name='Image'>C:\\Program Files\\SplunkUniversalForwarder\\bin\\splunkd.exe</Data><Data Name='FileVersion'>8.2.3</Data><Data Name='Description'>splunkd service</Data><Data Name='Product'>splunk Application</Data><Data Name='Company'>Splunk Inc.</Data><Data Name='OriginalFileName'>splunkd.exe</Data><Data Name='CommandLine'>\""C:\\Program Files\\SplunkUniversalForwarder\\bin\\SplunkD.EXE\"" btool server list watchdog --no-log</Data><Data Name='CurrentDirectory'>C:\\Windows\\system32\\</Data><Data Name='User'>NT AUTHORITY\\SYSTEM</Data><Data Name='LogonGuid'>{10cf5a0f-4043-619a-e703-000000000000}</Data><Data Name='LogonId'>0x3e7</Data><Data Name='TerminalSessionId'>0</Data><Data Name='IntegrityLevel'>System</Data><Data Name='Hashes'>MD5=FC2CD610B2772612181F2D47B3CA9046,SHA256=DD5EFB7850EE35D6DCFA52920A4903CE9B1D8DE44BF15B3B89DFCB7D0425C9BA,IMPHASH=4ECC46994D80B28878D10B74C732EB89</Data><Data Name='ParentProcessGuid'>{10cf5a0f-4253-619a-c601-000000000700}</Data><Data Name='ParentProcessId'>5516</Data><Data Name='ParentImage'>C:\\Program Files\\SplunkUniversalForwarder\\bin\\btool.exe</Data><Data Name='ParentCommandLine'>btool  server list watchdog --no-log</Data><Data Name='ParentUser'>NT AUTHORITY\\SYSTEM</Data></EventData></Event>"",""source"":""XmlWinEventLog:Microsoft-Windows-Sysmon/Operational"",""host"":{""name"":""DESKTOP-PC01""},""sourcetype"":""XmlWinEventLog:Microsoft-Windows-Sysmon/Operational"",""index"":""default"",""cribl_pipe"":""passthru"",""@timestamp"":""2021-12-01T16:54:10.979Z""}","sysmon_events_summary_upload.csv",csv,"si-i-061ebfca0cf8b90c6.prd-p-s3zl2.splunkcloud.com",,"2021-12-01T16:54:10.979Z
none","<Event xmlns='http://schemas.microsoft.com/win/2004/08/events/event'><System><Provider Name='Microsoft-Windows-Sysmon' Guid='{5770385f-c22a-43e0-bf4c-06f5698ffbd9}'/><EventID>1</EventID><Version>5</Version><Level>4</Level><Task>1</Task><Opcode>0</Opcode><Keywords>0x8000000000000000</Keywords><TimeCreated SystemTime='2021-11-21T12:57:55.986906000Z'/><EventRecordID>25</EventRecordID><Correlation/><Execution ProcessID='1872' ThreadID='3648'/><Channel>Microsoft-Windows-Sysmon/Operational</Channel><Computer>DESKTOP-PC01</Computer><Security UserID='S-1-5-18'/></System><EventData><Data Name='RuleName'>-</Data><Data Name='UtcTime'>2021-11-21 12:57:55.573</Data><Data Name='ProcessGuid'>{10cf5a0f-4253-619a-c701-000000000700}</Data><Data Name='ProcessId'>3936</Data><Data Name='Image'>C:\\Program Files\\SplunkUniversalForwarder\\bin\\splunkd.exe</Data><Data Name='FileVersion'>8.2.3</Data><Data Name='Description'>splunkd service</Data><Data Name='Product'>splunk Application</Data><Data Name='Company'>Splunk Inc.</Data><Data Name='OriginalFileName'>splunkd.exe</Data><Data Name='CommandLine'>\""""C:\\Program Files\\SplunkUniversalForwarder\\bin\\SplunkD.EXE\"""" btool server list watchdog --no-log</Data><Data Name='CurrentDirectory'>C:\\Windows\\system32\\</Data><Data Name='User'>NT AUTHORITY\\SYSTEM</Data><Data Name='LogonGuid'>{10cf5a0f-4043-619a-e703-000000000000}</Data><Data Name='LogonId'>0x3e7</Data><Data Name='TerminalSessionId'>0</Data><Data Name='IntegrityLevel'>System</Data><Data Name='Hashes'>MD5=FC2CD610B2772612181F2D47B3CA9046,SHA256=DD5EFB7850EE35D6DCFA52920A4903CE9B1D8DE44BF15B3B89DFCB7D0425C9BA,IMPHASH=4ECC46994D80B28878D10B74C732EB89</Data><Data Name='ParentProcessGuid'>{10cf5a0f-4253-619a-c601-000000000700}</Data><Data Name='ParentProcessId'>5516</Data><Data Name='ParentImage'>C:\\Program Files\\SplunkUniversalForwarder\\bin\\btool.exe</Data><Data Name='ParentCommandLine'>btool  server list watchdog --no-log</Data><Data Name='ParentUser'>NT AUTHORITY\\SYSTEM</Data></EventData></Event>"
"Microsoft-Windows-Sysmon/Operational","btool  server list watchdog --no-log","DESKTOP-PC01",,,1,24,"http://schemas.microsoft.com/win/2004/08/events/event",1872,3648,"C:\\Program Files\\SplunkUniversalForwarder\\bin\\btool.exe",0x8000000000000000,4,0,"C:\\Windows\\system32\\cmd.exe /c btool server list watchdog --no-log",,"{5770385f-c22a-43e0-bf4c-06f5698ffbd9}","Microsoft-Windows-Sysmon","S-1-5-18",,1,"2021-11-21T12:57:55.565368500Z","2021-11-21T12:57:55.565368500Z","2021-11-21 12:57:55.562",5,"""{""""_raw"""":""""<Event xmlns='http://schemas.microsoft.com/win/2004/08/events/event'><System><Provider Name='Microsoft-Windows-Sysmon' Guid='{5770385f-c22a-43e0-bf4c-06f5698ffbd9}'/><EventID>1</EventID><Version>5</Version><Level>4</Level><Task>1</Task><Opcode>0</Opcode><Keywords>0x8000000000000000</Keywords><TimeCreated SystemTime='2021-11-21T12:57:55.565368500Z'/><EventRecordID>24</EventRecordID><Correlation/><Execution ProcessID='1872' ThreadID='3648'/><Channel>Microsoft-Windows-Sysmon/Operational</Channel><Computer>DESKTOP-PC01</Computer><Security UserID='S-1-5-18'/></System><EventData><Data Name='RuleName'>-</Data><Data Name='UtcTime'>2021-11-21 12:57:55.562</Data><Data Name='ProcessGuid'>{10cf5a0f-4253-619a-c601-000000000700}</Data><Data Name='ProcessId'>5516</Data><Data Name='Image'>C:\\Program Files\\SplunkUniversalForwarder\\bin\\btool.exe</Data><Data Name='FileVersion'>8.2.3</Data><Data Name='Description'>btool</Data><Data Name='Product'>splunk Application</Data><Data Name='Company'>Splunk Inc.</Data><Data Name='OriginalFileName'>btool.exe</Data><Data Name='CommandLine'>btool  server list watchdog --no-log</Data><Data Name='CurrentDirectory'>C:\\Windows\\system32\\</Data><Data Name='User'>NT AUTHORITY\\SYSTEM</Data><Data Name='LogonGuid'>{10cf5a0f-4043-619a-e703-000000000000}</Data><Data Name='LogonId'>0x3e7</Data><Data Name='TerminalSessionId'>0</Data><Data Name='IntegrityLevel'>System</Data><Data Name='Hashes'>MD5=72BEFED2DABDFB0B9D419619EE9DD3DB,SHA256=8E44DA6C02F52264503A58861FFF5A7611E63B9E0A0D2B83A4321E7B4DEC8D45,IMPHASH=D7E7C7FB1023AE6F5D81B244992E7451</Data><Data Name='ParentProcessGuid'>{10cf5a0f-4253-619a-c501-000000000700}</Data><Data Name='ParentProcessId'>4320</Data><Data Name='ParentImage'>C:\\Windows\\System32\\cmd.exe</Data><Data Name='ParentCommandLine'>C:\\Windows\\system32\\cmd.exe /c btool server list watchdog --no-log</Data><Data Name='ParentUser'>NT AUTHORITY\\SYSTEM</Data></EventData></Event>"""",""""source"""":""""XmlWinEventLog:Microsoft-Windows-Sysmon/Operational"""",""""host"""":{""""name"""":""""DESKTOP-PC01""""},""""sourcetype"""":""""XmlWinEventLog:Microsoft-Windows-Sysmon/Operational"""",""""index"""":""""default"""",""""cribl_pipe"""":""""passthru"""",""""@timestamp"""":""""2021-12-01T16:54:10.979Z""""}"",""DESKTOP-PC01"",""sysmon_events.json
XmlWinEventLog:Microsoft-Windows-Sysmon/Operational"",1,""2021-11-21 12:57:55.562"",""2021-12-01T16:54:10.979Z"",""2021-11-21T12:57:55.565368500Z"",,,,""C:\Program Files\SplunkUniversalForwarder\bin\btool.exe"",""btool  server list watchdog --no-log"",""C:\Windows\system32\cmd.exe /c btool server list watchdog --no-log"",","2024-03-16T14:09:30.000+00:00",,"sysmon_events.json
XmlWinEventLog:Microsoft-Windows-Sysmon/Operational","si-i-061ebfca0cf8b90c6.prd-p-s3zl2.splunkcloud.com",main,2,"""{"""""""":""""<_='://../////'><><_='--'_='{----}'/><></","{""_raw"":""<Event xmlns='http://schemas.microsoft.com/win/2004/08/events/event'><System><Provider Name='Microsoft-Windows-Sysmon' Guid='{5770385f-c22a-43e0-bf4c-06f5698ffbd9}'/><EventID>1</EventID><Version>5</Version><Level>4</Level><Task>1</Task><Opcode>0</Opcode><Keywords>0x8000000000000000</Keywords><TimeCreated SystemTime='2021-11-21T12:57:55.565368500Z'/><EventRecordID>24</EventRecordID><Correlation/><Execution ProcessID='1872' ThreadID='3648'/><Channel>Microsoft-Windows-Sysmon/Operational</Channel><Computer>DESKTOP-PC01</Computer><Security UserID='S-1-5-18'/></System><EventData><Data Name='RuleName'>-</Data><Data Name='UtcTime'>2021-11-21 12:57:55.562</Data><Data Name='ProcessGuid'>{10cf5a0f-4253-619a-c601-000000000700}</Data><Data Name='ProcessId'>5516</Data><Data Name='Image'>C:\\Program Files\\SplunkUniversalForwarder\\bin\\btool.exe</Data><Data Name='FileVersion'>8.2.3</Data><Data Name='Description'>btool</Data><Data Name='Product'>splunk Application</Data><Data Name='Company'>Splunk Inc.</Data><Data Name='OriginalFileName'>btool.exe</Data><Data Name='CommandLine'>btool  server list watchdog --no-log</Data><Data Name='CurrentDirectory'>C:\\Windows\\system32\\</Data><Data Name='User'>NT AUTHORITY\\SYSTEM</Data><Data Name='LogonGuid'>{10cf5a0f-4043-619a-e703-000000000000}</Data><Data Name='LogonId'>0x3e7</Data><Data Name='TerminalSessionId'>0</Data><Data Name='IntegrityLevel'>System</Data><Data Name='Hashes'>MD5=72BEFED2DABDFB0B9D419619EE9DD3DB,SHA256=8E44DA6C02F52264503A58861FFF5A7611E63B9E0A0D2B83A4321E7B4DEC8D45,IMPHASH=D7E7C7FB1023AE6F5D81B244992E7451</Data><Data Name='ParentProcessGuid'>{10cf5a0f-4253-619a-c501-000000000700}</Data><Data Name='ParentProcessId'>4320</Data><Data Name='ParentImage'>C:\\Windows\\System32\\cmd.exe</Data><Data Name='ParentCommandLine'>C:\\Windows\\system32\\cmd.exe /c btool server list watchdog --no-log</Data><Data Name='ParentUser'>NT AUTHORITY\\SYSTEM</Data></EventData></Event>"",""source"":""XmlWinEventLog:Microsoft-Windows-Sysmon/Operational"",""host"":{""name"":""DESKTOP-PC01""},""sourcetype"":""XmlWinEventLog:Microsoft-Windows-Sysmon/Operational"",""index"":""default"",""cribl_pipe"":""passthru"",""@timestamp"":""2021-12-01T16:54:10.979Z""}","sysmon_events_summary_upload.csv",csv,"si-i-061ebfca0cf8b90c6.prd-p-s3zl2.splunkcloud.com",,"2021-12-01T16:54:10.979Z
none","<Event xmlns='http://schemas.microsoft.com/win/2004/08/events/event'><System><Provider Name='Microsoft-Windows-Sysmon' Guid='{5770385f-c22a-43e0-bf4c-06f5698ffbd9}'/><EventID>1</EventID><Version>5</Version><Level>4</Level><Task>1</Task><Opcode>0</Opcode><Keywords>0x8000000000000000</Keywords><TimeCreated SystemTime='2021-11-21T12:57:55.565368500Z'/><EventRecordID>24</EventRecordID><Correlation/><Execution ProcessID='1872' ThreadID='3648'/><Channel>Microsoft-Windows-Sysmon/Operational</Channel><Computer>DESKTOP-PC01</Computer><Security UserID='S-1-5-18'/></System><EventData><Data Name='RuleName'>-</Data><Data Name='UtcTime'>2021-11-21 12:57:55.562</Data><Data Name='ProcessGuid'>{10cf5a0f-4253-619a-c601-000000000700}</Data><Data Name='ProcessId'>5516</Data><Data Name='Image'>C:\\Program Files\\SplunkUniversalForwarder\\bin\\btool.exe</Data><Data Name='FileVersion'>8.2.3</Data><Data Name='Description'>btool</Data><Data Name='Product'>splunk Application</Data><Data Name='Company'>Splunk Inc.</Data><Data Name='OriginalFileName'>btool.exe</Data><Data Name='CommandLine'>btool  server list watchdog --no-log</Data><Data Name='CurrentDirectory'>C:\\Windows\\system32\\</Data><Data Name='User'>NT AUTHORITY\\SYSTEM</Data><Data Name='LogonGuid'>{10cf5a0f-4043-619a-e703-000000000000}</Data><Data Name='LogonId'>0x3e7</Data><Data Name='TerminalSessionId'>0</Data><Data Name='IntegrityLevel'>System</Data><Data Name='Hashes'>MD5=72BEFED2DABDFB0B9D419619EE9DD3DB,SHA256=8E44DA6C02F52264503A58861FFF5A7611E63B9E0A0D2B83A4321E7B4DEC8D45,IMPHASH=D7E7C7FB1023AE6F5D81B244992E7451</Data><Data Name='ParentProcessGuid'>{10cf5a0f-4253-619a-c501-000000000700}</Data><Data Name='ParentProcessId'>4320</Data><Data Name='ParentImage'>C:\\Windows\\System32\\cmd.exe</Data><Data Name='ParentCommandLine'>C:\\Windows\\system32\\cmd.exe /c btool server list watchdog --no-log</Data><Data Name='ParentUser'>NT AUTHORITY\\SYSTEM</Data></EventData></Event>"
"Microsoft-Windows-Sysmon/Operational","C:\\Windows\\system32\\cmd.exe /c btool server list watchdog --no-log","DESKTOP-PC01",,,1,23,"http://schemas.microsoft.com/win/2004/08/events/event",1872,3648,"C:\\Windows\\System32\\cmd.exe",0x8000000000000000,4,0,"\""""C:\\Program Files\\SplunkUniversalForwarder\\bin\\splunk.exe\""""  _internal_extra_splunkd_service_args",,"{5770385f-c22a-43e0-bf4c-06f5698ffbd9}","Microsoft-Windows-Sysmon","S-1-5-18",,1,"2021-11-21T12:57:55.554684400Z","2021-11-21T12:57:55.554684400Z","2021-11-21 12:57:55.549",5,"""{""""_raw"""":""""<Event xmlns='http://schemas.microsoft.com/win/2004/08/events/event'><System><Provider Name='Microsoft-Windows-Sysmon' Guid='{5770385f-c22a-43e0-bf4c-06f5698ffbd9}'/><EventID>1</EventID><Version>5</Version><Level>4</Level><Task>1</Task><Opcode>0</Opcode><Keywords>0x8000000000000000</Keywords><TimeCreated SystemTime='2021-11-21T12:57:55.554684400Z'/><EventRecordID>23</EventRecordID><Correlation/><Execution ProcessID='1872' ThreadID='3648'/><Channel>Microsoft-Windows-Sysmon/Operational</Channel><Computer>DESKTOP-PC01</Computer><Security UserID='S-1-5-18'/></System><EventData><Data Name='RuleName'>-</Data><Data Name='UtcTime'>2021-11-21 12:57:55.549</Data><Data Name='ProcessGuid'>{10cf5a0f-4253-619a-c501-000000000700}</Data><Data Name='ProcessId'>4320</Data><Data Name='Image'>C:\\Windows\\System32\\cmd.exe</Data><Data Name='FileVersion'>10.0.18362.1 (WinBuild.160101.0800)</Data><Data Name='Description'>Windows Command Processor</Data><Data Name='Product'>Microsoft® Windows® Operating System</Data><Data Name='Company'>Microsoft Corporation</Data><Data Name='OriginalFileName'>Cmd.Exe</Data><Data Name='CommandLine'>C:\\Windows\\system32\\cmd.exe /c btool server list watchdog --no-log</Data><Data Name='CurrentDirectory'>C:\\Windows\\system32\\</Data><Data Name='User'>NT AUTHORITY\\SYSTEM</Data><Data Name='LogonGuid'>{10cf5a0f-4043-619a-e703-000000000000}</Data><Data Name='LogonId'>0x3e7</Data><Data Name='TerminalSessionId'>0</Data><Data Name='IntegrityLevel'>System</Data><Data Name='Hashes'>MD5=9D59442313565C2E0860B88BF32B2277,SHA256=D0CEB18272966AB62B8EDFF100E9B4A6A3CB5DC0F2A32B2B18721FEA2D9C09A5,IMPHASH=272245E2988E1E430500B852C4FB5E18</Data><Data Name='ParentProcessGuid'>{10cf5a0f-4250-619a-b901-000000000700}</Data><Data Name='ParentProcessId'>4308</Data><Data Name='ParentImage'>C:\\Program Files\\SplunkUniversalForwarder\\bin\\splunk.exe</Data><Data Name='ParentCommandLine'>\""""C:\\Program Files\\SplunkUniversalForwarder\\bin\\splunk.exe\""""  _internal_extra_splunkd_service_args</Data><Data Name='ParentUser'>NT AUTHORITY\\SYSTEM</Data></EventData></Event>"""",""""source"""":""""XmlWinEventLog:Microsoft-Windows-Sysmon/Operational"""",""""host"""":{""""name"""":""""DESKTOP-PC01""""},""""sourcetype"""":""""XmlWinEventLog:Microsoft-Windows-Sysmon/Operational"""",""""index"""":""""default"""",""""cribl_pipe"""":""""passthru"""",""""@timestamp"""":""""2021-12-01T16:54:10.979Z""""}"",""DESKTOP-PC01"",""sysmon_events.json
XmlWinEventLog:Microsoft-Windows-Sysmon/Operational"",1,""2021-11-21 12:57:55.549"",""2021-12-01T16:54:10.979Z"",""2021-11-21T12:57:55.554684400Z"",,,,""C:\Windows\System32\cmd.exe"",""C:\Windows\system32\cmd.exe /c btool server list watchdog --no-log"",""""""C:\Program Files\SplunkUniversalForwarder\bin\splunk.exe""""  _internal_extra_splunkd_service_args"",","2024-03-16T14:09:30.000+00:00",,"sysmon_events.json
XmlWinEventLog:Microsoft-Windows-Sysmon/Operational","si-i-061ebfca0cf8b90c6.prd-p-s3zl2.splunkcloud.com",main,2,"""{"""""""":""""<_='://../////'><><_='--'_='{----}'/><></","{""_raw"":""<Event xmlns='http://schemas.microsoft.com/win/2004/08/events/event'><System><Provider Name='Microsoft-Windows-Sysmon' Guid='{5770385f-c22a-43e0-bf4c-06f5698ffbd9}'/><EventID>1</EventID><Version>5</Version><Level>4</Level><Task>1</Task><Opcode>0</Opcode><Keywords>0x8000000000000000</Keywords><TimeCreated SystemTime='2021-11-21T12:57:55.554684400Z'/><EventRecordID>23</EventRecordID><Correlation/><Execution ProcessID='1872' ThreadID='3648'/><Channel>Microsoft-Windows-Sysmon/Operational</Channel><Computer>DESKTOP-PC01</Computer><Security UserID='S-1-5-18'/></System><EventData><Data Name='RuleName'>-</Data><Data Name='UtcTime'>2021-11-21 12:57:55.549</Data><Data Name='ProcessGuid'>{10cf5a0f-4253-619a-c501-000000000700}</Data><Data Name='ProcessId'>4320</Data><Data Name='Image'>C:\\Windows\\System32\\cmd.exe</Data><Data Name='FileVersion'>10.0.18362.1 (WinBuild.160101.0800)</Data><Data Name='Description'>Windows Command Processor</Data><Data Name='Product'>Microsoft® Windows® Operating System</Data><Data Name='Company'>Microsoft Corporation</Data><Data Name='OriginalFileName'>Cmd.Exe</Data><Data Name='CommandLine'>C:\\Windows\\system32\\cmd.exe /c btool server list watchdog --no-log</Data><Data Name='CurrentDirectory'>C:\\Windows\\system32\\</Data><Data Name='User'>NT AUTHORITY\\SYSTEM</Data><Data Name='LogonGuid'>{10cf5a0f-4043-619a-e703-000000000000}</Data><Data Name='LogonId'>0x3e7</Data><Data Name='TerminalSessionId'>0</Data><Data Name='IntegrityLevel'>System</Data><Data Name='Hashes'>MD5=9D59442313565C2E0860B88BF32B2277,SHA256=D0CEB18272966AB62B8EDFF100E9B4A6A3CB5DC0F2A32B2B18721FEA2D9C09A5,IMPHASH=272245E2988E1E430500B852C4FB5E18</Data><Data Name='ParentProcessGuid'>{10cf5a0f-4250-619a-b901-000000000700}</Data><Data Name='ParentProcessId'>4308</Data><Data Name='ParentImage'>C:\\Program Files\\SplunkUniversalForwarder\\bin\\splunk.exe</Data><Data Name='ParentCommandLine'>\""C:\\Program Files\\SplunkUniversalForwarder\\bin\\splunk.exe\""  _internal_extra_splunkd_service_args</Data><Data Name='ParentUser'>NT AUTHORITY\\SYSTEM</Data></EventData></Event>"",""source"":""XmlWinEventLog:Microsoft-Windows-Sysmon/Operational"",""host"":{""name"":""DESKTOP-PC01""},""sourcetype"":""XmlWinEventLog:Microsoft-Windows-Sysmon/Operational"",""index"":""default"",""cribl_pipe"":""passthru"",""@timestamp"":""2021-12-01T16:54:10.979Z""}","sysmon_events_summary_upload.csv",csv,"si-i-061ebfca0cf8b90c6.prd-p-s3zl2.splunkcloud.com",,"2021-12-01T16:54:10.979Z
none","<Event xmlns='http://schemas.microsoft.com/win/2004/08/events/event'><System><Provider Name='Microsoft-Windows-Sysmon' Guid='{5770385f-c22a-43e0-bf4c-06f5698ffbd9}'/><EventID>1</EventID><Version>5</Version><Level>4</Level><Task>1</Task><Opcode>0</Opcode><Keywords>0x8000000000000000</Keywords><TimeCreated SystemTime='2021-11-21T12:57:55.554684400Z'/><EventRecordID>23</EventRecordID><Correlation/><Execution ProcessID='1872' ThreadID='3648'/><Channel>Microsoft-Windows-Sysmon/Operational</Channel><Computer>DESKTOP-PC01</Computer><Security UserID='S-1-5-18'/></System><EventData><Data Name='RuleName'>-</Data><Data Name='UtcTime'>2021-11-21 12:57:55.549</Data><Data Name='ProcessGuid'>{10cf5a0f-4253-619a-c501-000000000700}</Data><Data Name='ProcessId'>4320</Data><Data Name='Image'>C:\\Windows\\System32\\cmd.exe</Data><Data Name='FileVersion'>10.0.18362.1 (WinBuild.160101.0800)</Data><Data Name='Description'>Windows Command Processor</Data><Data Name='Product'>Microsoft® Windows® Operating System</Data><Data Name='Company'>Microsoft Corporation</Data><Data Name='OriginalFileName'>Cmd.Exe</Data><Data Name='CommandLine'>C:\\Windows\\system32\\cmd.exe /c btool server list watchdog --no-log</Data><Data Name='CurrentDirectory'>C:\\Windows\\system32\\</Data><Data Name='User'>NT AUTHORITY\\SYSTEM</Data><Data Name='LogonGuid'>{10cf5a0f-4043-619a-e703-000000000000}</Data><Data Name='LogonId'>0x3e7</Data><Data Name='TerminalSessionId'>0</Data><Data Name='IntegrityLevel'>System</Data><Data Name='Hashes'>MD5=9D59442313565C2E0860B88BF32B2277,SHA256=D0CEB18272966AB62B8EDFF100E9B4A6A3CB5DC0F2A32B2B18721FEA2D9C09A5,IMPHASH=272245E2988E1E430500B852C4FB5E18</Data><Data Name='ParentProcessGuid'>{10cf5a0f-4250-619a-b901-000000000700}</Data><Data Name='ParentProcessId'>4308</Data><Data Name='ParentImage'>C:\\Program Files\\SplunkUniversalForwarder\\bin\\splunk.exe</Data><Data Name='ParentCommandLine'>\""""C:\\Program Files\\SplunkUniversalForwarder\\bin\\splunk.exe\""""  _internal_extra_splunkd_service_args</Data><Data Name='ParentUser'>NT AUTHORITY\\SYSTEM</Data></EventData></Event>"
