"source"""":""""XmlWinEventLog:Microsoft-Windows-Sysmon/Operational"""",""""host"""":{""""name"""":""""DESKTOP-PC01""""},""""sourcetype"""":""""XmlWinEventLog:Microsoft-Windows-Sysmon/Operational"""",""""index"""":""""default"""",""""cribl_pipe"""":""""passthru"""",""""@timestamp"""":""""2021-12-01T16:55:37.579Z""""}"",""DESKTOP-PC01"",""sysmon_events.json
XmlWinEventLog:Microsoft-Windows-Sysmon/Operational"",11,""2021-11-21 13:02:28.475"",""2021-12-01T16:55:37.579Z"",""2021-11-21T13:02:28.484734300Z"",,,,""C:\Program Files\Microsoft Office\Office14\WINWORD.EXE"",,,""C:\Users\pc01-user\AppData\Roaming\www.ps1""","2024-03-16T14:09:30.000+00:00",,"sysmon_events.json
XmlWinEventLog:Microsoft-Windows-Sysmon/Operational","si-i-061ebfca0cf8b90c6.prd-p-s3zl2.splunkcloud.com",main,2,"""{"""""""":""""<_='://../////'><><_='--'_='{----}'/><></","{""_raw"":""<Event xmlns='http://schemas.microsoft.com/win/2004/08/events/event'><System><Provider Name='Microsoft-Windows-Sysmon' Guid='{5770385f-c22a-43e0-bf4c-06f5698ffbd9}'/><EventID>11</EventID><Version>2</Version><Level>4</Level><Task>11</Task><Opcode>0</Opcode><Keywords>0x8000000000000000</Keywords><TimeCreated SystemTime='2021-11-21T13:02:28.484734300Z'/><EventRecordID>301</EventRecordID><Correlation/><Execution ProcessID='1872' ThreadID='3648'/><Channel>Microsoft-Windows-Sysmon/Operational</Channel><Computer>DESKTOP-PC01</Computer><Security UserID='S-1-5-18'/></System><EventData><Data Name='RuleName'>-</Data><Data Name='UtcTime'>2021-11-21 13:02:28.475</Data><Data Name='ProcessGuid'>{10cf5a0f-4359-619a-1402-000000000700}</Data><Data Name='ProcessId'>5756</Data><Data Name='Image'>C:\\Program Files\\Microsoft Office\\Office14\\WINWORD.EXE</Data><Data Name='TargetFilename'>C:\\Users\\pc01-user\\AppData\\Roaming\\www.ps1</Data><Data Name='CreationUtcTime'>2021-11-21 13:02:28.475</Data><Data Name='User'>DESKTOP-PC01\\pc01-user</Data></EventData></Event>"",""source"":""XmlWinEventLog:Microsoft-Windows-Sysmon/Operational"",""host"":{""name"":""DESKTOP-PC01""},""sourcetype"":""XmlWinEventLog:Microsoft-Windows-Sysmon/Operational"",""index"":""default"",""cribl_pipe"":""passthru"",""@timestamp"":""2021-12-01T16:55:37.579Z""}","sysmon_events_summary_upload.csv",csv,"si-i-061ebfca0cf8b90c6.prd-p-s3zl2.splunkcloud.com",,"2021-12-01T16:55:37.579Z
none","<Event xmlns='http://schemas.microsoft.com/win/2004/08/events/event'><System><Provider Name='Microsoft-Windows-Sysmon' Guid='{5770385f-c22a-43e0-bf4c-06f5698ffbd9}'/><EventID>11</EventID><Version>2</Version><Level>4</Level><Task>11</Task><Opcode>0</Opcode><Keywords>0x8000000000000000</Keywords><TimeCreated SystemTime='2021-11-21T13:02:28.484734300Z'/><EventRecordID>301</EventRecordID><Correlation/><Execution ProcessID='1872' ThreadID='3648'/><Channel>Microsoft-Windows-Sysmon/Operational</Channel><Computer>DESKTOP-PC01</Computer><Security UserID='S-1-5-18'/></System><EventData><Data Name='RuleName'>-</Data><Data Name='UtcTime'>2021-11-21 13:02:28.475</Data><Data Name='ProcessGuid'>{10cf5a0f-4359-619a-1402-000000000700}</Data><Data Name='ProcessId'>5756</Data><Data Name='Image'>C:\\Program Files\\Microsoft Office\\Office14\\WINWORD.EXE</Data><Data Name='TargetFilename'>C:\\Users\\pc01-user\\AppData\\Roaming\\www.ps1</Data><Data Name='CreationUtcTime'>2021-11-21 13:02:28.475</Data><Data Name='User'>DESKTOP-PC01\\pc01-user</Data></EventData></Event>"
"Microsoft-Windows-Sysmon/Operational",,"DESKTOP-PC01",,,13,300,"http://schemas.microsoft.com/win/2004/08/events/event",1872,3648,"C:\\Program Files\\Microsoft Office\\Office14\\WINWORD.EXE",0x8000000000000000,4,0,,,"{5770385f-c22a-43e0-bf4c-06f5698ffbd9}","Microsoft-Windows-Sysmon","S-1-5-18",,13,"2021-11-21T13:02:25.194072300Z","2021-11-21T13:02:25.194072300Z","2021-11-21 13:02:25.188",2,"""{""""_raw"""":""""<Event xmlns='http://schemas.microsoft.com/win/2004/08/events/event'><System><Provider Name='Microsoft-Windows-Sysmon' Guid='{5770385f-c22a-43e0-bf4c-06f5698ffbd9}'/><EventID>13</EventID><Version>2</Version><Level>4</Level><Task>13</Task><Opcode>0</Opcode><Keywords>0x8000000000000000</Keywords><TimeCreated SystemTime='2021-11-21T13:02:25.194072300Z'/><EventRecordID>300</EventRecordID><Correlation/><Execution ProcessID='1872' ThreadID='3648'/><Channel>Microsoft-Windows-Sysmon/Operational</Channel><Computer>DESKTOP-PC01</Computer><Security UserID='S-1-5-18'/></System><EventData><Data Name='RuleName'>Context,ProtectedModeExitOrMacrosUsed</Data><Data Name='EventType'>SetValue</Data><Data Name='UtcTime'>2021-11-21 13:02:25.188</Data><Data Name='ProcessGuid'>{10cf5a0f-4359-619a-1402-000000000700}</Data><Data Name='ProcessId'>5756</Data><Data Name='Image'>C:\\Program Files\\Microsoft Office\\Office14\\WINWORD.EXE</Data><Data Name='TargetObject'>HKU\\S-1-5-21-789985733-1868513186-3804096106-1000\\Software\\Microsoft\\Office\\14.0\\Word\\Security\\Trusted Documents\\TrustRecords\\%USERPROFILE%/Downloads/critical_list.doc</Data><Data Name='Details'>Binary Data</Data><Data Name='User'>DESKTOP-PC01\\pc01-user</Data></EventData></Event>"""",""""source"""":""""XmlWinEventLog:Microsoft-Windows-Sysmon/Operational"""",""""host"""":{""""name"""":""""DESKTOP-PC01""""},""""sourcetype"""":""""XmlWinEventLog:Microsoft-Windows-Sysmon/Operational"""",""""index"""":""""default"""",""""cribl_pipe"""":""""passthru"""",""""@timestamp"""":""""2021-12-01T16:55:37.579Z""""}"",""DESKTOP-PC01"",""sysmon_events.json
XmlWinEventLog:Microsoft-Windows-Sysmon/Operational"",13,""2021-11-21 13:02:25.188"",""2021-12-01T16:55:37.579Z"",""2021-11-21T13:02:25.194072300Z"",,,,""C:\Program Files\Microsoft Office\Office14\WINWORD.EXE"",,,","2024-03-16T14:09:30.000+00:00",,"sysmon_events.json
XmlWinEventLog:Microsoft-Windows-Sysmon/Operational","si-i-061ebfca0cf8b90c6.prd-p-s3zl2.splunkcloud.com",main,2,"""{"""""""":""""<_='://../////'><><_='--'_='{----}'/><></","{""_raw"":""<Event xmlns='http://schemas.microsoft.com/win/2004/08/events/event'><System><Provider Name='Microsoft-Windows-Sysmon' Guid='{5770385f-c22a-43e0-bf4c-06f5698ffbd9}'/><EventID>13</EventID><Version>2</Version><Level>4</Level><Task>13</Task><Opcode>0</Opcode><Keywords>0x8000000000000000</Keywords><TimeCreated SystemTime='2021-11-21T13:02:25.194072300Z'/><EventRecordID>300</EventRecordID><Correlation/><Execution ProcessID='1872' ThreadID='3648'/><Channel>Microsoft-Windows-Sysmon/Operational</Channel><Computer>DESKTOP-PC01</Computer><Security UserID='S-1-5-18'/></System><EventData><Data Name='RuleName'>Context,ProtectedModeExitOrMacrosUsed</Data><Data Name='EventType'>SetValue</Data><Data Name='UtcTime'>2021-11-21 13:02:25.188</Data><Data Name='ProcessGuid'>{10cf5a0f-4359-619a-1402-000000000700}</Data><Data Name='ProcessId'>5756</Data><Data Name='Image'>C:\\Program Files\\Microsoft Office\\Office14\\WINWORD.EXE</Data><Data Name='TargetObject'>HKU\\S-1-5-21-789985733-1868513186-3804096106-1000\\Software\\Microsoft\\Office\\14.0\\Word\\Security\\Trusted Documents\\TrustRecords\\%USERPROFILE%/Downloads/critical_list.doc</Data><Data Name='Details'>Binary Data</Data><Data Name='User'>DESKTOP-PC01\\pc01-user</Data></EventData></Event>"",""source"":""XmlWinEventLog:Microsoft-Windows-Sysmon/Operational"",""host"":{""name"":""DESKTOP-PC01""},""sourcetype"":""XmlWinEventLog:Microsoft-Windows-Sysmon/Operational"",""index"":""default"",""cribl_pipe"":""passthru"",""@timestamp"":""2021-12-01T16:55:37.579Z""}","sysmon_events_summary_upload.csv",csv,"si-i-061ebfca0cf8b90c6.prd-p-s3zl2.splunkcloud.com",,"2021-12-01T16:55:37.579Z
none","<Event xmlns='http://schemas.microsoft.com/win/2004/08/events/event'><System><Provider Name='Microsoft-Windows-Sysmon' Guid='{5770385f-c22a-43e0-bf4c-06f5698ffbd9}'/><EventID>13</EventID><Version>2</Version><Level>4</Level><Task>13</Task><Opcode>0</Opcode><Keywords>0x8000000000000000</Keywords><TimeCreated SystemTime='2021-11-21T13:02:25.194072300Z'/><EventRecordID>300</EventRecordID><Correlation/><Execution ProcessID='1872' ThreadID='3648'/><Channel>Microsoft-Windows-Sysmon/Operational</Channel><Computer>DESKTOP-PC01</Computer><Security UserID='S-1-5-18'/></System><EventData><Data Name='RuleName'>Context,ProtectedModeExitOrMacrosUsed</Data><Data Name='EventType'>SetValue</Data><Data Name='UtcTime'>2021-11-21 13:02:25.188</Data><Data Name='ProcessGuid'>{10cf5a0f-4359-619a-1402-000000000700}</Data><Data Name='ProcessId'>5756</Data><Data Name='Image'>C:\\Program Files\\Microsoft Office\\Office14\\WINWORD.EXE</Data><Data Name='TargetObject'>HKU\\S-1-5-21-789985733-1868513186-3804096106-1000\\Software\\Microsoft\\Office\\14.0\\Word\\Security\\Trusted Documents\\TrustRecords\\%USERPROFILE%/Downloads/critical_list.doc</Data><Data Name='Details'>Binary Data</Data><Data Name='User'>DESKTOP-PC01\\pc01-user</Data></EventData></Event>"
"Microsoft-Windows-Sysmon/Operational",,"DESKTOP-PC01","52.109.32.63",80,3,299,"http://schemas.microsoft.com/win/2004/08/events/event",1872,436,"C:\\Program Files\\Microsoft Office\\Office14\\WINWORD.EXE",0x8000000000000000,4,0,,tcp,"{5770385f-c22a-43e0-bf4c-06f5698ffbd9}","Microsoft-Windows-Sysmon","S-1-5-18",,3,"2021-11-21T13:02:23.386863700Z","2021-11-21T13:02:23.386863700Z","2021-11-21 13:02:21.853",5,"""{""""_raw"""":""""<Event xmlns='http://schemas.microsoft.com/win/2004/08/events/event'><System><Provider Name='Microsoft-Windows-Sysmon' Guid='{5770385f-c22a-43e0-bf4c-06f5698ffbd9}'/><EventID>3</EventID><Version>5</Version><Level>4</Level><Task>3</Task><Opcode>0</Opcode><Keywords>0x8000000000000000</Keywords><TimeCreated SystemTime='2021-11-21T13:02:23.386863700Z'/><EventRecordID>299</EventRecordID><Correlation/><Execution ProcessID='1872' ThreadID='436'/><Channel>Microsoft-Windows-Sysmon/Operational</Channel><Computer>DESKTOP-PC01</Computer><Security UserID='S-1-5-18'/></System><EventData><Data Name='RuleName'>-</Data><Data Name='UtcTime'>2021-11-21 13:02:21.853</Data><Data Name='ProcessGuid'>{10cf5a0f-4359-619a-1402-000000000700}</Data><Data Name='ProcessId'>5756</Data><Data Name='Image'>C:\\Program Files\\Microsoft Office\\Office14\\WINWORD.EXE</Data><Data Name='User'>DESKTOP-PC01\\pc01-user</Data><Data Name='Protocol'>tcp</Data><Data Name='Initiated'>true</Data><Data Name='SourceIsIpv6'>false</Data><Data Name='SourceIp'>192.168.155.135</Data><Data Name='SourceHostname'>DESKTOP-PC01.localdomain</Data><Data Name='SourcePort'>50189</Data><Data Name='SourcePortName'>-</Data><Data Name='DestinationIsIpv6'>false</Data><Data Name='DestinationIp'>52.109.32.63</Data><Data Name='DestinationHostname'>-</Data><Data Name='DestinationPort'>80</Data><Data Name='DestinationPortName'>http</Data></EventData></Event>"""",""""source"""":""""XmlWinEventLog:Microsoft-Windows-Sysmon/Operational"""",""""host"""":{""""name"""":""""DESKTOP-PC01""""},""""sourcetype"""":""""XmlWinEventLog:Microsoft-Windows-Sysmon/Operational"""",""""index"""":""""default"""",""""cribl_pipe"""":""""passthru"""",""""@timestamp"""":""""2021-12-01T16:55:37.579Z""""}"",""DESKTOP-PC01"",""sysmon_events.json
XmlWinEventLog:Microsoft-Windows-Sysmon/Operational"",3,""2021-11-21 13:02:21.853"",""2021-12-01T16:55:37.579Z"",""2021-11-21T13:02:23.386863700Z"",""52.109.32.63"",tcp,80,""C:\Program Files\Microsoft Office\Office14\WINWORD.EXE"",,,","2024-03-16T14:09:30.000+00:00",,"sysmon_events.json
XmlWinEventLog:Microsoft-Windows-Sysmon/Operational","si-i-061ebfca0cf8b90c6.prd-p-s3zl2.splunkcloud.com",main,2,"""{"""""""":""""<_='://../////'><><_='--'_='{----}'/><></","{""_raw"":""<Event xmlns='http://schemas.microsoft.com/win/2004/08/events/event'><System><Provider Name='Microsoft-Windows-Sysmon' Guid='{5770385f-c22a-43e0-bf4c-06f5698ffbd9}'/><EventID>3</EventID><Version>5</Version><Level>4</Level><Task>3</Task><Opcode>0</Opcode><Keywords>0x8000000000000000</Keywords><TimeCreated SystemTime='2021-11-21T13:02:23.386863700Z'/><EventRecordID>299</EventRecordID><Correlation/><Execution ProcessID='1872' ThreadID='436'/><Channel>Microsoft-Windows-Sysmon/Operational</Channel><Computer>DESKTOP-PC01</Computer><Security UserID='S-1-5-18'/></System><EventData><Data Name='RuleName'>-</Data><Data Name='UtcTime'>2021-11-21 13:02:21.853</Data><Data Name='ProcessGuid'>{10cf5a0f-4359-619a-1402-000000000700}</Data><Data Name='ProcessId'>5756</Data><Data Name='Image'>C:\\Program Files\\Microsoft Office\\Office14\\WINWORD.EXE</Data><Data Name='User'>DESKTOP-PC01\\pc01-user</Data><Data Name='Protocol'>tcp</Data><Data Name='Initiated'>true</Data><Data Name='SourceIsIpv6'>false</Data><Data Name='SourceIp'>192.168.155.135</Data><Data Name='SourceHostname'>DESKTOP-PC01.localdomain</Data><Data Name='SourcePort'>50189</Data><Data Name='SourcePortName'>-</Data><Data Name='DestinationIsIpv6'>false</Data><Data Name='DestinationIp'>52.109.32.63</Data><Data Name='DestinationHostname'>-</Data><Data Name='DestinationPort'>80</Data><Data Name='DestinationPortName'>http</Data></EventData></Event>"",""source"":""XmlWinEventLog:Microsoft-Windows-Sysmon/Operational"",""host"":{""name"":""DESKTOP-PC01""},""sourcetype"":""XmlWinEventLog:Microsoft-Windows-Sysmon/Operational"",""index"":""default"",""cribl_pipe"":""passthru"",""@timestamp"":""2021-12-01T16:55:37.579Z""}","sysmon_events_summary_upload.csv",csv,"si-i-061ebfca0cf8b90c6.prd-p-s3zl2.splunkcloud.com",,"2021-12-01T16:55:37.579Z
none","<Event xmlns='http://schemas.microsoft.com/win/2004/08/events/event'><System><Provider Name='Microsoft-Windows-Sysmon' Guid='{5770385f-c22a-43e0-bf4c-06f5698ffbd9}'/><EventID>3</EventID><Version>5</Version><Level>4</Level><Task>3</Task><Opcode>0</Opcode><Keywords>0x8000000000000000</Keywords><TimeCreated SystemTime='2021-11-21T13:02:23.386863700Z'/><EventRecordID>299</EventRecordID><Correlation/><Execution ProcessID='1872' ThreadID='436'/><Channel>Microsoft-Windows-Sysmon/Operational</Channel><Computer>DESKTOP-PC01</Computer><Security UserID='S-1-5-18'/></System><EventData><Data Name='RuleName'>-</Data><Data Name='UtcTime'>2021-11-21 13:02:21.853</Data><Data Name='ProcessGuid'>{10cf5a0f-4359-619a-1402-000000000700}</Data><Data Name='ProcessId'>5756</Data><Data Name='Image'>C:\\Program Files\\Microsoft Office\\Office14\\WINWORD.EXE</Data><Data Name='User'>DESKTOP-PC01\\pc01-user</Data><Data Name='Protocol'>tcp</Data><Data Name='Initiated'>true</Data><Data Name='SourceIsIpv6'>false</Data><Data Name='SourceIp'>192.168.155.135</Data><Data Name='SourceHostname'>DESKTOP-PC01.localdomain</Data><Data Name='SourcePort'>50189</Data><Data Name='SourcePortName'>-</Data><Data Name='DestinationIsIpv6'>false</Data><Data Name='DestinationIp'>52.109.32.63</Data><Data Name='DestinationHostname'>-</Data><Data Name='DestinationPort'>80</Data><Data Name='DestinationPortName'>http</Data></EventData></Event>"
"Microsoft-Windows-Sysmon/Operational",,"DESKTOP-PC01",,,15,298,"http://schemas.microsoft.com/win/2004/08/events/event",1872,3648,"C:\\Program Files\\Microsoft Office\\Office14\\WINWORD.EXE",0x8000000000000000,4,0,,,"{5770385f-c22a-43e0-bf4c-06f5698ffbd9}","Microsoft-Windows-Sysmon","S-1-5-18","C:\\Users\\pc01-user\\AppData\\Local\\Temp\\OICE_0C8CD093-4AB4-438B-86F0-63F0C348DEAC.0\\C17018D9.doc",15,"2021-11-21T13:02:20.340644900Z","2021-11-21T13:02:20.340644900Z","2021-11-21 13:02:20.336",2,"""{""""_raw"""":""""<Event xmlns='http://schemas.microsoft.com/win/2004/08/events/event'><System><Provider Name='Microsoft-Windows-Sysmon' Guid='{5770385f-c22a-43e0-bf4c-06f5698ffbd9}'/><EventID>15</EventID><Version>2</Version><Level>4</Level><Task>15</Task><Opcode>0</Opcode><Keywords>0x8000000000000000</Keywords><TimeCreated SystemTime='2021-11-21T13:02:20.340644900Z'/><EventRecordID>298</EventRecordID><Correlation/><Execution ProcessID='1872' ThreadID='3648'/><Channel>Microsoft-Windows-Sysmon/Operational</Channel><Computer>DESKTOP-PC01</Computer><Security UserID='S-1-5-18'/></System><EventData><Data Name='RuleName'>-</Data><Data Name='UtcTime'>2021-11-21 13:02:20.336</Data><Data Name='ProcessGuid'>{10cf5a0f-4359-619a-1402-000000000700}</Data><Data Name='ProcessId'>5756</Data><Data Name='Image'>C:\\Program Files\\Microsoft Office\\Office14\\WINWORD.EXE</Data><Data Name='TargetFilename'>C:\\Users\\pc01-user\\AppData\\Local\\Temp\\OICE_0C8CD093-4AB4-438B-86F0-63F0C348DEAC.0\\C17018D9.doc</Data><Data Name='CreationUtcTime'>2021-11-21 13:02:20.324</Data><Data Name='Hash'>MD5=51EE7E3C50EEB6A8B26DBB6DB3832719,SHA256=7E7C6927ABA4B67F3C82B8D0F5C05E1EB0DC0D95D030D106981D7B823D9399EF,IMPHASH=00000000000000000000000000000000</Data><Data Name='Contents'>-</Data><Data Name='User'>DESKTOP-PC01\\pc01-user</Data></EventData></Event>"""",""""source"""":""""XmlWinEventLog:Microsoft-Windows-Sysmon/Operational"""",""""host"""":{""""name"""":""""DESKTOP-PC01""""},""""sourcetype"""":""""XmlWinEventLog:Microsoft-Windows-Sysmon/Operational"""",""""index"""":""""default"""",""""cribl_pipe"""":""""passthru"""",""""@timestamp"""":""""2021-12-01T16:55:37.579Z""""}"",""DESKTOP-PC01"",""sysmon_events.json
XmlWinEventLog:Microsoft-Windows-Sysmon/Operational"",15,""2021-11-21 13:02:20.336"",""2021-12-01T16:55:37.579Z"",""2021-11-21T13:02:20.340644900Z"",,,,""C:\Program Files\Microsoft Office\Office14\WINWORD.EXE"",,,""C:\Users\pc01-user\AppData\Local\Temp\OICE_0C8CD093-4AB4-438B-86F0-63F0C348DEAC.0\C17018D9.doc""","2024-03-16T14:09:30.000+00:00",,"sysmon_events.json
XmlWinEventLog:Microsoft-Windows-Sysmon/Operational","si-i-061ebfca0cf8b90c6.prd-p-s3zl2.splunkcloud.com",main,2,"""{"""""""":""""<_='://../////'><><_='--'_='{----}'/><></","{""_raw"":""<Event xmlns='http://schemas.microsoft.com/win/2004/08/events/event'><System><Provider Name='Microsoft-Windows-Sysmon' Guid='{5770385f-c22a-43e0-bf4c-06f5698ffbd9}'/><EventID>15</EventID><Version>2</Version><Level>4</Level><Task>15</Task><Opcode>0</Opcode><Keywords>0x8000000000000000</Keywords><TimeCreated SystemTime='2021-11-21T13:02:20.340644900Z'/><EventRecordID>298</EventRecordID><Correlation/><Execution ProcessID='1872' ThreadID='3648'/><Channel>Microsoft-Windows-Sysmon/Operational</Channel><Computer>DESKTOP-PC01</Computer><Security UserID='S-1-5-18'/></System><EventData><Data Name='RuleName'>-</Data><Data Name='UtcTime'>2021-11-21 13:02:20.336</Data><Data Name='ProcessGuid'>{10cf5a0f-4359-619a-1402-000000000700}</Data><Data Name='ProcessId'>5756</Data><Data Name='Image'>C:\\Program Files\\Microsoft Office\\Office14\\WINWORD.EXE</Data><Data Name='TargetFilename'>C:\\Users\\pc01-user\\AppData\\Local\\Temp\\OICE_0C8CD093-4AB4-438B-86F0-63F0C348DEAC.0\\C17018D9.doc</Data><Data Name='CreationUtcTime'>2021-11-21 13:02:20.324</Data><Data Name='Hash'>MD5=51EE7E3C50EEB6A8B26DBB6DB3832719,SHA256=7E7C6927ABA4B67F3C82B8D0F5C05E1EB0DC0D95D030D106981D7B823D9399EF,IMPHASH=00000000000000000000000000000000</Data><Data Name='Contents'>-</Data><Data Name='User'>DESKTOP-PC01\\pc01-user</Data></EventData></Event>"",""source"":""XmlWinEventLog:Microsoft-Windows-Sysmon/Operational"",""host"":{""name"":""DESKTOP-PC01""},""sourcetype"":""XmlWinEventLog:Microsoft-Windows-Sysmon/Operational"",""index"":""default"",""cribl_pipe"":""passthru"",""@timestamp"":""2021-12-01T16:55:37.579Z""}","sysmon_events_summary_upload.csv",csv,"si-i-061ebfca0cf8b90c6.prd-p-s3zl2.splunkcloud.com",,"2021-12-01T16:55:37.579Z
none","<Event xmlns='http://schemas.microsoft.com/win/2004/08/events/event'><System><Provider Name='Microsoft-Windows-Sysmon' Guid='{5770385f-c22a-43e0-bf4c-06f5698ffbd9}'/><EventID>15</EventID><Version>2</Version><Level>4</Level><Task>15</Task><Opcode>0</Opcode><Keywords>0x8000000000000000</Keywords><TimeCreated SystemTime='2021-11-21T13:02:20.340644900Z'/><EventRecordID>298</EventRecordID><Correlation/><Execution ProcessID='1872' ThreadID='3648'/><Channel>Microsoft-Windows-Sysmon/Operational</Channel><Computer>DESKTOP-PC01</Computer><Security UserID='S-1-5-18'/></System><EventData><Data Name='RuleName'>-</Data><Data Name='UtcTime'>2021-11-21 13:02:20.336</Data><Data Name='ProcessGuid'>{10cf5a0f-4359-619a-1402-000000000700}</Data><Data Name='ProcessId'>5756</Data><Data Name='Image'>C:\\Program Files\\Microsoft Office\\Office14\\WINWORD.EXE</Data><Data Name='TargetFilename'>C:\\Users\\pc01-user\\AppData\\Local\\Temp\\OICE_0C8CD093-4AB4-438B-86F0-63F0C348DEAC.0\\C17018D9.doc</Data><Data Name='CreationUtcTime'>2021-11-21 13:02:20.324</Data><Data Name='Hash'>MD5=51EE7E3C50EEB6A8B26DBB6DB3832719,SHA256=7E7C6927ABA4B67F3C82B8D0F5C05E1EB0DC0D95D030D106981D7B823D9399EF,IMPHASH=00000000000000000000000000000000</Data><Data Name='Contents'>-</Data><Data Name='User'>DESKTOP-PC01\\pc01-user</Data></EventData></Event>"
"Microsoft-Windows-Sysmon/Operational","rundll32.exe  C:\\ProgramData\\www3.dll,ldr","DESKTOP-PC01",,,1,315,"http://schemas.microsoft.com/win/2004/08/events/event",1872,3648,"C:\\Windows\\System32\\rundll32.exe",0x8000000000000000,4,0,"\""""C:\\Windows\\System32\\cmd.exe\"""" /c rundll32.exe C:\\ProgramData\\www3.dll,ldr",,"{5770385f-c22a-43e0-bf4c-06f5698ffbd9}","Microsoft-Windows-Sysmon","S-1-5-18",,1,"2021-11-21T13:02:55.358598000Z","2021-11-21T13:02:55.358598000Z","2021-11-21 13:02:55.327",5,"""{""""_raw"""":""""<Event xmlns='http://schemas.microsoft.com/win/2004/08/events/event'><System><Provider Name='Microsoft-Windows-Sysmon' Guid='{5770385f-c22a-43e0-bf4c-06f5698ffbd9}'/><EventID>1</EventID><Version>5</Version><Level>4</Level><Task>1</Task><Opcode>0</Opcode><Keywords>0x8000000000000000</Keywords><TimeCreated SystemTime='2021-11-21T13:02:55.358598000Z'/><EventRecordID>315</EventRecordID><Correlation/><Execution ProcessID='1872' ThreadID='3648'/><Channel>Microsoft-Windows-Sysmon/Operational</Channel><Computer>DESKTOP-PC01</Computer><Security UserID='S-1-5-18'/></System><EventData><Data Name='RuleName'>-</Data><Data Name='UtcTime'>2021-11-21 13:02:55.327</Data><Data Name='ProcessGuid'>{10cf5a0f-437f-619a-2902-000000000700}</Data><Data Name='ProcessId'>7624</Data><Data Name='Image'>C:\\Windows\\System32\\rundll32.exe</Data><Data Name='FileVersion'>10.0.18362.1 (WinBuild.160101.0800)</Data><Data Name='Description'>Windows host process (Rundll32)</Data><Data Name='Product'>Microsoft® Windows® Operating System</Data><Data Name='Company'>Microsoft Corporation</Data><Data Name='OriginalFileName'>RUNDLL32.EXE</Data><Data Name='CommandLine'>rundll32.exe  C:\\ProgramData\\www3.dll,ldr</Data><Data Name='CurrentDirectory'>C:\\Users\\pc01-user\\Downloads\\</Data><Data Name='User'>DESKTOP-PC01\\pc01-user</Data><Data Name='LogonGuid'>{10cf5a0f-4045-619a-54a4-010000000000}</Data><Data Name='LogonId'>0x1a454</Data><Data Name='TerminalSessionId'>1</Data><Data Name='IntegrityLevel'>Medium</Data><Data Name='Hashes'>MD5=F68AF942FD7CCC0E7BAB1A2335D2AD26,SHA256=11064E9EDC605BD5B0C0A505538A0D5FD7DE53883AF342F091687CAE8628ACD0,IMPHASH=F27A7FC3A53E74F45BE370131953896A</Data><Data Name='ParentProcessGuid'>{10cf5a0f-437e-619a-2302-000000000700}</Data><Data Name='ParentProcessId'>6004</Data><Data Name='ParentImage'>C:\\Windows\\System32\\cmd.exe</Data><Data Name='ParentCommandLine'>\""""C:\\Windows\\System32\\cmd.exe\"""" /c rundll32.exe C:\\ProgramData\\www3.dll,ldr</Data><Data Name='ParentUser'>DESKTOP-PC01\\pc01-user</Data></EventData></Event>"""",""""source"""":""""XmlWinEventLog:Microsoft-Windows-Sysmon/Operational"""",""""host"""":{""""name"""":""""DESKTOP-PC01""""},""""sourcetype"""":""""XmlWinEventLog:Microsoft-Windows-Sysmon/Operational"""",""""index"""":""""default"""",""""cribl_pipe"""":""""passthru"""",""""@timestamp"""":""""2021-12-01T16:55:40.780Z""""}"",""DESKTOP-PC01"",""sysmon_events.json
XmlWinEventLog:Microsoft-Windows-Sysmon/Operational"",1,""2021-11-21 13:02:55.327"",""2021-12-01T16:55:40.780Z"",""2021-11-21T13:02:55.358598000Z"",,,,""C:\Windows\System32\rundll32.exe"",""rundll32.exe  C:\ProgramData\www3.dll,ldr"",""""""C:\Windows\System32\cmd.exe"""" /c rundll32.exe C:\ProgramData\www3.dll,ldr"",","2024-03-16T14:09:30.000+00:00",,"sysmon_events.json
XmlWinEventLog:Microsoft-Windows-Sysmon/Operational","si-i-061ebfca0cf8b90c6.prd-p-s3zl2.splunkcloud.com",main,2,"""{"""""""":""""<_='://../////'><><_='--'_='{----}'/><></","{""_raw"":""<Event xmlns='http://schemas.microsoft.com/win/2004/08/events/event'><System><Provider Name='Microsoft-Windows-Sysmon' Guid='{5770385f-c22a-43e0-bf4c-06f5698ffbd9}'/><EventID>1</EventID><Version>5</Version><Level>4</Level><Task>1</Task><Opcode>0</Opcode><Keywords>0x8000000000000000</Keywords><TimeCreated SystemTime='2021-11-21T13:02:55.358598000Z'/><EventRecordID>315</EventRecordID><Correlation/><Execution ProcessID='1872' ThreadID='3648'/><Channel>Microsoft-Windows-Sysmon/Operational</Channel><Computer>DESKTOP-PC01</Computer><Security UserID='S-1-5-18'/></System><EventData><Data Name='RuleName'>-</Data><Data Name='UtcTime'>2021-11-21 13:02:55.327</Data><Data Name='ProcessGuid'>{10cf5a0f-437f-619a-2902-000000000700}</Data><Data Name='ProcessId'>7624</Data><Data Name='Image'>C:\\Windows\\System32\\rundll32.exe</Data><Data Name='FileVersion'>10.0.18362.1 (WinBuild.160101.0800)</Data><Data Name='Description'>Windows host process (Rundll32)</Data><Data Name='Product'>Microsoft® Windows® Operating System</Data><Data Name='Company'>Microsoft Corporation</Data><Data Name='OriginalFileName'>RUNDLL32.EXE</Data><Data Name='CommandLine'>rundll32.exe  C:\\ProgramData\\www3.dll,ldr</Data><Data Name='CurrentDirectory'>C:\\Users\\pc01-user\\Downloads\\</Data><Data Name='User'>DESKTOP-PC01\\pc01-user</Data><Data Name='LogonGuid'>{10cf5a0f-4045-619a-54a4-010000000000}</Data><Data Name='LogonId'>0x1a454</Data><Data Name='TerminalSessionId'>1</Data><Data Name='IntegrityLevel'>Medium</Data><Data Name='Hashes'>MD5=F68AF942FD7CCC0E7BAB1A2335D2AD26,SHA256=11064E9EDC605BD5B0C0A505538A0D5FD7DE53883AF342F091687CAE8628ACD0,IMPHASH=F27A7FC3A53E74F45BE370131953896A</Data><Data Name='ParentProcessGuid'>{10cf5a0f-437e-619a-2302-000000000700}</Data><Data Name='ParentProcessId'>6004</Data><Data Name='ParentImage'>C:\\Windows\\System32\\cmd.exe</Data><Data Name='ParentCommandLine'>\""C:\\Windows\\System32\\cmd.exe\"" /c rundll32.exe C:\\ProgramData\\www3.dll,ldr</Data><Data Name='ParentUser'>DESKTOP-PC01\\pc01-user</Data></EventData></Event>"",""source"":""XmlWinEventLog:Microsoft-Windows-Sysmon/Operational"",""host"":{""name"":""DESKTOP-PC01""},""sourcetype"":""XmlWinEventLog:Microsoft-Windows-Sysmon/Operational"",""index"":""default"",""cribl_pipe"":""passthru"",""@timestamp"":""2021-12-01T16:55:40.780Z""}","sysmon_events_summary_upload.csv",csv,"si-i-061ebfca0cf8b90c6.prd-p-s3zl2.splunkcloud.com",,"2021-12-01T16:55:40.780Z
none","<Event xmlns='http://schemas.microsoft.com/win/2004/08/events/event'><System><Provider Name='Microsoft-Windows-Sysmon' Guid='{5770385f-c22a-43e0-bf4c-06f5698ffbd9}'/><EventID>1</EventID><Version>5</Version><Level>4</Level><Task>1</Task><Opcode>0</Opcode><Keywords>0x8000000000000000</Keywords><TimeCreated SystemTime='2021-11-21T13:02:55.358598000Z'/><EventRecordID>315</EventRecordID><Correlation/><Execution ProcessID='1872' ThreadID='3648'/><Channel>Microsoft-Windows-Sysmon/Operational</Channel><Computer>DESKTOP-PC01</Computer><Security UserID='S-1-5-18'/></System><EventData><Data Name='RuleName'>-</Data><Data Name='UtcTime'>2021-11-21 13:02:55.327</Data><Data Name='ProcessGuid'>{10cf5a0f-437f-619a-2902-000000000700}</Data><Data Name='ProcessId'>7624</Data><Data Name='Image'>C:\\Windows\\System32\\rundll32.exe</Data><Data Name='FileVersion'>10.0.18362.1 (WinBuild.160101.0800)</Data><Data Name='Description'>Windows host process (Rundll32)</Data><Data Name='Product'>Microsoft® Windows® Operating System</Data><Data Name='Company'>Microsoft Corporation</Data><Data Name='OriginalFileName'>RUNDLL32.EXE</Data><Data Name='CommandLine'>rundll32.exe  C:\\ProgramData\\www3.dll,ldr</Data><Data Name='CurrentDirectory'>C:\\Users\\pc01-user\\Downloads\\</Data><Data Name='User'>DESKTOP-PC01\\pc01-user</Data><Data Name='LogonGuid'>{10cf5a0f-4045-619a-54a4-010000000000}</Data><Data Name='LogonId'>0x1a454</Data><Data Name='TerminalSessionId'>1</Data><Data Name='IntegrityLevel'>Medium</Data><Data Name='Hashes'>MD5=F68AF942FD7CCC0E7BAB1A2335D2AD26,SHA256=11064E9EDC605BD5B0C0A505538A0D5FD7DE53883AF342F091687CAE8628ACD0,IMPHASH=F27A7FC3A53E74F45BE370131953896A</Data><Data Name='ParentProcessGuid'>{10cf5a0f-437e-619a-2302-000000000700}</Data><Data Name='ParentProcessId'>6004</Data><Data Name='ParentImage'>C:\\Windows\\System32\\cmd.exe</Data><Data Name='ParentCommandLine'>\""""C:\\Windows\\System32\\cmd.exe\"""" /c rundll32.exe C:\\ProgramData\\www3.dll,ldr</Data><Data Name='ParentUser'>DESKTOP-PC01\\pc01-user</Data></EventData></Event>"
"Microsoft-Windows-Sysmon/Operational","\""""C:\\Windows\\System32\\cmd.exe\"""" /c rundll32.exe C:\\ProgramData\\www5.dll,ldr","DESKTOP-PC01",,,1,314,"http://schemas.microsoft.com/win/2004/08/events/event",1872,3648,"C:\\Windows\\System32\\cmd.exe",0x8000000000000000,4,0,"\""""C:\\Windows\\System32\\cscript.exe\"""" C:\\Users\\pc01-user\\AppData\\Roaming\\www.txt //E:VBScript //NoLogo %~f0 %*",,"{5770385f-c22a-43e0-bf4c-06f5698ffbd9}","Microsoft-Windows-Sysmon","S-1-5-18",,1,"2021-11-21T13:02:54.904972600Z","2021-11-21T13:02:54.904972600Z","2021-11-21 13:02:54.861",5,"""{""""_raw"""":""""<Event xmlns='http://schemas.microsoft.com/win/2004/08/events/event'><System><Provider Name='Microsoft-Windows-Sysmon' Guid='{5770385f-c22a-43e0-bf4c-06f5698ffbd9}'/><EventID>1</EventID><Version>5</Version><Level>4</Level><Task>1</Task><Opcode>0</Opcode><Keywords>0x8000000000000000</Keywords><TimeCreated SystemTime='2021-11-21T13:02:54.904972600Z'/><EventRecordID>314</EventRecordID><Correlation/><Execution ProcessID='1872' ThreadID='3648'/><Channel>Microsoft-Windows-Sysmon/Operational</Channel><Computer>DESKTOP-PC01</Computer><Security UserID='S-1-5-18'/></System><EventData><Data Name='RuleName'>-</Data><Data Name='UtcTime'>2021-11-21 13:02:54.861</Data><Data Name='ProcessGuid'>{10cf5a0f-437e-619a-2602-000000000700}</Data><Data Name='ProcessId'>7152</Data><Data Name='Image'>C:\\Windows\\System32\\cmd.exe</Data><Data Name='FileVersion'>10.0.18362.1 (WinBuild.160101.0800)</Data><Data Name='Description'>Windows Command Processor</Data><Data Name='Product'>Microsoft® Windows® Operating System</Data><Data Name='Company'>Microsoft Corporation</Data><Data Name='OriginalFileName'>Cmd.Exe</Data><Data Name='CommandLine'>\""""C:\\Windows\\System32\\cmd.exe\"""" /c rundll32.exe C:\\ProgramData\\www5.dll,ldr</Data><Data Name='CurrentDirectory'>C:\\Users\\pc01-user\\Downloads\\</Data><Data Name='User'>DESKTOP-PC01\\pc01-user</Data><Data Name='LogonGuid'>{10cf5a0f-4045-619a-54a4-010000000000}</Data><Data Name='LogonId'>0x1a454</Data><Data Name='TerminalSessionId'>1</Data><Data Name='IntegrityLevel'>Medium</Data><Data Name='Hashes'>MD5=9D59442313565C2E0860B88BF32B2277,SHA256=D0CEB18272966AB62B8EDFF100E9B4A6A3CB5DC0F2A32B2B18721FEA2D9C09A5,IMPHASH=272245E2988E1E430500B852C4FB5E18</Data><Data Name='ParentProcessGuid'>{10cf5a0f-4371-619a-1902-000000000700}</Data><Data Name='ParentProcessId'>572</Data><Data Name='ParentImage'>C:\\Windows\\System32\\cscript.exe</Data><Data Name='ParentCommandLine'>\""""C:\\Windows\\System32\\cscript.exe\"""" C:\\Users\\pc01-user\\AppData\\Roaming\\www.txt //E:VBScript //NoLogo %~f0 %*</Data><Data Name='ParentUser'>DESKTOP-PC01\\pc01-user</Data></EventData></Event>"""",""""source"""":""""XmlWinEventLog:Microsoft-Windows-Sysmon/Operational"""",""""host"""":{""""name"""":""""DESKTOP-PC01""""},""""sourcetype"""":""""XmlWinEventLog:Microsoft-Windows-Sysmon/Operational"""",""""index"""":""""default"""",""""cribl_pipe"""":""""passthru"""",""""@timestamp"""":""""2021-12-01T16:55:40.780Z""""}"",""DESKTOP-PC01"",""sysmon_events.json
XmlWinEventLog:Microsoft-Windows-Sysmon/Operational"",1,""2021-11-21 13:02:54.861"",""2021-12-01T16:55:40.780Z"",""2021-11-21T13:02:54.904972600Z"",,,,""C:\Windows\System32\cmd.exe"",""""""C:\Windows\System32\cmd.exe"""" /c rundll32.exe C:\ProgramData\www5.dll,ldr"",""""""C:\Windows\System32\cscript.exe"""" C:\Users\pc01-user\AppData\Roaming\www.txt //E:VBScript //NoLogo %~f0 %*"",","2024-03-16T14:09:30.000+00:00",,"sysmon_events.json
XmlWinEventLog:Microsoft-Windows-Sysmon/Operational","si-i-061ebfca0cf8b90c6.prd-p-s3zl2.splunkcloud.com",main,2,"""{"""""""":""""<_='://../////'><><_='--'_='{----}'/><></","{""_raw"":""<Event xmlns='http://schemas.microsoft.com/win/2004/08/events/event'><System><Provider Name='Microsoft-Windows-Sysmon' Guid='{5770385f-c22a-43e0-bf4c-06f5698ffbd9}'/><EventID>1</EventID><Version>5</Version><Level>4</Level><Task>1</Task><Opcode>0</Opcode><Keywords>0x8000000000000000</Keywords><TimeCreated SystemTime='2021-11-21T13:02:54.904972600Z'/><EventRecordID>314</EventRecordID><Correlation/><Execution ProcessID='1872' ThreadID='3648'/><Channel>Microsoft-Windows-Sysmon/Operational</Channel><Computer>DESKTOP-PC01</Computer><Security UserID='S-1-5-18'/></System><EventData><Data Name='RuleName'>-</Data><Data Name='UtcTime'>2021-11-21 13:02:54.861</Data><Data Name='ProcessGuid'>{10cf5a0f-437e-619a-2602-000000000700}</Data><Data Name='ProcessId'>7152</Data><Data Name='Image'>C:\\Windows\\System32\\cmd.exe</Data><Data Name='FileVersion'>10.0.18362.1 (WinBuild.160101.0800)</Data><Data Name='Description'>Windows Command Processor</Data><Data Name='Product'>Microsoft® Windows® Operating System</Data><Data Name='Company'>Microsoft Corporation</Data><Data Name='OriginalFileName'>Cmd.Exe</Data><Data Name='CommandLine'>\""C:\\Windows\\System32\\cmd.exe\"" /c rundll32.exe C:\\ProgramData\\www5.dll,ldr</Data><Data Name='CurrentDirectory'>C:\\Users\\pc01-user\\Downloads\\</Data><Data Name='User'>DESKTOP-PC01\\pc01-user</Data><Data Name='LogonGuid'>{10cf5a0f-4045-619a-54a4-010000000000}</Data><Data Name='LogonId'>0x1a454</Data><Data Name='TerminalSessionId'>1</Data><Data Name='IntegrityLevel'>Medium</Data><Data Name='Hashes'>MD5=9D59442313565C2E0860B88BF32B2277,SHA256=D0CEB18272966AB62B8EDFF100E9B4A6A3CB5DC0F2A32B2B18721FEA2D9C09A5,IMPHASH=272245E2988E1E430500B852C4FB5E18</Data><Data Name='ParentProcessGuid'>{10cf5a0f-4371-619a-1902-000000000700}</Data><Data Name='ParentProcessId'>572</Data><Data Name='ParentImage'>C:\\Windows\\System32\\cscript.exe</Data><Data Name='ParentCommandLine'>\""C:\\Windows\\System32\\cscript.exe\"" C:\\Users\\pc01-user\\AppData\\Roaming\\www.txt //E:VBScript //NoLogo %~f0 %*</Data><Data Name='ParentUser'>DESKTOP-PC01\\pc01-user</Data></EventData></Event>"",""source"":""XmlWinEventLog:Microsoft-Windows-Sysmon/Operational"",""host"":{""name"":""DESKTOP-PC01""},""sourcetype"":""XmlWinEventLog:Microsoft-Windows-Sysmon/Operational"",""index"":""default"",""cribl_pipe"":""passthru"",""@timestamp"":""2021-12-01T16:55:40.780Z""}","sysmon_events_summary_upload.csv",csv,"si-i-061ebfca0cf8b90c6.prd-p-s3zl2.splunkcloud.com",,"2021-12-01T16:55:40.780Z
none","<Event xmlns='http://schemas.microsoft.com/win/2004/08/events/event'><System><Provider Name='Microsoft-Windows-Sysmon' Guid='{5770385f-c22a-43e0-bf4c-06f5698ffbd9}'/><EventID>1</EventID><Version>5</Version><Level>4</Level><Task>1</Task><Opcode>0</Opcode><Keywords>0x8000000000000000</Keywords><TimeCreated SystemTime='2021-11-21T13:02:54.904972600Z'/><EventRecordID>314</EventRecordID><Correlation/><Execution ProcessID='1872' ThreadID='3648'/><Channel>Microsoft-Windows-Sysmon/Operational</Channel><Computer>DESKTOP-PC01</Computer><Security UserID='S-1-5-18'/></System><EventData><Data Name='RuleName'>-</Data><Data Name='UtcTime'>2021-11-21 13:02:54.861</Data><Data Name='ProcessGuid'>{10cf5a0f-437e-619a-2602-000000000700}</Data><Data Name='ProcessId'>7152</Data><Data Name='Image'>C:\\Windows\\System32\\cmd.exe</Data><Data Name='FileVersion'>10.0.18362.1 (WinBuild.160101.0800)</Data><Data Name='Description'>Windows Command Processor</Data><Data Name='Product'>Microsoft® Windows® Operating System</Data><Data Name='Company'>Microsoft Corporation</Data><Data Name='OriginalFileName'>Cmd.Exe</Data><Data Name='CommandLine'>\""""C:\\Windows\\System32\\cmd.exe\"""" /c rundll32.exe C:\\ProgramData\\www5.dll,ldr</Data><Data Name='CurrentDirectory'>C:\\Users\\pc01-user\\Downloads\\</Data><Data Name='User'>DESKTOP-PC01\\pc01-user</Data><Data Name='LogonGuid'>{10cf5a0f-4045-619a-54a4-010000000000}</Data><Data Name='LogonId'>0x1a454</Data><Data Name='TerminalSessionId'>1</Data><Data Name='IntegrityLevel'>Medium</Data><Data Name='Hashes'>MD5=9D59442313565C2E0860B88BF32B2277,SHA256=D0CEB18272966AB62B8EDFF100E9B4A6A3CB5DC0F2A32B2B18721FEA2D9C09A5,IMPHASH=272245E2988E1E430500B852C4FB5E18</Data><Data Name='ParentProcessGuid'>{10cf5a0f-4371-619a-1902-000000000700}</Data><Data Name='ParentProcessId'>572</Data><Data Name='ParentImage'>C:\\Windows\\System32\\cscript.exe</Data><Data Name='ParentCommandLine'>\""""C:\\Windows\\System32\\cscript.exe\"""" C:\\Users\\pc01-user\\AppData\\Roaming\\www.txt //E:VBScript //NoLogo %~f0 %*</Data><Data Name='ParentUser'>DESKTOP-PC01\\pc01-user</Data></EventData></Event>"
"Microsoft-Windows-Sysmon/Operational","\""""C:\\Windows\\System32\\cmd.exe\"""" /c rundll32.exe C:\\ProgramData\\www4.dll,ldr","DESKTOP-PC01",,,1,313,"http://schemas.microsoft.com/win/2004/08/events/event",1872,3648,"C:\\Windows\\System32\\cmd.exe",0x8000000000000000,4,0,"\""""C:\\Windows\\System32\\cscript.exe\"""" C:\\Users\\pc01-user\\AppData\\Roaming\\www.txt //E:VBScript //NoLogo %~f0 %*",,"{5770385f-c22a-43e0-bf4c-06f5698ffbd9}","Microsoft-Windows-Sysmon","S-1-5-18",,1,"2021-11-21T13:02:54.643479600Z","2021-11-21T13:02:54.643479600Z","2021-11-21 13:02:54.625",5,"""{""""_raw"""":""""<Event xmlns='http://schemas.microsoft.com/win/2004/08/events/event'><System><Provider Name='Microsoft-Windows-Sysmon' Guid='{5770385f-c22a-43e0-bf4c-06f5698ffbd9}'/><EventID>1</EventID><Version>5</Version><Level>4</Level><Task>1</Task><Opcode>0</Opcode><Keywords>0x8000000000000000</Keywords><TimeCreated SystemTime='2021-11-21T13:02:54.643479600Z'/><EventRecordID>313</EventRecordID><Correlation/><Execution ProcessID='1872' ThreadID='3648'/><Channel>Microsoft-Windows-Sysmon/Operational</Channel><Computer>DESKTOP-PC01</Computer><Security UserID='S-1-5-18'/></System><EventData><Data Name='RuleName'>-</Data><Data Name='UtcTime'>2021-11-21 13:02:54.625</Data><Data Name='ProcessGuid'>{10cf5a0f-437e-619a-2502-000000000700}</Data><Data Name='ProcessId'>5320</Data><Data Name='Image'>C:\\Windows\\System32\\cmd.exe</Data><Data Name='FileVersion'>10.0.18362.1 (WinBuild.160101.0800)</Data><Data Name='Description'>Windows Command Processor</Data><Data Name='Product'>Microsoft® Windows® Operating System</Data><Data Name='Company'>Microsoft Corporation</Data><Data Name='OriginalFileName'>Cmd.Exe</Data><Data Name='CommandLine'>\""""C:\\Windows\\System32\\cmd.exe\"""" /c rundll32.exe C:\\ProgramData\\www4.dll,ldr</Data><Data Name='CurrentDirectory'>C:\\Users\\pc01-user\\Downloads\\</Data><Data Name='User'>DESKTOP-PC01\\pc01-user</Data><Data Name='LogonGuid'>{10cf5a0f-4045-619a-54a4-010000000000}</Data><Data Name='LogonId'>0x1a454</Data><Data Name='TerminalSessionId'>1</Data><Data Name='IntegrityLevel'>Medium</Data><Data Name='Hashes'>MD5=9D59442313565C2E0860B88BF32B2277,SHA256=D0CEB18272966AB62B8EDFF100E9B4A6A3CB5DC0F2A32B2B18721FEA2D9C09A5,IMPHASH=272245E2988E1E430500B852C4FB5E18</Data><Data Name='ParentProcessGuid'>{10cf5a0f-4371-619a-1902-000000000700}</Data><Data Name='ParentProcessId'>572</Data><Data Name='ParentImage'>C:\\Windows\\System32\\cscript.exe</Data><Data Name='ParentCommandLine'>\""""C:\\Windows\\System32\\cscript.exe\"""" C:\\Users\\pc01-user\\AppData\\Roaming\\www.txt //E:VBScript //NoLogo %~f0 %*</Data><Data Name='ParentUser'>DESKTOP-PC01\\pc01-user</Data></EventData></Event>"""",""""source"""":""""XmlWinEventLog:Microsoft-Windows-Sysmon/Operational"""",""""host"""":{""""name"""":""""DESKTOP-PC01""""},""""sourcetype"""":""""XmlWinEventLog:Microsoft-Windows-Sysmon/Operational"""",""""index"""":""""default"""",""""cribl_pipe"""":""""passthru"""",""""@timestamp"""":""""2021-12-01T16:55:40.780Z""""}"",""DESKTOP-PC01"",""sysmon_events.json
XmlWinEventLog:Microsoft-Windows-Sysmon/Operational"",1,""2021-11-21 13:02:54.625"",""2021-12-01T16:55:40.780Z"",""2021-11-21T13:02:54.643479600Z"",,,,""C:\Windows\System32\cmd.exe"",""""""C:\Windows\System32\cmd.exe"""" /c rundll32.exe C:\ProgramData\www4.dll,ldr"",""""""C:\Windows\System32\cscript.exe"""" C:\Users\pc01-user\AppData\Roaming\www.txt //E:VBScript //NoLogo %~f0 %*"",","2024-03-16T14:09:30.000+00:00",,"sysmon_events.json
XmlWinEventLog:Microsoft-Windows-Sysmon/Operational","si-i-061ebfca0cf8b90c6.prd-p-s3zl2.splunkcloud.com",main,2,"""{"""""""":""""<_='://../////'><><_='--'_='{----}'/><></","{""_raw"":""<Event xmlns='http://schemas.microsoft.com/win/2004/08/events/event'><System><Provider Name='Microsoft-Windows-Sysmon' Guid='{5770385f-c22a-43e0-bf4c-06f5698ffbd9}'/><EventID>1</EventID><Version>5</Version><Level>4</Level><Task>1</Task><Opcode>0</Opcode><Keywords>0x8000000000000000</Keywords><TimeCreated SystemTime='2021-11-21T13:02:54.643479600Z'/><EventRecordID>313</EventRecordID><Correlation/><Execution ProcessID='1872' ThreadID='3648'/><Channel>Microsoft-Windows-Sysmon/Operational</Channel><Computer>DESKTOP-PC01</Computer><Security UserID='S-1-5-18'/></System><EventData><Data Name='RuleName'>-</Data><Data Name='UtcTime'>2021-11-21 13:02:54.625</Data><Data Name='ProcessGuid'>{10cf5a0f-437e-619a-2502-000000000700}</Data><Data Name='ProcessId'>5320</Data><Data Name='Image'>C:\\Windows\\System32\\cmd.exe</Data><Data Name='FileVersion'>10.0.18362.1 (WinBuild.160101.0800)</Data><Data Name='Description'>Windows Command Processor</Data><Data Name='Product'>Microsoft® Windows® Operating System</Data><Data Name='Company'>Microsoft Corporation</Data><Data Name='OriginalFileName'>Cmd.Exe</Data><Data Name='CommandLine'>\""C:\\Windows\\System32\\cmd.exe\"" /c rundll32.exe C:\\ProgramData\\www4.dll,ldr</Data><Data Name='CurrentDirectory'>C:\\Users\\pc01-user\\Downloads\\</Data><Data Name='User'>DESKTOP-PC01\\pc01-user</Data><Data Name='LogonGuid'>{10cf5a0f-4045-619a-54a4-010000000000}</Data><Data Name='LogonId'>0x1a454</Data><Data Name='TerminalSessionId'>1</Data><Data Name='IntegrityLevel'>Medium</Data><Data Name='Hashes'>MD5=9D59442313565C2E0860B88BF32B2277,SHA256=D0CEB18272966AB62B8EDFF100E9B4A6A3CB5DC0F2A32B2B18721FEA2D9C09A5,IMPHASH=272245E2988E1E430500B852C4FB5E18</Data><Data Name='ParentProcessGuid'>{10cf5a0f-4371-619a-1902-000000000700}</Data><Data Name='ParentProcessId'>572</Data><Data Name='ParentImage'>C:\\Windows\\System32\\cscript.exe</Data><Data Name='ParentCommandLine'>\""C:\\Windows\\System32\\cscript.exe\"" C:\\Users\\pc01-user\\AppData\\Roaming\\www.txt //E:VBScript //NoLogo %~f0 %*</Data><Data Name='ParentUser'>DESKTOP-PC01\\pc01-user</Data></EventData></Event>"",""source"":""XmlWinEventLog:Microsoft-Windows-Sysmon/Operational"",""host"":{""name"":""DESKTOP-PC01""},""sourcetype"":""XmlWinEventLog:Microsoft-Windows-Sysmon/Operational"",""index"":""default"",""cribl_pipe"":""passthru"",""@timestamp"":""2021-12-01T16:55:40.780Z""}","sysmon_events_summary_upload.csv",csv,"si-i-061ebfca0cf8b90c6.prd-p-s3zl2.splunkcloud.com",,"2021-12-01T16:55:40.780Z
none","<Event xmlns='http://schemas.microsoft.com/win/2004/08/events/event'><System><Provider Name='Microsoft-Windows-Sysmon' Guid='{5770385f-c22a-43e0-bf4c-06f5698ffbd9}'/><EventID>1</EventID><Version>5</Version><Level>4</Level><Task>1</Task><Opcode>0</Opcode><Keywords>0x8000000000000000</Keywords><TimeCreated SystemTime='2021-11-21T13:02:54.643479600Z'/><EventRecordID>313</EventRecordID><Correlation/><Execution ProcessID='1872' ThreadID='3648'/><Channel>Microsoft-Windows-Sysmon/Operational</Channel><Computer>DESKTOP-PC01</Computer><Security UserID='S-1-5-18'/></System><EventData><Data Name='RuleName'>-</Data><Data Name='UtcTime'>2021-11-21 13:02:54.625</Data><Data Name='ProcessGuid'>{10cf5a0f-437e-619a-2502-000000000700}</Data><Data Name='ProcessId'>5320</Data><Data Name='Image'>C:\\Windows\\System32\\cmd.exe</Data><Data Name='FileVersion'>10.0.18362.1 (WinBuild.160101.0800)</Data><Data Name='Description'>Windows Command Processor</Data><Data Name='Product'>Microsoft® Windows® Operating System</Data><Data Name='Company'>Microsoft Corporation</Data><Data Name='OriginalFileName'>Cmd.Exe</Data><Data Name='CommandLine'>\""""C:\\Windows\\System32\\cmd.exe\"""" /c rundll32.exe C:\\ProgramData\\www4.dll,ldr</Data><Data Name='CurrentDirectory'>C:\\Users\\pc01-user\\Downloads\\</Data><Data Name='User'>DESKTOP-PC01\\pc01-user</Data><Data Name='LogonGuid'>{10cf5a0f-4045-619a-54a4-010000000000}</Data><Data Name='LogonId'>0x1a454</Data><Data Name='TerminalSessionId'>1</Data><Data Name='IntegrityLevel'>Medium</Data><Data Name='Hashes'>MD5=9D59442313565C2E0860B88BF32B2277,SHA256=D0CEB18272966AB62B8EDFF100E9B4A6A3CB5DC0F2A32B2B18721FEA2D9C09A5,IMPHASH=272245E2988E1E430500B852C4FB5E18</Data><Data Name='ParentProcessGuid'>{10cf5a0f-4371-619a-1902-000000000700}</Data><Data Name='ParentProcessId'>572</Data><Data Name='ParentImage'>C:\\Windows\\System32\\cscript.exe</Data><Data Name='ParentCommandLine'>\""""C:\\Windows\\System32\\cscript.exe\"""" C:\\Users\\pc01-user\\AppData\\Roaming\\www.txt //E:VBScript //NoLogo %~f0 %*</Data><Data Name='ParentUser'>DESKTOP-PC01\\pc01-user</Data></EventData></Event>"
"Microsoft-Windows-Sysmon/Operational","\""""C:\\Windows\\System32\\cmd.exe\"""" /c rundll32.exe C:\\ProgramData\\www3.dll,ldr","DESKTOP-PC01",,,1,312,"http://schemas.microsoft.com/win/2004/08/events/event",1872,3648,"C:\\Windows\\System32\\cmd.exe",0x8000000000000000,4,0,"\""""C:\\Windows\\System32\\cscript.exe\"""" C:\\Users\\pc01-user\\AppData\\Roaming\\www.txt //E:VBScript //NoLogo %~f0 %*",,"{5770385f-c22a-43e0-bf4c-06f5698ffbd9}","Microsoft-Windows-Sysmon","S-1-5-18",,1,"2021-11-21T13:02:54.444539100Z","2021-11-21T13:02:54.444539100Z","2021-11-21 13:02:54.424",5,"""{""""_raw"""":""""<Event xmlns='http://schemas.microsoft.com/win/2004/08/events/event'><System><Provider Name='Microsoft-Windows-Sysmon' Guid='{5770385f-c22a-43e0-bf4c-06f5698ffbd9}'/><EventID>1</EventID><Version>5</Version><Level>4</Level><Task>1</Task><Opcode>0</Opcode><Keywords>0x8000000000000000</Keywords><TimeCreated SystemTime='2021-11-21T13:02:54.444539100Z'/><EventRecordID>312</EventRecordID><Correlation/><Execution ProcessID='1872' ThreadID='3648'/><Channel>Microsoft-Windows-Sysmon/Operational</Channel><Computer>DESKTOP-PC01</Computer><Security UserID='S-1-5-18'/></System><EventData><Data Name='RuleName'>-</Data><Data Name='UtcTime'>2021-11-21 13:02:54.424</Data><Data Name='ProcessGuid'>{10cf5a0f-437e-619a-2302-000000000700}</Data><Data Name='ProcessId'>6004</Data><Data Name='Image'>C:\\Windows\\System32\\cmd.exe</Data><Data Name='FileVersion'>10.0.18362.1 (WinBuild.160101.0800)</Data><Data Name='Description'>Windows Command Processor</Data><Data Name='Product'>Microsoft® Windows® Operating System</Data><Data Name='Company'>Microsoft Corporation</Data><Data Name='OriginalFileName'>Cmd.Exe</Data><Data Name='CommandLine'>\""""C:\\Windows\\System32\\cmd.exe\"""" /c rundll32.exe C:\\ProgramData\\www3.dll,ldr</Data><Data Name='CurrentDirectory'>C:\\Users\\pc01-user\\Downloads\\</Data><Data Name='User'>DESKTOP-PC01\\pc01-user</Data><Data Name='LogonGuid'>{10cf5a0f-4045-619a-54a4-010000000000}</Data><Data Name='LogonId'>0x1a454</Data><Data Name='TerminalSessionId'>1</Data><Data Name='IntegrityLevel'>Medium</Data><Data Name='Hashes'>MD5=9D59442313565C2E0860B88BF32B2277,SHA256=D0CEB18272966AB62B8EDFF100E9B4A6A3CB5DC0F2A32B2B18721FEA2D9C09A5,IMPHASH=272245E2988E1E430500B852C4FB5E18</Data><Data Name='ParentProcessGuid'>{10cf5a0f-4371-619a-1902-000000000700}</Data><Data Name='ParentProcessId'>572</Data><Data Name='ParentImage'>C:\\Windows\\System32\\cscript.exe</Data><Data Name='ParentCommandLine'>\""""C:\\Windows\\System32\\cscript.exe\"""" C:\\Users\\pc01-user\\AppData\\Roaming\\www.txt //E:VBScript //NoLogo %~f0 %*</Data><Data Name='ParentUser'>DESKTOP-PC01\\pc01-user</Data></EventData></Event>"""","""