Channel,CommandLine,Computer,DestinationIp,DestinationPort,EventID,EventRecordID,"Event{@xmlns}","Execution{@ProcessID}","Execution{@ThreadID}",Image,Keywords,Level,Opcode,ParentCommandLine,Protocol,"Provider{@Guid}","Provider{@Name}","Security{@UserID}",TargetFilename,Task,TimeCreated,"TimeCreated{@SystemTime}",UtcTime,Version,"_raw","_time",eventtype,"extracted_source",host,index,linecount,punct,raw,source,sourcetype,"splunk_server","splunk_server_group",timestamp,"xml_data"
"Microsoft-Windows-Sysmon/Operational",,"DESKTOP-PC01",,,16,1,"http://schemas.microsoft.com/win/2004/08/events/event",7336,6320,,0x8000000000000000,4,0,,,"{5770385f-c22a-43e0-bf4c-06f5698ffbd9}","Microsoft-Windows-Sysmon","S-1-5-21-789985733-1868513186-3804096106-1000",,16,"2021-11-21T12:57:31.902174200Z","2021-11-21T12:57:31.902174200Z",,3,"""{""""_raw"""":""""<Event xmlns='http://schemas.microsoft.com/win/2004/08/events/event'><System><Provider Name='Microsoft-Windows-Sysmon' Guid='{5770385f-c22a-43e0-bf4c-06f5698ffbd9}'/><EventID>16</EventID><Version>3</Version><Level>4</Level><Task>16</Task><Opcode>0</Opcode><Keywords>0x8000000000000000</Keywords><TimeCreated SystemTime='2021-11-21T12:57:31.902174200Z'/><EventRecordID>1</EventRecordID><Correlation/><Execution ProcessID='7336' ThreadID='6320'/><Channel>Microsoft-Windows-Sysmon/Operational</Channel><Computer>DESKTOP-PC01</Computer><Security UserID='S-1-5-21-789985733-1868513186-3804096106-1000'/></System><EventData><Data Name='UtcTime'></Data><Data Name='Configuration'></Data><Data Name='ConfigurationFileHash'></Data></EventData></Event>"""",""""source"""":""""XmlWinEventLog:Microsoft-Windows-Sysmon/Operational"""",""""host"""":{""""name"""":""""DESKTOP-PC01""""},""""sourcetype"""":""""XmlWinEventLog:Microsoft-Windows-Sysmon/Operational"""",""""index"""":""""default"""",""""cribl_pipe"""":""""passthru"""",""""@timestamp"""":""""2021-12-01T16:53:52.579Z""""}"",""DESKTOP-PC01"",""sysmon_events.json
XmlWinEventLog:Microsoft-Windows-Sysmon/Operational"",16,,""2021-12-01T16:53:52.579Z"",""2021-11-21T12:57:31.902174200Z"",,,,,,,","2024-03-16T14:09:30.000+00:00",,"sysmon_events.json
XmlWinEventLog:Microsoft-Windows-Sysmon/Operational","si-i-061ebfca0cf8b90c6.prd-p-s3zl2.splunkcloud.com",main,2,"""{"""""""":""""<_='://../////'><><_='--'_='{----}'/><></","{""_raw"":""<Event xmlns='http://schemas.microsoft.com/win/2004/08/events/event'><System><Provider Name='Microsoft-Windows-Sysmon' Guid='{5770385f-c22a-43e0-bf4c-06f5698ffbd9}'/><EventID>16</EventID><Version>3</Version><Level>4</Level><Task>16</Task><Opcode>0</Opcode><Keywords>0x8000000000000000</Keywords><TimeCreated SystemTime='2021-11-21T12:57:31.902174200Z'/><EventRecordID>1</EventRecordID><Correlation/><Execution ProcessID='7336' ThreadID='6320'/><Channel>Microsoft-Windows-Sysmon/Operational</Channel><Computer>DESKTOP-PC01</Computer><Security UserID='S-1-5-21-789985733-1868513186-3804096106-1000'/></System><EventData><Data Name='UtcTime'></Data><Data Name='Configuration'></Data><Data Name='ConfigurationFileHash'></Data></EventData></Event>"",""source"":""XmlWinEventLog:Microsoft-Windows-Sysmon/Operational"",""host"":{""name"":""DESKTOP-PC01""},""sourcetype"":""XmlWinEventLog:Microsoft-Windows-Sysmon/Operational"",""index"":""default"",""cribl_pipe"":""passthru"",""@timestamp"":""2021-12-01T16:53:52.579Z""}","sysmon_events_summary_upload.csv",csv,"si-i-061ebfca0cf8b90c6.prd-p-s3zl2.splunkcloud.com",,"2021-12-01T16:53:52.579Z
none","<Event xmlns='http://schemas.microsoft.com/win/2004/08/events/event'><System><Provider Name='Microsoft-Windows-Sysmon' Guid='{5770385f-c22a-43e0-bf4c-06f5698ffbd9}'/><EventID>16</EventID><Version>3</Version><Level>4</Level><Task>16</Task><Opcode>0</Opcode><Keywords>0x8000000000000000</Keywords><TimeCreated SystemTime='2021-11-21T12:57:31.902174200Z'/><EventRecordID>1</EventRecordID><Correlation/><Execution ProcessID='7336' ThreadID='6320'/><Channel>Microsoft-Windows-Sysmon/Operational</Channel><Computer>DESKTOP-PC01</Computer><Security UserID='S-1-5-21-789985733-1868513186-3804096106-1000'/></System><EventData><Data Name='UtcTime'></Data><Data Name='Configuration'></Data><Data Name='ConfigurationFileHash'></Data></EventData></Event>"
"Microsoft-Windows-Sysmon/Operational",,"DESKTOP-PC01",,,4,2,"http://schemas.microsoft.com/win/2004/08/events/event",1872,3648,,0x8000000000000000,4,0,,,"{5770385f-c22a-43e0-bf4c-06f5698ffbd9}","Microsoft-Windows-Sysmon","S-1-5-18",,4,"2021-11-21T12:57:32.335119600Z","2021-11-21T12:57:32.335119600Z","2021-11-21 12:57:32.334",3,"""{""""_raw"""":""""<Event xmlns='http://schemas.microsoft.com/win/2004/08/events/event'><System><Provider Name='Microsoft-Windows-Sysmon' Guid='{5770385f-c22a-43e0-bf4c-06f5698ffbd9}'/><EventID>4</EventID><Version>3</Version><Level>4</Level><Task>4</Task><Opcode>0</Opcode><Keywords>0x8000000000000000</Keywords><TimeCreated SystemTime='2021-11-21T12:57:32.335119600Z'/><EventRecordID>2</EventRecordID><Correlation/><Execution ProcessID='1872' ThreadID='3648'/><Channel>Microsoft-Windows-Sysmon/Operational</Channel><Computer>DESKTOP-PC01</Computer><Security UserID='S-1-5-18'/></System><EventData><Data Name='UtcTime'>2021-11-21 12:57:32.334</Data><Data Name='State'>Started</Data><Data Name='Version'>13.30</Data><Data Name='SchemaVersion'>4.81</Data></EventData></Event>"""",""""source"""":""""XmlWinEventLog:Microsoft-Windows-Sysmon/Operational"""",""""host"""":{""""name"""":""""DESKTOP-PC01""""},""""sourcetype"""":""""XmlWinEventLog:Microsoft-Windows-Sysmon/Operational"""",""""index"""":""""default"""",""""cribl_pipe"""":""""passthru"""",""""@timestamp"""":""""2021-12-01T16:53:55.579Z""""}"",""DESKTOP-PC01"",""sysmon_events.json
XmlWinEventLog:Microsoft-Windows-Sysmon/Operational"",4,""2021-11-21 12:57:32.334"",""2021-12-01T16:53:55.579Z"",""2021-11-21T12:57:32.335119600Z"",,,,,,,","2024-03-16T14:09:30.000+00:00",,"sysmon_events.json
XmlWinEventLog:Microsoft-Windows-Sysmon/Operational","si-i-061ebfca0cf8b90c6.prd-p-s3zl2.splunkcloud.com",main,2,"""{"""""""":""""<_='://../////'><><_='--'_='{----}'/><></","{""_raw"":""<Event xmlns='http://schemas.microsoft.com/win/2004/08/events/event'><System><Provider Name='Microsoft-Windows-Sysmon' Guid='{5770385f-c22a-43e0-bf4c-06f5698ffbd9}'/><EventID>4</EventID><Version>3</Version><Level>4</Level><Task>4</Task><Opcode>0</Opcode><Keywords>0x8000000000000000</Keywords><TimeCreated SystemTime='2021-11-21T12:57:32.335119600Z'/><EventRecordID>2</EventRecordID><Correlation/><Execution ProcessID='1872' ThreadID='3648'/><Channel>Microsoft-Windows-Sysmon/Operational</Channel><Computer>DESKTOP-PC01</Computer><Security UserID='S-1-5-18'/></System><EventData><Data Name='UtcTime'>2021-11-21 12:57:32.334</Data><Data Name='State'>Started</Data><Data Name='Version'>13.30</Data><Data Name='SchemaVersion'>4.81</Data></EventData></Event>"",""source"":""XmlWinEventLog:Microsoft-Windows-Sysmon/Operational"",""host"":{""name"":""DESKTOP-PC01""},""sourcetype"":""XmlWinEventLog:Microsoft-Windows-Sysmon/Operational"",""index"":""default"",""cribl_pipe"":""passthru"",""@timestamp"":""2021-12-01T16:53:55.579Z""}","sysmon_events_summary_upload.csv",csv,"si-i-061ebfca0cf8b90c6.prd-p-s3zl2.splunkcloud.com",,"2021-12-01T16:53:55.579Z
none","<Event xmlns='http://schemas.microsoft.com/win/2004/08/events/event'><System><Provider Name='Microsoft-Windows-Sysmon' Guid='{5770385f-c22a-43e0-bf4c-06f5698ffbd9}'/><EventID>4</EventID><Version>3</Version><Level>4</Level><Task>4</Task><Opcode>0</Opcode><Keywords>0x8000000000000000</Keywords><TimeCreated SystemTime='2021-11-21T12:57:32.335119600Z'/><EventRecordID>2</EventRecordID><Correlation/><Execution ProcessID='1872' ThreadID='3648'/><Channel>Microsoft-Windows-Sysmon/Operational</Channel><Computer>DESKTOP-PC01</Computer><Security UserID='S-1-5-18'/></System><EventData><Data Name='UtcTime'>2021-11-21 12:57:32.334</Data><Data Name='State'>Started</Data><Data Name='Version'>13.30</Data><Data Name='SchemaVersion'>4.81</Data></EventData></Event>"
"Microsoft-Windows-Sysmon/Operational","\""""C:\\Program Files\\SplunkUniversalForwarder\\bin\\splunkd.exe\"""" service","DESKTOP-PC01",,,1,9,"http://schemas.microsoft.com/win/2004/08/events/event",1872,3648,"C:\\Program Files\\SplunkUniversalForwarder\\bin\\splunkd.exe",0x8000000000000000,4,0,"C:\\Windows\\system32\\services.exe",,"{5770385f-c22a-43e0-bf4c-06f5698ffbd9}","Microsoft-Windows-Sysmon","S-1-5-18",,1,"2021-11-21T12:57:51.545042600Z","2021-11-21T12:57:51.545042600Z","2021-11-21 12:57:50.681",5,"""{""""_raw"""":""""<Event xmlns='http://schemas.microsoft.com/win/2004/08/events/event'><System><Provider Name='Microsoft-Windows-Sysmon' Guid='{5770385f-c22a-43e0-bf4c-06f5698ffbd9}'/><EventID>1</EventID><Version>5</Version><Level>4</Level><Task>1</Task><Opcode>0</Opcode><Keywords>0x8000000000000000</Keywords><TimeCreated SystemTime='2021-11-21T12:57:51.545042600Z'/><EventRecordID>9</EventRecordID><Correlation/><Execution ProcessID='1872' ThreadID='3648'/><Channel>Microsoft-Windows-Sysmon/Operational</Channel><Computer>DESKTOP-PC01</Computer><Security UserID='S-1-5-18'/></System><EventData><Data Name='RuleName'>-</Data><Data Name='UtcTime'>2021-11-21 12:57:50.681</Data><Data Name='ProcessGuid'>{10cf5a0f-424e-619a-b301-000000000700}</Data><Data Name='ProcessId'>5504</Data><Data Name='Image'>C:\\Program Files\\SplunkUniversalForwarder\\bin\\splunkd.exe</Data><Data Name='FileVersion'>8.2.3</Data><Data Name='Description'>splunkd service</Data><Data Name='Product'>splunk Application</Data><Data Name='Company'>Splunk Inc.</Data><Data Name='OriginalFileName'>splunkd.exe</Data><Data Name='CommandLine'>\""""C:\\Program Files\\SplunkUniversalForwarder\\bin\\splunkd.exe\"""" service</Data><Data Name='CurrentDirectory'>C:\\Windows\\system32\\</Data><Data Name='User'>NT AUTHORITY\\SYSTEM</Data><Data Name='LogonGuid'>{10cf5a0f-4043-619a-e703-000000000000}</Data><Data Name='LogonId'>0x3e7</Data><Data Name='TerminalSessionId'>0</Data><Data Name='IntegrityLevel'>System</Data><Data Name='Hashes'>MD5=FC2CD610B2772612181F2D47B3CA9046,SHA256=DD5EFB7850EE35D6DCFA52920A4903CE9B1D8DE44BF15B3B89DFCB7D0425C9BA,IMPHASH=4ECC46994D80B28878D10B74C732EB89</Data><Data Name='ParentProcessGuid'>{10cf5a0f-4043-619a-0b00-000000000700}</Data><Data Name='ParentProcessId'>672</Data><Data Name='ParentImage'>C:\\Windows\\System32\\services.exe</Data><Data Name='ParentCommandLine'>C:\\Windows\\system32\\services.exe</Data><Data Name='ParentUser'>NT AUTHORITY\\SYSTEM</Data></EventData></Event>"""",""""source"""":""""XmlWinEventLog:Microsoft-Windows-Sysmon/Operational"""",""""host"""":{""""name"""":""""DESKTOP-PC01""""},""""sourcetype"""":""""XmlWinEventLog:Microsoft-Windows-Sysmon/Operational"""",""""index"""":""""default"""",""""cribl_pipe"""":""""passthru"""",""""@timestamp"""":""""2021-12-01T16:54:05.379Z""""}"",""DESKTOP-PC01"",""sysmon_events.json
XmlWinEventLog:Microsoft-Windows-Sysmon/Operational"",1,""2021-11-21 12:57:50.681"",""2021-12-01T16:54:05.379Z"",""2021-11-21T12:57:51.545042600Z"",,,,""C:\Program Files\SplunkUniversalForwarder\bin\splunkd.exe"",""""""C:\Program Files\SplunkUniversalForwarder\bin\splunkd.exe"""" service"",""C:\Windows\system32\services.exe"",","2024-03-16T14:09:30.000+00:00",,"sysmon_events.json
XmlWinEventLog:Microsoft-Windows-Sysmon/Operational","si-i-061ebfca0cf8b90c6.prd-p-s3zl2.splunkcloud.com",main,2,"""{"""""""":""""<_='://../////'><><_='--'_='{----}'/><></","{""_raw"":""<Event xmlns='http://schemas.microsoft.com/win/2004/08/events/event'><System><Provider Name='Microsoft-Windows-Sysmon' Guid='{5770385f-c22a-43e0-bf4c-06f5698ffbd9}'/><EventID>1</EventID><Version>5</Version><Level>4</Level><Task>1</Task><Opcode>0</Opcode><Keywords>0x8000000000000000</Keywords><TimeCreated SystemTime='2021-11-21T12:57:51.545042600Z'/><EventRecordID>9</EventRecordID><Correlation/><Execution ProcessID='1872' ThreadID='3648'/><Channel>Microsoft-Windows-Sysmon/Operational</Channel><Computer>DESKTOP-PC01</Computer><Security UserID='S-1-5-18'/></System><EventData><Data Name='RuleName'>-</Data><Data Name='UtcTime'>2021-11-21 12:57:50.681</Data><Data Name='ProcessGuid'>{10cf5a0f-424e-619a-b301-000000000700}</Data><Data Name='ProcessId'>5504</Data><Data Name='Image'>C:\\Program Files\\SplunkUniversalForwarder\\bin\\splunkd.exe</Data><Data Name='FileVersion'>8.2.3</Data><Data Name='Description'>splunkd service</Data><Data Name='Product'>splunk Application</Data><Data Name='Company'>Splunk Inc.</Data><Data Name='OriginalFileName'>splunkd.exe</Data><Data Name='CommandLine'>\""C:\\Program Files\\SplunkUniversalForwarder\\bin\\splunkd.exe\"" service</Data><Data Name='CurrentDirectory'>C:\\Windows\\system32\\</Data><Data Name='User'>NT AUTHORITY\\SYSTEM</Data><Data Name='LogonGuid'>{10cf5a0f-4043-619a-e703-000000000000}</Data><Data Name='LogonId'>0x3e7</Data><Data Name='TerminalSessionId'>0</Data><Data Name='IntegrityLevel'>System</Data><Data Name='Hashes'>MD5=FC2CD610B2772612181F2D47B3CA9046,SHA256=DD5EFB7850EE35D6DCFA52920A4903CE9B1D8DE44BF15B3B89DFCB7D0425C9BA,IMPHASH=4ECC46994D80B28878D10B74C732EB89</Data><Data Name='ParentProcessGuid'>{10cf5a0f-4043-619a-0b00-000000000700}</Data><Data Name='ParentProcessId'>672</Data><Data Name='ParentImage'>C:\\Windows\\System32\\services.exe</Data><Data Name='ParentCommandLine'>C:\\Windows\\system32\\services.exe</Data><Data Name='ParentUser'>NT AUTHORITY\\SYSTEM</Data></EventData></Event>"",""source"":""XmlWinEventLog:Microsoft-Windows-Sysmon/Operational"",""host"":{""name"":""DESKTOP-PC01""},""sourcetype"":""XmlWinEventLog:Microsoft-Windows-Sysmon/Operational"",""index"":""default"",""cribl_pipe"":""passthru"",""@timestamp"":""2021-12-01T16:54:05.379Z""}","sysmon_events_summary_upload.csv",csv,"si-i-061ebfca0cf8b90c6.prd-p-s3zl2.splunkcloud.com",,"2021-12-01T16:54:05.379Z
none","<Event xmlns='http://schemas.microsoft.com/win/2004/08/events/event'><System><Provider Name='Microsoft-Windows-Sysmon' Guid='{5770385f-c22a-43e0-bf4c-06f5698ffbd9}'/><EventID>1</EventID><Version>5</Version><Level>4</Level><Task>1</Task><Opcode>0</Opcode><Keywords>0x8000000000000000</Keywords><TimeCreated SystemTime='2021-11-21T12:57:51.545042600Z'/><EventRecordID>9</EventRecordID><Correlation/><Execution ProcessID='1872' ThreadID='3648'/><Channel>Microsoft-Windows-Sysmon/Operational</Channel><Computer>DESKTOP-PC01</Computer><Security UserID='S-1-5-18'/></System><EventData><Data Name='RuleName'>-</Data><Data Name='UtcTime'>2021-11-21 12:57:50.681</Data><Data Name='ProcessGuid'>{10cf5a0f-424e-619a-b301-000000000700}</Data><Data Name='ProcessId'>5504</Data><Data Name='Image'>C:\\Program Files\\SplunkUniversalForwarder\\bin\\splunkd.exe</Data><Data Name='FileVersion'>8.2.3</Data><Data Name='Description'>splunkd service</Data><Data Name='Product'>splunk Application</Data><Data Name='Company'>Splunk Inc.</Data><Data Name='OriginalFileName'>splunkd.exe</Data><Data Name='CommandLine'>\""""C:\\Program Files\\SplunkUniversalForwarder\\bin\\splunkd.exe\"""" service</Data><Data Name='CurrentDirectory'>C:\\Windows\\system32\\</Data><Data Name='User'>NT AUTHORITY\\SYSTEM</Data><Data Name='LogonGuid'>{10cf5a0f-4043-619a-e703-000000000000}</Data><Data Name='LogonId'>0x3e7</Data><Data Name='TerminalSessionId'>0</Data><Data Name='IntegrityLevel'>System</Data><Data Name='Hashes'>MD5=FC2CD610B2772612181F2D47B3CA9046,SHA256=DD5EFB7850EE35D6DCFA52920A4903CE9B1D8DE44BF15B3B89DFCB7D0425C9BA,IMPHASH=4ECC46994D80B28878D10B74C732EB89</Data><Data Name='ParentProcessGuid'>{10cf5a0f-4043-619a-0b00-000000000700}</Data><Data Name='ParentProcessId'>672</Data><Data Name='ParentImage'>C:\\Windows\\System32\\services.exe</Data><Data Name='ParentCommandLine'>C:\\Windows\\system32\\services.exe</Data><Data Name='ParentUser'>NT AUTHORITY\\SYSTEM</Data></EventData></Event>"
"Microsoft-Windows-Sysmon/Operational",,"DESKTOP-PC01",,,22,8,"http://schemas.microsoft.com/win/2004/08/events/event",1872,7904,"C:\\Windows\\SystemApps\\Microsoft.Windows.Cortana_cw5n1h2txyewy\\SearchUI.exe",0x8000000000000000,4,0,,,"{5770385f-c22a-43e0-bf4c-06f5698ffbd9}","Microsoft-Windows-Sysmon","S-1-5-18",,22,"2021-11-21T12:57:45.336971800Z","2021-11-21T12:57:45.336971800Z","2021-11-21 12:57:44.978",5,"""{""""_raw"""":""""<Event xmlns='http://schemas.microsoft.com/win/2004/08/events/event'><System><Provider Name='Microsoft-Windows-Sysmon' Guid='{5770385f-c22a-43e0-bf4c-06f5698ffbd9}'/><EventID>22</EventID><Version>5</Version><Level>4</Level><Task>22</Task><Opcode>0</Opcode><Keywords>0x8000000000000000</Keywords><TimeCreated SystemTime='2021-11-21T12:57:45.336971800Z'/><EventRecordID>8</EventRecordID><Correlation/><Execution ProcessID='1872' ThreadID='7904'/><Channel>Microsoft-Windows-Sysmon/Operational</Channel><Computer>DESKTOP-PC01</Computer><Security UserID='S-1-5-18'/></System><EventData><Data Name='RuleName'>-</Data><Data Name='UtcTime'>2021-11-21 12:57:44.978</Data><Data Name='ProcessGuid'>{10cf5a0f-4056-619a-5e00-000000000700}</Data><Data Name='ProcessId'>5148</Data><Data Name='QueryName'>fp-as-nocache.azureedge.net</Data><Data Name='QueryStatus'>0</Data><Data Name='QueryResults'>type:  5 fp-as-nocache.akstd.azureedge.net;type:  5 azureedge.mdc.akamaized.net;type:  5 a1879.dscw14.akamai.net;::ffff:46.42.84.137;::ffff:46.42.84.136;</Data><Data Name='Image'>C:\\Windows\\SystemApps\\Microsoft.Windows.Cortana_cw5n1h2txyewy\\SearchUI.exe</Data><Data Name='User'>DESKTOP-PC01\\pc01-user</Data></EventData></Event>"""",""""source"""":""""XmlWinEventLog:Microsoft-Windows-Sysmon/Operational"""",""""host"""":{""""name"""":""""DESKTOP-PC01""""},""""sourcetype"""":""""XmlWinEventLog:Microsoft-Windows-Sysmon/Operational"""",""""index"""":""""default"""",""""cribl_pipe"""":""""passthru"""",""""@timestamp"""":""""2021-12-01T16:54:05.379Z""""}"",""DESKTOP-PC01"",""sysmon_events.json
XmlWinEventLog:Microsoft-Windows-Sysmon/Operational"",22,""2021-11-21 12:57:44.978"",""2021-12-01T16:54:05.379Z"",""2021-11-21T12:57:45.336971800Z"",,,,""C:\Windows\SystemApps\Microsoft.Windows.Cortana_cw5n1h2txyewy\SearchUI.exe"",,,","2024-03-16T14:09:30.000+00:00",,"sysmon_events.json
XmlWinEventLog:Microsoft-Windows-Sysmon/Operational","si-i-061ebfca0cf8b90c6.prd-p-s3zl2.splunkcloud.com",main,2,"""{"""""""":""""<_='://../////'><><_='--'_='{----}'/><></","{""_raw"":""<Event xmlns='http://schemas.microsoft.com/win/2004/08/events/event'><System><Provider Name='Microsoft-Windows-Sysmon' Guid='{5770385f-c22a-43e0-bf4c-06f5698ffbd9}'/><EventID>22</EventID><Version>5</Version><Level>4</Level><Task>22</Task><Opcode>0</Opcode><Keywords>0x8000000000000000</Keywords><TimeCreated SystemTime='2021-11-21T12:57:45.336971800Z'/><EventRecordID>8</EventRecordID><Correlation/><Execution ProcessID='1872' ThreadID='7904'/><Channel>Microsoft-Windows-Sysmon/Operational</Channel><Computer>DESKTOP-PC01</Computer><Security UserID='S-1-5-18'/></System><EventData><Data Name='RuleName'>-</Data><Data Name='UtcTime'>2021-11-21 12:57:44.978</Data><Data Name='ProcessGuid'>{10cf5a0f-4056-619a-5e00-000000000700}</Data><Data Name='ProcessId'>5148</Data><Data Name='QueryName'>fp-as-nocache.azureedge.net</Data><Data Name='QueryStatus'>0</Data><Data Name='QueryResults'>type:  5 fp-as-nocache.akstd.azureedge.net;type:  5 azureedge.mdc.akamaized.net;type:  5 a1879.dscw14.akamai.net;::ffff:46.42.84.137;::ffff:46.42.84.136;</Data><Data Name='Image'>C:\\Windows\\SystemApps\\Microsoft.Windows.Cortana_cw5n1h2txyewy\\SearchUI.exe</Data><Data Name='User'>DESKTOP-PC01\\pc01-user</Data></EventData></Event>"",""source"":""XmlWinEventLog:Microsoft-Windows-Sysmon/Operational"",""host"":{""name"":""DESKTOP-PC01""},""sourcetype"":""XmlWinEventLog:Microsoft-Windows-Sysmon/Operational"",""index"":""default"",""cribl_pipe"":""passthru"",""@timestamp"":""2021-12-01T16:54:05.379Z""}","sysmon_events_summary_upload.csv",csv,"si-i-061ebfca0cf8b90c6.prd-p-s3zl2.splunkcloud.com",,"2021-12-01T16:54:05.379Z
none","<Event xmlns='http://schemas.microsoft.com/win/2004/08/events/event'><System><Provider Name='Microsoft-Windows-Sysmon' Guid='{5770385f-c22a-43e0-bf4c-06f5698ffbd9}'/><EventID>22</EventID><Version>5</Version><Level>4</Level><Task>22</Task><Opcode>0</Opcode><Keywords>0x8000000000000000</Keywords><TimeCreated SystemTime='2021-11-21T12:57:45.336971800Z'/><EventRecordID>8</EventRecordID><Correlation/><Execution ProcessID='1872' ThreadID='7904'/><Channel>Microsoft-Windows-Sysmon/Operational</Channel><Computer>DESKTOP-PC01</Computer><Security UserID='S-1-5-18'/></System><EventData><Data Name='RuleName'>-</Data><Data Name='UtcTime'>2021-11-21 12:57:44.978</Data><Data Name='ProcessGuid'>{10cf5a0f-4056-619a-5e00-000000000700}</Data><Data Name='ProcessId'>5148</Data><Data Name='QueryName'>fp-as-nocache.azureedge.net</Data><Data Name='QueryStatus'>0</Data><Data Name='QueryResults'>type:  5 fp-as-nocache.akstd.azureedge.net;type:  5 azureedge.mdc.akamaized.net;type:  5 a1879.dscw14.akamai.net;::ffff:46.42.84.137;::ffff:46.42.84.136;</Data><Data Name='Image'>C:\\Windows\\SystemApps\\Microsoft.Windows.Cortana_cw5n1h2txyewy\\SearchUI.exe</Data><Data Name='User'>DESKTOP-PC01\\pc01-user</Data></EventData></Event>"
"Microsoft-Windows-Sysmon/Operational","\""""C:\\Windows\\system32\\mmc.exe\"""" \""""C:\\Windows\\system32\\services.msc\"""" ","DESKTOP-PC01",,,1,7,"http://schemas.microsoft.com/win/2004/08/events/event",1872,3648,"C:\\Windows\\System32\\mmc.exe",0x8000000000000000,4,0,"C:\\Windows\\Explorer.EXE",,"{5770385f-c22a-43e0-bf4c-06f5698ffbd9}","Microsoft-Windows-Sysmon","S-1-5-18",,1,"2021-11-21T12:57:40.922960600Z","2021-11-21T12:57:40.922960600Z","2021-11-21 12:57:40.889",5,"""{""""_raw"""":""""<Event xmlns='http://schemas.microsoft.com/win/2004/08/events/event'><System><Provider Name='Microsoft-Windows-Sysmon' Guid='{5770385f-c22a-43e0-bf4c-06f5698ffbd9}'/><EventID>1</EventID><Version>5</Version><Level>4</Level><Task>1</Task><Opcode>0</Opcode><Keywords>0x8000000000000000</Keywords><TimeCreated SystemTime='2021-11-21T12:57:40.922960600Z'/><EventRecordID>7</EventRecordID><Correlation/><Execution ProcessID='1872' ThreadID='3648'/><Channel>Microsoft-Windows-Sysmon/Operational</Channel><Computer>DESKTOP-PC01</Computer><Security UserID='S-1-5-18'/></System><EventData><Data Name='RuleName'>-</Data><Data Name='UtcTime'>2021-11-21 12:57:40.889</Data><Data Name='ProcessGuid'>{10cf5a0f-4244-619a-b001-000000000700}</Data><Data Name='ProcessId'>5888</Data><Data Name='Image'>C:\\Windows\\System32\\mmc.exe</Data><Data Name='FileVersion'>10.0.18362.1 (WinBuild.160101.0800)</Data><Data Name='Description'>Microsoft Management Console</Data><Data Name='Product'>Microsoft® Windows® Operating System</Data><Data Name='Company'>Microsoft Corporation</Data><Data Name='OriginalFileName'>mmc.exe</Data><Data Name='CommandLine'>\""""C:\\Windows\\system32\\mmc.exe\"""" \""""C:\\Windows\\system32\\services.msc\"""" </Data><Data Name='CurrentDirectory'>C:\\Windows\\system32\\</Data><Data Name='User'>DESKTOP-PC01\\pc01-user</Data><Data Name='LogonGuid'>{10cf5a0f-4045-619a-7ba3-010000000000}</Data><Data Name='LogonId'>0x1a37b</Data><Data Name='TerminalSessionId'>1</Data><Data Name='IntegrityLevel'>High</Data><Data Name='Hashes'>MD5=26F0B79F5A4797E4D06D164E650FC872,SHA256=B0AD764277FB78DE24E0EF08E439A8E5690B11D91B8F772034D94315BF7B7E45,IMPHASH=6D8477830CFE8D50B7224D91F4DD7CB9</Data><Data Name='ParentProcessGuid'>{10cf5a0f-404e-619a-5400-000000000700}</Data><Data Name='ParentProcessId'>4692</Data><Data Name='ParentImage'>C:\\Windows\\explorer.exe</Data><Data Name='ParentCommandLine'>C:\\Windows\\Explorer.EXE</Data><Data Name='ParentUser'>DESKTOP-PC01\\pc01-user</Data></EventData></Event>"""",""""source"""":""""XmlWinEventLog:Microsoft-Windows-Sysmon/Operational"""",""""host"""":{""""name"""":""""DESKTOP-PC01""""},""""sourcetype"""":""""XmlWinEventLog:Microsoft-Windows-Sysmon/Operational"""",""""index"""":""""default"""",""""cribl_pipe"""":""""passthru"""",""""@timestamp"""":""""2021-12-01T16:54:05.379Z""""}"",""DESKTOP-PC01"",""sysmon_events.json
XmlWinEventLog:Microsoft-Windows-Sysmon/Operational"",1,""2021-11-21 12:57:40.889"",""2021-12-01T16:54:05.379Z"",""2021-11-21T12:57:40.922960600Z"",,,,""C:\Windows\System32\mmc.exe"",""""""C:\Windows\system32\mmc.exe"""" """"C:\Windows\system32\services.msc"""" "",""C:\Windows\Explorer.EXE"",","2024-03-16T14:09:30.000+00:00",,"sysmon_events.json
XmlWinEventLog:Microsoft-Windows-Sysmon/Operational","si-i-061ebfca0cf8b90c6.prd-p-s3zl2.splunkcloud.com",main,2,"""{"""""""":""""<_='://../////'><><_='--'_='{----}'/><></","{""_raw"":""<Event xmlns='http://schemas.microsoft.com/win/2004/08/events/event'><System><Provider Name='Microsoft-Windows-Sysmon' Guid='{5770385f-c22a-43e0-bf4c-06f5698ffbd9}'/><EventID>1</EventID><Version>5</Version><Level>4</Level><Task>1</Task><Opcode>0</Opcode><Keywords>0x8000000000000000</Keywords><TimeCreated SystemTime='2021-11-21T12:57:40.922960600Z'/><EventRecordID>7</EventRecordID><Correlation/><Execution ProcessID='1872' ThreadID='3648'/><Channel>Microsoft-Windows-Sysmon/Operational</Channel><Computer>DESKTOP-PC01</Computer><Security UserID='S-1-5-18'/></System><EventData><Data Name='RuleName'>-</Data><Data Name='UtcTime'>2021-11-21 12:57:40.889</Data><Data Name='ProcessGuid'>{10cf5a0f-4244-619a-b001-000000000700}</Data><Data Name='ProcessId'>5888</Data><Data Name='Image'>C:\\Windows\\System32\\mmc.exe</Data><Data Name='FileVersion'>10.0.18362.1 (WinBuild.160101.0800)</Data><Data Name='Description'>Microsoft Management Console</Data><Data Name='Product'>Microsoft® Windows® Operating System</Data><Data Name='Company'>Microsoft Corporation</Data><Data Name='OriginalFileName'>mmc.exe</Data><Data Name='CommandLine'>\""C:\\Windows\\system32\\mmc.exe\"" \""C:\\Windows\\system32\\services.msc\"" </Data><Data Name='CurrentDirectory'>C:\\Windows\\system32\\</Data><Data Name='User'>DESKTOP-PC01\\pc01-user</Data><Data Name='LogonGuid'>{10cf5a0f-4045-619a-7ba3-010000000000}</Data><Data Name='LogonId'>0x1a37b</Data><Data Name='TerminalSessionId'>1</Data><Data Name='IntegrityLevel'>High</Data><Data Name='Hashes'>MD5=26F0B79F5A4797E4D06D164E650FC872,SHA256=B0AD764277FB78DE24E0EF08E439A8E5690B11D91B8F772034D94315BF7B7E45,IMPHASH=6D8477830CFE8D50B7224D91F4DD7CB9</Data><Data Name='ParentProcessGuid'>{10cf5a0f-404e-619a-5400-000000000700}</Data><Data Name='ParentProcessId'>4692</Data><Data Name='ParentImage'>C:\\Windows\\explorer.exe</Data><Data Name='ParentCommandLine'>C:\\Windows\\Explorer.EXE</Data><Data Name='ParentUser'>DESKTOP-PC01\\pc01-user</Data></EventData></Event>"",""source"":""XmlWinEventLog:Microsoft-Windows-Sysmon/Operational"",""host"":{""name"":""DESKTOP-PC01""},""sourcetype"":""XmlWinEventLog:Microsoft-Windows-Sysmon/Operational"",""index"":""default"",""cribl_pipe"":""passthru"",""@timestamp"":""2021-12-01T16:54:05.379Z""}","sysmon_events_summary_upload.csv",csv,"si-i-061ebfca0cf8b90c6.prd-p-s3zl2.splunkcloud.com",,"2021-12-01T16:54:05.379Z
none","<Event xmlns='http://schemas.microsoft.com/win/2004/08/events/event'><System><Provider Name='Microsoft-Windows-Sysmon' Guid='{5770385f-c22a-43e0-bf4c-06f5698ffbd9}'/><EventID>1</EventID><Version>5</Version><Level>4</Level><Task>1</Task><Opcode>0</Opcode><Keywords>0x8000000000000000</Keywords><TimeCreated SystemTime='2021-11-21T12:57:40.922960600Z'/><EventRecordID>7</EventRecordID><Correlation/><Execution ProcessID='1872' ThreadID='3648'/><Channel>Microsoft-Windows-Sysmon/Operational</Channel><Computer>DESKTOP-PC01</Computer><Security UserID='S-1-5-18'/></System><EventData><Data Name='RuleName'>-</Data><Data Name='UtcTime'>2021-11-21 12:57:40.889</Data><Data Name='ProcessGuid'>{10cf5a0f-4244-619a-b001-000000000700}</Data><Data Name='ProcessId'>5888</Data><Data Name='Image'>C:\\Windows\\System32\\mmc.exe</Data><Data Name='FileVersion'>10.0.18362.1 (WinBuild.160101.0800)</Data><Data Name='Description'>Microsoft Management Console</Data><Data Name='Product'>Microsoft® Windows® Operating System</Data><Data Name='Company'>Microsoft Corporation</Data><Data Name='OriginalFileName'>mmc.exe</Data><Data Name='CommandLine'>\""""C:\\Windows\\system32\\mmc.exe\"""" \""""C:\\Windows\\system32\\services.msc\"""" </Data><Data Name='CurrentDirectory'>C:\\Windows\\system32\\</Data><Data Name='User'>DESKTOP-PC01\\pc01-user</Data><Data Name='LogonGuid'>{10cf5a0f-4045-619a-7ba3-010000000000}</Data><Data Name='LogonId'>0x1a37b</Data><Data Name='TerminalSessionId'>1</Data><Data Name='IntegrityLevel'>High</Data><Data Name='Hashes'>MD5=26F0B79F5A4797E4D06D164E650FC872,SHA256=B0AD764277FB78DE24E0EF08E439A8E5690B11D91B8F772034D94315BF7B7E45,IMPHASH=6D8477830CFE8D50B7224D91F4DD7CB9</Data><Data Name='ParentProcessGuid'>{10cf5a0f-404e-619a-5400-000000000700}</Data><Data Name='ParentProcessId'>4692</Data><Data Name='ParentImage'>C:\\Windows\\explorer.exe</Data><Data Name='ParentCommandLine'>C:\\Windows\\Explorer.EXE</Data><Data Name='ParentUser'>DESKTOP-PC01\\pc01-user</Data></EventData></Event>"
"Microsoft-Windows-Sysmon/Operational","consent.exe 484 422 00000190401A2040","DESKTOP-PC01",,,1,6,"http://schemas.microsoft.com/win/2004/08/events/event",1872,3648,"C:\\Windows\\System32\\consent.exe",0x8000000000000000,4,0,"C:\\Windows\\system32\\svchost.exe -k netsvcs -p",,"{5770385f-c22a-43e0-bf4c-06f5698ffbd9}","Microsoft-Windows-Sysmon","S-1-5-18",,1,"2021-11-21T12:57:40.496906500Z","2021-11-21T12:57:40.496906500Z","2021-11-21 12:57:40.486",5,"""{""""_raw"""":""""<Event xmlns='http://schemas.microsoft.com/win/2004/08/events/event'><System><Provider Name='Microsoft-Windows-Sysmon' Guid='{5770385f-c22a-43e0-bf4c-06f5698ffbd9}'/><EventID>1</EventID><Version>5</Version><Level>4</Level><Task>1</Task><Opcode>0</Opcode><Keywords>0x8000000000000000</Keywords><TimeCreated SystemTime='2021-11-21T12:57:40.496906500Z'/><EventRecordID>6</EventRecordID><Correlation/><Execution ProcessID='1872' ThreadID='3648'/><Channel>Microsoft-Windows-Sysmon/Operational</Channel><Computer>DESKTOP-PC01</Computer><Security UserID='S-1-5-18'/></System><EventData><Data Name='RuleName'>-</Data><Data Name='UtcTime'>2021-11-21 12:57:40.486</Data><Data Name='ProcessGuid'>{10cf5a0f-4244-619a-af01-000000000700}</Data><Data Name='ProcessId'>4872</Data><Data Name='Image'>C:\\Windows\\System32\\consent.exe</Data><Data Name='FileVersion'>10.0.18362.1 (WinBuild.160101.0800)</Data><Data Name='Description'>Consent UI for administrative applications</Data><Data Name='Product'>Microsoft® Windows® Operating System</Data><Data Name='Company'>Microsoft Corporation</Data><Data Name='OriginalFileName'>consent.exe</Data><Data Name='CommandLine'>consent.exe 484 422 00000190401A2040</Data><Data Name='CurrentDirectory'>C:\\Windows\\system32\\</Data><Data Name='User'>NT AUTHORITY\\SYSTEM</Data><Data Name='LogonGuid'>{10cf5a0f-4043-619a-e703-000000000000}</Data><Data Name='LogonId'>0x3e7</Data><Data Name='TerminalSessionId'>1</Data><Data Name='IntegrityLevel'>System</Data><Data Name='Hashes'>MD5=EE2A1C85C472F89B146CC8EE598CCCBC,SHA256=19FD0010DA92B654D1CA270247061A39EA13C0A58529FD8257A97E2EF7794911,IMPHASH=522D83761201075834F05037F5307949</Data><Data Name='ParentProcessGuid'>{10cf5a0f-4044-619a-1300-000000000700}</Data><Data Name='ParentProcessId'>484</Data><Data Name='ParentImage'>C:\\Windows\\System32\\svchost.exe</Data><Data Name='ParentCommandLine'>C:\\Windows\\system32\\svchost.exe -k netsvcs -p</Data><Data Name='ParentUser'>NT AUTHORITY\\SYSTEM</Data></EventData></Event>"""",""""source"""":""""XmlWinEventLog:Microsoft-Windows-Sysmon/Operational"""",""""host"""":{""""name"""":""""DESKTOP-PC01""""},""""sourcetype"""":""""XmlWinEventLog:Microsoft-Windows-Sysmon/Operational"""",""""index"""":""""default"""",""""cribl_pipe"""":""""passthru"""",""""@timestamp"""":""""2021-12-01T16:54:05.379Z""""}"",""DESKTOP-PC01"",""sysmon_events.json
XmlWinEventLog:Microsoft-Windows-Sysmon/Operational"",1,""2021-11-21 12:57:40.486"",""2021-12-01T16:54:05.379Z"",""2021-11-21T12:57:40.496906500Z"",,,,""C:\Windows\System32\consent.exe"",""consent.exe 484 422 00000190401A2040"",""C:\Windows\system32\svchost.exe -k netsvcs -p"",","2024-03-16T14:09:30.000+00:00",,"sysmon_events.json
XmlWinEventLog:Microsoft-Windows-Sysmon/Operational","si-i-061ebfca0cf8b90c6.prd-p-s3zl2.splunkcloud.com",main,2,"""{"""""""":""""<_='://../////'><><_='--'_='{----}'/><></","{""_raw"":""<Event xmlns='http://schemas.microsoft.com/win/2004/08/events/event'><System><Provider Name='Microsoft-Windows-Sysmon' Guid='{5770385f-c22a-43e0-bf4c-06f5698ffbd9}'/><EventID>1</EventID><Version>5</Version><Level>4</Level><Task>1</Task><Opcode>0</Opcode><Keywords>0x8000000000000000</Keywords><TimeCreated SystemTime='2021-11-21T12:57:40.496906500Z'/><EventRecordID>6</EventRecordID><Correlation/><Execution ProcessID='1872' ThreadID='3648'/><Channel>Microsoft-Windows-Sysmon/Operational</Channel><Computer>DESKTOP-PC01</Computer><Security UserID='S-1-5-18'/></System><EventData><Data Name='RuleName'>-</Data><Data Name='UtcTime'>2021-11-21 12:57:40.486</Data><Data Name='ProcessGuid'>{10cf5a0f-4244-619a-af01-000000000700}</Data><Data Name='ProcessId'>4872</Data><Data Name='Image'>C:\\Windows\\System32\\consent.exe</Data><Data Name='FileVersion'>10.0.18362.1 (WinBuild.160101.0800)</Data><Data Name='Description'>Consent UI for administrative applications</Data><Data Name='Product'>Microsoft® Windows® Operating System</Data><Data Name='Company'>Microsoft Corporation</Data><Data Name='OriginalFileName'>consent.exe</Data><Data Name='CommandLine'>consent.exe 484 422 00000190401A2040</Data><Data Name='CurrentDirectory'>C:\\Windows\\system32\\</Data><Data Name='User'>NT AUTHORITY\\SYSTEM</Data><Data Name='LogonGuid'>{10cf5a0f-4043-619a-e703-000000000000}</Data><Data Name='LogonId'>0x3e7</Data><Data Name='TerminalSessionId'>1</Data><Data Name='IntegrityLevel'>System</Data><Data Name='Hashes'>MD5=EE2A1C85C472F89B146CC8EE598CCCBC,SHA256=19FD0010DA92B654D1CA270247061A39EA13C0A58529FD8257A97E2EF7794911,IMPHASH=522D83761201075834F05037F5307949</Data><Data Name='ParentProcessGuid'>{10cf5a0f-4044-619a-1300-000000000700}</Data><Data Name='ParentProcessId'>484</Data><Data Name='ParentImage'>C:\\Windows\\System32\\svchost.exe</Data><Data Name='ParentCommandLine'>C:\\Windows\\system32\\svchost.exe -k netsvcs -p</Data><Data Name='ParentUser'>NT AUTHORITY\\SYSTEM</Data></EventData></Event>"",""source"":""XmlWinEventLog:Microsoft-Windows-Sysmon/Operational"",""host"":{""name"":""DESKTOP-PC01""},""sourcetype"":""XmlWinEventLog:Microsoft-Windows-Sysmon/Operational"",""index"":""default"",""cribl_pipe"":""passthru"",""@timestamp"":""2021-12-01T16:54:05.379Z""}","sysmon_events_summary_upload.csv",csv,"si-i-061ebfca0cf8b90c6.prd-p-s3zl2.splunkcloud.com",,"2021-12-01T16:54:05.379Z
none","<Event xmlns='http://schemas.microsoft.com/win/2004/08/events/event'><System><Provider Name='Microsoft-Windows-Sysmon' Guid='{5770385f-c22a-43e0-bf4c-06f5698ffbd9}'/><EventID>1</EventID><Version>5</Version><Level>4</Level><Task>1</Task><Opcode>0</Opcode><Keywords>0x8000000000000000</Keywords><TimeCreated SystemTime='2021-11-21T12:57:40.496906500Z'/><EventRecordID>6</EventRecordID><Correlation/><Execution ProcessID='1872' ThreadID='3648'/><Channel>Microsoft-Windows-Sysmon/Operational</Channel><Computer>DESKTOP-PC01</Computer><Security UserID='S-1-5-18'/></System><EventData><Data Name='RuleName'>-</Data><Data Name='UtcTime'>2021-11-21 12:57:40.486</Data><Data Name='ProcessGuid'>{10cf5a0f-4244-619a-af01-000000000700}</Data><Data Name='ProcessId'>4872</Data><Data Name='Image'>C:\\Windows\\System32\\consent.exe</Data><Data Name='FileVersion'>10.0.18362.1 (WinBuild.160101.0800)</Data><Data Name='Description'>Consent UI for administrative applications</Data><Data Name='Product'>Microsoft® Windows® Operating System</Data><Data Name='Company'>Microsoft Corporation</Data><Data Name='OriginalFileName'>consent.exe</Data><Data Name='CommandLine'>consent.exe 484 422 00000190401A2040</Data><Data Name='CurrentDirectory'>C:\\Windows\\system32\\</Data><Data Name='User'>NT AUTHORITY\\SYSTEM</Data><Data Name='LogonGuid'>{10cf5a0f-4043-619a-e703-000000000000}</Data><Data Name='LogonId'>0x3e7</Data><Data Name='TerminalSessionId'>1</Data><Data Name='IntegrityLevel'>System</Data><Data Name='Hashes'>MD5=EE2A1C85C472F89B146CC8EE598CCCBC,SHA256=19FD0010DA92B654D1CA270247061A39EA13C0A58529FD8257A97E2EF7794911,IMPHASH=522D83761201075834F05037F5307949</Data><Data Name='ParentProcessGuid'>{10cf5a0f-4044-619a-1300-000000000700}</Data><Data Name='ParentProcessId'>484</Data><Data Name='ParentImage'>C:\\Windows\\System32\\svchost.exe</Data><Data Name='ParentCommandLine'>C:\\Windows\\system32\\svchost.exe -k netsvcs -p</Data><Data Name='ParentUser'>NT AUTHORITY\\SYSTEM</Data></EventData></Event>"
"Microsoft-Windows-Sysmon/Operational",,"DESKTOP-PC01",,,5,5,"http://schemas.microsoft.com/win/2004/08/events/event",1872,3648,"C:\\Users\\pc01-user\\Downloads\\Sysmon64.exe",0x8000000000000000,4,0,,,"{5770385f-c22a-43e0-bf4c-06f5698ffbd9}","Microsoft-Windows-Sysmon","S-1-5-18",,5,"2021-11-21T12:57:33.065789500Z","2021-11-21T12:57:33.065789500Z","2021-11-21 12:57:33.059",3,"""{""""_raw"""":""""<Event xmlns='http://schemas.microsoft.com/win/2004/08/events/event'><System><Provider Name='Microsoft-Windows-Sysmon' Guid='{5770385f-c22a-43e0-bf4c-06f5698ffbd9}'/><EventID>5</EventID><Version>3</Version><Level>4</Level><Task>5</Task><Opcode>0</Opcode><Keywords>0x8000000000000000</Keywords><TimeCreated SystemTime='2021-11-21T12:57:33.065789500Z'/><EventRecordID>5</EventRecordID><Correlation/><Execution ProcessID='1872' ThreadID='3648'/><Channel>Microsoft-Windows-Sysmon/Operational</Channel><Computer>DESKTOP-PC01</Computer><Security UserID='S-1-5-18'/></System><EventData><Data Name='RuleName'>-</Data><Data Name='UtcTime'>2021-11-21 12:57:33.059</Data><Data Name='ProcessGuid'>{10cf5a0f-4237-619a-a201-000000000700}</Data><Data Name='ProcessId'>7336</Data><Data Name='Image'>C:\\Users\\pc01-user\\Downloads\\Sysmon64.exe</Data><Data Name='User'>DESKTOP-PC01\\pc01-user</Data></EventData></Event>"""",""""source"""":""""XmlWinEventLog:Microsoft-Windows-Sysmon/Operational"""",""""host"""":{""""name"""":""""DESKTOP-PC01""""},""""sourcetype"""":""""XmlWinEventLog:Microsoft-Windows-Sysmon/Operational"""",""""index"""":""""default"""",""""cribl_pipe"""":""""passthru"""",""""@timestamp"""":""""2021-12-01T16:54:05.379Z""""}"",""DESKTOP-PC01"",""sysmon_events.json
XmlWinEventLog:Microsoft-Windows-Sysmon/Operational"",5,""2021-11-21 12:57:33.059"",""2021-12-01T16:54:05.379Z"",""2021-11-21T12:57:33.065789500Z"",,,,""C:\Users\pc01-user\Downloads\Sysmon64.exe"",,,","2024-03-16T14:09:30.000+00:00",,"sysmon_events.json
XmlWinEventLog:Microsoft-Windows-Sysmon/Operational","si-i-061ebfca0cf8b90c6.prd-p-s3zl2.splunkcloud.com",main,2,"""{"""""""":""""<_='://../////'><><_='--'_='{----}'/><></","{""_raw"":""<Event xmlns='http://schemas.microsoft.com/win/2004/08/events/event'><System><Provider Name='Microsoft-Windows-Sysmon' Guid='{5770385f-c22a-43e0-bf4c-06f5698ffbd9}'/><EventID>5</EventID><Version>3</Version><Level>4</Level><Task>5</Task><Opcode>0</Opcode><Keywords>0x8000000000000000</Keywords><TimeCreated SystemTime='2021-11-21T12:57:33.065789500Z'/><EventRecordID>5</EventRecordID><Correlation/><Execution ProcessID='1872' ThreadID='3648'/><Channel>Microsoft-Windows-Sysmon/Operational</Channel><Computer>DESKTOP-PC01</Computer><Security UserID='S-1-5-18'/></System><EventData><Data Name='RuleName'>-</Data><Data Name='UtcTime'>2021-11-21 12:57:33.059</Data><Data Name='ProcessGuid'>{10cf5a0f-4237-619a-a201-000000000700}</Data><Data Name='ProcessId'>7336</Data><Data Name='Image'>C:\\Users\\pc01-user\\Downloads\\Sysmon64.exe</Data><Data Name='User'>DESKTOP-PC01\\pc01-user</Data></EventData></Event>"",""source"":""XmlWinEventLog:Microsoft-Windows-Sysmon/Operational"",""host"":{""name"":""DESKTOP-PC01""},""sourcetype"":""XmlWinEventLog:Microsoft-Windows-Sysmon/Operational"",""index"":""default"",""cribl_pipe"":""passthru"",""@timestamp"":""2021-12-01T16:54:05.379Z""}","sysmon_events_summary_upload.csv",csv,"si-i-061ebfca0cf8b90c6.prd-p-s3zl2.splunkcloud.com",,"2021-12-01T16:54:05.379Z
none","<Event xmlns='http://schemas.microsoft.com/win/2004/08/events/event'><System><Provider Name='Microsoft-Windows-Sysmon' Guid='{5770385f-c22a-43e0-bf4c-06f5698ffbd9}'/><EventID>5</EventID><Version>3</Version><Level>4</Level><Task>5</Task><Opcode>0</Opcode><Keywords>0x8000000000000000</Keywords><TimeCreated SystemTime='2021-11-21T12:57:33.065789500Z'/><EventRecordID>5</EventRecordID><Correlation/><Execution ProcessID='1872' ThreadID='3648'/><Channel>Microsoft-Windows-Sysmon/Operational</Channel><Computer>DESKTOP-PC01</Computer><Security UserID='S-1-5-18'/></System><EventData><Data Name='RuleName'>-</Data><Data Name='UtcTime'>2021-11-21 12:57:33.059</Data><Data Name='ProcessGuid'>{10cf5a0f-4237-619a-a201-000000000700}</Data><Data Name='ProcessId'>7336</Data><Data Name='Image'>C:\\Users\\pc01-user\\Downloads\\Sysmon64.exe</Data><Data Name='User'>DESKTOP-PC01\\pc01-user</Data></EventData></Event>"
"Microsoft-Windows-Sysmon/Operational","C:\\Windows\\system32\\wbem\\unsecapp.exe -Embedding","DESKTOP-PC01",,,1,4,"http://schemas.microsoft.com/win/2004/08/events/event",1872,3648,"C:\\Windows\\System32\\wbem\\unsecapp.exe",0x8000000000000000,4,0,"C:\\Windows\\system32\\svchost.exe -k DcomLaunch -p",,"{5770385f-c22a-43e0-bf4c-06f5698ffbd9}","Microsoft-Windows-Sysmon","S-1-5-18",,1,"2021-11-21T12:57:32.392371800Z","2021-11-21T12:57:32.392371800Z","2021-11-21 12:57:32.228",5,"""{""""_raw"""":""""<Event xmlns='http://schemas.microsoft.com/win/2004/08/events/event'><System><Provider Name='Microsoft-Windows-Sysmon' Guid='{5770385f-c22a-43e0-bf4c-06f5698ffbd9}'/><EventID>1</EventID><Version>5</Version><Level>4</Level><Task>1</Task><Opcode>0</Opcode><Keywords>0x8000000000000000</Keywords><TimeCreated SystemTime='2021-11-21T12:57:32.392371800Z'/><EventRecordID>4</EventRecordID><Correlation/><Execution ProcessID='1872' ThreadID='3648'/><Channel>Microsoft-Windows-Sysmon/Operational</Channel><Computer>DESKTOP-PC01</Computer><Security UserID='S-1-5-18'/></System><EventData><Data Name='RuleName'>-</Data><Data Name='UtcTime'>2021-11-21 12:57:32.228</Data><Data Name='ProcessGuid'>{10cf5a0f-423c-619a-ad01-000000000700}</Data><Data Name='ProcessId'>1060</Data><Data Name='Image'>C:\\Windows\\System32\\wbem\\unsecapp.exe</Data><Data Name='FileVersion'>10.0.18362.1 (WinBuild.160101.0800)</Data><Data Name='Description'>Sink to receive asynchronous callbacks for WMI client application</Data><Data Name='Product'>Microsoft® Windows® Operating System</Data><Data Name='Company'>Microsoft Corporation</Data><Data Name='OriginalFileName'>unsecapp.dll</Data><Data Name='CommandLine'>C:\\Windows\\system32\\wbem\\unsecapp.exe -Embedding</Data><Data Name='CurrentDirectory'>C:\\Windows\\system32\\</Data><Data Name='User'>NT AUTHORITY\\SYSTEM</Data><Data Name='LogonGuid'>{10cf5a0f-4043-619a-e703-000000000000}</Data><Data Name='LogonId'>0x3e7</Data><Data Name='TerminalSessionId'>0</Data><Data Name='IntegrityLevel'>System</Data><Data Name='Hashes'>MD5=BCA5CED790B8E6A422F2ACA1EC0644BC,SHA256=BF2DD57424661710A5DB7EAA5574510179489BE9002C964F28F6331546D087BB,IMPHASH=87E54E3D04D772F26002D8B564B2426C</Data><Data Name='ParentProcessGuid'>{10cf5a0f-4043-619a-0d00-000000000700}</Data><Data Name='ParentProcessId'>796</Data><Data Name='ParentImage'>C:\\Windows\\System32\\svchost.exe</Data><Data Name='ParentCommandLine'>C:\\Windows\\system32\\svchost.exe -k DcomLaunch -p</Data><Data Name='ParentUser'>NT AUTHORITY\\SYSTEM</Data></EventData></Event>"""",""""source"""":""""XmlWinEventLog:Microsoft-Windows-Sysmon/Operational"""",""""host"""":{""""name"""":""""DESKTOP-PC01""""},""""sourcetype"""":""""XmlWinEventLog:Microsoft-Windows-Sysmon/Operational"""",""""index"""":""""default"""",""""cribl_pipe"""":""""passthru"""",""""@timestamp"""":""""2021-12-01T16:54:05.379Z""""}"",""DESKTOP-PC01"",""sysmon_events.json
XmlWinEventLog:Microsoft-Windows-Sysmon/Operational"",1,""2021-11-21 12:57:32.228"",""2021-12-01T16:54:05.379Z"",""2021-11-21T12:57:32.392371800Z"",,,,""C:\Windows\System32\wbem\unsecapp.exe"",""C:\Windows\system32\wbem\unsecapp.exe -Embedding"",""C:\Windows\system32\svchost.exe -k DcomLaunch -p"",","2024-03-16T14:09:30.000+00:00",,"sysmon_events.json
XmlWinEventLog:Microsoft-Windows-Sysmon/Operational","si-i-061ebfca0cf8b90c6.prd-p-s3zl2.splunkcloud.com",main,2,"""{"""""""":""""<_='://../////'><><_='--'_='{----}'/><></","{""_raw"":""<Event xmlns='http://schemas.microsoft.com/win/2004/08/events/event'><System><Provider Name='Microsoft-Windows-Sysmon' Guid='{5770385f-c22a-43e0-bf4c-06f5698ffbd9}'/><EventID>1</EventID><Version>5</Version><Level>4</Level><Task>1</Task><Opcode>0</Opcode><Keywords>0x8000000000000000</Keywords><TimeCreated SystemTime='2021-11-21T12:57:32.392371800Z'/><EventRecordID>4</EventRecordID><Correlation/><Execution ProcessID='1872' ThreadID='3648'/><Channel>Microsoft-Windows-Sysmon/Operational</Channel><Computer>DESKTOP-PC01</Computer><Security UserID='S-1-5-18'/></System><EventData><Data Name='RuleName'>-</Data><Data Name='UtcTime'>2021-11-21 12:57:32.228</Data><Data Name='ProcessGuid'>{10cf5a0f-423c-619a-ad01-000000000700}</Data><Data Name='ProcessId'>1060</Data><Data Name='Image'>C:\\Windows\\System32\\wbem\\unsecapp.exe</Data><Data Name='FileVersion'>10.0.18362.1 (WinBuild.160101.0800)</Data><Data Name='Description'>Sink to receive asynchronous callbacks for WMI client application</Data><Data Name='Product'>Microsoft® Windows® Operating System</Data><Data Name='Company'>Microsoft Corporation</Data><Data Name='OriginalFileName'>unsecapp.dll</Data><Data Name='CommandLine'>C:\\Windows\\system32\\wbem\\unsecapp.exe -Embedding</Data><Data Name='CurrentDirectory'>C:\\Windows\\system32\\</Data><Data Name='User'>NT AUTHORITY\\SYSTEM</Data><Data Name='LogonGuid'>{10cf5a0f-4043-619a-e703-000000000000}</Data><Data Name='LogonId'>0x3e7</Data><Data Name='TerminalSessionId'>0</Data><Data Name='IntegrityLevel'>System</Data><Data Name='Hashes'>MD5=BCA5CED790B8E6A422F2ACA1EC0644BC,SHA256=BF2DD57424661710A5DB7EAA5574510179489BE9002C964F28F6331546D087BB,IMPHASH=87E54E3D04D772F26002D8B564B2426C</Data><Data Name='ParentProcessGuid'>{10cf5a0f-4043-619a-0d00-000000000700}</Data><Data Name='ParentProcessId'>796</Data><Data Name='ParentImage'>C:\\Windows\\System32\\svchost.exe</Data><Data Name='ParentCommandLine'>C:\\Windows\\system32\\svchost.exe -k DcomLaunch -p</Data><Data Name='ParentUser'>NT AUTHORITY\\SYSTEM</Data></EventData></Event>"",""source"":""XmlWinEventLog:Microsoft-Windows-Sysmon/Operational"",""host"":{""name"":""DESKTOP-PC01""},""sourcetype"":""XmlWinEventLog:Microsoft-Windows-Sysmon/Operational"",""index"":""default"",""cribl_pipe"":""passthru"",""@timestamp"":""2021-12-01T16:54:05.379Z""}","sysmon_events_summary_upload.csv",csv,"si-i-061ebfca0cf8b90c6.prd-p-s3zl2.splunkcloud.com",,"2021-12-01T16:54:05.379Z
none","<Event xmlns='http://schemas.microsoft.com/win/2004/08/events/event'><System><Provider Name='Microsoft-Windows-Sysmon' Guid='{5770385f-c22a-43e0-bf4c-06f5698ffbd9}'/><EventID>1</EventID><Version>5</Version><Level>4</Level><Task>1</Task><Opcode>0</Opcode><Keywords>0x8000000000000000</Keywords><TimeCreated SystemTime='2021-11-21T12:57:32.392371800Z'/><EventRecordID>4</EventRecordID><Correlation/><Execution ProcessID='1872' ThreadID='3648'/><Channel>Microsoft-Windows-Sysmon/Operational</Channel><Computer>DESKTOP-PC01</Computer><Security UserID='S-1-5-18'/></System><EventData><Data Name='RuleName'>-</Data><Data Name='UtcTime'>2021-11-21 12:57:32.228</Data><Data Name='ProcessGuid'>{10cf5a0f-423c-619a-ad01-000000000700}</Data><Data Name='ProcessId'>1060</Data><Data Name='Image'>C:\\Windows\\System32\\wbem\\unsecapp.exe</Data><Data Name='FileVersion'>10.0.18362.1 (WinBuild.160101.0800)</Data><Data Name='Description'>Sink to receive asynchronous callbacks for WMI client application</Data><Data Name='Product'>Microsoft® Windows® Operating System</Data><Data Name='Company'>Microsoft Corporation</Data><Data Name='OriginalFileName'>unsecapp.dll</Data><Data Name='CommandLine'>C:\\Windows\\system32\\wbem\\unsecapp.exe -Embedding</Data><Data Name='CurrentDirectory'>C:\\Windows\\system32\\</Data><Data Name='User'>NT AUTHORITY\\SYSTEM</Data><Data Name='LogonGuid'>{10cf5a0f-4043-619a-e703-000000000000}</Data><Data Name='LogonId'>0x3e7</Data><Data Name='TerminalSessionId'>0</Data><Data Name='IntegrityLevel'>System</Data><Data Name='Hashes'>MD5=BCA5CED790B8E6A422F2ACA1EC0644BC,SHA256=BF2DD57424661710A5DB7EAA5574510179489BE9002C964F28F6331546D087BB,IMPHASH=87E54E3D04D772F26002D8B564B2426C</Data><Data Name='ParentProcessGuid'>{10cf5a0f-4043-619a-0d00-000000000700}</Data><Data Name='ParentProcessId'>796</Data><Data Name='ParentImage'>C:\\Windows\\System32\\svchost.exe</Data><Data Name='ParentCommandLine'>C:\\Windows\\system32\\svchost.exe -k DcomLaunch -p</Data><Data Name='ParentUser'>NT AUTHORITY\\SYSTEM</Data></EventData></Event>"
