rce"":""XmlWinEventLog:Microsoft-Windows-Sysmon/Operational"",""host"":{""name"":""DESKTOP-PC01""},""sourcetype"":""XmlWinEventLog:Microsoft-Windows-Sysmon/Operational"",""index"":""default"",""cribl_pipe"":""passthru"",""@timestamp"":""2021-12-01T16:55:35.179Z""}","sysmon_events_summary_upload.csv",csv,"si-i-061ebfca0cf8b90c6.prd-p-s3zl2.splunkcloud.com",,"2021-12-01T16:55:35.179Z
none","<Event xmlns='http://schemas.microsoft.com/win/2004/08/events/event'><System><Provider Name='Microsoft-Windows-Sysmon' Guid='{5770385f-c22a-43e0-bf4c-06f5698ffbd9}'/><EventID>1</EventID><Version>5</Version><Level>4</Level><Task>1</Task><Opcode>0</Opcode><Keywords>0x8000000000000000</Keywords><TimeCreated SystemTime='2021-11-21T13:02:17.391521100Z'/><EventRecordID>294</EventRecordID><Correlation/><Execution ProcessID='1872' ThreadID='3648'/><Channel>Microsoft-Windows-Sysmon/Operational</Channel><Computer>DESKTOP-PC01</Computer><Security UserID='S-1-5-18'/></System><EventData><Data Name='RuleName'>-</Data><Data Name='UtcTime'>2021-11-21 13:02:17.356</Data><Data Name='ProcessGuid'>{10cf5a0f-4359-619a-1402-000000000700}</Data><Data Name='ProcessId'>5756</Data><Data Name='Image'>C:\\Program Files\\Microsoft Office\\Office14\\WINWORD.EXE</Data><Data Name='FileVersion'>14.0.4762.1000</Data><Data Name='Description'>Microsoft Word</Data><Data Name='Product'>Microsoft Office 2010</Data><Data Name='Company'>Microsoft Corporation</Data><Data Name='OriginalFileName'>WinWord.exe</Data><Data Name='CommandLine'>\""""C:\\Program Files\\Microsoft Office\\Office14\\WINWORD.EXE\"""" /n \""""C:\\Users\\pc01-user\\Downloads\\critical_list.doc\""""</Data><Data Name='CurrentDirectory'>C:\\Users\\pc01-user\\Downloads\\</Data><Data Name='User'>DESKTOP-PC01\\pc01-user</Data><Data Name='LogonGuid'>{10cf5a0f-4045-619a-54a4-010000000000}</Data><Data Name='LogonId'>0x1a454</Data><Data Name='TerminalSessionId'>1</Data><Data Name='IntegrityLevel'>Medium</Data><Data Name='Hashes'>MD5=9C82A9B1BD5C42B62B9AA2657B042819,SHA256=C0A081E6D5E0279BE4503F26F0B01BCEDEEBF1DFB95FCBE4FB935F881D111DA0,IMPHASH=95F22E616B94E4C93D5CCC1BBF0EC78B</Data><Data Name='ParentProcessGuid'>{10cf5a0f-404e-619a-5400-000000000700}</Data><Data Name='ParentProcessId'>4692</Data><Data Name='ParentImage'>C:\\Windows\\explorer.exe</Data><Data Name='ParentCommandLine'>C:\\Windows\\Explorer.EXE</Data><Data Name='ParentUser'>DESKTOP-PC01\\pc01-user</Data></EventData></Event>"
"Microsoft-Windows-Sysmon/Operational",,"DESKTOP-PC01",,,13,293,"http://schemas.microsoft.com/win/2004/08/events/event",1872,3648,"C:\\Windows\\Explorer.EXE",0x8000000000000000,4,0,,,"{5770385f-c22a-43e0-bf4c-06f5698ffbd9}","Microsoft-Windows-Sysmon","S-1-5-18",,13,"2021-11-21T13:02:16.827549100Z","2021-11-21T13:02:16.827549100Z","2021-11-21 13:02:16.824",2,"""{""""_raw"""":""""<Event xmlns='http://schemas.microsoft.com/win/2004/08/events/event'><System><Provider Name='Microsoft-Windows-Sysmon' Guid='{5770385f-c22a-43e0-bf4c-06f5698ffbd9}'/><EventID>13</EventID><Version>2</Version><Level>4</Level><Task>13</Task><Opcode>0</Opcode><Keywords>0x8000000000000000</Keywords><TimeCreated SystemTime='2021-11-21T13:02:16.827549100Z'/><EventRecordID>293</EventRecordID><Correlation/><Execution ProcessID='1872' ThreadID='3648'/><Channel>Microsoft-Windows-Sysmon/Operational</Channel><Computer>DESKTOP-PC01</Computer><Security UserID='S-1-5-18'/></System><EventData><Data Name='RuleName'>-</Data><Data Name='EventType'>SetValue</Data><Data Name='UtcTime'>2021-11-21 13:02:16.824</Data><Data Name='ProcessGuid'>{10cf5a0f-404e-619a-5400-000000000700}</Data><Data Name='ProcessId'>4692</Data><Data Name='Image'>C:\\Windows\\Explorer.EXE</Data><Data Name='TargetObject'>HKU\\S-1-5-21-789985733-1868513186-3804096106-1000\\Software\\Microsoft\\Windows\\CurrentVersion\\Shell Extensions\\Cached\\{97E467B4-98C6-4F19-9588-161B7773D6F6} {886D8EEB-8CF2-4446-8D02-CDBA1DBDCF99} 0xFFFF</Data><Data Name='Details'>Binary Data</Data><Data Name='User'>DESKTOP-PC01\\pc01-user</Data></EventData></Event>"""",""""source"""":""""XmlWinEventLog:Microsoft-Windows-Sysmon/Operational"""",""""host"""":{""""name"""":""""DESKTOP-PC01""""},""""sourcetype"""":""""XmlWinEventLog:Microsoft-Windows-Sysmon/Operational"""",""""index"""":""""default"""",""""cribl_pipe"""":""""passthru"""",""""@timestamp"""":""""2021-12-01T16:55:35.179Z""""}"",""DESKTOP-PC01"",""sysmon_events.json
XmlWinEventLog:Microsoft-Windows-Sysmon/Operational"",13,""2021-11-21 13:02:16.824"",""2021-12-01T16:55:35.179Z"",""2021-11-21T13:02:16.827549100Z"",,,,""C:\Windows\Explorer.EXE"",,,","2024-03-16T14:09:30.000+00:00",,"sysmon_events.json
XmlWinEventLog:Microsoft-Windows-Sysmon/Operational","si-i-061ebfca0cf8b90c6.prd-p-s3zl2.splunkcloud.com",main,2,"""{"""""""":""""<_='://../////'><><_='--'_='{----}'/><></","{""_raw"":""<Event xmlns='http://schemas.microsoft.com/win/2004/08/events/event'><System><Provider Name='Microsoft-Windows-Sysmon' Guid='{5770385f-c22a-43e0-bf4c-06f5698ffbd9}'/><EventID>13</EventID><Version>2</Version><Level>4</Level><Task>13</Task><Opcode>0</Opcode><Keywords>0x8000000000000000</Keywords><TimeCreated SystemTime='2021-11-21T13:02:16.827549100Z'/><EventRecordID>293</EventRecordID><Correlation/><Execution ProcessID='1872' ThreadID='3648'/><Channel>Microsoft-Windows-Sysmon/Operational</Channel><Computer>DESKTOP-PC01</Computer><Security UserID='S-1-5-18'/></System><EventData><Data Name='RuleName'>-</Data><Data Name='EventType'>SetValue</Data><Data Name='UtcTime'>2021-11-21 13:02:16.824</Data><Data Name='ProcessGuid'>{10cf5a0f-404e-619a-5400-000000000700}</Data><Data Name='ProcessId'>4692</Data><Data Name='Image'>C:\\Windows\\Explorer.EXE</Data><Data Name='TargetObject'>HKU\\S-1-5-21-789985733-1868513186-3804096106-1000\\Software\\Microsoft\\Windows\\CurrentVersion\\Shell Extensions\\Cached\\{97E467B4-98C6-4F19-9588-161B7773D6F6} {886D8EEB-8CF2-4446-8D02-CDBA1DBDCF99} 0xFFFF</Data><Data Name='Details'>Binary Data</Data><Data Name='User'>DESKTOP-PC01\\pc01-user</Data></EventData></Event>"",""source"":""XmlWinEventLog:Microsoft-Windows-Sysmon/Operational"",""host"":{""name"":""DESKTOP-PC01""},""sourcetype"":""XmlWinEventLog:Microsoft-Windows-Sysmon/Operational"",""index"":""default"",""cribl_pipe"":""passthru"",""@timestamp"":""2021-12-01T16:55:35.179Z""}","sysmon_events_summary_upload.csv",csv,"si-i-061ebfca0cf8b90c6.prd-p-s3zl2.splunkcloud.com",,"2021-12-01T16:55:35.179Z
none","<Event xmlns='http://schemas.microsoft.com/win/2004/08/events/event'><System><Provider Name='Microsoft-Windows-Sysmon' Guid='{5770385f-c22a-43e0-bf4c-06f5698ffbd9}'/><EventID>13</EventID><Version>2</Version><Level>4</Level><Task>13</Task><Opcode>0</Opcode><Keywords>0x8000000000000000</Keywords><TimeCreated SystemTime='2021-11-21T13:02:16.827549100Z'/><EventRecordID>293</EventRecordID><Correlation/><Execution ProcessID='1872' ThreadID='3648'/><Channel>Microsoft-Windows-Sysmon/Operational</Channel><Computer>DESKTOP-PC01</Computer><Security UserID='S-1-5-18'/></System><EventData><Data Name='RuleName'>-</Data><Data Name='EventType'>SetValue</Data><Data Name='UtcTime'>2021-11-21 13:02:16.824</Data><Data Name='ProcessGuid'>{10cf5a0f-404e-619a-5400-000000000700}</Data><Data Name='ProcessId'>4692</Data><Data Name='Image'>C:\\Windows\\Explorer.EXE</Data><Data Name='TargetObject'>HKU\\S-1-5-21-789985733-1868513186-3804096106-1000\\Software\\Microsoft\\Windows\\CurrentVersion\\Shell Extensions\\Cached\\{97E467B4-98C6-4F19-9588-161B7773D6F6} {886D8EEB-8CF2-4446-8D02-CDBA1DBDCF99} 0xFFFF</Data><Data Name='Details'>Binary Data</Data><Data Name='User'>DESKTOP-PC01\\pc01-user</Data></EventData></Event>"
"Microsoft-Windows-Sysmon/Operational","\""""C:\\Program Files\\SplunkUniversalForwarder\\bin\\splunk-winprintmon.exe\""""","DESKTOP-PC01",,,1,292,"http://schemas.microsoft.com/win/2004/08/events/event",1872,3648,"C:\\Program Files\\SplunkUniversalForwarder\\bin\\splunk-winprintmon.exe",0x8000000000000000,4,0,"\""""C:\\Program Files\\SplunkUniversalForwarder\\bin\\splunkd.exe\"""" service",,"{5770385f-c22a-43e0-bf4c-06f5698ffbd9}","Microsoft-Windows-Sysmon","S-1-5-18",,1,"2021-11-21T13:02:15.631597900Z","2021-11-21T13:02:15.631597900Z","2021-11-21 13:02:15.526",5,"""{""""_raw"""":""""<Event xmlns='http://schemas.microsoft.com/win/2004/08/events/event'><System><Provider Name='Microsoft-Windows-Sysmon' Guid='{5770385f-c22a-43e0-bf4c-06f5698ffbd9}'/><EventID>1</EventID><Version>5</Version><Level>4</Level><Task>1</Task><Opcode>0</Opcode><Keywords>0x8000000000000000</Keywords><TimeCreated SystemTime='2021-11-21T13:02:15.631597900Z'/><EventRecordID>292</EventRecordID><Correlation/><Execution ProcessID='1872' ThreadID='3648'/><Channel>Microsoft-Windows-Sysmon/Operational</Channel><Computer>DESKTOP-PC01</Computer><Security UserID='S-1-5-18'/></System><EventData><Data Name='RuleName'>-</Data><Data Name='UtcTime'>2021-11-21 13:02:15.526</Data><Data Name='ProcessGuid'>{10cf5a0f-4357-619a-1302-000000000700}</Data><Data Name='ProcessId'>2732</Data><Data Name='Image'>C:\\Program Files\\SplunkUniversalForwarder\\bin\\splunk-winprintmon.exe</Data><Data Name='FileVersion'>8.2.3</Data><Data Name='Description'>Windows Print Monitor </Data><Data Name='Product'>splunk Application</Data><Data Name='Company'>Splunk Inc.</Data><Data Name='OriginalFileName'>splunk-winprintmon.exe</Data><Data Name='CommandLine'>\""""C:\\Program Files\\SplunkUniversalForwarder\\bin\\splunk-winprintmon.exe\""""</Data><Data Name='CurrentDirectory'>C:\\Windows\\system32\\</Data><Data Name='User'>NT AUTHORITY\\SYSTEM</Data><Data Name='LogonGuid'>{10cf5a0f-4043-619a-e703-000000000000}</Data><Data Name='LogonId'>0x3e7</Data><Data Name='TerminalSessionId'>0</Data><Data Name='IntegrityLevel'>System</Data><Data Name='Hashes'>MD5=FE6F89B1824B53C288F1C16B65B59A0C,SHA256=B9498BE104A9462C2474FC4140B7EDFDE06A0C85183C47D876847C91139F3DA6,IMPHASH=35240A25EDE7EC5A65BF627E57E772B9</Data><Data Name='ParentProcessGuid'>{10cf5a0f-424e-619a-b301-000000000700}</Data><Data Name='ParentProcessId'>5504</Data><Data Name='ParentImage'>C:\\Program Files\\SplunkUniversalForwarder\\bin\\splunkd.exe</Data><Data Name='ParentCommandLine'>\""""C:\\Program Files\\SplunkUniversalForwarder\\bin\\splunkd.exe\"""" service</Data><Data Name='ParentUser'>NT AUTHORITY\\SYSTEM</Data></EventData></Event>"""",""""source"""":""""XmlWinEventLog:Microsoft-Windows-Sysmon/Operational"""",""""host"""":{""""name"""":""""DESKTOP-PC01""""},""""sourcetype"""":""""XmlWinEventLog:Microsoft-Windows-Sysmon/Operational"""",""""index"""":""""default"""",""""cribl_pipe"""":""""passthru"""",""""@timestamp"""":""""2021-12-01T16:55:35.179Z""""}"",""DESKTOP-PC01"",""sysmon_events.json
XmlWinEventLog:Microsoft-Windows-Sysmon/Operational"",1,""2021-11-21 13:02:15.526"",""2021-12-01T16:55:35.179Z"",""2021-11-21T13:02:15.631597900Z"",,,,""C:\Program Files\SplunkUniversalForwarder\bin\splunk-winprintmon.exe"",""""""C:\Program Files\SplunkUniversalForwarder\bin\splunk-winprintmon.exe"""""",""""""C:\Program Files\SplunkUniversalForwarder\bin\splunkd.exe"""" service"",","2024-03-16T14:09:30.000+00:00",,"sysmon_events.json
XmlWinEventLog:Microsoft-Windows-Sysmon/Operational","si-i-061ebfca0cf8b90c6.prd-p-s3zl2.splunkcloud.com",main,2,"""{"""""""":""""<_='://../////'><><_='--'_='{----}'/><></","{""_raw"":""<Event xmlns='http://schemas.microsoft.com/win/2004/08/events/event'><System><Provider Name='Microsoft-Windows-Sysmon' Guid='{5770385f-c22a-43e0-bf4c-06f5698ffbd9}'/><EventID>1</EventID><Version>5</Version><Level>4</Level><Task>1</Task><Opcode>0</Opcode><Keywords>0x8000000000000000</Keywords><TimeCreated SystemTime='2021-11-21T13:02:15.631597900Z'/><EventRecordID>292</EventRecordID><Correlation/><Execution ProcessID='1872' ThreadID='3648'/><Channel>Microsoft-Windows-Sysmon/Operational</Channel><Computer>DESKTOP-PC01</Computer><Security UserID='S-1-5-18'/></System><EventData><Data Name='RuleName'>-</Data><Data Name='UtcTime'>2021-11-21 13:02:15.526</Data><Data Name='ProcessGuid'>{10cf5a0f-4357-619a-1302-000000000700}</Data><Data Name='ProcessId'>2732</Data><Data Name='Image'>C:\\Program Files\\SplunkUniversalForwarder\\bin\\splunk-winprintmon.exe</Data><Data Name='FileVersion'>8.2.3</Data><Data Name='Description'>Windows Print Monitor </Data><Data Name='Product'>splunk Application</Data><Data Name='Company'>Splunk Inc.</Data><Data Name='OriginalFileName'>splunk-winprintmon.exe</Data><Data Name='CommandLine'>\""C:\\Program Files\\SplunkUniversalForwarder\\bin\\splunk-winprintmon.exe\""</Data><Data Name='CurrentDirectory'>C:\\Windows\\system32\\</Data><Data Name='User'>NT AUTHORITY\\SYSTEM</Data><Data Name='LogonGuid'>{10cf5a0f-4043-619a-e703-000000000000}</Data><Data Name='LogonId'>0x3e7</Data><Data Name='TerminalSessionId'>0</Data><Data Name='IntegrityLevel'>System</Data><Data Name='Hashes'>MD5=FE6F89B1824B53C288F1C16B65B59A0C,SHA256=B9498BE104A9462C2474FC4140B7EDFDE06A0C85183C47D876847C91139F3DA6,IMPHASH=35240A25EDE7EC5A65BF627E57E772B9</Data><Data Name='ParentProcessGuid'>{10cf5a0f-424e-619a-b301-000000000700}</Data><Data Name='ParentProcessId'>5504</Data><Data Name='ParentImage'>C:\\Program Files\\SplunkUniversalForwarder\\bin\\splunkd.exe</Data><Data Name='ParentCommandLine'>\""C:\\Program Files\\SplunkUniversalForwarder\\bin\\splunkd.exe\"" service</Data><Data Name='ParentUser'>NT AUTHORITY\\SYSTEM</Data></EventData></Event>"",""source"":""XmlWinEventLog:Microsoft-Windows-Sysmon/Operational"",""host"":{""name"":""DESKTOP-PC01""},""sourcetype"":""XmlWinEventLog:Microsoft-Windows-Sysmon/Operational"",""index"":""default"",""cribl_pipe"":""passthru"",""@timestamp"":""2021-12-01T16:55:35.179Z""}","sysmon_events_summary_upload.csv",csv,"si-i-061ebfca0cf8b90c6.prd-p-s3zl2.splunkcloud.com",,"2021-12-01T16:55:35.179Z
none","<Event xmlns='http://schemas.microsoft.com/win/2004/08/events/event'><System><Provider Name='Microsoft-Windows-Sysmon' Guid='{5770385f-c22a-43e0-bf4c-06f5698ffbd9}'/><EventID>1</EventID><Version>5</Version><Level>4</Level><Task>1</Task><Opcode>0</Opcode><Keywords>0x8000000000000000</Keywords><TimeCreated SystemTime='2021-11-21T13:02:15.631597900Z'/><EventRecordID>292</EventRecordID><Correlation/><Execution ProcessID='1872' ThreadID='3648'/><Channel>Microsoft-Windows-Sysmon/Operational</Channel><Computer>DESKTOP-PC01</Computer><Security UserID='S-1-5-18'/></System><EventData><Data Name='RuleName'>-</Data><Data Name='UtcTime'>2021-11-21 13:02:15.526</Data><Data Name='ProcessGuid'>{10cf5a0f-4357-619a-1302-000000000700}</Data><Data Name='ProcessId'>2732</Data><Data Name='Image'>C:\\Program Files\\SplunkUniversalForwarder\\bin\\splunk-winprintmon.exe</Data><Data Name='FileVersion'>8.2.3</Data><Data Name='Description'>Windows Print Monitor </Data><Data Name='Product'>splunk Application</Data><Data Name='Company'>Splunk Inc.</Data><Data Name='OriginalFileName'>splunk-winprintmon.exe</Data><Data Name='CommandLine'>\""""C:\\Program Files\\SplunkUniversalForwarder\\bin\\splunk-winprintmon.exe\""""</Data><Data Name='CurrentDirectory'>C:\\Windows\\system32\\</Data><Data Name='User'>NT AUTHORITY\\SYSTEM</Data><Data Name='LogonGuid'>{10cf5a0f-4043-619a-e703-000000000000}</Data><Data Name='LogonId'>0x3e7</Data><Data Name='TerminalSessionId'>0</Data><Data Name='IntegrityLevel'>System</Data><Data Name='Hashes'>MD5=FE6F89B1824B53C288F1C16B65B59A0C,SHA256=B9498BE104A9462C2474FC4140B7EDFDE06A0C85183C47D876847C91139F3DA6,IMPHASH=35240A25EDE7EC5A65BF627E57E772B9</Data><Data Name='ParentProcessGuid'>{10cf5a0f-424e-619a-b301-000000000700}</Data><Data Name='ParentProcessId'>5504</Data><Data Name='ParentImage'>C:\\Program Files\\SplunkUniversalForwarder\\bin\\splunkd.exe</Data><Data Name='ParentCommandLine'>\""""C:\\Program Files\\SplunkUniversalForwarder\\bin\\splunkd.exe\"""" service</Data><Data Name='ParentUser'>NT AUTHORITY\\SYSTEM</Data></EventData></Event>"
"Microsoft-Windows-Sysmon/Operational","\""""C:\\Program Files\\SplunkUniversalForwarder\\bin\\splunk-regmon.exe\""""","DESKTOP-PC01",,,1,291,"http://schemas.microsoft.com/win/2004/08/events/event",1872,3648,"C:\\Program Files\\SplunkUniversalForwarder\\bin\\splunk-regmon.exe",0x8000000000000000,4,0,"\""""C:\\Program Files\\SplunkUniversalForwarder\\bin\\splunkd.exe\"""" service",,"{5770385f-c22a-43e0-bf4c-06f5698ffbd9}","Microsoft-Windows-Sysmon","S-1-5-18",,1,"2021-11-21T13:02:13.901442200Z","2021-11-21T13:02:13.901442200Z","2021-11-21 13:02:13.807",5,"""{""""_raw"""":""""<Event xmlns='http://schemas.microsoft.com/win/2004/08/events/event'><System><Provider Name='Microsoft-Windows-Sysmon' Guid='{5770385f-c22a-43e0-bf4c-06f5698ffbd9}'/><EventID>1</EventID><Version>5</Version><Level>4</Level><Task>1</Task><Opcode>0</Opcode><Keywords>0x8000000000000000</Keywords><TimeCreated SystemTime='2021-11-21T13:02:13.901442200Z'/><EventRecordID>291</EventRecordID><Correlation/><Execution ProcessID='1872' ThreadID='3648'/><Channel>Microsoft-Windows-Sysmon/Operational</Channel><Computer>DESKTOP-PC01</Computer><Security UserID='S-1-5-18'/></System><EventData><Data Name='RuleName'>-</Data><Data Name='UtcTime'>2021-11-21 13:02:13.807</Data><Data Name='ProcessGuid'>{10cf5a0f-4355-619a-1202-000000000700}</Data><Data Name='ProcessId'>7152</Data><Data Name='Image'>C:\\Program Files\\SplunkUniversalForwarder\\bin\\splunk-regmon.exe</Data><Data Name='FileVersion'>8.2.3</Data><Data Name='Description'>Registry monitor</Data><Data Name='Product'>splunk Application</Data><Data Name='Company'>Splunk Inc.</Data><Data Name='OriginalFileName'>splunk-regmon.exe</Data><Data Name='CommandLine'>\""""C:\\Program Files\\SplunkUniversalForwarder\\bin\\splunk-regmon.exe\""""</Data><Data Name='CurrentDirectory'>C:\\Windows\\system32\\</Data><Data Name='User'>NT AUTHORITY\\SYSTEM</Data><Data Name='LogonGuid'>{10cf5a0f-4043-619a-e703-000000000000}</Data><Data Name='LogonId'>0x3e7</Data><Data Name='TerminalSessionId'>0</Data><Data Name='IntegrityLevel'>System</Data><Data Name='Hashes'>MD5=C29D0116BEB72B5C54CB2626887C7B8D,SHA256=4AF546AC53465992C0A908FF4B2405B5241AA3ED8E5E83D0D3386377D2B6097B,IMPHASH=5DCBAD7446F97D73DA1DA121D8CD8778</Data><Data Name='ParentProcessGuid'>{10cf5a0f-424e-619a-b301-000000000700}</Data><Data Name='ParentProcessId'>5504</Data><Data Name='ParentImage'>C:\\Program Files\\SplunkUniversalForwarder\\bin\\splunkd.exe</Data><Data Name='ParentCommandLine'>\""""C:\\Program Files\\SplunkUniversalForwarder\\bin\\splunkd.exe\"""" service</Data><Data Name='ParentUser'>NT AUTHORITY\\SYSTEM</Data></EventData></Event>"""",""""source"""":""""XmlWinEventLog:Microsoft-Windows-Sysmon/Operational"""",""""host"""":{""""name"""":""""DESKTOP-PC01""""},""""sourcetype"""":""""XmlWinEventLog:Microsoft-Windows-Sysmon/Operational"""",""""index"""":""""default"""",""""cribl_pipe"""":""""passthru"""",""""@timestamp"""":""""2021-12-01T16:55:35.179Z""""}"",""DESKTOP-PC01"",""sysmon_events.json
XmlWinEventLog:Microsoft-Windows-Sysmon/Operational"",1,""2021-11-21 13:02:13.807"",""2021-12-01T16:55:35.179Z"",""2021-11-21T13:02:13.901442200Z"",,,,""C:\Program Files\SplunkUniversalForwarder\bin\splunk-regmon.exe"",""""""C:\Program Files\SplunkUniversalForwarder\bin\splunk-regmon.exe"""""",""""""C:\Program Files\SplunkUniversalForwarder\bin\splunkd.exe"""" service"",","2024-03-16T14:09:30.000+00:00",,"sysmon_events.json
XmlWinEventLog:Microsoft-Windows-Sysmon/Operational","si-i-061ebfca0cf8b90c6.prd-p-s3zl2.splunkcloud.com",main,2,"""{"""""""":""""<_='://../////'><><_='--'_='{----}'/><></","{""_raw"":""<Event xmlns='http://schemas.microsoft.com/win/2004/08/events/event'><System><Provider Name='Microsoft-Windows-Sysmon' Guid='{5770385f-c22a-43e0-bf4c-06f5698ffbd9}'/><EventID>1</EventID><Version>5</Version><Level>4</Level><Task>1</Task><Opcode>0</Opcode><Keywords>0x8000000000000000</Keywords><TimeCreated SystemTime='2021-11-21T13:02:13.901442200Z'/><EventRecordID>291</EventRecordID><Correlation/><Execution ProcessID='1872' ThreadID='3648'/><Channel>Microsoft-Windows-Sysmon/Operational</Channel><Computer>DESKTOP-PC01</Computer><Security UserID='S-1-5-18'/></System><EventData><Data Name='RuleName'>-</Data><Data Name='UtcTime'>2021-11-21 13:02:13.807</Data><Data Name='ProcessGuid'>{10cf5a0f-4355-619a-1202-000000000700}</Data><Data Name='ProcessId'>7152</Data><Data Name='Image'>C:\\Program Files\\SplunkUniversalForwarder\\bin\\splunk-regmon.exe</Data><Data Name='FileVersion'>8.2.3</Data><Data Name='Description'>Registry monitor</Data><Data Name='Product'>splunk Application</Data><Data Name='Company'>Splunk Inc.</Data><Data Name='OriginalFileName'>splunk-regmon.exe</Data><Data Name='CommandLine'>\""C:\\Program Files\\SplunkUniversalForwarder\\bin\\splunk-regmon.exe\""</Data><Data Name='CurrentDirectory'>C:\\Windows\\system32\\</Data><Data Name='User'>NT AUTHORITY\\SYSTEM</Data><Data Name='LogonGuid'>{10cf5a0f-4043-619a-e703-000000000000}</Data><Data Name='LogonId'>0x3e7</Data><Data Name='TerminalSessionId'>0</Data><Data Name='IntegrityLevel'>System</Data><Data Name='Hashes'>MD5=C29D0116BEB72B5C54CB2626887C7B8D,SHA256=4AF546AC53465992C0A908FF4B2405B5241AA3ED8E5E83D0D3386377D2B6097B,IMPHASH=5DCBAD7446F97D73DA1DA121D8CD8778</Data><Data Name='ParentProcessGuid'>{10cf5a0f-424e-619a-b301-000000000700}</Data><Data Name='ParentProcessId'>5504</Data><Data Name='ParentImage'>C:\\Program Files\\SplunkUniversalForwarder\\bin\\splunkd.exe</Data><Data Name='ParentCommandLine'>\""C:\\Program Files\\SplunkUniversalForwarder\\bin\\splunkd.exe\"" service</Data><Data Name='ParentUser'>NT AUTHORITY\\SYSTEM</Data></EventData></Event>"",""source"":""XmlWinEventLog:Microsoft-Windows-Sysmon/Operational"",""host"":{""name"":""DESKTOP-PC01""},""sourcetype"":""XmlWinEventLog:Microsoft-Windows-Sysmon/Operational"",""index"":""default"",""cribl_pipe"":""passthru"",""@timestamp"":""2021-12-01T16:55:35.179Z""}","sysmon_events_summary_upload.csv",csv,"si-i-061ebfca0cf8b90c6.prd-p-s3zl2.splunkcloud.com",,"2021-12-01T16:55:35.179Z
none","<Event xmlns='http://schemas.microsoft.com/win/2004/08/events/event'><System><Provider Name='Microsoft-Windows-Sysmon' Guid='{5770385f-c22a-43e0-bf4c-06f5698ffbd9}'/><EventID>1</EventID><Version>5</Version><Level>4</Level><Task>1</Task><Opcode>0</Opcode><Keywords>0x8000000000000000</Keywords><TimeCreated SystemTime='2021-11-21T13:02:13.901442200Z'/><EventRecordID>291</EventRecordID><Correlation/><Execution ProcessID='1872' ThreadID='3648'/><Channel>Microsoft-Windows-Sysmon/Operational</Channel><Computer>DESKTOP-PC01</Computer><Security UserID='S-1-5-18'/></System><EventData><Data Name='RuleName'>-</Data><Data Name='UtcTime'>2021-11-21 13:02:13.807</Data><Data Name='ProcessGuid'>{10cf5a0f-4355-619a-1202-000000000700}</Data><Data Name='ProcessId'>7152</Data><Data Name='Image'>C:\\Program Files\\SplunkUniversalForwarder\\bin\\splunk-regmon.exe</Data><Data Name='FileVersion'>8.2.3</Data><Data Name='Description'>Registry monitor</Data><Data Name='Product'>splunk Application</Data><Data Name='Company'>Splunk Inc.</Data><Data Name='OriginalFileName'>splunk-regmon.exe</Data><Data Name='CommandLine'>\""""C:\\Program Files\\SplunkUniversalForwarder\\bin\\splunk-regmon.exe\""""</Data><Data Name='CurrentDirectory'>C:\\Windows\\system32\\</Data><Data Name='User'>NT AUTHORITY\\SYSTEM</Data><Data Name='LogonGuid'>{10cf5a0f-4043-619a-e703-000000000000}</Data><Data Name='LogonId'>0x3e7</Data><Data Name='TerminalSessionId'>0</Data><Data Name='IntegrityLevel'>System</Data><Data Name='Hashes'>MD5=C29D0116BEB72B5C54CB2626887C7B8D,SHA256=4AF546AC53465992C0A908FF4B2405B5241AA3ED8E5E83D0D3386377D2B6097B,IMPHASH=5DCBAD7446F97D73DA1DA121D8CD8778</Data><Data Name='ParentProcessGuid'>{10cf5a0f-424e-619a-b301-000000000700}</Data><Data Name='ParentProcessId'>5504</Data><Data Name='ParentImage'>C:\\Program Files\\SplunkUniversalForwarder\\bin\\splunkd.exe</Data><Data Name='ParentCommandLine'>\""""C:\\Program Files\\SplunkUniversalForwarder\\bin\\splunkd.exe\"""" service</Data><Data Name='ParentUser'>NT AUTHORITY\\SYSTEM</Data></EventData></Event>"
"Microsoft-Windows-Sysmon/Operational",,"DESKTOP-PC01",,,13,305,"http://schemas.microsoft.com/win/2004/08/events/event",1872,3648,"C:\\Program Files\\Microsoft Office\\Office14\\WINWORD.EXE",0x8000000000000000,4,0,,,"{5770385f-c22a-43e0-bf4c-06f5698ffbd9}","Microsoft-Windows-Sysmon","S-1-5-18",,13,"2021-11-21T13:02:41.196450700Z","2021-11-21T13:02:41.196450700Z","2021-11-21 13:02:41.182",2,"""{""""_raw"""":""""<Event xmlns='http://schemas.microsoft.com/win/2004/08/events/event'><System><Provider Name='Microsoft-Windows-Sysmon' Guid='{5770385f-c22a-43e0-bf4c-06f5698ffbd9}'/><EventID>13</EventID><Version>2</Version><Level>4</Level><Task>13</Task><Opcode>0</Opcode><Keywords>0x8000000000000000</Keywords><TimeCreated SystemTime='2021-11-21T13:02:41.196450700Z'/><EventRecordID>305</EventRecordID><Correlation/><Execution ProcessID='1872' ThreadID='3648'/><Channel>Microsoft-Windows-Sysmon/Operational</Channel><Computer>DESKTOP-PC01</Computer><Security UserID='S-1-5-18'/></System><EventData><Data Name='RuleName'>Context,ProtectedModeExitOrMacrosUsed</Data><Data Name='EventType'>SetValue</Data><Data Name='UtcTime'>2021-11-21 13:02:41.182</Data><Data Name='ProcessGuid'>{10cf5a0f-4359-619a-1402-000000000700}</Data><Data Name='ProcessId'>5756</Data><Data Name='Image'>C:\\Program Files\\Microsoft Office\\Office14\\WINWORD.EXE</Data><Data Name='TargetObject'>HKU\\S-1-5-21-789985733-1868513186-3804096106-1000\\Software\\Microsoft\\Office\\14.0\\Word\\Security\\Trusted Documents\\TrustRecords\\%USERPROFILE%/Downloads/critical_list.doc</Data><Data Name='Details'>Binary Data</Data><Data Name='User'>DESKTOP-PC01\\pc01-user</Data></EventData></Event>"""",""""source"""":""""XmlWinEventLog:Microsoft-Windows-Sysmon/Operational"""",""""host"""":{""""name"""":""""DESKTOP-PC01""""},""""sourcetype"""":""""XmlWinEventLog:Microsoft-Windows-Sysmon/Operational"""",""""index"""":""""default"""",""""cribl_pipe"""":""""passthru"""",""""@timestamp"""":""""2021-12-01T16:55:37.579Z""""}"",""DESKTOP-PC01"",""sysmon_events.json
XmlWinEventLog:Microsoft-Windows-Sysmon/Operational"",13,""2021-11-21 13:02:41.182"",""2021-12-01T16:55:37.579Z"",""2021-11-21T13:02:41.196450700Z"",,,,""C:\Program Files\Microsoft Office\Office14\WINWORD.EXE"",,,","2024-03-16T14:09:30.000+00:00",,"sysmon_events.json
XmlWinEventLog:Microsoft-Windows-Sysmon/Operational","si-i-061ebfca0cf8b90c6.prd-p-s3zl2.splunkcloud.com",main,2,"""{"""""""":""""<_='://../////'><><_='--'_='{----}'/><></","{""_raw"":""<Event xmlns='http://schemas.microsoft.com/win/2004/08/events/event'><System><Provider Name='Microsoft-Windows-Sysmon' Guid='{5770385f-c22a-43e0-bf4c-06f5698ffbd9}'/><EventID>13</EventID><Version>2</Version><Level>4</Level><Task>13</Task><Opcode>0</Opcode><Keywords>0x8000000000000000</Keywords><TimeCreated SystemTime='2021-11-21T13:02:41.196450700Z'/><EventRecordID>305</EventRecordID><Correlation/><Execution ProcessID='1872' ThreadID='3648'/><Channel>Microsoft-Windows-Sysmon/Operational</Channel><Computer>DESKTOP-PC01</Computer><Security UserID='S-1-5-18'/></System><EventData><Data Name='RuleName'>Context,ProtectedModeExitOrMacrosUsed</Data><Data Name='EventType'>SetValue</Data><Data Name='UtcTime'>2021-11-21 13:02:41.182</Data><Data Name='ProcessGuid'>{10cf5a0f-4359-619a-1402-000000000700}</Data><Data Name='ProcessId'>5756</Data><Data Name='Image'>C:\\Program Files\\Microsoft Office\\Office14\\WINWORD.EXE</Data><Data Name='TargetObject'>HKU\\S-1-5-21-789985733-1868513186-3804096106-1000\\Software\\Microsoft\\Office\\14.0\\Word\\Security\\Trusted Documents\\TrustRecords\\%USERPROFILE%/Downloads/critical_list.doc</Data><Data Name='Details'>Binary Data</Data><Data Name='User'>DESKTOP-PC01\\pc01-user</Data></EventData></Event>"",""source"":""XmlWinEventLog:Microsoft-Windows-Sysmon/Operational"",""host"":{""name"":""DESKTOP-PC01""},""sourcetype"":""XmlWinEventLog:Microsoft-Windows-Sysmon/Operational"",""index"":""default"",""cribl_pipe"":""passthru"",""@timestamp"":""2021-12-01T16:55:37.579Z""}","sysmon_events_summary_upload.csv",csv,"si-i-061ebfca0cf8b90c6.prd-p-s3zl2.splunkcloud.com",,"2021-12-01T16:55:37.579Z
none","<Event xmlns='http://schemas.microsoft.com/win/2004/08/events/event'><System><Provider Name='Microsoft-Windows-Sysmon' Guid='{5770385f-c22a-43e0-bf4c-06f5698ffbd9}'/><EventID>13</EventID><Version>2</Version><Level>4</Level><Task>13</Task><Opcode>0</Opcode><Keywords>0x8000000000000000</Keywords><TimeCreated SystemTime='2021-11-21T13:02:41.196450700Z'/><EventRecordID>305</EventRecordID><Correlation/><Execution ProcessID='1872' ThreadID='3648'/><Channel>Microsoft-Windows-Sysmon/Operational</Channel><Computer>DESKTOP-PC01</Computer><Security UserID='S-1-5-18'/></System><EventData><Data Name='RuleName'>Context,ProtectedModeExitOrMacrosUsed</Data><Data Name='EventType'>SetValue</Data><Data Name='UtcTime'>2021-11-21 13:02:41.182</Data><Data Name='ProcessGuid'>{10cf5a0f-4359-619a-1402-000000000700}</Data><Data Name='ProcessId'>5756</Data><Data Name='Image'>C:\\Program Files\\Microsoft Office\\Office14\\WINWORD.EXE</Data><Data Name='TargetObject'>HKU\\S-1-5-21-789985733-1868513186-3804096106-1000\\Software\\Microsoft\\Office\\14.0\\Word\\Security\\Trusted Documents\\TrustRecords\\%USERPROFILE%/Downloads/critical_list.doc</Data><Data Name='Details'>Binary Data</Data><Data Name='User'>DESKTOP-PC01\\pc01-user</Data></EventData></Event>"
"Microsoft-Windows-Sysmon/Operational","\""""C:\\Windows\\System32\\cscript.exe\"""" C:\\Users\\pc01-user\\AppData\\Roaming\\www.txt //E:VBScript //NoLogo %%~f0 %%*","DESKTOP-PC01",,,1,304,"http://schemas.microsoft.com/win/2004/08/events/event",1872,3648,"C:\\Windows\\System32\\cscript.exe",0x8000000000000000,4,0,"\""""C:\\Program Files\\Microsoft Office\\Office14\\WINWORD.EXE\"""" /n \""""C:\\Users\\pc01-user\\Downloads\\critical_list.doc\""""",,"{5770385f-c22a-43e0-bf4c-06f5698ffbd9}","Microsoft-Windows-Sysmon","S-1-5-18",,1,"2021-11-21T13:02:41.175028500Z","2021-11-21T13:02:41.175028500Z","2021-11-21 13:02:41.156",5,"""{""""_raw"""":""""<Event xmlns='http://schemas.microsoft.com/win/2004/08/events/event'><System><Provider Name='Microsoft-Windows-Sysmon' Guid='{5770385f-c22a-43e0-bf4c-06f5698ffbd9}'/><EventID>1</EventID><Version>5</Version><Level>4</Level><Task>1</Task><Opcode>0</Opcode><Keywords>0x8000000000000000</Keywords><TimeCreated SystemTime='2021-11-21T13:02:41.175028500Z'/><EventRecordID>304</EventRecordID><Correlation/><Execution ProcessID='1872' ThreadID='3648'/><Channel>Microsoft-Windows-Sysmon/Operational</Channel><Computer>DESKTOP-PC01</Computer><Security UserID='S-1-5-18'/></System><EventData><Data Name='RuleName'>-</Data><Data Name='UtcTime'>2021-11-21 13:02:41.156</Data><Data Name='ProcessGuid'>{10cf5a0f-4371-619a-1902-000000000700}</Data><Data Name='ProcessId'>572</Data><Data Name='Image'>C:\\Windows\\System32\\cscript.exe</Data><Data Name='FileVersion'>5.812.10240.16384</Data><Data Name='Description'>Microsoft ® Console Based Script Host</Data><Data Name='Product'>Microsoft ® Windows Script Host</Data><Data Name='Company'>Microsoft Corporation</Data><Data Name='OriginalFileName'>cscript.exe</Data><Data Name='CommandLine'>\""""C:\\Windows\\System32\\cscript.exe\"""" C:\\Users\\pc01-user\\AppData\\Roaming\\www.txt //E:VBScript //NoLogo %%~f0 %%*</Data><Data Name='CurrentDirectory'>C:\\Users\\pc01-user\\Downloads\\</Data><Data Name='User'>DESKTOP-PC01\\pc01-user</Data><Data Name='LogonGuid'>{10cf5a0f-4045-619a-54a4-010000000000}</Data><Data Name='LogonId'>0x1a454</Data><Data Name='TerminalSessionId'>1</Data><Data Name='IntegrityLevel'>Medium</Data><Data Name='Hashes'>MD5=B073F18D23BE85799A640147AF9ABA99,SHA256=4F059AC07F90E95BDAF0D7F0D1C54DDCDC0651A1E0D8AA5F03D11D6B0521177F,IMPHASH=2B44D2206B9865383429E9C1524F1CAC</Data><Data Name='ParentProcessGuid'>{10cf5a0f-4359-619a-1402-000000000700}</Data><Data Name='ParentProcessId'>5756</Data><Data Name='ParentImage'>C:\\Program Files\\Microsoft Office\\Office14\\WINWORD.EXE</Data><Data Name='ParentCommandLine'>\""""C:\\Program Files\\Microsoft Office\\Office14\\WINWORD.EXE\"""" /n \""""C:\\Users\\pc01-user\\Downloads\\critical_list.doc\""""</Data><Data Name='ParentUser'>DESKTOP-PC01\\pc01-user</Data></EventData></Event>"""",""""source"""":""""XmlWinEventLog:Microsoft-Windows-Sysmon/Operational"""",""""host"""":{""""name"""":""""DESKTOP-PC01""""},""""sourcetype"""":""""XmlWinEventLog:Microsoft-Windows-Sysmon/Operational"""",""""index"""":""""default"""",""""cribl_pipe"""":""""passthru"""",""""@timestamp"""":""""2021-12-01T16:55:37.579Z""""}"",""DESKTOP-PC01"",""sysmon_events.json
XmlWinEventLog:Microsoft-Windows-Sysmon/Operational"",1,""2021-11-21 13:02:41.156"",""2021-12-01T16:55:37.579Z"",""2021-11-21T13:02:41.175028500Z"",,,,""C:\Windows\System32\cscript.exe"",""""""C:\Windows\System32\cscript.exe"""" C:\Users\pc01-user\AppData\Roaming\www.txt //E:VBScript //NoLogo %%~f0 %%*"",""""""C:\Program Files\Microsoft Office\Office14\WINWORD.EXE"""" /n """"C:\Users\pc01-user\Downloads\critical_list.doc"""""",","2024-03-16T14:09:30.000+00:00",,"sysmon_events.json
XmlWinEventLog:Microsoft-Windows-Sysmon/Operational","si-i-061ebfca0cf8b90c6.prd-p-s3zl2.splunkcloud.com",main,2,"""{"""""""":""""<_='://../////'><><_='--'_='{----}'/><></","{""_raw"":""<Event xmlns='http://schemas.microsoft.com/win/2004/08/events/event'><System><Provider Name='Microsoft-Windows-Sysmon' Guid='{5770385f-c22a-43e0-bf4c-06f5698ffbd9}'/><EventID>1</EventID><Version>5</Version><Level>4</Level><Task>1</Task><Opcode>0</Opcode><Keywords>0x8000000000000000</Keywords><TimeCreated SystemTime='2021-11-21T13:02:41.175028500Z'/><EventRecordID>304</EventRecordID><Correlation/><Execution ProcessID='1872' ThreadID='3648'/><Channel>Microsoft-Windows-Sysmon/Operational</Channel><Computer>DESKTOP-PC01</Computer><Security UserID='S-1-5-18'/></System><EventData><Data Name='RuleName'>-</Data><Data Name='UtcTime'>2021-11-21 13:02:41.156</Data><Data Name='ProcessGuid'>{10cf5a0f-4371-619a-1902-000000000700}</Data><Data Name='ProcessId'>572</Data><Data Name='Image'>C:\\Windows\\System32\\cscript.exe</Data><Data Name='FileVersion'>5.812.10240.16384</Data><Data Name='Description'>Microsoft ® Console Based Script Host</Data><Data Name='Product'>Microsoft ® Windows Script Host</Data><Data Name='Company'>Microsoft Corporation</Data><Data Name='OriginalFileName'>cscript.exe</Data><Data Name='CommandLine'>\""C:\\Windows\\System32\\cscript.exe\"" C:\\Users\\pc01-user\\AppData\\Roaming\\www.txt //E:VBScript //NoLogo %%~f0 %%*</Data><Data Name='CurrentDirectory'>C:\\Users\\pc01-user\\Downloads\\</Data><Data Name='User'>DESKTOP-PC01\\pc01-user</Data><Data Name='LogonGuid'>{10cf5a0f-4045-619a-54a4-010000000000}</Data><Data Name='LogonId'>0x1a454</Data><Data Name='TerminalSessionId'>1</Data><Data Name='IntegrityLevel'>Medium</Data><Data Name='Hashes'>MD5=B073F18D23BE85799A640147AF9ABA99,SHA256=4F059AC07F90E95BDAF0D7F0D1C54DDCDC0651A1E0D8AA5F03D11D6B0521177F,IMPHASH=2B44D2206B9865383429E9C1524F1CAC</Data><Data Name='ParentProcessGuid'>{10cf5a0f-4359-619a-1402-000000000700}</Data><Data Name='ParentProcessId'>5756</Data><Data Name='ParentImage'>C:\\Program Files\\Microsoft Office\\Office14\\WINWORD.EXE</Data><Data Name='ParentCommandLine'>\""C:\\Program Files\\Microsoft Office\\Office14\\WINWORD.EXE\"" /n \""C:\\Users\\pc01-user\\Downloads\\critical_list.doc\""</Data><Data Name='ParentUser'>DESKTOP-PC01\\pc01-user</Data></EventData></Event>"",""source"":""XmlWinEventLog:Microsoft-Windows-Sysmon/Operational"",""host"":{""name"":""DESKTOP-PC01""},""sourcetype"":""XmlWinEventLog:Microsoft-Windows-Sysmon/Operational"",""index"":""default"",""cribl_pipe"":""passthru"",""@timestamp"":""2021-12-01T16:55:37.579Z""}","sysmon_events_summary_upload.csv",csv,"si-i-061ebfca0cf8b90c6.prd-p-s3zl2.splunkcloud.com",,"2021-12-01T16:55:37.579Z
none","<Event xmlns='http://schemas.microsoft.com/win/2004/08/events/event'><System><Provider Name='Microsoft-Windows-Sysmon' Guid='{5770385f-c22a-43e0-bf4c-06f5698ffbd9}'/><EventID>1</EventID><Version>5</Version><Level>4</Level><Task>1</Task><Opcode>0</Opcode><Keywords>0x8000000000000000</Keywords><TimeCreated SystemTime='2021-11-21T13:02:41.175028500Z'/><EventRecordID>304</EventRecordID><Correlation/><Execution ProcessID='1872' ThreadID='3648'/><Channel>Microsoft-Windows-Sysmon/Operational</Channel><Computer>DESKTOP-PC01</Computer><Security UserID='S-1-5-18'/></System><EventData><Data Name='RuleName'>-</Data><Data Name='UtcTime'>2021-11-21 13:02:41.156</Data><Data Name='ProcessGuid'>{10cf5a0f-4371-619a-1902-000000000700}</Data><Data Name='ProcessId'>572</Data><Data Name='Image'>C:\\Windows\\System32\\cscript.exe</Data><Data Name='FileVersion'>5.812.10240.16384</Data><Data Name='Description'>Microsoft ® Console Based Script Host</Data><Data Name='Product'>Microsoft ® Windows Script Host</Data><Data Name='Company'>Microsoft Corporation</Data><Data Name='OriginalFileName'>cscript.exe</Data><Data Name='CommandLine'>\""""C:\\Windows\\System32\\cscript.exe\"""" C:\\Users\\pc01-user\\AppData\\Roaming\\www.txt //E:VBScript //NoLogo %%~f0 %%*</Data><Data Name='CurrentDirectory'>C:\\Users\\pc01-user\\Downloads\\</Data><Data Name='User'>DESKTOP-PC01\\pc01-user</Data><Data Name='LogonGuid'>{10cf5a0f-4045-619a-54a4-010000000000}</Data><Data Name='LogonId'>0x1a454</Data><Data Name='TerminalSessionId'>1</Data><Data Name='IntegrityLevel'>Medium</Data><Data Name='Hashes'>MD5=B073F18D23BE85799A640147AF9ABA99,SHA256=4F059AC07F90E95BDAF0D7F0D1C54DDCDC0651A1E0D8AA5F03D11D6B0521177F,IMPHASH=2B44D2206B9865383429E9C1524F1CAC</Data><Data Name='ParentProcessGuid'>{10cf5a0f-4359-619a-1402-000000000700}</Data><Data Name='ParentProcessId'>5756</Data><Data Name='ParentImage'>C:\\Program Files\\Microsoft Office\\Office14\\WINWORD.EXE</Data><Data Name='ParentCommandLine'>\""""C:\\Program Files\\Microsoft Office\\Office14\\WINWORD.EXE\"""" /n \""""C:\\Users\\pc01-user\\Downloads\\critical_list.doc\""""</Data><Data Name='ParentUser'>DESKTOP-PC01\\pc01-user</Data></EventData></Event>"
"Microsoft-Windows-Sysmon/Operational",,"DESKTOP-PC01",,,22,303,"http://schemas.microsoft.com/win/2004/08/events/event",1872,7904,"C:\\Windows\\System32\\svchost.exe",0x8000000000000000,4,0,,,"{5770385f-c22a-43e0-bf4c-06f5698ffbd9}","Microsoft-Windows-Sysmon","S-1-5-18",,22,"2021-11-21T13:02:31.745198100Z","2021-11-21T13:02:31.745198100Z","2021-11-21 13:02:29.712",5,"""{""""_raw"""":""""<Event xmlns='http://schemas.microsoft.com/win/2004/08/events/event'><System><Provider Name='Microsoft-Windows-Sysmon' Guid='{5770385f-c22a-43e0-bf4c-06f5698ffbd9}'/><EventID>22</EventID><Version>5</Version><Level>4</Level><Task>22</Task><Opcode>0</Opcode><Keywords>0x8000000000000000</Keywords><TimeCreated SystemTime='2021-11-21T13:02:31.745198100Z'/><EventRecordID>303</EventRecordID><Correlation/><Execution ProcessID='1872' ThreadID='7904'/><Channel>Microsoft-Windows-Sysmon/Operational</Channel><Computer>DESKTOP-PC01</Computer><Security UserID='S-1-5-18'/></System><EventData><Data Name='RuleName'>-</Data><Data Name='UtcTime'>2021-11-21 13:02:29.712</Data><Data Name='ProcessGuid'>{10cf5a0f-4045-619a-2000-000000000700}</Data><Data Name='ProcessId'>1676</Data><Data Name='QueryName'>_VLMCS._TCP.localdomain</Data><Data Name='QueryStatus'>123</Data><Data Name='QueryResults'>-</Data><Data Name='Image'>C:\\Windows\\System32\\svchost.exe</Data><Data Name='User'>NT AUTHORITY\\NETWORK SERVICE</Data></EventData></Event>"""",""""source"""":""""XmlWinEventLog:Microsoft-Windows-Sysmon/Operational"""",""""host"""":{""""name"""":""""DESKTOP-PC01""""},""""sourcetype"""":""""XmlWinEventLog:Microsoft-Windows-Sysmon/Operational"""",""""index"""":""""default"""",""""cribl_pipe"""":""""passthru"""",""""@timestamp"""":""""2021-12-01T16:55:37.579Z""""}"",""DESKTOP-PC01"",""sysmon_events.json
XmlWinEventLog:Microsoft-Windows-Sysmon/Operational"",22,""2021-11-21 13:02:29.712"",""2021-12-01T16:55:37.579Z"",""2021-11-21T13:02:31.745198100Z"",,,,""C:\Windows\System32\svchost.exe"",,,","2024-03-16T14:09:30.000+00:00",,"sysmon_events.json
XmlWinEventLog:Microsoft-Windows-Sysmon/Operational","si-i-061ebfca0cf8b90c6.prd-p-s3zl2.splunkcloud.com",main,2,"""{"""""""":""""<_='://../////'><><_='--'_='{----}'/><></","{""_raw"":""<Event xmlns='http://schemas.microsoft.com/win/2004/08/events/event'><System><Provider Name='Microsoft-Windows-Sysmon' Guid='{5770385f-c22a-43e0-bf4c-06f5698ffbd9}'/><EventID>22</EventID><Version>5</Version><Level>4</Level><Task>22</Task><Opcode>0</Opcode><Keywords>0x8000000000000000</Keywords><TimeCreated SystemTime='2021-11-21T13:02:31.745198100Z'/><EventRecordID>303</EventRecordID><Correlation/><Execution ProcessID='1872' ThreadID='7904'/><Channel>Microsoft-Windows-Sysmon/Operational</Channel><Computer>DESKTOP-PC01</Computer><Security UserID='S-1-5-18'/></System><EventData><Data Name='RuleName'>-</Data><Data Name='UtcTime'>2021-11-21 13:02:29.712</Data><Data Name='ProcessGuid'>{10cf5a0f-4045-619a-2000-000000000700}</Data><Data Name='ProcessId'>1676</Data><Data Name='QueryName'>_VLMCS._TCP.localdomain</Data><Data Name='QueryStatus'>123</Data><Data Name='QueryResults'>-</Data><Data Name='Image'>C:\\Windows\\System32\\svchost.exe</Data><Data Name='User'>NT AUTHORITY\\NETWORK SERVICE</Data></EventData></Event>"",""source"":""XmlWinEventLog:Microsoft-Windows-Sysmon/Operational"",""host"":{""name"":""DESKTOP-PC01""},""sourcetype"":""XmlWinEventLog:Microsoft-Windows-Sysmon/Operational"",""index"":""default"",""cribl_pipe"":""passthru"",""@timestamp"":""2021-12-01T16:55:37.579Z""}","sysmon_events_summary_upload.csv",csv,"si-i-061ebfca0cf8b90c6.prd-p-s3zl2.splunkcloud.com",,"2021-12-01T16:55:37.579Z
none","<Event xmlns='http://schemas.microsoft.com/win/2004/08/events/event'><System><Provider Name='Microsoft-Windows-Sysmon' Guid='{5770385f-c22a-43e0-bf4c-06f5698ffbd9}'/><EventID>22</EventID><Version>5</Version><Level>4</Level><Task>22</Task><Opcode>0</Opcode><Keywords>0x8000000000000000</Keywords><TimeCreated SystemTime='2021-11-21T13:02:31.745198100Z'/><EventRecordID>303</EventRecordID><Correlation/><Execution ProcessID='1872' ThreadID='7904'/><Channel>Microsoft-Windows-Sysmon/Operational</Channel><Computer>DESKTOP-PC01</Computer><Security UserID='S-1-5-18'/></System><EventData><Data Name='RuleName'>-</Data><Data Name='UtcTime'>2021-11-21 13:02:29.712</Data><Data Name='ProcessGuid'>{10cf5a0f-4045-619a-2000-000000000700}</Data><Data Name='ProcessId'>1676</Data><Data Name='QueryName'>_VLMCS._TCP.localdomain</Data><Data Name='QueryStatus'>123</Data><Data Name='QueryResults'>-</Data><Data Name='Image'>C:\\Windows\\System32\\svchost.exe</Data><Data Name='User'>NT AUTHORITY\\NETWORK SERVICE</Data></EventData></Event>"
"Microsoft-Windows-Sysmon/Operational",,"DESKTOP-PC01",,,22,302,"http://schemas.microsoft.com/win/2004/08/events/event",1872,7904,"C:\\Program Files\\Common Files\\microsoft shared\\OfficeSoftwareProtectionPlatform\\OSPPSVC.EXE",0x8000000000000000,4,0,,,"{5770385f-c22a-43e0-bf4c-06f5698ffbd9}","Microsoft-Windows-Sysmon","S-1-5-18",,22,"2021-11-21T13:02:30.715086400Z","2021-11-21T13:02:30.715086400Z","2021-11-21 13:02:29.711",5,"""{""""_raw"""":""""<Event xmlns='http://schemas.microsoft.com/win/2004/08/events/event'><System><Provider Name='Microsoft-Windows-Sysmon' Guid='{5770385f-c22a-43e0-bf4c-06f5698ffbd9}'/><EventID>22</EventID><Version>5</Version><Level>4</Level><Task>22</Task><Opcode>0</Opcode><Keywords>0x8000000000000000</Keywords><TimeCreated SystemTime='2021-11-21T13:02:30.715086400Z'/><EventRecordID>302</EventRecordID><Correlation/><Execution ProcessID='1872' ThreadID='7904'/><Channel>Microsoft-Windows-Sysmon/Operational</Channel><Computer>DESKTOP-PC01</Computer><Security UserID='S-1-5-18'/></System><EventData><Data Name='RuleName'>-</Data><Data Name='UtcTime'>2021-11-21 13:02:29.711</Data><Data Name='ProcessGuid'>{10cf5a0f-435d-619a-1702-000000000700}</Data><Data Name='ProcessId'>5076</Data><Data Name='QueryName'>_VLMCS._TCP</Data><Data Name='QueryStatus'>1460</Data><Data Name='QueryResults'>-</Data><Data Name='Image'>C:\\Program Files\\Common Files\\microsoft shared\\OfficeSoftwareProtectionPlatform\\OSPPSVC.EXE</Data><Data Name='User'>NT AUTHORITY\\NETWORK SERVICE</Data></EventData></Event>"""",""""source"""":""""XmlWinEventLog:Microsoft-Windows-Sysmon/Operational"""",""""host"""":{""""name"""":""""DESKTOP-PC01""""},""""sourcetype"""":""""XmlWinEventLog:Microsoft-Windows-Sysmon/Operational"""",""""index"""":""""default"""",""""cribl_pipe"""":""""passthru"""",""""@timestamp"""":""""2021-12-01T16:55:37.579Z""""}"",""DESKTOP-PC01"",""sysmon_events.json
XmlWinEventLog:Microsoft-Windows-Sysmon/Operational"",22,""2021-11-21 13:02:29.711"",""2021-12-01T16:55:37.579Z"",""2021-11-21T13:02:30.715086400Z"",,,,""C:\Program Files\Common Files\microsoft shared\OfficeSoftwareProtectionPlatform\OSPPSVC.EXE"",,,","2024-03-16T14:09:30.000+00:00",,"sysmon_events.json
XmlWinEventLog:Microsoft-Windows-Sysmon/Operational","si-i-061ebfca0cf8b90c6.prd-p-s3zl2.splunkcloud.com",main,2,"""{"""""""":""""<_='://../////'><><_='--'_='{----}'/><></","{""_raw"":""<Event xmlns='http://schemas.microsoft.com/win/2004/08/events/event'><System><Provider Name='Microsoft-Windows-Sysmon' Guid='{5770385f-c22a-43e0-bf4c-06f5698ffbd9}'/><EventID>22</EventID><Version>5</Version><Level>4</Level><Task>22</Task><Opcode>0</Opcode><Keywords>0x8000000000000000</Keywords><TimeCreated SystemTime='2021-11-21T13:02:30.715086400Z'/><EventRecordID>302</EventRecordID><Correlation/><Execution ProcessID='1872' ThreadID='7904'/><Channel>Microsoft-Windows-Sysmon/Operational</Channel><Computer>DESKTOP-PC01</Computer><Security UserID='S-1-5-18'/></System><EventData><Data Name='RuleName'>-</Data><Data Name='UtcTime'>2021-11-21 13:02:29.711</Data><Data Name='ProcessGuid'>{10cf5a0f-435d-619a-1702-000000000700}</Data><Data Name='ProcessId'>5076</Data><Data Name='QueryName'>_VLMCS._TCP</Data><Data Name='QueryStatus'>1460</Data><Data Name='QueryResults'>-</Data><Data Name='Image'>C:\\Program Files\\Common Files\\microsoft shared\\OfficeSoftwareProtectionPlatform\\OSPPSVC.EXE</Data><Data Name='User'>NT AUTHORITY\\NETWORK SERVICE</Data></EventData></Event>"",""source"":""XmlWinEventLog:Microsoft-Windows-Sysmon/Operational"",""host"":{""name"":""DESKTOP-PC01""},""sourcetype"":""XmlWinEventLog:Microsoft-Windows-Sysmon/Operational"",""index"":""default"",""cribl_pipe"":""passthru"",""@timestamp"":""2021-12-01T16:55:37.579Z""}","sysmon_events_summary_upload.csv",csv,"si-i-061ebfca0cf8b90c6.prd-p-s3zl2.splunkcloud.com",,"2021-12-01T16:55:37.579Z
none","<Event xmlns='http://schemas.microsoft.com/win/2004/08/events/event'><System><Provider Name='Microsoft-Windows-Sysmon' Guid='{5770385f-c22a-43e0-bf4c-06f5698ffbd9}'/><EventID>22</EventID><Version>5</Version><Level>4</Level><Task>22</Task><Opcode>0</Opcode><Keywords>0x8000000000000000</Keywords><TimeCreated SystemTime='2021-11-21T13:02:30.715086400Z'/><EventRecordID>302</EventRecordID><Correlation/><Execution ProcessID='1872' ThreadID='7904'/><Channel>Microsoft-Windows-Sysmon/Operational</Channel><Computer>DESKTOP-PC01</Computer><Security UserID='S-1-5-18'/></System><EventData><Data Name='RuleName'>-</Data><Data Name='UtcTime'>2021-11-21 13:02:29.711</Data><Data Name='ProcessGuid'>{10cf5a0f-435d-619a-1702-000000000700}</Data><Data Name='ProcessId'>5076</Data><Data Name='QueryName'>_VLMCS._TCP</Data><Data Name='QueryStatus'>1460</Data><Data Name='QueryResults'>-</Data><Data Name='Image'>C:\\Program Files\\Common Files\\microsoft shared\\OfficeSoftwareProtectionPlatform\\OSPPSVC.EXE</Data><Data Name='User'>NT AUTHORITY\\NETWORK SERVICE</Data></EventData></Event>"
"Microsoft-Windows-Sysmon/Operational",,"DESKTOP-PC01",,,11,301,"http://schemas.microsoft.com/win/2004/08/events/event",1872,3648,"C:\\Program Files\\Microsoft Office\\Office14\\WINWORD.EXE",0x8000000000000000,4,0,,,"{5770385f-c22a-43e0-bf4c-06f5698ffbd9}","Microsoft-Windows-Sysmon","S-1-5-18","C:\\Users\\pc01-user\\AppData\\Roaming\\www.ps1",11,"2021-11-21T13:02:28.484734300Z","2021-11-21T13:02:28.484734300Z","2021-11-21 13:02:28.475",2,"""{""""_raw"""":""""<Event xmlns='http://schemas.microsoft.com/win/2004/08/events/event'><System><Provider Name='Microsoft-Windows-Sysmon' Guid='{5770385f-c22a-43e0-bf4c-06f5698ffbd9}'/><EventID>11</EventID><Version>2</Version><Level>4</Level><Task>11</Task><Opcode>0</Opcode><Keywords>0x8000000000000000</Keywords><TimeCreated SystemTime='2021-11-21T13:02:28.484734300Z'/><EventRecordID>301</EventRecordID><Correlation/><Execution ProcessID='1872' ThreadID='3648'/><Channel>Microsoft-Windows-Sysmon/Operational</Channel><Computer>DESKTOP-PC01</Computer><Security UserID='S-1-5-18'/></System><EventData><Data Name='RuleName'>-</Data><Data Name='UtcTime'>2021-11-21 13:02:28.475</Data><Data Name='ProcessGuid'>{10cf5a0f-4359-619a-1402-000000000700}</Data><Data Name='ProcessId'>5756</Data><Data Name='Image'>C:\\Program Files\\Microsoft Office\\Office14\\WINWORD.EXE</Data><Data Name='TargetFilename'>C:\\Users\\pc01-user\\AppData\\Roaming\\www.ps1</Data><Data Name='CreationUtcTime'>2021-11-21 13:02:28.475</Data><Data Name='User'>DESKTOP-PC01\\pc01-user</Data></EventData></Event>"""","""