"source"""":""""XmlWinEventLog:Microsoft-Windows-Sysmon/Operational"""",""""host"""":{""""name"""":""""DESKTOP-PC01""""},""""sourcetype"""":""""XmlWinEventLog:Microsoft-Windows-Sysmon/Operational"""",""""index"""":""""default"""",""""cribl_pipe"""":""""passthru"""",""""@timestamp"""":""""2021-12-01T16:54:40.179Z""""}"",""DESKTOP-PC01"",""sysmon_events.json
XmlWinEventLog:Microsoft-Windows-Sysmon/Operational"",13,""2021-11-21 12:58:14.643"",""2021-12-01T16:54:40.179Z"",""2021-11-21T12:58:14.654763500Z"",,,,""C:\Windows\system32\compattelrunner.exe"",,,","2024-03-16T14:09:30.000+00:00",,"sysmon_events.json
XmlWinEventLog:Microsoft-Windows-Sysmon/Operational","si-i-061ebfca0cf8b90c6.prd-p-s3zl2.splunkcloud.com",main,2,"""{"""""""":""""<_='://../////'><><_='--'_='{----}'/><></","{""_raw"":""<Event xmlns='http://schemas.microsoft.com/win/2004/08/events/event'><System><Provider Name='Microsoft-Windows-Sysmon' Guid='{5770385f-c22a-43e0-bf4c-06f5698ffbd9}'/><EventID>13</EventID><Version>2</Version><Level>4</Level><Task>13</Task><Opcode>0</Opcode><Keywords>0x8000000000000000</Keywords><TimeCreated SystemTime='2021-11-21T12:58:14.654763500Z'/><EventRecordID>105</EventRecordID><Correlation/><Execution ProcessID='1872' ThreadID='3648'/><Channel>Microsoft-Windows-Sysmon/Operational</Channel><Computer>DESKTOP-PC01</Computer><Security UserID='S-1-5-18'/></System><EventData><Data Name='RuleName'>InvDB-Pub</Data><Data Name='EventType'>SetValue</Data><Data Name='UtcTime'>2021-11-21 12:58:14.643</Data><Data Name='ProcessGuid'>{10cf5a0f-4252-619a-c001-000000000700}</Data><Data Name='ProcessId'>6860</Data><Data Name='Image'>C:\\Windows\\system32\\compattelrunner.exe</Data><Data Name='TargetObject'>\\REGISTRY\\A\\{50c90cbf-b2f5-cc7b-b22d-2619b6da3d06}\\Root\\InventoryApplicationFile\\splunk-powershel|2c084771581f2247\\Publisher</Data><Data Name='Details'>(Empty)</Data><Data Name='User'>NT AUTHORITY\\SYSTEM</Data></EventData></Event>"",""source"":""XmlWinEventLog:Microsoft-Windows-Sysmon/Operational"",""host"":{""name"":""DESKTOP-PC01""},""sourcetype"":""XmlWinEventLog:Microsoft-Windows-Sysmon/Operational"",""index"":""default"",""cribl_pipe"":""passthru"",""@timestamp"":""2021-12-01T16:54:40.179Z""}","sysmon_events_summary_upload.csv",csv,"si-i-061ebfca0cf8b90c6.prd-p-s3zl2.splunkcloud.com",,"2021-12-01T16:54:40.179Z
none","<Event xmlns='http://schemas.microsoft.com/win/2004/08/events/event'><System><Provider Name='Microsoft-Windows-Sysmon' Guid='{5770385f-c22a-43e0-bf4c-06f5698ffbd9}'/><EventID>13</EventID><Version>2</Version><Level>4</Level><Task>13</Task><Opcode>0</Opcode><Keywords>0x8000000000000000</Keywords><TimeCreated SystemTime='2021-11-21T12:58:14.654763500Z'/><EventRecordID>105</EventRecordID><Correlation/><Execution ProcessID='1872' ThreadID='3648'/><Channel>Microsoft-Windows-Sysmon/Operational</Channel><Computer>DESKTOP-PC01</Computer><Security UserID='S-1-5-18'/></System><EventData><Data Name='RuleName'>InvDB-Pub</Data><Data Name='EventType'>SetValue</Data><Data Name='UtcTime'>2021-11-21 12:58:14.643</Data><Data Name='ProcessGuid'>{10cf5a0f-4252-619a-c001-000000000700}</Data><Data Name='ProcessId'>6860</Data><Data Name='Image'>C:\\Windows\\system32\\compattelrunner.exe</Data><Data Name='TargetObject'>\\REGISTRY\\A\\{50c90cbf-b2f5-cc7b-b22d-2619b6da3d06}\\Root\\InventoryApplicationFile\\splunk-powershel|2c084771581f2247\\Publisher</Data><Data Name='Details'>(Empty)</Data><Data Name='User'>NT AUTHORITY\\SYSTEM</Data></EventData></Event>"
"Microsoft-Windows-Sysmon/Operational",,"DESKTOP-PC01",,,13,104,"http://schemas.microsoft.com/win/2004/08/events/event",1872,3648,"C:\\Windows\\system32\\compattelrunner.exe",0x8000000000000000,4,0,,,"{5770385f-c22a-43e0-bf4c-06f5698ffbd9}","Microsoft-Windows-Sysmon","S-1-5-18",,13,"2021-11-21T12:58:14.654146900Z","2021-11-21T12:58:14.654146900Z","2021-11-21 12:58:14.643",2,"""{""""_raw"""":""""<Event xmlns='http://schemas.microsoft.com/win/2004/08/events/event'><System><Provider Name='Microsoft-Windows-Sysmon' Guid='{5770385f-c22a-43e0-bf4c-06f5698ffbd9}'/><EventID>13</EventID><Version>2</Version><Level>4</Level><Task>13</Task><Opcode>0</Opcode><Keywords>0x8000000000000000</Keywords><TimeCreated SystemTime='2021-11-21T12:58:14.654146900Z'/><EventRecordID>104</EventRecordID><Correlation/><Execution ProcessID='1872' ThreadID='3648'/><Channel>Microsoft-Windows-Sysmon/Operational</Channel><Computer>DESKTOP-PC01</Computer><Security UserID='S-1-5-18'/></System><EventData><Data Name='RuleName'>InvDB-Path</Data><Data Name='EventType'>SetValue</Data><Data Name='UtcTime'>2021-11-21 12:58:14.643</Data><Data Name='ProcessGuid'>{10cf5a0f-4252-619a-c001-000000000700}</Data><Data Name='ProcessId'>6860</Data><Data Name='Image'>C:\\Windows\\system32\\compattelrunner.exe</Data><Data Name='TargetObject'>\\REGISTRY\\A\\{50c90cbf-b2f5-cc7b-b22d-2619b6da3d06}\\Root\\InventoryApplicationFile\\splunk-powershel|2c084771581f2247\\LowerCaseLongPath</Data><Data Name='Details'>c:\\program files\\splunkuniversalforwarder\\bin\\splunk-powershell.exe</Data><Data Name='User'>NT AUTHORITY\\SYSTEM</Data></EventData></Event>"""",""""source"""":""""XmlWinEventLog:Microsoft-Windows-Sysmon/Operational"""",""""host"""":{""""name"""":""""DESKTOP-PC01""""},""""sourcetype"""":""""XmlWinEventLog:Microsoft-Windows-Sysmon/Operational"""",""""index"""":""""default"""",""""cribl_pipe"""":""""passthru"""",""""@timestamp"""":""""2021-12-01T16:54:40.179Z""""}"",""DESKTOP-PC01"",""sysmon_events.json
XmlWinEventLog:Microsoft-Windows-Sysmon/Operational"",13,""2021-11-21 12:58:14.643"",""2021-12-01T16:54:40.179Z"",""2021-11-21T12:58:14.654146900Z"",,,,""C:\Windows\system32\compattelrunner.exe"",,,","2024-03-16T14:09:30.000+00:00",,"sysmon_events.json
XmlWinEventLog:Microsoft-Windows-Sysmon/Operational","si-i-061ebfca0cf8b90c6.prd-p-s3zl2.splunkcloud.com",main,2,"""{"""""""":""""<_='://../////'><><_='--'_='{----}'/><></","{""_raw"":""<Event xmlns='http://schemas.microsoft.com/win/2004/08/events/event'><System><Provider Name='Microsoft-Windows-Sysmon' Guid='{5770385f-c22a-43e0-bf4c-06f5698ffbd9}'/><EventID>13</EventID><Version>2</Version><Level>4</Level><Task>13</Task><Opcode>0</Opcode><Keywords>0x8000000000000000</Keywords><TimeCreated SystemTime='2021-11-21T12:58:14.654146900Z'/><EventRecordID>104</EventRecordID><Correlation/><Execution ProcessID='1872' ThreadID='3648'/><Channel>Microsoft-Windows-Sysmon/Operational</Channel><Computer>DESKTOP-PC01</Computer><Security UserID='S-1-5-18'/></System><EventData><Data Name='RuleName'>InvDB-Path</Data><Data Name='EventType'>SetValue</Data><Data Name='UtcTime'>2021-11-21 12:58:14.643</Data><Data Name='ProcessGuid'>{10cf5a0f-4252-619a-c001-000000000700}</Data><Data Name='ProcessId'>6860</Data><Data Name='Image'>C:\\Windows\\system32\\compattelrunner.exe</Data><Data Name='TargetObject'>\\REGISTRY\\A\\{50c90cbf-b2f5-cc7b-b22d-2619b6da3d06}\\Root\\InventoryApplicationFile\\splunk-powershel|2c084771581f2247\\LowerCaseLongPath</Data><Data Name='Details'>c:\\program files\\splunkuniversalforwarder\\bin\\splunk-powershell.exe</Data><Data Name='User'>NT AUTHORITY\\SYSTEM</Data></EventData></Event>"",""source"":""XmlWinEventLog:Microsoft-Windows-Sysmon/Operational"",""host"":{""name"":""DESKTOP-PC01""},""sourcetype"":""XmlWinEventLog:Microsoft-Windows-Sysmon/Operational"",""index"":""default"",""cribl_pipe"":""passthru"",""@timestamp"":""2021-12-01T16:54:40.179Z""}","sysmon_events_summary_upload.csv",csv,"si-i-061ebfca0cf8b90c6.prd-p-s3zl2.splunkcloud.com",,"2021-12-01T16:54:40.179Z
none","<Event xmlns='http://schemas.microsoft.com/win/2004/08/events/event'><System><Provider Name='Microsoft-Windows-Sysmon' Guid='{5770385f-c22a-43e0-bf4c-06f5698ffbd9}'/><EventID>13</EventID><Version>2</Version><Level>4</Level><Task>13</Task><Opcode>0</Opcode><Keywords>0x8000000000000000</Keywords><TimeCreated SystemTime='2021-11-21T12:58:14.654146900Z'/><EventRecordID>104</EventRecordID><Correlation/><Execution ProcessID='1872' ThreadID='3648'/><Channel>Microsoft-Windows-Sysmon/Operational</Channel><Computer>DESKTOP-PC01</Computer><Security UserID='S-1-5-18'/></System><EventData><Data Name='RuleName'>InvDB-Path</Data><Data Name='EventType'>SetValue</Data><Data Name='UtcTime'>2021-11-21 12:58:14.643</Data><Data Name='ProcessGuid'>{10cf5a0f-4252-619a-c001-000000000700}</Data><Data Name='ProcessId'>6860</Data><Data Name='Image'>C:\\Windows\\system32\\compattelrunner.exe</Data><Data Name='TargetObject'>\\REGISTRY\\A\\{50c90cbf-b2f5-cc7b-b22d-2619b6da3d06}\\Root\\InventoryApplicationFile\\splunk-powershel|2c084771581f2247\\LowerCaseLongPath</Data><Data Name='Details'>c:\\program files\\splunkuniversalforwarder\\bin\\splunk-powershell.exe</Data><Data Name='User'>NT AUTHORITY\\SYSTEM</Data></EventData></Event>"
"Microsoft-Windows-Sysmon/Operational",,"DESKTOP-PC01",,,13,119,"http://schemas.microsoft.com/win/2004/08/events/event",1872,3648,"C:\\Windows\\system32\\compattelrunner.exe",0x8000000000000000,4,0,,,"{5770385f-c22a-43e0-bf4c-06f5698ffbd9}","Microsoft-Windows-Sysmon","S-1-5-18",,13,"2021-11-21T12:58:14.825129500Z","2021-11-21T12:58:14.825129500Z","2021-11-21 12:58:14.815",2,"""{""""_raw"""":""""<Event xmlns='http://schemas.microsoft.com/win/2004/08/events/event'><System><Provider Name='Microsoft-Windows-Sysmon' Guid='{5770385f-c22a-43e0-bf4c-06f5698ffbd9}'/><EventID>13</EventID><Version>2</Version><Level>4</Level><Task>13</Task><Opcode>0</Opcode><Keywords>0x8000000000000000</Keywords><TimeCreated SystemTime='2021-11-21T12:58:14.825129500Z'/><EventRecordID>119</EventRecordID><Correlation/><Execution ProcessID='1872' ThreadID='3648'/><Channel>Microsoft-Windows-Sysmon/Operational</Channel><Computer>DESKTOP-PC01</Computer><Security UserID='S-1-5-18'/></System><EventData><Data Name='RuleName'>InvDB-CompileTimeClaim</Data><Data Name='EventType'>SetValue</Data><Data Name='UtcTime'>2021-11-21 12:58:14.815</Data><Data Name='ProcessGuid'>{10cf5a0f-4252-619a-c001-000000000700}</Data><Data Name='ProcessId'>6860</Data><Data Name='Image'>C:\\Windows\\system32\\compattelrunner.exe</Data><Data Name='TargetObject'>\\REGISTRY\\A\\{50c90cbf-b2f5-cc7b-b22d-2619b6da3d06}\\Root\\InventoryApplicationFile\\splunk-winhostin|9c2f9c50ce2f578e\\LinkDate</Data><Data Name='Details'>(Empty)</Data><Data Name='User'>NT AUTHORITY\\SYSTEM</Data></EventData></Event>"""",""""source"""":""""XmlWinEventLog:Microsoft-Windows-Sysmon/Operational"""",""""host"""":{""""name"""":""""DESKTOP-PC01""""},""""sourcetype"""":""""XmlWinEventLog:Microsoft-Windows-Sysmon/Operational"""",""""index"""":""""default"""",""""cribl_pipe"""":""""passthru"""",""""@timestamp"""":""""2021-12-01T16:54:43.180Z""""}"",""DESKTOP-PC01"",""sysmon_events.json
XmlWinEventLog:Microsoft-Windows-Sysmon/Operational"",13,""2021-11-21 12:58:14.815"",""2021-12-01T16:54:43.180Z"",""2021-11-21T12:58:14.825129500Z"",,,,""C:\Windows\system32\compattelrunner.exe"",,,","2024-03-16T14:09:30.000+00:00",,"sysmon_events.json
XmlWinEventLog:Microsoft-Windows-Sysmon/Operational","si-i-061ebfca0cf8b90c6.prd-p-s3zl2.splunkcloud.com",main,2,"""{"""""""":""""<_='://../////'><><_='--'_='{----}'/><></","{""_raw"":""<Event xmlns='http://schemas.microsoft.com/win/2004/08/events/event'><System><Provider Name='Microsoft-Windows-Sysmon' Guid='{5770385f-c22a-43e0-bf4c-06f5698ffbd9}'/><EventID>13</EventID><Version>2</Version><Level>4</Level><Task>13</Task><Opcode>0</Opcode><Keywords>0x8000000000000000</Keywords><TimeCreated SystemTime='2021-11-21T12:58:14.825129500Z'/><EventRecordID>119</EventRecordID><Correlation/><Execution ProcessID='1872' ThreadID='3648'/><Channel>Microsoft-Windows-Sysmon/Operational</Channel><Computer>DESKTOP-PC01</Computer><Security UserID='S-1-5-18'/></System><EventData><Data Name='RuleName'>InvDB-CompileTimeClaim</Data><Data Name='EventType'>SetValue</Data><Data Name='UtcTime'>2021-11-21 12:58:14.815</Data><Data Name='ProcessGuid'>{10cf5a0f-4252-619a-c001-000000000700}</Data><Data Name='ProcessId'>6860</Data><Data Name='Image'>C:\\Windows\\system32\\compattelrunner.exe</Data><Data Name='TargetObject'>\\REGISTRY\\A\\{50c90cbf-b2f5-cc7b-b22d-2619b6da3d06}\\Root\\InventoryApplicationFile\\splunk-winhostin|9c2f9c50ce2f578e\\LinkDate</Data><Data Name='Details'>(Empty)</Data><Data Name='User'>NT AUTHORITY\\SYSTEM</Data></EventData></Event>"",""source"":""XmlWinEventLog:Microsoft-Windows-Sysmon/Operational"",""host"":{""name"":""DESKTOP-PC01""},""sourcetype"":""XmlWinEventLog:Microsoft-Windows-Sysmon/Operational"",""index"":""default"",""cribl_pipe"":""passthru"",""@timestamp"":""2021-12-01T16:54:43.180Z""}","sysmon_events_summary_upload.csv",csv,"si-i-061ebfca0cf8b90c6.prd-p-s3zl2.splunkcloud.com",,"2021-12-01T16:54:43.180Z
none","<Event xmlns='http://schemas.microsoft.com/win/2004/08/events/event'><System><Provider Name='Microsoft-Windows-Sysmon' Guid='{5770385f-c22a-43e0-bf4c-06f5698ffbd9}'/><EventID>13</EventID><Version>2</Version><Level>4</Level><Task>13</Task><Opcode>0</Opcode><Keywords>0x8000000000000000</Keywords><TimeCreated SystemTime='2021-11-21T12:58:14.825129500Z'/><EventRecordID>119</EventRecordID><Correlation/><Execution ProcessID='1872' ThreadID='3648'/><Channel>Microsoft-Windows-Sysmon/Operational</Channel><Computer>DESKTOP-PC01</Computer><Security UserID='S-1-5-18'/></System><EventData><Data Name='RuleName'>InvDB-CompileTimeClaim</Data><Data Name='EventType'>SetValue</Data><Data Name='UtcTime'>2021-11-21 12:58:14.815</Data><Data Name='ProcessGuid'>{10cf5a0f-4252-619a-c001-000000000700}</Data><Data Name='ProcessId'>6860</Data><Data Name='Image'>C:\\Windows\\system32\\compattelrunner.exe</Data><Data Name='TargetObject'>\\REGISTRY\\A\\{50c90cbf-b2f5-cc7b-b22d-2619b6da3d06}\\Root\\InventoryApplicationFile\\splunk-winhostin|9c2f9c50ce2f578e\\LinkDate</Data><Data Name='Details'>(Empty)</Data><Data Name='User'>NT AUTHORITY\\SYSTEM</Data></EventData></Event>"
"Microsoft-Windows-Sysmon/Operational",,"DESKTOP-PC01",,,13,118,"http://schemas.microsoft.com/win/2004/08/events/event",1872,3648,"C:\\Windows\\system32\\compattelrunner.exe",0x8000000000000000,4,0,,,"{5770385f-c22a-43e0-bf4c-06f5698ffbd9}","Microsoft-Windows-Sysmon","S-1-5-18",,13,"2021-11-21T12:58:14.824376700Z","2021-11-21T12:58:14.824376700Z","2021-11-21 12:58:14.815",2,"""{""""_raw"""":""""<Event xmlns='http://schemas.microsoft.com/win/2004/08/events/event'><System><Provider Name='Microsoft-Windows-Sysmon' Guid='{5770385f-c22a-43e0-bf4c-06f5698ffbd9}'/><EventID>13</EventID><Version>2</Version><Level>4</Level><Task>13</Task><Opcode>0</Opcode><Keywords>0x8000000000000000</Keywords><TimeCreated SystemTime='2021-11-21T12:58:14.824376700Z'/><EventRecordID>118</EventRecordID><Correlation/><Execution ProcessID='1872' ThreadID='3648'/><Channel>Microsoft-Windows-Sysmon/Operational</Channel><Computer>DESKTOP-PC01</Computer><Security UserID='S-1-5-18'/></System><EventData><Data Name='RuleName'>InvDB-Pub</Data><Data Name='EventType'>SetValue</Data><Data Name='UtcTime'>2021-11-21 12:58:14.815</Data><Data Name='ProcessGuid'>{10cf5a0f-4252-619a-c001-000000000700}</Data><Data Name='ProcessId'>6860</Data><Data Name='Image'>C:\\Windows\\system32\\compattelrunner.exe</Data><Data Name='TargetObject'>\\REGISTRY\\A\\{50c90cbf-b2f5-cc7b-b22d-2619b6da3d06}\\Root\\InventoryApplicationFile\\splunk-winhostin|9c2f9c50ce2f578e\\Publisher</Data><Data Name='Details'>splunk inc.</Data><Data Name='User'>NT AUTHORITY\\SYSTEM</Data></EventData></Event>"""",""""source"""":""""XmlWinEventLog:Microsoft-Windows-Sysmon/Operational"""",""""host"""":{""""name"""":""""DESKTOP-PC01""""},""""sourcetype"""":""""XmlWinEventLog:Microsoft-Windows-Sysmon/Operational"""",""""index"""":""""default"""",""""cribl_pipe"""":""""passthru"""",""""@timestamp"""":""""2021-12-01T16:54:43.180Z""""}"",""DESKTOP-PC01"",""sysmon_events.json
XmlWinEventLog:Microsoft-Windows-Sysmon/Operational"",13,""2021-11-21 12:58:14.815"",""2021-12-01T16:54:43.180Z"",""2021-11-21T12:58:14.824376700Z"",,,,""C:\Windows\system32\compattelrunner.exe"",,,","2024-03-16T14:09:30.000+00:00",,"sysmon_events.json
XmlWinEventLog:Microsoft-Windows-Sysmon/Operational","si-i-061ebfca0cf8b90c6.prd-p-s3zl2.splunkcloud.com",main,2,"""{"""""""":""""<_='://../////'><><_='--'_='{----}'/><></","{""_raw"":""<Event xmlns='http://schemas.microsoft.com/win/2004/08/events/event'><System><Provider Name='Microsoft-Windows-Sysmon' Guid='{5770385f-c22a-43e0-bf4c-06f5698ffbd9}'/><EventID>13</EventID><Version>2</Version><Level>4</Level><Task>13</Task><Opcode>0</Opcode><Keywords>0x8000000000000000</Keywords><TimeCreated SystemTime='2021-11-21T12:58:14.824376700Z'/><EventRecordID>118</EventRecordID><Correlation/><Execution ProcessID='1872' ThreadID='3648'/><Channel>Microsoft-Windows-Sysmon/Operational</Channel><Computer>DESKTOP-PC01</Computer><Security UserID='S-1-5-18'/></System><EventData><Data Name='RuleName'>InvDB-Pub</Data><Data Name='EventType'>SetValue</Data><Data Name='UtcTime'>2021-11-21 12:58:14.815</Data><Data Name='ProcessGuid'>{10cf5a0f-4252-619a-c001-000000000700}</Data><Data Name='ProcessId'>6860</Data><Data Name='Image'>C:\\Windows\\system32\\compattelrunner.exe</Data><Data Name='TargetObject'>\\REGISTRY\\A\\{50c90cbf-b2f5-cc7b-b22d-2619b6da3d06}\\Root\\InventoryApplicationFile\\splunk-winhostin|9c2f9c50ce2f578e\\Publisher</Data><Data Name='Details'>splunk inc.</Data><Data Name='User'>NT AUTHORITY\\SYSTEM</Data></EventData></Event>"",""source"":""XmlWinEventLog:Microsoft-Windows-Sysmon/Operational"",""host"":{""name"":""DESKTOP-PC01""},""sourcetype"":""XmlWinEventLog:Microsoft-Windows-Sysmon/Operational"",""index"":""default"",""cribl_pipe"":""passthru"",""@timestamp"":""2021-12-01T16:54:43.180Z""}","sysmon_events_summary_upload.csv",csv,"si-i-061ebfca0cf8b90c6.prd-p-s3zl2.splunkcloud.com",,"2021-12-01T16:54:43.180Z
none","<Event xmlns='http://schemas.microsoft.com/win/2004/08/events/event'><System><Provider Name='Microsoft-Windows-Sysmon' Guid='{5770385f-c22a-43e0-bf4c-06f5698ffbd9}'/><EventID>13</EventID><Version>2</Version><Level>4</Level><Task>13</Task><Opcode>0</Opcode><Keywords>0x8000000000000000</Keywords><TimeCreated SystemTime='2021-11-21T12:58:14.824376700Z'/><EventRecordID>118</EventRecordID><Correlation/><Execution ProcessID='1872' ThreadID='3648'/><Channel>Microsoft-Windows-Sysmon/Operational</Channel><Computer>DESKTOP-PC01</Computer><Security UserID='S-1-5-18'/></System><EventData><Data Name='RuleName'>InvDB-Pub</Data><Data Name='EventType'>SetValue</Data><Data Name='UtcTime'>2021-11-21 12:58:14.815</Data><Data Name='ProcessGuid'>{10cf5a0f-4252-619a-c001-000000000700}</Data><Data Name='ProcessId'>6860</Data><Data Name='Image'>C:\\Windows\\system32\\compattelrunner.exe</Data><Data Name='TargetObject'>\\REGISTRY\\A\\{50c90cbf-b2f5-cc7b-b22d-2619b6da3d06}\\Root\\InventoryApplicationFile\\splunk-winhostin|9c2f9c50ce2f578e\\Publisher</Data><Data Name='Details'>splunk inc.</Data><Data Name='User'>NT AUTHORITY\\SYSTEM</Data></EventData></Event>"
"Microsoft-Windows-Sysmon/Operational",,"DESKTOP-PC01",,,13,117,"http://schemas.microsoft.com/win/2004/08/events/event",1872,3648,"C:\\Windows\\system32\\compattelrunner.exe",0x8000000000000000,4,0,,,"{5770385f-c22a-43e0-bf4c-06f5698ffbd9}","Microsoft-Windows-Sysmon","S-1-5-18",,13,"2021-11-21T12:58:14.823997700Z","2021-11-21T12:58:14.823997700Z","2021-11-21 12:58:14.815",2,"""{""""_raw"""":""""<Event xmlns='http://schemas.microsoft.com/win/2004/08/events/event'><System><Provider Name='Microsoft-Windows-Sysmon' Guid='{5770385f-c22a-43e0-bf4c-06f5698ffbd9}'/><EventID>13</EventID><Version>2</Version><Level>4</Level><Task>13</Task><Opcode>0</Opcode><Keywords>0x8000000000000000</Keywords><TimeCreated SystemTime='2021-11-21T12:58:14.823997700Z'/><EventRecordID>117</EventRecordID><Correlation/><Execution ProcessID='1872' ThreadID='3648'/><Channel>Microsoft-Windows-Sysmon/Operational</Channel><Computer>DESKTOP-PC01</Computer><Security UserID='S-1-5-18'/></System><EventData><Data Name='RuleName'>InvDB-Path</Data><Data Name='EventType'>SetValue</Data><Data Name='UtcTime'>2021-11-21 12:58:14.815</Data><Data Name='ProcessGuid'>{10cf5a0f-4252-619a-c001-000000000700}</Data><Data Name='ProcessId'>6860</Data><Data Name='Image'>C:\\Windows\\system32\\compattelrunner.exe</Data><Data Name='TargetObject'>\\REGISTRY\\A\\{50c90cbf-b2f5-cc7b-b22d-2619b6da3d06}\\Root\\InventoryApplicationFile\\splunk-winhostin|9c2f9c50ce2f578e\\LowerCaseLongPath</Data><Data Name='Details'>c:\\program files\\splunkuniversalforwarder\\bin\\splunk-winhostinfo.exe</Data><Data Name='User'>NT AUTHORITY\\SYSTEM</Data></EventData></Event>"""",""""source"""":""""XmlWinEventLog:Microsoft-Windows-Sysmon/Operational"""",""""host"""":{""""name"""":""""DESKTOP-PC01""""},""""sourcetype"""":""""XmlWinEventLog:Microsoft-Windows-Sysmon/Operational"""",""""index"""":""""default"""",""""cribl_pipe"""":""""passthru"""",""""@timestamp"""":""""2021-12-01T16:54:43.180Z""""}"",""DESKTOP-PC01"",""sysmon_events.json
XmlWinEventLog:Microsoft-Windows-Sysmon/Operational"",13,""2021-11-21 12:58:14.815"",""2021-12-01T16:54:43.180Z"",""2021-11-21T12:58:14.823997700Z"",,,,""C:\Windows\system32\compattelrunner.exe"",,,","2024-03-16T14:09:30.000+00:00",,"sysmon_events.json
XmlWinEventLog:Microsoft-Windows-Sysmon/Operational","si-i-061ebfca0cf8b90c6.prd-p-s3zl2.splunkcloud.com",main,2,"""{"""""""":""""<_='://../////'><><_='--'_='{----}'/><></","{""_raw"":""<Event xmlns='http://schemas.microsoft.com/win/2004/08/events/event'><System><Provider Name='Microsoft-Windows-Sysmon' Guid='{5770385f-c22a-43e0-bf4c-06f5698ffbd9}'/><EventID>13</EventID><Version>2</Version><Level>4</Level><Task>13</Task><Opcode>0</Opcode><Keywords>0x8000000000000000</Keywords><TimeCreated SystemTime='2021-11-21T12:58:14.823997700Z'/><EventRecordID>117</EventRecordID><Correlation/><Execution ProcessID='1872' ThreadID='3648'/><Channel>Microsoft-Windows-Sysmon/Operational</Channel><Computer>DESKTOP-PC01</Computer><Security UserID='S-1-5-18'/></System><EventData><Data Name='RuleName'>InvDB-Path</Data><Data Name='EventType'>SetValue</Data><Data Name='UtcTime'>2021-11-21 12:58:14.815</Data><Data Name='ProcessGuid'>{10cf5a0f-4252-619a-c001-000000000700}</Data><Data Name='ProcessId'>6860</Data><Data Name='Image'>C:\\Windows\\system32\\compattelrunner.exe</Data><Data Name='TargetObject'>\\REGISTRY\\A\\{50c90cbf-b2f5-cc7b-b22d-2619b6da3d06}\\Root\\InventoryApplicationFile\\splunk-winhostin|9c2f9c50ce2f578e\\LowerCaseLongPath</Data><Data Name='Details'>c:\\program files\\splunkuniversalforwarder\\bin\\splunk-winhostinfo.exe</Data><Data Name='User'>NT AUTHORITY\\SYSTEM</Data></EventData></Event>"",""source"":""XmlWinEventLog:Microsoft-Windows-Sysmon/Operational"",""host"":{""name"":""DESKTOP-PC01""},""sourcetype"":""XmlWinEventLog:Microsoft-Windows-Sysmon/Operational"",""index"":""default"",""cribl_pipe"":""passthru"",""@timestamp"":""2021-12-01T16:54:43.180Z""}","sysmon_events_summary_upload.csv",csv,"si-i-061ebfca0cf8b90c6.prd-p-s3zl2.splunkcloud.com",,"2021-12-01T16:54:43.180Z
none","<Event xmlns='http://schemas.microsoft.com/win/2004/08/events/event'><System><Provider Name='Microsoft-Windows-Sysmon' Guid='{5770385f-c22a-43e0-bf4c-06f5698ffbd9}'/><EventID>13</EventID><Version>2</Version><Level>4</Level><Task>13</Task><Opcode>0</Opcode><Keywords>0x8000000000000000</Keywords><TimeCreated SystemTime='2021-11-21T12:58:14.823997700Z'/><EventRecordID>117</EventRecordID><Correlation/><Execution ProcessID='1872' ThreadID='3648'/><Channel>Microsoft-Windows-Sysmon/Operational</Channel><Computer>DESKTOP-PC01</Computer><Security UserID='S-1-5-18'/></System><EventData><Data Name='RuleName'>InvDB-Path</Data><Data Name='EventType'>SetValue</Data><Data Name='UtcTime'>2021-11-21 12:58:14.815</Data><Data Name='ProcessGuid'>{10cf5a0f-4252-619a-c001-000000000700}</Data><Data Name='ProcessId'>6860</Data><Data Name='Image'>C:\\Windows\\system32\\compattelrunner.exe</Data><Data Name='TargetObject'>\\REGISTRY\\A\\{50c90cbf-b2f5-cc7b-b22d-2619b6da3d06}\\Root\\InventoryApplicationFile\\splunk-winhostin|9c2f9c50ce2f578e\\LowerCaseLongPath</Data><Data Name='Details'>c:\\program files\\splunkuniversalforwarder\\bin\\splunk-winhostinfo.exe</Data><Data Name='User'>NT AUTHORITY\\SYSTEM</Data></EventData></Event>"
"Microsoft-Windows-Sysmon/Operational","\""""C:\\Program Files\\SplunkUniversalForwarder\\bin\\splunk-winevtlog.exe\""""","DESKTOP-PC01",,,1,116,"http://schemas.microsoft.com/win/2004/08/events/event",1872,3648,"C:\\Program Files\\SplunkUniversalForwarder\\bin\\splunk-winevtlog.exe",0x8000000000000000,4,0,"\""""C:\\Program Files\\SplunkUniversalForwarder\\bin\\splunkd.exe\"""" service",,"{5770385f-c22a-43e0-bf4c-06f5698ffbd9}","Microsoft-Windows-Sysmon","S-1-5-18",,1,"2021-11-21T12:58:14.783288200Z","2021-11-21T12:58:14.783288200Z","2021-11-21 12:58:14.536",5,"""{""""_raw"""":""""<Event xmlns='http://schemas.microsoft.com/win/2004/08/events/event'><System><Provider Name='Microsoft-Windows-Sysmon' Guid='{5770385f-c22a-43e0-bf4c-06f5698ffbd9}'/><EventID>1</EventID><Version>5</Version><Level>4</Level><Task>1</Task><Opcode>0</Opcode><Keywords>0x8000000000000000</Keywords><TimeCreated SystemTime='2021-11-21T12:58:14.783288200Z'/><EventRecordID>116</EventRecordID><Correlation/><Execution ProcessID='1872' ThreadID='3648'/><Channel>Microsoft-Windows-Sysmon/Operational</Channel><Computer>DESKTOP-PC01</Computer><Security UserID='S-1-5-18'/></System><EventData><Data Name='RuleName'>-</Data><Data Name='UtcTime'>2021-11-21 12:58:14.536</Data><Data Name='ProcessGuid'>{10cf5a0f-4266-619a-ed01-000000000700}</Data><Data Name='ProcessId'>5984</Data><Data Name='Image'>C:\\Program Files\\SplunkUniversalForwarder\\bin\\splunk-winevtlog.exe</Data><Data Name='FileVersion'>8.2.3</Data><Data Name='Description'>Monitor windows event logs</Data><Data Name='Product'>splunk Application</Data><Data Name='Company'>Splunk Inc.</Data><Data Name='OriginalFileName'>splunk-winevtlog.exe</Data><Data Name='CommandLine'>\""""C:\\Program Files\\SplunkUniversalForwarder\\bin\\splunk-winevtlog.exe\""""</Data><Data Name='CurrentDirectory'>C:\\Windows\\system32\\</Data><Data Name='User'>NT AUTHORITY\\SYSTEM</Data><Data Name='LogonGuid'>{10cf5a0f-4043-619a-e703-000000000000}</Data><Data Name='LogonId'>0x3e7</Data><Data Name='TerminalSessionId'>0</Data><Data Name='IntegrityLevel'>System</Data><Data Name='Hashes'>MD5=3F39E73FA0FE0D482000A5B6F73CA84D,SHA256=E54380FE1578E1990C71F2AA8A98050BE96002019056216E17D831B898502F21,IMPHASH=2E1496526AAA190EABB9573D6C4DC049</Data><Data Name='ParentProcessGuid'>{10cf5a0f-424e-619a-b301-000000000700}</Data><Data Name='ParentProcessId'>5504</Data><Data Name='ParentImage'>C:\\Program Files\\SplunkUniversalForwarder\\bin\\splunkd.exe</Data><Data Name='ParentCommandLine'>\""""C:\\Program Files\\SplunkUniversalForwarder\\bin\\splunkd.exe\"""" service</Data><Data Name='ParentUser'>NT AUTHORITY\\SYSTEM</Data></EventData></Event>"""",""""source"""":""""XmlWinEventLog:Microsoft-Windows-Sysmon/Operational"""",""""host"""":{""""name"""":""""DESKTOP-PC01""""},""""sourcetype"""":""""XmlWinEventLog:Microsoft-Windows-Sysmon/Operational"""",""""index"""":""""default"""",""""cribl_pipe"""":""""passthru"""",""""@timestamp"""":""""2021-12-01T16:54:43.180Z""""}"",""DESKTOP-PC01"",""sysmon_events.json
XmlWinEventLog:Microsoft-Windows-Sysmon/Operational"",1,""2021-11-21 12:58:14.536"",""2021-12-01T16:54:43.180Z"",""2021-11-21T12:58:14.783288200Z"",,,,""C:\Program Files\SplunkUniversalForwarder\bin\splunk-winevtlog.exe"",""""""C:\Program Files\SplunkUniversalForwarder\bin\splunk-winevtlog.exe"""""",""""""C:\Program Files\SplunkUniversalForwarder\bin\splunkd.exe"""" service"",","2024-03-16T14:09:30.000+00:00",,"sysmon_events.json
XmlWinEventLog:Microsoft-Windows-Sysmon/Operational","si-i-061ebfca0cf8b90c6.prd-p-s3zl2.splunkcloud.com",main,2,"""{"""""""":""""<_='://../////'><><_='--'_='{----}'/><></","{""_raw"":""<Event xmlns='http://schemas.microsoft.com/win/2004/08/events/event'><System><Provider Name='Microsoft-Windows-Sysmon' Guid='{5770385f-c22a-43e0-bf4c-06f5698ffbd9}'/><EventID>1</EventID><Version>5</Version><Level>4</Level><Task>1</Task><Opcode>0</Opcode><Keywords>0x8000000000000000</Keywords><TimeCreated SystemTime='2021-11-21T12:58:14.783288200Z'/><EventRecordID>116</EventRecordID><Correlation/><Execution ProcessID='1872' ThreadID='3648'/><Channel>Microsoft-Windows-Sysmon/Operational</Channel><Computer>DESKTOP-PC01</Computer><Security UserID='S-1-5-18'/></System><EventData><Data Name='RuleName'>-</Data><Data Name='UtcTime'>2021-11-21 12:58:14.536</Data><Data Name='ProcessGuid'>{10cf5a0f-4266-619a-ed01-000000000700}</Data><Data Name='ProcessId'>5984</Data><Data Name='Image'>C:\\Program Files\\SplunkUniversalForwarder\\bin\\splunk-winevtlog.exe</Data><Data Name='FileVersion'>8.2.3</Data><Data Name='Description'>Monitor windows event logs</Data><Data Name='Product'>splunk Application</Data><Data Name='Company'>Splunk Inc.</Data><Data Name='OriginalFileName'>splunk-winevtlog.exe</Data><Data Name='CommandLine'>\""C:\\Program Files\\SplunkUniversalForwarder\\bin\\splunk-winevtlog.exe\""</Data><Data Name='CurrentDirectory'>C:\\Windows\\system32\\</Data><Data Name='User'>NT AUTHORITY\\SYSTEM</Data><Data Name='LogonGuid'>{10cf5a0f-4043-619a-e703-000000000000}</Data><Data Name='LogonId'>0x3e7</Data><Data Name='TerminalSessionId'>0</Data><Data Name='IntegrityLevel'>System</Data><Data Name='Hashes'>MD5=3F39E73FA0FE0D482000A5B6F73CA84D,SHA256=E54380FE1578E1990C71F2AA8A98050BE96002019056216E17D831B898502F21,IMPHASH=2E1496526AAA190EABB9573D6C4DC049</Data><Data Name='ParentProcessGuid'>{10cf5a0f-424e-619a-b301-000000000700}</Data><Data Name='ParentProcessId'>5504</Data><Data Name='ParentImage'>C:\\Program Files\\SplunkUniversalForwarder\\bin\\splunkd.exe</Data><Data Name='ParentCommandLine'>\""C:\\Program Files\\SplunkUniversalForwarder\\bin\\splunkd.exe\"" service</Data><Data Name='ParentUser'>NT AUTHORITY\\SYSTEM</Data></EventData></Event>"",""source"":""XmlWinEventLog:Microsoft-Windows-Sysmon/Operational"",""host"":{""name"":""DESKTOP-PC01""},""sourcetype"":""XmlWinEventLog:Microsoft-Windows-Sysmon/Operational"",""index"":""default"",""cribl_pipe"":""passthru"",""@timestamp"":""2021-12-01T16:54:43.180Z""}","sysmon_events_summary_upload.csv",csv,"si-i-061ebfca0cf8b90c6.prd-p-s3zl2.splunkcloud.com",,"2021-12-01T16:54:43.180Z
none","<Event xmlns='http://schemas.microsoft.com/win/2004/08/events/event'><System><Provider Name='Microsoft-Windows-Sysmon' Guid='{5770385f-c22a-43e0-bf4c-06f5698ffbd9}'/><EventID>1</EventID><Version>5</Version><Level>4</Level><Task>1</Task><Opcode>0</Opcode><Keywords>0x8000000000000000</Keywords><TimeCreated SystemTime='2021-11-21T12:58:14.783288200Z'/><EventRecordID>116</EventRecordID><Correlation/><Execution ProcessID='1872' ThreadID='3648'/><Channel>Microsoft-Windows-Sysmon/Operational</Channel><Computer>DESKTOP-PC01</Computer><Security UserID='S-1-5-18'/></System><EventData><Data Name='RuleName'>-</Data><Data Name='UtcTime'>2021-11-21 12:58:14.536</Data><Data Name='ProcessGuid'>{10cf5a0f-4266-619a-ed01-000000000700}</Data><Data Name='ProcessId'>5984</Data><Data Name='Image'>C:\\Program Files\\SplunkUniversalForwarder\\bin\\splunk-winevtlog.exe</Data><Data Name='FileVersion'>8.2.3</Data><Data Name='Description'>Monitor windows event logs</Data><Data Name='Product'>splunk Application</Data><Data Name='Company'>Splunk Inc.</Data><Data Name='OriginalFileName'>splunk-winevtlog.exe</Data><Data Name='CommandLine'>\""""C:\\Program Files\\SplunkUniversalForwarder\\bin\\splunk-winevtlog.exe\""""</Data><Data Name='CurrentDirectory'>C:\\Windows\\system32\\</Data><Data Name='User'>NT AUTHORITY\\SYSTEM</Data><Data Name='LogonGuid'>{10cf5a0f-4043-619a-e703-000000000000}</Data><Data Name='LogonId'>0x3e7</Data><Data Name='TerminalSessionId'>0</Data><Data Name='IntegrityLevel'>System</Data><Data Name='Hashes'>MD5=3F39E73FA0FE0D482000A5B6F73CA84D,SHA256=E54380FE1578E1990C71F2AA8A98050BE96002019056216E17D831B898502F21,IMPHASH=2E1496526AAA190EABB9573D6C4DC049</Data><Data Name='ParentProcessGuid'>{10cf5a0f-424e-619a-b301-000000000700}</Data><Data Name='ParentProcessId'>5504</Data><Data Name='ParentImage'>C:\\Program Files\\SplunkUniversalForwarder\\bin\\splunkd.exe</Data><Data Name='ParentCommandLine'>\""""C:\\Program Files\\SplunkUniversalForwarder\\bin\\splunkd.exe\"""" service</Data><Data Name='ParentUser'>NT AUTHORITY\\SYSTEM</Data></EventData></Event>"
"Microsoft-Windows-Sysmon/Operational",,"DESKTOP-PC01",,,13,115,"http://schemas.microsoft.com/win/2004/08/events/event",1872,3648,"C:\\Windows\\system32\\compattelrunner.exe",0x8000000000000000,4,0,,,"{5770385f-c22a-43e0-bf4c-06f5698ffbd9}","Microsoft-Windows-Sysmon","S-1-5-18",,13,"2021-11-21T12:58:14.761415500Z","2021-11-21T12:58:14.761415500Z","2021-11-21 12:58:14.753",2,"""{""""_raw"""":""""<Event xmlns='http://schemas.microsoft.com/win/2004/08/events/event'><System><Provider Name='Microsoft-Windows-Sysmon' Guid='{5770385f-c22a-43e0-bf4c-06f5698ffbd9}'/><EventID>13</EventID><Version>2</Version><Level>4</Level><Task>13</Task><Opcode>0</Opcode><Keywords>0x8000000000000000</Keywords><TimeCreated SystemTime='2021-11-21T12:58:14.761415500Z'/><EventRecordID>115</EventRecordID><Correlation/><Execution ProcessID='1872' ThreadID='3648'/><Channel>Microsoft-Windows-Sysmon/Operational</Channel><Computer>DESKTOP-PC01</Computer><Security UserID='S-1-5-18'/></System><EventData><Data Name='RuleName'>InvDB-Ver</Data><Data Name='EventType'>SetValue</Data><Data Name='UtcTime'>2021-11-21 12:58:14.753</Data><Data Name='ProcessGuid'>{10cf5a0f-4252-619a-c001-000000000700}</Data><Data Name='ProcessId'>6860</Data><Data Name='Image'>C:\\Windows\\system32\\compattelrunner.exe</Data><Data Name='TargetObject'>\\REGISTRY\\A\\{50c90cbf-b2f5-cc7b-b22d-2619b6da3d06}\\Root\\InventoryApplicationFile\\splunk-winevtlog|d8125e0c86684fca\\BinProductVersion</Data><Data Name='Details'>(Empty)</Data><Data Name='User'>NT AUTHORITY\\SYSTEM</Data></EventData></Event>"""",""""source"""":""""XmlWinEventLog:Microsoft-Windows-Sysmon/Operational"""",""""host"""":{""""name"""":""""DESKTOP-PC01""""},""""sourcetype"""":""""XmlWinEventLog:Microsoft-Windows-Sysmon/Operational"""",""""index"""":""""default"""",""""cribl_pipe"""":""""passthru"""",""""@timestamp"""":""""2021-12-01T16:54:43.180Z""""}"",""DESKTOP-PC01"",""sysmon_events.json
XmlWinEventLog:Microsoft-Windows-Sysmon/Operational"",13,""2021-11-21 12:58:14.753"",""2021-12-01T16:54:43.180Z"",""2021-11-21T12:58:14.761415500Z"",,,,""C:\Windows\system32\compattelrunner.exe"",,,","2024-03-16T14:09:30.000+00:00",,"sysmon_events.json
XmlWinEventLog:Microsoft-Windows-Sysmon/Operational","si-i-061ebfca0cf8b90c6.prd-p-s3zl2.splunkcloud.com",main,2,"""{"""""""":""""<_='://../////'><><_='--'_='{----}'/><></","{""_raw"":""<Event xmlns='http://schemas.microsoft.com/win/2004/08/events/event'><System><Provider Name='Microsoft-Windows-Sysmon' Guid='{5770385f-c22a-43e0-bf4c-06f5698ffbd9}'/><EventID>13</EventID><Version>2</Version><Level>4</Level><Task>13</Task><Opcode>0</Opcode><Keywords>0x8000000000000000</Keywords><TimeCreated SystemTime='2021-11-21T12:58:14.761415500Z'/><EventRecordID>115</EventRecordID><Correlation/><Execution ProcessID='1872' ThreadID='3648'/><Channel>Microsoft-Windows-Sysmon/Operational</Channel><Computer>DESKTOP-PC01</Computer><Security UserID='S-1-5-18'/></System><EventData><Data Name='RuleName'>InvDB-Ver</Data><Data Name='EventType'>SetValue</Data><Data Name='UtcTime'>2021-11-21 12:58:14.753</Data><Data Name='ProcessGuid'>{10cf5a0f-4252-619a-c001-000000000700}</Data><Data Name='ProcessId'>6860</Data><Data Name='Image'>C:\\Windows\\system32\\compattelrunner.exe</Data><Data Name='TargetObject'>\\REGISTRY\\A\\{50c90cbf-b2f5-cc7b-b22d-2619b6da3d06}\\Root\\InventoryApplicationFile\\splunk-winevtlog|d8125e0c86684fca\\BinProductVersion</Data><Data Name='Details'>(Empty)</Data><Data Name='User'>NT AUTHORITY\\SYSTEM</Data></EventData></Event>"",""source"":""XmlWinEventLog:Microsoft-Windows-Sysmon/Operational"",""host"":{""name"":""DESKTOP-PC01""},""sourcetype"":""XmlWinEventLog:Microsoft-Windows-Sysmon/Operational"",""index"":""default"",""cribl_pipe"":""passthru"",""@timestamp"":""2021-12-01T16:54:43.180Z""}","sysmon_events_summary_upload.csv",csv,"si-i-061ebfca0cf8b90c6.prd-p-s3zl2.splunkcloud.com",,"2021-12-01T16:54:43.180Z
none","<Event xmlns='http://schemas.microsoft.com/win/2004/08/events/event'><System><Provider Name='Microsoft-Windows-Sysmon' Guid='{5770385f-c22a-43e0-bf4c-06f5698ffbd9}'/><EventID>13</EventID><Version>2</Version><Level>4</Level><Task>13</Task><Opcode>0</Opcode><Keywords>0x8000000000000000</Keywords><TimeCreated SystemTime='2021-11-21T12:58:14.761415500Z'/><EventRecordID>115</EventRecordID><Correlation/><Execution ProcessID='1872' ThreadID='3648'/><Channel>Microsoft-Windows-Sysmon/Operational</Channel><Computer>DESKTOP-PC01</Computer><Security UserID='S-1-5-18'/></System><EventData><Data Name='RuleName'>InvDB-Ver</Data><Data Name='EventType'>SetValue</Data><Data Name='UtcTime'>2021-11-21 12:58:14.753</Data><Data Name='ProcessGuid'>{10cf5a0f-4252-619a-c001-000000000700}</Data><Data Name='ProcessId'>6860</Data><Data Name='Image'>C:\\Windows\\system32\\compattelrunner.exe</Data><Data Name='TargetObject'>\\REGISTRY\\A\\{50c90cbf-b2f5-cc7b-b22d-2619b6da3d06}\\Root\\InventoryApplicationFile\\splunk-winevtlog|d8125e0c86684fca\\BinProductVersion</Data><Data Name='Details'>(Empty)</Data><Data Name='User'>NT AUTHORITY\\SYSTEM</Data></EventData></Event>"
"Microsoft-Windows-Sysmon/Operational",,"DESKTOP-PC01",,,13,114,"http://schemas.microsoft.com/win/2004/08/events/event",1872,3648,"C:\\Windows\\system32\\compattelrunner.exe",0x8000000000000000,4,0,,,"{5770385f-c22a-43e0-bf4c-06f5698ffbd9}","Microsoft-Windows-Sysmon","S-1-5-18",,13,"2021-11-21T12:58:14.761284900Z","2021-11-21T12:58:14.761284900Z","2021-11-21 12:58:14.753",2,"""{""""_raw"""":""""<Event xmlns='http://schemas.microsoft.com/win/2004/08/events/event'><System><Provider Name='Microsoft-Windows-Sysmon' Guid='{5770385f-c22a-43e0-bf4c-06f5698ffbd9}'/><EventID>13</EventID><Version>2</Version><Level>4</Level><Task>13</Task><Opcode>0</Opcode><Keywords>0x8000000000000000</Keywords><TimeCreated SystemTime='2021-11-21T12:58:14.761284900Z'/><EventRecordID>114</EventRecordID><Correlation/><Execution ProcessID='1872' ThreadID='3648'/><Channel>Microsoft-Windows-Sysmon/Operational</Channel><Computer>DESKTOP-PC01</Computer><Security UserID='S-1-5-18'/></System><EventData><Data Name='RuleName'>InvDB-CompileTimeClaim</Data><Data Name='EventType'>SetValue</Data><Data Name='UtcTime'>2021-11-21 12:58:14.753</Data><Data Name='ProcessGuid'>{10cf5a0f-4252-619a-c001-000000000700}</Data><Data Name='ProcessId'>6860</Data><Data Name='Image'>C:\\Windows\\system32\\compattelrunner.exe</Data><Data Name='TargetObject'>\\REGISTRY\\A\\{50c90cbf-b2f5-cc7b-b22d-2619b6da3d06}\\Root\\InventoryApplicationFile\\splunk-winevtlog|d8125e0c86684fca\\LinkDate</Data><Data Name='Details'>(Empty)</Data><Data Name='User'>NT AUTHORITY\\SYSTEM</Data></EventData></Event>"""",""""source"""":""""XmlWinEventLog:Microsoft-Windows-Sysmon/Operational"""",""""host"""":{""""name"""":""""DESKTOP-PC01""""},""""sourcetype"""":""""XmlWinEventLog:Microsoft-Windows-Sysmon/Operational"""",""""index"""":""""default"""",""""cribl_pipe"""":""""passthru"""",""""@timestamp"""":""""2021-12-01T16:54:43.180Z""""}"",""DESKTOP-PC01"",""sysmon_events.json
XmlWinEventLog:Microsoft-Windows-Sysmon/Operational"",13,""2021-11-21 12:58:14.753"",""2021-12-01T16:54:43.180Z"",""2021-11-21T12:58:14.761284900Z"",,,,""C:\Windows\system32\compattelrunner.exe"",,,","2024-03-16T14:09:30.000+00:00",,"sysmon_events.json
XmlWinEventLog:Microsoft-Windows-Sysmon/Operational","si-i-061ebfca0cf8b90c6.prd-p-s3zl2.splunkcloud.com",main,2,"""{"""""""":""""<_='://../////'><><_='--'_='{----}'/><></","{""_raw"":""<Event xmlns='http://schemas.microsoft.com/win/2004/08/events/event'><System><Provider Name='Microsoft-Windows-Sysmon' Guid='{5770385f-c22a-43e0-bf4c-06f5698ffbd9}'/><EventID>13</EventID><Version>2</Version><Level>4</Level><Task>13</Task><Opcode>0</Opcode><Keywords>0x8000000000000000</Keywords><TimeCreated SystemTime='2021-11-21T12:58:14.761284900Z'/><EventRecordID>114</EventRecordID><Correlation/><Execution ProcessID='1872' ThreadID='3648'/><Channel>Microsoft-Windows-Sysmon/Operational</Channel><Computer>DESKTOP-PC01</Computer><Security UserID='S-1-5-18'/></System><EventData><Data Name='RuleName'>InvDB-CompileTimeClaim</Data><Data Name='EventType'>SetValue</Data><Data Name='UtcTime'>2021-11-21 12:58:14.753</Data><Data Name='ProcessGuid'>{10cf5a0f-4252-619a-c001-000000000700}</Data><Data Name='ProcessId'>6860</Data><Data Name='Image'>C:\\Windows\\system32\\compattelrunner.exe</Data><Data Name='TargetObject'>\\REGISTRY\\A\\{50c90cbf-b2f5-cc7b-b22d-2619b6da3d06}\\Root\\InventoryApplicationFile\\splunk-winevtlog|d8125e0c86684fca\\LinkDate</Data><Data Name='Details'>(Empty)</Data><Data Name='User'>NT AUTHORITY\\SYSTEM</Data></EventData></Event>"",""source"":""XmlWinEventLog:Microsoft-Windows-Sysmon/Operational"",""host"":{""name"":""DESKTOP-PC01""},""sourcetype"":""XmlWinEventLog:Microsoft-Windows-Sysmon/Operational"",""index"":""default"",""cribl_pipe"":""passthru"",""@timestamp"":""2021-12-01T16:54:43.180Z""}","sysmon_events_summary_upload.csv",csv,"si-i-061ebfca0cf8b90c6.prd-p-s3zl2.splunkcloud.com",,"2021-12-01T16:54:43.180Z
none","<Event xmlns='http://schemas.microsoft.com/win/2004/08/events/event'><System><Provider Name='Microsoft-Windows-Sysmon' Guid='{5770385f-c22a-43e0-bf4c-06f5698ffbd9}'/><EventID>13</EventID><Version>2</Version><Level>4</Level><Task>13</Task><Opcode>0</Opcode><Keywords>0x8000000000000000</Keywords><TimeCreated SystemTime='2021-11-21T12:58:14.761284900Z'/><EventRecordID>114</EventRecordID><Correlation/><Execution ProcessID='1872' ThreadID='3648'/><Channel>Microsoft-Windows-Sysmon/Operational</Channel><Computer>DESKTOP-PC01</Computer><Security UserID='S-1-5-18'/></System><EventData><Data Name='RuleName'>InvDB-CompileTimeClaim</Data><Data Name='EventType'>SetValue</Data><Data Name='UtcTime'>2021-11-21 12:58:14.753</Data><Data Name='ProcessGuid'>{10cf5a0f-4252-619a-c001-000000000700}</Data><Data Name='ProcessId'>6860</Data><Data Name='Image'>C:\\Windows\\system32\\compattelrunner.exe</Data><Data Name='TargetObject'>\\REGISTRY\\A\\{50c90cbf-b2f5-cc7b-b22d-2619b6da3d06}\\Root\\InventoryApplicationFile\\splunk-winevtlog|d8125e0c86684fca\\LinkDate</Data><Data Name='Details'>(Empty)</Data><Data Name='User'>NT AUTHORITY\\SYSTEM</Data></EventData></Event>"
"Microsoft-Windows-Sysmon/Operational",,"DESKTOP-PC01",,,13,113,"http://schemas.microsoft.com/win/2004/08/events/event",1872,3648,"C:\\Windows\\system32\\compattelrunner.exe",0x8000000000000000,4,0,,,"{5770385f-c22a-43e0-bf4c-06f5698ffbd9}","Microsoft-Windows-Sysmon","S-1-5-18",,13,"2021-11-21T12:58:14.760582400Z","2021-11-21T12:58:14.760582400Z","2021-11-21 12:58:14.753",2,"""{""""_raw"""":""""<Event xmlns='http://schemas.microsoft.com/win/2004/08/events/event'><System><Provider Name='Microsoft-Windows-Sysmon' Guid='{5770385f-c22a-43e0-bf4c-06f5698ffbd9}'/><EventID>13</EventID><Version>2</Version><Level>4</Level><Task>13</Task><Opcode>0</Opcode><Keywords>0x8000000000000000</Keywords><TimeCreated SystemTime='2021-11-21T12:58:14.760582400Z'/><EventRecordID>113</EventRecordID><Correlation/><Execution ProcessID='1872' ThreadID='3648'/><Channel>Microsoft-Windows-Sysmon/Operational</Channel><Computer>DESKTOP-PC01</Computer><Security UserID='S-1-5-18'/></System><EventData><Data Name='RuleName'>InvDB-Pub</Data><Data Name='EventType'>SetValue</Data><Data Name='UtcTime'>2021-11-21 12:58:14.753</Data><Data Name='ProcessGuid'>{10cf5a0f-4252-619a-c001-000000000700}</Data><Data Name='ProcessId'>6860</Data><Data Name='Image'>C:\\Windows\\system32\\compattelrunner.exe</Data><Data Name='TargetObject'>\\REGISTRY\\A\\{50c90cbf-b2f5-cc7b-b22d-2619b6da3d06}\\Root\\InventoryApplicationFile\\splunk-winevtlog|d8125e0c86684fca\\Publisher</Data><Data Name='Details'>splunk inc.</Data><Data Name='User'>NT AUTHORITY\\SYSTEM</Data></EventData></Event>"""",""""source"""":""""XmlWinEventLog:Microsoft-Windows-Sysmon/Operational"""",""""host"""":{""""name"""":""""DESKTOP-PC01""""},""""sourcetype"""":""""XmlWinEventLog:Microsoft-Windows-Sysmon/Operational"""",""""index"""":""""default"""",""""cribl_pipe"""":""""passthru"""",""""@timestamp"""":""""2021-12-01T16:54:43.180Z""""}"",""DESKTOP-PC01"",""sysmon_events.json
XmlWinEventLog:Microsoft-Windows-Sysmon/Operational"",13,""2021-11-21 12:58:14.753"",""2021-12-01T16:54:43.180Z"",""2021-11-21T12:58:14.760582400Z"",,,,""C:\Windows\system32\compattelrunner.exe"",,,","2024-03-16T14:09:30.000+00:00",,"sysmon_events.json
XmlWinEventLog:Microsoft-Windows-Sysmon/Operational","si-i-061ebfca0cf8b90c6.prd-p-s3zl2.splunkcloud.com",main,2,"""{"""""""":""""<_='://../////'><><_='--'_='{----}'/><></","{""_raw"":""<Event xmlns='http://schemas.microsoft.com/win/2004/08/events/event'><System><Provider Name='Microsoft-Windows-Sysmon' Guid='{5770385f-c22a-43e0-bf4c-06f5698ffbd9}'/><EventID>13</EventID><Version>2</Version><Level>4</Level><Task>13</Task><Opcode>0</Opcode><Keywords>0x8000000000000000</Keywords><TimeCreated SystemTime='2021-11-21T12:58:14.760582400Z'/><EventRecordID>113</EventRecordID><Correlation/><Execution ProcessID='1872' ThreadID='3648'/><Channel>Microsoft-Windows-Sysmon/Operational</Channel><Computer>DESKTOP-PC01</Computer><Security UserID='S-1-5-18'/></System><EventData><Data Name='RuleName'>InvDB-Pub</Data><Data Name='EventType'>SetValue</Data><Data Name='UtcTime'>2021-11-21 12:58:14.753</Data><Data Name='ProcessGuid'>{10cf5a0f-4252-619a-c001-000000000700}</Data><Data Name='ProcessId'>6860</Data><Data Name='Image'>C:\\Windows\\system32\\compattelrunner.exe</Data><Data Name='TargetObject'>\\REGISTRY\\A\\{50c90cbf-b2f5-cc7b-b22d-2619b6da3d06}\\Root\\InventoryApplicationFile\\splunk-winevtlog|d8125e0c86684fca\\Publisher</Data><Data Name='Details'>splunk inc.</Data><Data Name='User'>NT AUTHORITY\\SYSTEM</Data></EventData></Event>"",""source"":""XmlWinEventLog:Microsoft-Windows-Sysmon/Operational"",""host"":{""name"":""DESKTOP-PC01""},""sourcetype"":""XmlWinEventLog:Microsoft-Windows-Sysmon/Operational"",""index"":""default"",""cribl_pipe"":""passthru"",""@timestamp"":""2021-12-01T16:54:43.180Z""}","sysmon_events_summary_upload.csv",csv,"si-i-061ebfca0cf8b90c6.prd-p-s3zl2.splunkcloud.com",,"2021-12-01T16:54:43.180Z
none","<Event xmlns='http://schemas.microsoft.com/win/2004/08/events/event'><System><Provider Name='Microsoft-Windows-Sysmon' Guid='{5770385f-c22a-43e0-bf4c-06f5698ffbd9}'/><EventID>13</EventID><Version>2</Version><Level>4</Level><Task>13</Task><Opcode>0</Opcode><Keywords>0x8000000000000000</Keywords><TimeCreated SystemTime='2021-11-21T12:58:14.760582400Z'/><EventRecordID>113</EventRecordID><Correlation/><Execution ProcessID='1872' ThreadID='3648'/><Channel>Microsoft-Windows-Sysmon/Operational</Channel><Computer>DESKTOP-PC01</Computer><Security UserID='S-1-5-18'/></System><EventData><Data Name='RuleName'>InvDB-Pub</Data><Data Name='EventType'>SetValue</Data><Data Name='UtcTime'>2021-11-21 12:58:14.753</Data><Data Name='ProcessGuid'>{10cf5a0f-4252-619a-c001-000000000700}</Data><Data Name='ProcessId'>6860</Data><Data Name='Image'>C:\\Windows\\system32\\compattelrunner.exe</Data><Data Name='TargetObject'>\\REGISTRY\\A\\{50c90cbf-b2f5-cc7b-b22d-2619b6da3d06}\\Root\\InventoryApplicationFile\\splunk-winevtlog|d8125e0c86684fca\\Publisher</Data><Data Name='Details'>splunk inc.</Data><Data Name='User'>NT AUTHORITY\\SYSTEM</Data></EventData></Event>"
"Microsoft-Windows-Sysmon/Operational",,"DESKTOP-PC01",,,13,112,"http://schemas.microsoft.com/win/2004/08/events/event",1872,3648,"C:\\Windows\\system32\\compattelrunner.exe",0x8000000000000000,4,0,,,"{5770385f-c22a-43e0-bf4c-06f5698ffbd9}","Microsoft-Windows-Sysmon","S-1-5-18",,13,"2021-11-21T12:58:14.760220000Z","2021-11-21T12:58:14.760220000Z","2021-11-21 12:58:14.753",2,"""{""""_raw"""":""""<Event xmlns='http://schemas.microsoft.com/win/2004/08/events/event'><System><Provider Name='Microsoft-Windows-Sysmon' Guid='{5770385f-c22a-43e0-bf4c-06f5698ffbd9}'/><EventID>13</EventID><Version>2</Version><Level>4</Level><Task>13</Task><Opcode>0</Opcode><Keywords>0x8000000000000000</Keywords><TimeCreated SystemTime='2021-11-21T12:58:14.760220000Z'/><EventRecordID>112</EventRecordID><Correlation/><Execution ProcessID='1872' ThreadID='3648'/><Channel>Microsoft-Windows-Sysmon/Operational</Channel><Computer>DESKTOP-PC01</Computer><Security UserID='S-1-5-18'/></System><EventData><Data Name='RuleName'>InvDB-Path</Data><Data Name='EventType'>SetValue</Data><Data Name='UtcTime'>2021-11-21 12:58:14.753</Data><Data Name='ProcessGuid'>{10cf5a0f-4252-619a-c001-000000000700}</Data><Data Name='ProcessId'>6860</Data><Data Name='Image'>C:\\Windows\\system32\\compattelrunner.exe</Data><Data Name='TargetObject'>\\REGISTRY\\A\\{50c90cbf-b2f5-cc7b-b22d-2619b6da3d06}\\Root\\InventoryApplicationFile\\splunk-winevtlog|d8125e0c86684fca\\LowerCaseLongPath</Data><Data Name='Details'>c:\\program files\\splunkuniversalforwarder\\bin\\splunk-winevtlog.exe</Data><Data Name='User'>NT AUTHORITY\\SYSTEM</Data></EventData></Event>"""","""