rce"":""XmlWinEventLog:Microsoft-Windows-Sysmon/Operational"",""host"":{""name"":""DESKTOP-PC01""},""sourcetype"":""XmlWinEventLog:Microsoft-Windows-Sysmon/Operational"",""index"":""default"",""cribl_pipe"":""passthru"",""@timestamp"":""2021-12-01T16:55:22.578Z""}","sysmon_events_summary_upload.csv",csv,"si-i-061ebfca0cf8b90c6.prd-p-s3zl2.splunkcloud.com",,"2021-12-01T16:55:22.578Z
none","<Event xmlns='http://schemas.microsoft.com/win/2004/08/events/event'><System><Provider Name='Microsoft-Windows-Sysmon' Guid='{5770385f-c22a-43e0-bf4c-06f5698ffbd9}'/><EventID>22</EventID><Version>5</Version><Level>4</Level><Task>22</Task><Opcode>0</Opcode><Keywords>0x8000000000000000</Keywords><TimeCreated SystemTime='2021-11-21T13:01:59.196242300Z'/><EventRecordID>275</EventRecordID><Correlation/><Execution ProcessID='1872' ThreadID='7904'/><Channel>Microsoft-Windows-Sysmon/Operational</Channel><Computer>DESKTOP-PC01</Computer><Security UserID='S-1-5-18'/></System><EventData><Data Name='RuleName'>-</Data><Data Name='UtcTime'>2021-11-21 13:01:57.978</Data><Data Name='ProcessGuid'>{10cf5a0f-4059-619a-6300-000000000700}</Data><Data Name='ProcessId'>5488</Data><Data Name='QueryName'>img-s-msn-com.akamaized.net</Data><Data Name='QueryStatus'>0</Data><Data Name='QueryResults'>type:  5 a1834.dspg2.akamai.net;::ffff:46.42.84.153;::ffff:46.42.84.146;</Data><Data Name='Image'>C:\\Windows\\SystemApps\\Microsoft.MicrosoftEdge_8wekyb3d8bbwe\\MicrosoftEdge.exe</Data><Data Name='User'>DESKTOP-PC01\\pc01-user</Data></EventData></Event>"
"Microsoft-Windows-Sysmon/Operational",,"DESKTOP-PC01",,,11,281,"http://schemas.microsoft.com/win/2004/08/events/event",1872,3648,"C:\\Windows\\system32\\browser_broker.exe",0x8000000000000000,4,0,,,"{5770385f-c22a-43e0-bf4c-06f5698ffbd9}","Microsoft-Windows-Sysmon","S-1-5-18","C:\\Users\\pc01-user\\Downloads\\critical_list.doc.5dsqqqc.partial:Zone.Identifier",11,"2021-11-21T13:02:06.990911100Z","2021-11-21T13:02:06.990911100Z","2021-11-21 13:02:06.977",2,"""{""""_raw"""":""""<Event xmlns='http://schemas.microsoft.com/win/2004/08/events/event'><System><Provider Name='Microsoft-Windows-Sysmon' Guid='{5770385f-c22a-43e0-bf4c-06f5698ffbd9}'/><EventID>11</EventID><Version>2</Version><Level>4</Level><Task>11</Task><Opcode>0</Opcode><Keywords>0x8000000000000000</Keywords><TimeCreated SystemTime='2021-11-21T13:02:06.990911100Z'/><EventRecordID>281</EventRecordID><Correlation/><Execution ProcessID='1872' ThreadID='3648'/><Channel>Microsoft-Windows-Sysmon/Operational</Channel><Computer>DESKTOP-PC01</Computer><Security UserID='S-1-5-18'/></System><EventData><Data Name='RuleName'>Downloads</Data><Data Name='UtcTime'>2021-11-21 13:02:06.977</Data><Data Name='ProcessGuid'>{10cf5a0f-405a-619a-6700-000000000700}</Data><Data Name='ProcessId'>5812</Data><Data Name='Image'>C:\\Windows\\system32\\browser_broker.exe</Data><Data Name='TargetFilename'>C:\\Users\\pc01-user\\Downloads\\critical_list.doc.5dsqqqc.partial:Zone.Identifier</Data><Data Name='CreationUtcTime'>2021-11-21 13:02:06.962</Data><Data Name='User'>DESKTOP-PC01\\pc01-user</Data></EventData></Event>"""",""""source"""":""""XmlWinEventLog:Microsoft-Windows-Sysmon/Operational"""",""""host"""":{""""name"""":""""DESKTOP-PC01""""},""""sourcetype"""":""""XmlWinEventLog:Microsoft-Windows-Sysmon/Operational"""",""""index"""":""""default"""",""""cribl_pipe"""":""""passthru"""",""""@timestamp"""":""""2021-12-01T16:55:29.178Z""""}"",""DESKTOP-PC01"",""sysmon_events.json
XmlWinEventLog:Microsoft-Windows-Sysmon/Operational"",11,""2021-11-21 13:02:06.977"",""2021-12-01T16:55:29.178Z"",""2021-11-21T13:02:06.990911100Z"",,,,""C:\Windows\system32\browser_broker.exe"",,,""C:\Users\pc01-user\Downloads\critical_list.doc.5dsqqqc.partial:Zone.Identifier""","2024-03-16T14:09:30.000+00:00",,"sysmon_events.json
XmlWinEventLog:Microsoft-Windows-Sysmon/Operational","si-i-061ebfca0cf8b90c6.prd-p-s3zl2.splunkcloud.com",main,2,"""{"""""""":""""<_='://../////'><><_='--'_='{----}'/><></","{""_raw"":""<Event xmlns='http://schemas.microsoft.com/win/2004/08/events/event'><System><Provider Name='Microsoft-Windows-Sysmon' Guid='{5770385f-c22a-43e0-bf4c-06f5698ffbd9}'/><EventID>11</EventID><Version>2</Version><Level>4</Level><Task>11</Task><Opcode>0</Opcode><Keywords>0x8000000000000000</Keywords><TimeCreated SystemTime='2021-11-21T13:02:06.990911100Z'/><EventRecordID>281</EventRecordID><Correlation/><Execution ProcessID='1872' ThreadID='3648'/><Channel>Microsoft-Windows-Sysmon/Operational</Channel><Computer>DESKTOP-PC01</Computer><Security UserID='S-1-5-18'/></System><EventData><Data Name='RuleName'>Downloads</Data><Data Name='UtcTime'>2021-11-21 13:02:06.977</Data><Data Name='ProcessGuid'>{10cf5a0f-405a-619a-6700-000000000700}</Data><Data Name='ProcessId'>5812</Data><Data Name='Image'>C:\\Windows\\system32\\browser_broker.exe</Data><Data Name='TargetFilename'>C:\\Users\\pc01-user\\Downloads\\critical_list.doc.5dsqqqc.partial:Zone.Identifier</Data><Data Name='CreationUtcTime'>2021-11-21 13:02:06.962</Data><Data Name='User'>DESKTOP-PC01\\pc01-user</Data></EventData></Event>"",""source"":""XmlWinEventLog:Microsoft-Windows-Sysmon/Operational"",""host"":{""name"":""DESKTOP-PC01""},""sourcetype"":""XmlWinEventLog:Microsoft-Windows-Sysmon/Operational"",""index"":""default"",""cribl_pipe"":""passthru"",""@timestamp"":""2021-12-01T16:55:29.178Z""}","sysmon_events_summary_upload.csv",csv,"si-i-061ebfca0cf8b90c6.prd-p-s3zl2.splunkcloud.com",,"2021-12-01T16:55:29.178Z
none","<Event xmlns='http://schemas.microsoft.com/win/2004/08/events/event'><System><Provider Name='Microsoft-Windows-Sysmon' Guid='{5770385f-c22a-43e0-bf4c-06f5698ffbd9}'/><EventID>11</EventID><Version>2</Version><Level>4</Level><Task>11</Task><Opcode>0</Opcode><Keywords>0x8000000000000000</Keywords><TimeCreated SystemTime='2021-11-21T13:02:06.990911100Z'/><EventRecordID>281</EventRecordID><Correlation/><Execution ProcessID='1872' ThreadID='3648'/><Channel>Microsoft-Windows-Sysmon/Operational</Channel><Computer>DESKTOP-PC01</Computer><Security UserID='S-1-5-18'/></System><EventData><Data Name='RuleName'>Downloads</Data><Data Name='UtcTime'>2021-11-21 13:02:06.977</Data><Data Name='ProcessGuid'>{10cf5a0f-405a-619a-6700-000000000700}</Data><Data Name='ProcessId'>5812</Data><Data Name='Image'>C:\\Windows\\system32\\browser_broker.exe</Data><Data Name='TargetFilename'>C:\\Users\\pc01-user\\Downloads\\critical_list.doc.5dsqqqc.partial:Zone.Identifier</Data><Data Name='CreationUtcTime'>2021-11-21 13:02:06.962</Data><Data Name='User'>DESKTOP-PC01\\pc01-user</Data></EventData></Event>"
"Microsoft-Windows-Sysmon/Operational",,"DESKTOP-PC01",,,15,280,"http://schemas.microsoft.com/win/2004/08/events/event",1872,3648,"C:\\Windows\\system32\\browser_broker.exe",0x8000000000000000,4,0,,,"{5770385f-c22a-43e0-bf4c-06f5698ffbd9}","Microsoft-Windows-Sysmon","S-1-5-18","C:\\Users\\pc01-user\\Downloads\\critical_list.doc.5dsqqqc.partial",15,"2021-11-21T13:02:06.990840400Z","2021-11-21T13:02:06.990840400Z","2021-11-21 13:02:06.977",2,"""{""""_raw"""":""""<Event xmlns='http://schemas.microsoft.com/win/2004/08/events/event'><System><Provider Name='Microsoft-Windows-Sysmon' Guid='{5770385f-c22a-43e0-bf4c-06f5698ffbd9}'/><EventID>15</EventID><Version>2</Version><Level>4</Level><Task>15</Task><Opcode>0</Opcode><Keywords>0x8000000000000000</Keywords><TimeCreated SystemTime='2021-11-21T13:02:06.990840400Z'/><EventRecordID>280</EventRecordID><Correlation/><Execution ProcessID='1872' ThreadID='3648'/><Channel>Microsoft-Windows-Sysmon/Operational</Channel><Computer>DESKTOP-PC01</Computer><Security UserID='S-1-5-18'/></System><EventData><Data Name='RuleName'>-</Data><Data Name='UtcTime'>2021-11-21 13:02:06.977</Data><Data Name='ProcessGuid'>{10cf5a0f-405a-619a-6700-000000000700}</Data><Data Name='ProcessId'>5812</Data><Data Name='Image'>C:\\Windows\\system32\\browser_broker.exe</Data><Data Name='TargetFilename'>C:\\Users\\pc01-user\\Downloads\\critical_list.doc.5dsqqqc.partial</Data><Data Name='CreationUtcTime'>2021-11-21 13:02:06.962</Data><Data Name='Hash'>MD5=51EE7E3C50EEB6A8B26DBB6DB3832719,SHA256=7E7C6927ABA4B67F3C82B8D0F5C05E1EB0DC0D95D030D106981D7B823D9399EF,IMPHASH=00000000000000000000000000000000</Data><Data Name='Contents'>-</Data><Data Name='User'>DESKTOP-PC01\\pc01-user</Data></EventData></Event>"""",""""source"""":""""XmlWinEventLog:Microsoft-Windows-Sysmon/Operational"""",""""host"""":{""""name"""":""""DESKTOP-PC01""""},""""sourcetype"""":""""XmlWinEventLog:Microsoft-Windows-Sysmon/Operational"""",""""index"""":""""default"""",""""cribl_pipe"""":""""passthru"""",""""@timestamp"""":""""2021-12-01T16:55:29.178Z""""}"",""DESKTOP-PC01"",""sysmon_events.json
XmlWinEventLog:Microsoft-Windows-Sysmon/Operational"",15,""2021-11-21 13:02:06.977"",""2021-12-01T16:55:29.178Z"",""2021-11-21T13:02:06.990840400Z"",,,,""C:\Windows\system32\browser_broker.exe"",,,""C:\Users\pc01-user\Downloads\critical_list.doc.5dsqqqc.partial""","2024-03-16T14:09:30.000+00:00",,"sysmon_events.json
XmlWinEventLog:Microsoft-Windows-Sysmon/Operational","si-i-061ebfca0cf8b90c6.prd-p-s3zl2.splunkcloud.com",main,2,"""{"""""""":""""<_='://../////'><><_='--'_='{----}'/><></","{""_raw"":""<Event xmlns='http://schemas.microsoft.com/win/2004/08/events/event'><System><Provider Name='Microsoft-Windows-Sysmon' Guid='{5770385f-c22a-43e0-bf4c-06f5698ffbd9}'/><EventID>15</EventID><Version>2</Version><Level>4</Level><Task>15</Task><Opcode>0</Opcode><Keywords>0x8000000000000000</Keywords><TimeCreated SystemTime='2021-11-21T13:02:06.990840400Z'/><EventRecordID>280</EventRecordID><Correlation/><Execution ProcessID='1872' ThreadID='3648'/><Channel>Microsoft-Windows-Sysmon/Operational</Channel><Computer>DESKTOP-PC01</Computer><Security UserID='S-1-5-18'/></System><EventData><Data Name='RuleName'>-</Data><Data Name='UtcTime'>2021-11-21 13:02:06.977</Data><Data Name='ProcessGuid'>{10cf5a0f-405a-619a-6700-000000000700}</Data><Data Name='ProcessId'>5812</Data><Data Name='Image'>C:\\Windows\\system32\\browser_broker.exe</Data><Data Name='TargetFilename'>C:\\Users\\pc01-user\\Downloads\\critical_list.doc.5dsqqqc.partial</Data><Data Name='CreationUtcTime'>2021-11-21 13:02:06.962</Data><Data Name='Hash'>MD5=51EE7E3C50EEB6A8B26DBB6DB3832719,SHA256=7E7C6927ABA4B67F3C82B8D0F5C05E1EB0DC0D95D030D106981D7B823D9399EF,IMPHASH=00000000000000000000000000000000</Data><Data Name='Contents'>-</Data><Data Name='User'>DESKTOP-PC01\\pc01-user</Data></EventData></Event>"",""source"":""XmlWinEventLog:Microsoft-Windows-Sysmon/Operational"",""host"":{""name"":""DESKTOP-PC01""},""sourcetype"":""XmlWinEventLog:Microsoft-Windows-Sysmon/Operational"",""index"":""default"",""cribl_pipe"":""passthru"",""@timestamp"":""2021-12-01T16:55:29.178Z""}","sysmon_events_summary_upload.csv",csv,"si-i-061ebfca0cf8b90c6.prd-p-s3zl2.splunkcloud.com",,"2021-12-01T16:55:29.178Z
none","<Event xmlns='http://schemas.microsoft.com/win/2004/08/events/event'><System><Provider Name='Microsoft-Windows-Sysmon' Guid='{5770385f-c22a-43e0-bf4c-06f5698ffbd9}'/><EventID>15</EventID><Version>2</Version><Level>4</Level><Task>15</Task><Opcode>0</Opcode><Keywords>0x8000000000000000</Keywords><TimeCreated SystemTime='2021-11-21T13:02:06.990840400Z'/><EventRecordID>280</EventRecordID><Correlation/><Execution ProcessID='1872' ThreadID='3648'/><Channel>Microsoft-Windows-Sysmon/Operational</Channel><Computer>DESKTOP-PC01</Computer><Security UserID='S-1-5-18'/></System><EventData><Data Name='RuleName'>-</Data><Data Name='UtcTime'>2021-11-21 13:02:06.977</Data><Data Name='ProcessGuid'>{10cf5a0f-405a-619a-6700-000000000700}</Data><Data Name='ProcessId'>5812</Data><Data Name='Image'>C:\\Windows\\system32\\browser_broker.exe</Data><Data Name='TargetFilename'>C:\\Users\\pc01-user\\Downloads\\critical_list.doc.5dsqqqc.partial</Data><Data Name='CreationUtcTime'>2021-11-21 13:02:06.962</Data><Data Name='Hash'>MD5=51EE7E3C50EEB6A8B26DBB6DB3832719,SHA256=7E7C6927ABA4B67F3C82B8D0F5C05E1EB0DC0D95D030D106981D7B823D9399EF,IMPHASH=00000000000000000000000000000000</Data><Data Name='Contents'>-</Data><Data Name='User'>DESKTOP-PC01\\pc01-user</Data></EventData></Event>"
"Microsoft-Windows-Sysmon/Operational","\""""C:\\Program Files\\SplunkUniversalForwarder\\bin\\splunk-powershell.exe\""""","DESKTOP-PC01",,,1,289,"http://schemas.microsoft.com/win/2004/08/events/event",1872,3648,"C:\\Program Files\\SplunkUniversalForwarder\\bin\\splunk-powershell.exe",0x8000000000000000,4,0,"\""""C:\\Program Files\\SplunkUniversalForwarder\\bin\\splunkd.exe\"""" service",,"{5770385f-c22a-43e0-bf4c-06f5698ffbd9}","Microsoft-Windows-Sysmon","S-1-5-18",,1,"2021-11-21T13:02:12.186979700Z","2021-11-21T13:02:12.186979700Z","2021-11-21 13:02:12.080",5,"""{""""_raw"""":""""<Event xmlns='http://schemas.microsoft.com/win/2004/08/events/event'><System><Provider Name='Microsoft-Windows-Sysmon' Guid='{5770385f-c22a-43e0-bf4c-06f5698ffbd9}'/><EventID>1</EventID><Version>5</Version><Level>4</Level><Task>1</Task><Opcode>0</Opcode><Keywords>0x8000000000000000</Keywords><TimeCreated SystemTime='2021-11-21T13:02:12.186979700Z'/><EventRecordID>289</EventRecordID><Correlation/><Execution ProcessID='1872' ThreadID='3648'/><Channel>Microsoft-Windows-Sysmon/Operational</Channel><Computer>DESKTOP-PC01</Computer><Security UserID='S-1-5-18'/></System><EventData><Data Name='RuleName'>-</Data><Data Name='UtcTime'>2021-11-21 13:02:12.080</Data><Data Name='ProcessGuid'>{10cf5a0f-4354-619a-1002-000000000700}</Data><Data Name='ProcessId'>7100</Data><Data Name='Image'>C:\\Program Files\\SplunkUniversalForwarder\\bin\\splunk-powershell.exe</Data><Data Name='FileVersion'>-</Data><Data Name='Description'>-</Data><Data Name='Product'>-</Data><Data Name='Company'>-</Data><Data Name='OriginalFileName'>-</Data><Data Name='CommandLine'>\""""C:\\Program Files\\SplunkUniversalForwarder\\bin\\splunk-powershell.exe\""""</Data><Data Name='CurrentDirectory'>C:\\Windows\\system32\\</Data><Data Name='User'>NT AUTHORITY\\SYSTEM</Data><Data Name='LogonGuid'>{10cf5a0f-4043-619a-e703-000000000000}</Data><Data Name='LogonId'>0x3e7</Data><Data Name='TerminalSessionId'>0</Data><Data Name='IntegrityLevel'>System</Data><Data Name='Hashes'>MD5=DCA7324B23341BA6ACB505150D28B113,SHA256=1FEE13D481BF43538ECD7860319E0295B3AC903C6C21551187AA3F7270CEB670,IMPHASH=1BDECF92268D3D3EF70015DDFEB0FFB9</Data><Data Name='ParentProcessGuid'>{10cf5a0f-424e-619a-b301-000000000700}</Data><Data Name='ParentProcessId'>5504</Data><Data Name='ParentImage'>C:\\Program Files\\SplunkUniversalForwarder\\bin\\splunkd.exe</Data><Data Name='ParentCommandLine'>\""""C:\\Program Files\\SplunkUniversalForwarder\\bin\\splunkd.exe\"""" service</Data><Data Name='ParentUser'>NT AUTHORITY\\SYSTEM</Data></EventData></Event>"""",""""source"""":""""XmlWinEventLog:Microsoft-Windows-Sysmon/Operational"""",""""host"""":{""""name"""":""""DESKTOP-PC01""""},""""sourcetype"""":""""XmlWinEventLog:Microsoft-Windows-Sysmon/Operational"""",""""index"""":""""default"""",""""cribl_pipe"""":""""passthru"""",""""@timestamp"""":""""2021-12-01T16:55:32.578Z""""}"",""DESKTOP-PC01"",""sysmon_events.json
XmlWinEventLog:Microsoft-Windows-Sysmon/Operational"",1,""2021-11-21 13:02:12.080"",""2021-12-01T16:55:32.578Z"",""2021-11-21T13:02:12.186979700Z"",,,,""C:\Program Files\SplunkUniversalForwarder\bin\splunk-powershell.exe"",""""""C:\Program Files\SplunkUniversalForwarder\bin\splunk-powershell.exe"""""",""""""C:\Program Files\SplunkUniversalForwarder\bin\splunkd.exe"""" service"",","2024-03-16T14:09:30.000+00:00",,"sysmon_events.json
XmlWinEventLog:Microsoft-Windows-Sysmon/Operational","si-i-061ebfca0cf8b90c6.prd-p-s3zl2.splunkcloud.com",main,2,"""{"""""""":""""<_='://../////'><><_='--'_='{----}'/><></","{""_raw"":""<Event xmlns='http://schemas.microsoft.com/win/2004/08/events/event'><System><Provider Name='Microsoft-Windows-Sysmon' Guid='{5770385f-c22a-43e0-bf4c-06f5698ffbd9}'/><EventID>1</EventID><Version>5</Version><Level>4</Level><Task>1</Task><Opcode>0</Opcode><Keywords>0x8000000000000000</Keywords><TimeCreated SystemTime='2021-11-21T13:02:12.186979700Z'/><EventRecordID>289</EventRecordID><Correlation/><Execution ProcessID='1872' ThreadID='3648'/><Channel>Microsoft-Windows-Sysmon/Operational</Channel><Computer>DESKTOP-PC01</Computer><Security UserID='S-1-5-18'/></System><EventData><Data Name='RuleName'>-</Data><Data Name='UtcTime'>2021-11-21 13:02:12.080</Data><Data Name='ProcessGuid'>{10cf5a0f-4354-619a-1002-000000000700}</Data><Data Name='ProcessId'>7100</Data><Data Name='Image'>C:\\Program Files\\SplunkUniversalForwarder\\bin\\splunk-powershell.exe</Data><Data Name='FileVersion'>-</Data><Data Name='Description'>-</Data><Data Name='Product'>-</Data><Data Name='Company'>-</Data><Data Name='OriginalFileName'>-</Data><Data Name='CommandLine'>\""C:\\Program Files\\SplunkUniversalForwarder\\bin\\splunk-powershell.exe\""</Data><Data Name='CurrentDirectory'>C:\\Windows\\system32\\</Data><Data Name='User'>NT AUTHORITY\\SYSTEM</Data><Data Name='LogonGuid'>{10cf5a0f-4043-619a-e703-000000000000}</Data><Data Name='LogonId'>0x3e7</Data><Data Name='TerminalSessionId'>0</Data><Data Name='IntegrityLevel'>System</Data><Data Name='Hashes'>MD5=DCA7324B23341BA6ACB505150D28B113,SHA256=1FEE13D481BF43538ECD7860319E0295B3AC903C6C21551187AA3F7270CEB670,IMPHASH=1BDECF92268D3D3EF70015DDFEB0FFB9</Data><Data Name='ParentProcessGuid'>{10cf5a0f-424e-619a-b301-000000000700}</Data><Data Name='ParentProcessId'>5504</Data><Data Name='ParentImage'>C:\\Program Files\\SplunkUniversalForwarder\\bin\\splunkd.exe</Data><Data Name='ParentCommandLine'>\""C:\\Program Files\\SplunkUniversalForwarder\\bin\\splunkd.exe\"" service</Data><Data Name='ParentUser'>NT AUTHORITY\\SYSTEM</Data></EventData></Event>"",""source"":""XmlWinEventLog:Microsoft-Windows-Sysmon/Operational"",""host"":{""name"":""DESKTOP-PC01""},""sourcetype"":""XmlWinEventLog:Microsoft-Windows-Sysmon/Operational"",""index"":""default"",""cribl_pipe"":""passthru"",""@timestamp"":""2021-12-01T16:55:32.578Z""}","sysmon_events_summary_upload.csv",csv,"si-i-061ebfca0cf8b90c6.prd-p-s3zl2.splunkcloud.com",,"2021-12-01T16:55:32.578Z
none","<Event xmlns='http://schemas.microsoft.com/win/2004/08/events/event'><System><Provider Name='Microsoft-Windows-Sysmon' Guid='{5770385f-c22a-43e0-bf4c-06f5698ffbd9}'/><EventID>1</EventID><Version>5</Version><Level>4</Level><Task>1</Task><Opcode>0</Opcode><Keywords>0x8000000000000000</Keywords><TimeCreated SystemTime='2021-11-21T13:02:12.186979700Z'/><EventRecordID>289</EventRecordID><Correlation/><Execution ProcessID='1872' ThreadID='3648'/><Channel>Microsoft-Windows-Sysmon/Operational</Channel><Computer>DESKTOP-PC01</Computer><Security UserID='S-1-5-18'/></System><EventData><Data Name='RuleName'>-</Data><Data Name='UtcTime'>2021-11-21 13:02:12.080</Data><Data Name='ProcessGuid'>{10cf5a0f-4354-619a-1002-000000000700}</Data><Data Name='ProcessId'>7100</Data><Data Name='Image'>C:\\Program Files\\SplunkUniversalForwarder\\bin\\splunk-powershell.exe</Data><Data Name='FileVersion'>-</Data><Data Name='Description'>-</Data><Data Name='Product'>-</Data><Data Name='Company'>-</Data><Data Name='OriginalFileName'>-</Data><Data Name='CommandLine'>\""""C:\\Program Files\\SplunkUniversalForwarder\\bin\\splunk-powershell.exe\""""</Data><Data Name='CurrentDirectory'>C:\\Windows\\system32\\</Data><Data Name='User'>NT AUTHORITY\\SYSTEM</Data><Data Name='LogonGuid'>{10cf5a0f-4043-619a-e703-000000000000}</Data><Data Name='LogonId'>0x3e7</Data><Data Name='TerminalSessionId'>0</Data><Data Name='IntegrityLevel'>System</Data><Data Name='Hashes'>MD5=DCA7324B23341BA6ACB505150D28B113,SHA256=1FEE13D481BF43538ECD7860319E0295B3AC903C6C21551187AA3F7270CEB670,IMPHASH=1BDECF92268D3D3EF70015DDFEB0FFB9</Data><Data Name='ParentProcessGuid'>{10cf5a0f-424e-619a-b301-000000000700}</Data><Data Name='ParentProcessId'>5504</Data><Data Name='ParentImage'>C:\\Program Files\\SplunkUniversalForwarder\\bin\\splunkd.exe</Data><Data Name='ParentCommandLine'>\""""C:\\Program Files\\SplunkUniversalForwarder\\bin\\splunkd.exe\"""" service</Data><Data Name='ParentUser'>NT AUTHORITY\\SYSTEM</Data></EventData></Event>"
"Microsoft-Windows-Sysmon/Operational","\""""C:\\Program Files\\SplunkUniversalForwarder\\bin\\splunk-netmon.exe\""""","DESKTOP-PC01",,,1,288,"http://schemas.microsoft.com/win/2004/08/events/event",1872,3648,"C:\\Program Files\\SplunkUniversalForwarder\\bin\\splunk-netmon.exe",0x8000000000000000,4,0,"\""""C:\\Program Files\\SplunkUniversalForwarder\\bin\\splunkd.exe\"""" service",,"{5770385f-c22a-43e0-bf4c-06f5698ffbd9}","Microsoft-Windows-Sysmon","S-1-5-18",,1,"2021-11-21T13:02:10.394658900Z","2021-11-21T13:02:10.394658900Z","2021-11-21 13:02:10.314",5,"""{""""_raw"""":""""<Event xmlns='http://schemas.microsoft.com/win/2004/08/events/event'><System><Provider Name='Microsoft-Windows-Sysmon' Guid='{5770385f-c22a-43e0-bf4c-06f5698ffbd9}'/><EventID>1</EventID><Version>5</Version><Level>4</Level><Task>1</Task><Opcode>0</Opcode><Keywords>0x8000000000000000</Keywords><TimeCreated SystemTime='2021-11-21T13:02:10.394658900Z'/><EventRecordID>288</EventRecordID><Correlation/><Execution ProcessID='1872' ThreadID='3648'/><Channel>Microsoft-Windows-Sysmon/Operational</Channel><Computer>DESKTOP-PC01</Computer><Security UserID='S-1-5-18'/></System><EventData><Data Name='RuleName'>-</Data><Data Name='UtcTime'>2021-11-21 13:02:10.314</Data><Data Name='ProcessGuid'>{10cf5a0f-4352-619a-0f02-000000000700}</Data><Data Name='ProcessId'>3412</Data><Data Name='Image'>C:\\Program Files\\SplunkUniversalForwarder\\bin\\splunk-netmon.exe</Data><Data Name='FileVersion'>8.2.3</Data><Data Name='Description'>Network monitor</Data><Data Name='Product'>Splunk Application</Data><Data Name='Company'>Splunk Inc.</Data><Data Name='OriginalFileName'>splunk-netmon.exe</Data><Data Name='CommandLine'>\""""C:\\Program Files\\SplunkUniversalForwarder\\bin\\splunk-netmon.exe\""""</Data><Data Name='CurrentDirectory'>C:\\Windows\\system32\\</Data><Data Name='User'>NT AUTHORITY\\SYSTEM</Data><Data Name='LogonGuid'>{10cf5a0f-4043-619a-e703-000000000000}</Data><Data Name='LogonId'>0x3e7</Data><Data Name='TerminalSessionId'>0</Data><Data Name='IntegrityLevel'>System</Data><Data Name='Hashes'>MD5=F86EAD8C9AF88B4189EB311AE908A3F0,SHA256=4E4AEF2A402A9CCC36D79C09D1EE87F6C1387325144A271526A9E9979F8C5FC8,IMPHASH=FD2D4472615B421BAEF1D51F46EF5F52</Data><Data Name='ParentProcessGuid'>{10cf5a0f-424e-619a-b301-000000000700}</Data><Data Name='ParentProcessId'>5504</Data><Data Name='ParentImage'>C:\\Program Files\\SplunkUniversalForwarder\\bin\\splunkd.exe</Data><Data Name='ParentCommandLine'>\""""C:\\Program Files\\SplunkUniversalForwarder\\bin\\splunkd.exe\"""" service</Data><Data Name='ParentUser'>NT AUTHORITY\\SYSTEM</Data></EventData></Event>"""",""""source"""":""""XmlWinEventLog:Microsoft-Windows-Sysmon/Operational"""",""""host"""":{""""name"""":""""DESKTOP-PC01""""},""""sourcetype"""":""""XmlWinEventLog:Microsoft-Windows-Sysmon/Operational"""",""""index"""":""""default"""",""""cribl_pipe"""":""""passthru"""",""""@timestamp"""":""""2021-12-01T16:55:32.578Z""""}"",""DESKTOP-PC01"",""sysmon_events.json
XmlWinEventLog:Microsoft-Windows-Sysmon/Operational"",1,""2021-11-21 13:02:10.314"",""2021-12-01T16:55:32.578Z"",""2021-11-21T13:02:10.394658900Z"",,,,""C:\Program Files\SplunkUniversalForwarder\bin\splunk-netmon.exe"",""""""C:\Program Files\SplunkUniversalForwarder\bin\splunk-netmon.exe"""""",""""""C:\Program Files\SplunkUniversalForwarder\bin\splunkd.exe"""" service"",","2024-03-16T14:09:30.000+00:00",,"sysmon_events.json
XmlWinEventLog:Microsoft-Windows-Sysmon/Operational","si-i-061ebfca0cf8b90c6.prd-p-s3zl2.splunkcloud.com",main,2,"""{"""""""":""""<_='://../////'><><_='--'_='{----}'/><></","{""_raw"":""<Event xmlns='http://schemas.microsoft.com/win/2004/08/events/event'><System><Provider Name='Microsoft-Windows-Sysmon' Guid='{5770385f-c22a-43e0-bf4c-06f5698ffbd9}'/><EventID>1</EventID><Version>5</Version><Level>4</Level><Task>1</Task><Opcode>0</Opcode><Keywords>0x8000000000000000</Keywords><TimeCreated SystemTime='2021-11-21T13:02:10.394658900Z'/><EventRecordID>288</EventRecordID><Correlation/><Execution ProcessID='1872' ThreadID='3648'/><Channel>Microsoft-Windows-Sysmon/Operational</Channel><Computer>DESKTOP-PC01</Computer><Security UserID='S-1-5-18'/></System><EventData><Data Name='RuleName'>-</Data><Data Name='UtcTime'>2021-11-21 13:02:10.314</Data><Data Name='ProcessGuid'>{10cf5a0f-4352-619a-0f02-000000000700}</Data><Data Name='ProcessId'>3412</Data><Data Name='Image'>C:\\Program Files\\SplunkUniversalForwarder\\bin\\splunk-netmon.exe</Data><Data Name='FileVersion'>8.2.3</Data><Data Name='Description'>Network monitor</Data><Data Name='Product'>Splunk Application</Data><Data Name='Company'>Splunk Inc.</Data><Data Name='OriginalFileName'>splunk-netmon.exe</Data><Data Name='CommandLine'>\""C:\\Program Files\\SplunkUniversalForwarder\\bin\\splunk-netmon.exe\""</Data><Data Name='CurrentDirectory'>C:\\Windows\\system32\\</Data><Data Name='User'>NT AUTHORITY\\SYSTEM</Data><Data Name='LogonGuid'>{10cf5a0f-4043-619a-e703-000000000000}</Data><Data Name='LogonId'>0x3e7</Data><Data Name='TerminalSessionId'>0</Data><Data Name='IntegrityLevel'>System</Data><Data Name='Hashes'>MD5=F86EAD8C9AF88B4189EB311AE908A3F0,SHA256=4E4AEF2A402A9CCC36D79C09D1EE87F6C1387325144A271526A9E9979F8C5FC8,IMPHASH=FD2D4472615B421BAEF1D51F46EF5F52</Data><Data Name='ParentProcessGuid'>{10cf5a0f-424e-619a-b301-000000000700}</Data><Data Name='ParentProcessId'>5504</Data><Data Name='ParentImage'>C:\\Program Files\\SplunkUniversalForwarder\\bin\\splunkd.exe</Data><Data Name='ParentCommandLine'>\""C:\\Program Files\\SplunkUniversalForwarder\\bin\\splunkd.exe\"" service</Data><Data Name='ParentUser'>NT AUTHORITY\\SYSTEM</Data></EventData></Event>"",""source"":""XmlWinEventLog:Microsoft-Windows-Sysmon/Operational"",""host"":{""name"":""DESKTOP-PC01""},""sourcetype"":""XmlWinEventLog:Microsoft-Windows-Sysmon/Operational"",""index"":""default"",""cribl_pipe"":""passthru"",""@timestamp"":""2021-12-01T16:55:32.578Z""}","sysmon_events_summary_upload.csv",csv,"si-i-061ebfca0cf8b90c6.prd-p-s3zl2.splunkcloud.com",,"2021-12-01T16:55:32.578Z
none","<Event xmlns='http://schemas.microsoft.com/win/2004/08/events/event'><System><Provider Name='Microsoft-Windows-Sysmon' Guid='{5770385f-c22a-43e0-bf4c-06f5698ffbd9}'/><EventID>1</EventID><Version>5</Version><Level>4</Level><Task>1</Task><Opcode>0</Opcode><Keywords>0x8000000000000000</Keywords><TimeCreated SystemTime='2021-11-21T13:02:10.394658900Z'/><EventRecordID>288</EventRecordID><Correlation/><Execution ProcessID='1872' ThreadID='3648'/><Channel>Microsoft-Windows-Sysmon/Operational</Channel><Computer>DESKTOP-PC01</Computer><Security UserID='S-1-5-18'/></System><EventData><Data Name='RuleName'>-</Data><Data Name='UtcTime'>2021-11-21 13:02:10.314</Data><Data Name='ProcessGuid'>{10cf5a0f-4352-619a-0f02-000000000700}</Data><Data Name='ProcessId'>3412</Data><Data Name='Image'>C:\\Program Files\\SplunkUniversalForwarder\\bin\\splunk-netmon.exe</Data><Data Name='FileVersion'>8.2.3</Data><Data Name='Description'>Network monitor</Data><Data Name='Product'>Splunk Application</Data><Data Name='Company'>Splunk Inc.</Data><Data Name='OriginalFileName'>splunk-netmon.exe</Data><Data Name='CommandLine'>\""""C:\\Program Files\\SplunkUniversalForwarder\\bin\\splunk-netmon.exe\""""</Data><Data Name='CurrentDirectory'>C:\\Windows\\system32\\</Data><Data Name='User'>NT AUTHORITY\\SYSTEM</Data><Data Name='LogonGuid'>{10cf5a0f-4043-619a-e703-000000000000}</Data><Data Name='LogonId'>0x3e7</Data><Data Name='TerminalSessionId'>0</Data><Data Name='IntegrityLevel'>System</Data><Data Name='Hashes'>MD5=F86EAD8C9AF88B4189EB311AE908A3F0,SHA256=4E4AEF2A402A9CCC36D79C09D1EE87F6C1387325144A271526A9E9979F8C5FC8,IMPHASH=FD2D4472615B421BAEF1D51F46EF5F52</Data><Data Name='ParentProcessGuid'>{10cf5a0f-424e-619a-b301-000000000700}</Data><Data Name='ParentProcessId'>5504</Data><Data Name='ParentImage'>C:\\Program Files\\SplunkUniversalForwarder\\bin\\splunkd.exe</Data><Data Name='ParentCommandLine'>\""""C:\\Program Files\\SplunkUniversalForwarder\\bin\\splunkd.exe\"""" service</Data><Data Name='ParentUser'>NT AUTHORITY\\SYSTEM</Data></EventData></Event>"
"Microsoft-Windows-Sysmon/Operational","\""""C:\\Program Files\\SplunkUniversalForwarder\\bin\\splunk-admon.exe\""""","DESKTOP-PC01",,,1,287,"http://schemas.microsoft.com/win/2004/08/events/event",1872,3648,"C:\\Program Files\\SplunkUniversalForwarder\\bin\\splunk-admon.exe",0x8000000000000000,4,0,"\""""C:\\Program Files\\SplunkUniversalForwarder\\bin\\splunkd.exe\"""" service",,"{5770385f-c22a-43e0-bf4c-06f5698ffbd9}","Microsoft-Windows-Sysmon","S-1-5-18",,1,"2021-11-21T13:02:09.622664600Z","2021-11-21T13:02:09.622664600Z","2021-11-21 13:02:09.543",5,"""{""""_raw"""":""""<Event xmlns='http://schemas.microsoft.com/win/2004/08/events/event'><System><Provider Name='Microsoft-Windows-Sysmon' Guid='{5770385f-c22a-43e0-bf4c-06f5698ffbd9}'/><EventID>1</EventID><Version>5</Version><Level>4</Level><Task>1</Task><Opcode>0</Opcode><Keywords>0x8000000000000000</Keywords><TimeCreated SystemTime='2021-11-21T13:02:09.622664600Z'/><EventRecordID>287</EventRecordID><Correlation/><Execution ProcessID='1872' ThreadID='3648'/><Channel>Microsoft-Windows-Sysmon/Operational</Channel><Computer>DESKTOP-PC01</Computer><Security UserID='S-1-5-18'/></System><EventData><Data Name='RuleName'>-</Data><Data Name='UtcTime'>2021-11-21 13:02:09.543</Data><Data Name='ProcessGuid'>{10cf5a0f-4351-619a-0e02-000000000700}</Data><Data Name='ProcessId'>7592</Data><Data Name='Image'>C:\\Program Files\\SplunkUniversalForwarder\\bin\\splunk-admon.exe</Data><Data Name='FileVersion'>8.2.3</Data><Data Name='Description'>Active Directory monitor</Data><Data Name='Product'>splunk Application</Data><Data Name='Company'>Splunk Inc.</Data><Data Name='OriginalFileName'>splunk-admon.exe</Data><Data Name='CommandLine'>\""""C:\\Program Files\\SplunkUniversalForwarder\\bin\\splunk-admon.exe\""""</Data><Data Name='CurrentDirectory'>C:\\Windows\\system32\\</Data><Data Name='User'>NT AUTHORITY\\SYSTEM</Data><Data Name='LogonGuid'>{10cf5a0f-4043-619a-e703-000000000000}</Data><Data Name='LogonId'>0x3e7</Data><Data Name='TerminalSessionId'>0</Data><Data Name='IntegrityLevel'>System</Data><Data Name='Hashes'>MD5=0529E2153783017765034205864DAE63,SHA256=CB464CA0168EA9D1B0A2DB48F852EFFD816CB3AB962B6DC37F0294781900EB86,IMPHASH=A2763C4BA6D4717F662584401724A6B2</Data><Data Name='ParentProcessGuid'>{10cf5a0f-424e-619a-b301-000000000700}</Data><Data Name='ParentProcessId'>5504</Data><Data Name='ParentImage'>C:\\Program Files\\SplunkUniversalForwarder\\bin\\splunkd.exe</Data><Data Name='ParentCommandLine'>\""""C:\\Program Files\\SplunkUniversalForwarder\\bin\\splunkd.exe\"""" service</Data><Data Name='ParentUser'>NT AUTHORITY\\SYSTEM</Data></EventData></Event>"""",""""source"""":""""XmlWinEventLog:Microsoft-Windows-Sysmon/Operational"""",""""host"""":{""""name"""":""""DESKTOP-PC01""""},""""sourcetype"""":""""XmlWinEventLog:Microsoft-Windows-Sysmon/Operational"""",""""index"""":""""default"""",""""cribl_pipe"""":""""passthru"""",""""@timestamp"""":""""2021-12-01T16:55:32.578Z""""}"",""DESKTOP-PC01"",""sysmon_events.json
XmlWinEventLog:Microsoft-Windows-Sysmon/Operational"",1,""2021-11-21 13:02:09.543"",""2021-12-01T16:55:32.578Z"",""2021-11-21T13:02:09.622664600Z"",,,,""C:\Program Files\SplunkUniversalForwarder\bin\splunk-admon.exe"",""""""C:\Program Files\SplunkUniversalForwarder\bin\splunk-admon.exe"""""",""""""C:\Program Files\SplunkUniversalForwarder\bin\splunkd.exe"""" service"",","2024-03-16T14:09:30.000+00:00",,"sysmon_events.json
XmlWinEventLog:Microsoft-Windows-Sysmon/Operational","si-i-061ebfca0cf8b90c6.prd-p-s3zl2.splunkcloud.com",main,2,"""{"""""""":""""<_='://../////'><><_='--'_='{----}'/><></","{""_raw"":""<Event xmlns='http://schemas.microsoft.com/win/2004/08/events/event'><System><Provider Name='Microsoft-Windows-Sysmon' Guid='{5770385f-c22a-43e0-bf4c-06f5698ffbd9}'/><EventID>1</EventID><Version>5</Version><Level>4</Level><Task>1</Task><Opcode>0</Opcode><Keywords>0x8000000000000000</Keywords><TimeCreated SystemTime='2021-11-21T13:02:09.622664600Z'/><EventRecordID>287</EventRecordID><Correlation/><Execution ProcessID='1872' ThreadID='3648'/><Channel>Microsoft-Windows-Sysmon/Operational</Channel><Computer>DESKTOP-PC01</Computer><Security UserID='S-1-5-18'/></System><EventData><Data Name='RuleName'>-</Data><Data Name='UtcTime'>2021-11-21 13:02:09.543</Data><Data Name='ProcessGuid'>{10cf5a0f-4351-619a-0e02-000000000700}</Data><Data Name='ProcessId'>7592</Data><Data Name='Image'>C:\\Program Files\\SplunkUniversalForwarder\\bin\\splunk-admon.exe</Data><Data Name='FileVersion'>8.2.3</Data><Data Name='Description'>Active Directory monitor</Data><Data Name='Product'>splunk Application</Data><Data Name='Company'>Splunk Inc.</Data><Data Name='OriginalFileName'>splunk-admon.exe</Data><Data Name='CommandLine'>\""C:\\Program Files\\SplunkUniversalForwarder\\bin\\splunk-admon.exe\""</Data><Data Name='CurrentDirectory'>C:\\Windows\\system32\\</Data><Data Name='User'>NT AUTHORITY\\SYSTEM</Data><Data Name='LogonGuid'>{10cf5a0f-4043-619a-e703-000000000000}</Data><Data Name='LogonId'>0x3e7</Data><Data Name='TerminalSessionId'>0</Data><Data Name='IntegrityLevel'>System</Data><Data Name='Hashes'>MD5=0529E2153783017765034205864DAE63,SHA256=CB464CA0168EA9D1B0A2DB48F852EFFD816CB3AB962B6DC37F0294781900EB86,IMPHASH=A2763C4BA6D4717F662584401724A6B2</Data><Data Name='ParentProcessGuid'>{10cf5a0f-424e-619a-b301-000000000700}</Data><Data Name='ParentProcessId'>5504</Data><Data Name='ParentImage'>C:\\Program Files\\SplunkUniversalForwarder\\bin\\splunkd.exe</Data><Data Name='ParentCommandLine'>\""C:\\Program Files\\SplunkUniversalForwarder\\bin\\splunkd.exe\"" service</Data><Data Name='ParentUser'>NT AUTHORITY\\SYSTEM</Data></EventData></Event>"",""source"":""XmlWinEventLog:Microsoft-Windows-Sysmon/Operational"",""host"":{""name"":""DESKTOP-PC01""},""sourcetype"":""XmlWinEventLog:Microsoft-Windows-Sysmon/Operational"",""index"":""default"",""cribl_pipe"":""passthru"",""@timestamp"":""2021-12-01T16:55:32.578Z""}","sysmon_events_summary_upload.csv",csv,"si-i-061ebfca0cf8b90c6.prd-p-s3zl2.splunkcloud.com",,"2021-12-01T16:55:32.578Z
none","<Event xmlns='http://schemas.microsoft.com/win/2004/08/events/event'><System><Provider Name='Microsoft-Windows-Sysmon' Guid='{5770385f-c22a-43e0-bf4c-06f5698ffbd9}'/><EventID>1</EventID><Version>5</Version><Level>4</Level><Task>1</Task><Opcode>0</Opcode><Keywords>0x8000000000000000</Keywords><TimeCreated SystemTime='2021-11-21T13:02:09.622664600Z'/><EventRecordID>287</EventRecordID><Correlation/><Execution ProcessID='1872' ThreadID='3648'/><Channel>Microsoft-Windows-Sysmon/Operational</Channel><Computer>DESKTOP-PC01</Computer><Security UserID='S-1-5-18'/></System><EventData><Data Name='RuleName'>-</Data><Data Name='UtcTime'>2021-11-21 13:02:09.543</Data><Data Name='ProcessGuid'>{10cf5a0f-4351-619a-0e02-000000000700}</Data><Data Name='ProcessId'>7592</Data><Data Name='Image'>C:\\Program Files\\SplunkUniversalForwarder\\bin\\splunk-admon.exe</Data><Data Name='FileVersion'>8.2.3</Data><Data Name='Description'>Active Directory monitor</Data><Data Name='Product'>splunk Application</Data><Data Name='Company'>Splunk Inc.</Data><Data Name='OriginalFileName'>splunk-admon.exe</Data><Data Name='CommandLine'>\""""C:\\Program Files\\SplunkUniversalForwarder\\bin\\splunk-admon.exe\""""</Data><Data Name='CurrentDirectory'>C:\\Windows\\system32\\</Data><Data Name='User'>NT AUTHORITY\\SYSTEM</Data><Data Name='LogonGuid'>{10cf5a0f-4043-619a-e703-000000000000}</Data><Data Name='LogonId'>0x3e7</Data><Data Name='TerminalSessionId'>0</Data><Data Name='IntegrityLevel'>System</Data><Data Name='Hashes'>MD5=0529E2153783017765034205864DAE63,SHA256=CB464CA0168EA9D1B0A2DB48F852EFFD816CB3AB962B6DC37F0294781900EB86,IMPHASH=A2763C4BA6D4717F662584401724A6B2</Data><Data Name='ParentProcessGuid'>{10cf5a0f-424e-619a-b301-000000000700}</Data><Data Name='ParentProcessId'>5504</Data><Data Name='ParentImage'>C:\\Program Files\\SplunkUniversalForwarder\\bin\\splunkd.exe</Data><Data Name='ParentCommandLine'>\""""C:\\Program Files\\SplunkUniversalForwarder\\bin\\splunkd.exe\"""" service</Data><Data Name='ParentUser'>NT AUTHORITY\\SYSTEM</Data></EventData></Event>"
"Microsoft-Windows-Sysmon/Operational","\""""C:\\Program Files\\SplunkUniversalForwarder\\bin\\splunk-MonitorNoHandle.exe\""""","DESKTOP-PC01",,,1,286,"http://schemas.microsoft.com/win/2004/08/events/event",1872,3648,"C:\\Program Files\\SplunkUniversalForwarder\\bin\\splunk-MonitorNoHandle.exe",0x8000000000000000,4,0,"\""""C:\\Program Files\\SplunkUniversalForwarder\\bin\\splunkd.exe\"""" service",,"{5770385f-c22a-43e0-bf4c-06f5698ffbd9}","Microsoft-Windows-Sysmon","S-1-5-18",,1,"2021-11-21T13:02:08.752138900Z","2021-11-21T13:02:08.752138900Z","2021-11-21 13:02:08.669",5,"""{""""_raw"""":""""<Event xmlns='http://schemas.microsoft.com/win/2004/08/events/event'><System><Provider Name='Microsoft-Windows-Sysmon' Guid='{5770385f-c22a-43e0-bf4c-06f5698ffbd9}'/><EventID>1</EventID><Version>5</Version><Level>4</Level><Task>1</Task><Opcode>0</Opcode><Keywords>0x8000000000000000</Keywords><TimeCreated SystemTime='2021-11-21T13:02:08.752138900Z'/><EventRecordID>286</EventRecordID><Correlation/><Execution ProcessID='1872' ThreadID='3648'/><Channel>Microsoft-Windows-Sysmon/Operational</Channel><Computer>DESKTOP-PC01</Computer><Security UserID='S-1-5-18'/></System><EventData><Data Name='RuleName'>-</Data><Data Name='UtcTime'>2021-11-21 13:02:08.669</Data><Data Name='ProcessGuid'>{10cf5a0f-4350-619a-0d02-000000000700}</Data><Data Name='ProcessId'>6020</Data><Data Name='Image'>C:\\Program Files\\SplunkUniversalForwarder\\bin\\splunk-MonitorNoHandle.exe</Data><Data Name='FileVersion'>10.0.10011.16384</Data><Data Name='Description'>SplunkMonNoHandle Control Program</Data><Data Name='Product'>Windows (R) Win 7 DDK driver</Data><Data Name='Company'>Windows (R) Win 7 DDK provider</Data><Data Name='OriginalFileName'>SplunkMonNoHandle.exe</Data><Data Name='CommandLine'>\""""C:\\Program Files\\SplunkUniversalForwarder\\bin\\splunk-MonitorNoHandle.exe\""""</Data><Data Name='CurrentDirectory'>C:\\Windows\\system32\\</Data><Data Name='User'>NT AUTHORITY\\SYSTEM</Data><Data Name='LogonGuid'>{10cf5a0f-4043-619a-e703-000000000000}</Data><Data Name='LogonId'>0x3e7</Data><Data Name='TerminalSessionId'>0</Data><Data Name='IntegrityLevel'>System</Data><Data Name='Hashes'>MD5=4B5431B14120A7099CF37D73DC2C2579,SHA256=534F10C5E9FF0F0F815621A4E432A4559F43434967A49A26CA9BEED7DCD22FD1,IMPHASH=05D58741E22C6453F52C1A9326FAF02D</Data><Data Name='ParentProcessGuid'>{10cf5a0f-424e-619a-b301-000000000700}</Data><Data Name='ParentProcessId'>5504</Data><Data Name='ParentImage'>C:\\Program Files\\SplunkUniversalForwarder\\bin\\splunkd.exe</Data><Data Name='ParentCommandLine'>\""""C:\\Program Files\\SplunkUniversalForwarder\\bin\\splunkd.exe\"""" service</Data><Data Name='ParentUser'>NT AUTHORITY\\SYSTEM</Data></EventData></Event>"""",""""source"""":""""XmlWinEventLog:Microsoft-Windows-Sysmon/Operational"""",""""host"""":{""""name"""":""""DESKTOP-PC01""""},""""sourcetype"""":""""XmlWinEventLog:Microsoft-Windows-Sysmon/Operational"""",""""index"""":""""default"""",""""cribl_pipe"""":""""passthru"""",""""@timestamp"""":""""2021-12-01T16:55:32.578Z""""}"",""DESKTOP-PC01"",""sysmon_events.json
XmlWinEventLog:Microsoft-Windows-Sysmon/Operational"",1,""2021-11-21 13:02:08.669"",""2021-12-01T16:55:32.578Z"",""2021-11-21T13:02:08.752138900Z"",,,,""C:\Program Files\SplunkUniversalForwarder\bin\splunk-MonitorNoHandle.exe"",""""""C:\Program Files\SplunkUniversalForwarder\bin\splunk-MonitorNoHandle.exe"""""",""""""C:\Program Files\SplunkUniversalForwarder\bin\splunkd.exe"""" service"",","2024-03-16T14:09:30.000+00:00",,"sysmon_events.json
XmlWinEventLog:Microsoft-Windows-Sysmon/Operational","si-i-061ebfca0cf8b90c6.prd-p-s3zl2.splunkcloud.com",main,2,"""{"""""""":""""<_='://../////'><><_='--'_='{----}'/><></","{""_raw"":""<Event xmlns='http://schemas.microsoft.com/win/2004/08/events/event'><System><Provider Name='Microsoft-Windows-Sysmon' Guid='{5770385f-c22a-43e0-bf4c-06f5698ffbd9}'/><EventID>1</EventID><Version>5</Version><Level>4</Level><Task>1</Task><Opcode>0</Opcode><Keywords>0x8000000000000000</Keywords><TimeCreated SystemTime='2021-11-21T13:02:08.752138900Z'/><EventRecordID>286</EventRecordID><Correlation/><Execution ProcessID='1872' ThreadID='3648'/><Channel>Microsoft-Windows-Sysmon/Operational</Channel><Computer>DESKTOP-PC01</Computer><Security UserID='S-1-5-18'/></System><EventData><Data Name='RuleName'>-</Data><Data Name='UtcTime'>2021-11-21 13:02:08.669</Data><Data Name='ProcessGuid'>{10cf5a0f-4350-619a-0d02-000000000700}</Data><Data Name='ProcessId'>6020</Data><Data Name='Image'>C:\\Program Files\\SplunkUniversalForwarder\\bin\\splunk-MonitorNoHandle.exe</Data><Data Name='FileVersion'>10.0.10011.16384</Data><Data Name='Description'>SplunkMonNoHandle Control Program</Data><Data Name='Product'>Windows (R) Win 7 DDK driver</Data><Data Name='Company'>Windows (R) Win 7 DDK provider</Data><Data Name='OriginalFileName'>SplunkMonNoHandle.exe</Data><Data Name='CommandLine'>\""C:\\Program Files\\SplunkUniversalForwarder\\bin\\splunk-MonitorNoHandle.exe\""</Data><Data Name='CurrentDirectory'>C:\\Windows\\system32\\</Data><Data Name='User'>NT AUTHORITY\\SYSTEM</Data><Data Name='LogonGuid'>{10cf5a0f-4043-619a-e703-000000000000}</Data><Data Name='LogonId'>0x3e7</Data><Data Name='TerminalSessionId'>0</Data><Data Name='IntegrityLevel'>System</Data><Data Name='Hashes'>MD5=4B5431B14120A7099CF37D73DC2C2579,SHA256=534F10C5E9FF0F0F815621A4E432A4559F43434967A49A26CA9BEED7DCD22FD1,IMPHASH=05D58741E22C6453F52C1A9326FAF02D</Data><Data Name='ParentProcessGuid'>{10cf5a0f-424e-619a-b301-000000000700}</Data><Data Name='ParentProcessId'>5504</Data><Data Name='ParentImage'>C:\\Program Files\\SplunkUniversalForwarder\\bin\\splunkd.exe</Data><Data Name='ParentCommandLine'>\""C:\\Program Files\\SplunkUniversalForwarder\\bin\\splunkd.exe\"" service</Data><Data Name='ParentUser'>NT AUTHORITY\\SYSTEM</Data></EventData></Event>"",""source"":""XmlWinEventLog:Microsoft-Windows-Sysmon/Operational"",""host"":{""name"":""DESKTOP-PC01""},""sourcetype"":""XmlWinEventLog:Microsoft-Windows-Sysmon/Operational"",""index"":""default"",""cribl_pipe"":""passthru"",""@timestamp"":""2021-12-01T16:55:32.578Z""}","sysmon_events_summary_upload.csv",csv,"si-i-061ebfca0cf8b90c6.prd-p-s3zl2.splunkcloud.com",,"2021-12-01T16:55:32.578Z
none","<Event xmlns='http://schemas.microsoft.com/win/2004/08/events/event'><System><Provider Name='Microsoft-Windows-Sysmon' Guid='{5770385f-c22a-43e0-bf4c-06f5698ffbd9}'/><EventID>1</EventID><Version>5</Version><Level>4</Level><Task>1</Task><Opcode>0</Opcode><Keywords>0x8000000000000000</Keywords><TimeCreated SystemTime='2021-11-21T13:02:08.752138900Z'/><EventRecordID>286</EventRecordID><Correlation/><Execution ProcessID='1872' ThreadID='3648'/><Channel>Microsoft-Windows-Sysmon/Operational</Channel><Computer>DESKTOP-PC01</Computer><Security UserID='S-1-5-18'/></System><EventData><Data Name='RuleName'>-</Data><Data Name='UtcTime'>2021-11-21 13:02:08.669</Data><Data Name='ProcessGuid'>{10cf5a0f-4350-619a-0d02-000000000700}</Data><Data Name='ProcessId'>6020</Data><Data Name='Image'>C:\\Program Files\\SplunkUniversalForwarder\\bin\\splunk-MonitorNoHandle.exe</Data><Data Name='FileVersion'>10.0.10011.16384</Data><Data Name='Description'>SplunkMonNoHandle Control Program</Data><Data Name='Product'>Windows (R) Win 7 DDK driver</Data><Data Name='Company'>Windows (R) Win 7 DDK provider</Data><Data Name='OriginalFileName'>SplunkMonNoHandle.exe</Data><Data Name='CommandLine'>\""""C:\\Program Files\\SplunkUniversalForwarder\\bin\\splunk-MonitorNoHandle.exe\""""</Data><Data Name='CurrentDirectory'>C:\\Windows\\system32\\</Data><Data Name='User'>NT AUTHORITY\\SYSTEM</Data><Data Name='LogonGuid'>{10cf5a0f-4043-619a-e703-000000000000}</Data><Data Name='LogonId'>0x3e7</Data><Data Name='TerminalSessionId'>0</Data><Data Name='IntegrityLevel'>System</Data><Data Name='Hashes'>MD5=4B5431B14120A7099CF37D73DC2C2579,SHA256=534F10C5E9FF0F0F815621A4E432A4559F43434967A49A26CA9BEED7DCD22FD1,IMPHASH=05D58741E22C6453F52C1A9326FAF02D</Data><Data Name='ParentProcessGuid'>{10cf5a0f-424e-619a-b301-000000000700}</Data><Data Name='ParentProcessId'>5504</Data><Data Name='ParentImage'>C:\\Program Files\\SplunkUniversalForwarder\\bin\\splunkd.exe</Data><Data Name='ParentCommandLine'>\""""C:\\Program Files\\SplunkUniversalForwarder\\bin\\splunkd.exe\"""" service</Data><Data Name='ParentUser'>NT AUTHORITY\\SYSTEM</Data></EventData></Event>"
"Microsoft-Windows-Sysmon/Operational",,"DESKTOP-PC01",,,13,285,"http://schemas.microsoft.com/win/2004/08/events/event",1872,3648,"C:\\Windows\\system32\\SearchProtocolHost.exe",0x8000000000000000,4,0,,,"{5770385f-c22a-43e0-bf4c-06f5698ffbd9}","Microsoft-Windows-Sysmon","S-1-5-18",,13,"2021-11-21T13:02:07.590273000Z","2021-11-21T13:02:07.590273000Z","2021-11-21 13:02:07.576",2,"""{""""_raw"""":""""<Event xmlns='http://schemas.microsoft.com/win/2004/08/events/event'><System><Provider Name='Microsoft-Windows-Sysmon' Guid='{5770385f-c22a-43e0-bf4c-06f5698ffbd9}'/><EventID>13</EventID><Version>2</Version><Level>4</Level><Task>13</Task><Opcode>0</Opcode><Keywords>0x8000000000000000</Keywords><TimeCreated SystemTime='2021-11-21T13:02:07.590273000Z'/><EventRecordID>285</EventRecordID><Correlation/><Execution ProcessID='1872' ThreadID='3648'/><Channel>Microsoft-Windows-Sysmon/Operational</Channel><Computer>DESKTOP-PC01</Computer><Security UserID='S-1-5-18'/></System><EventData><Data Name='RuleName'>-</Data><Data Name='EventType'>SetValue</Data><Data Name='UtcTime'>2021-11-21 13:02:07.576</Data><Data Name='ProcessGuid'>{10cf5a0f-434f-619a-0b02-000000000700}</Data><Data Name='ProcessId'>7092</Data><Data Name='Image'>C:\\Windows\\system32\\SearchProtocolHost.exe</Data><Data Name='TargetObject'>HKU\\.DEFAULT\\Software\\Microsoft\\Windows\\CurrentVersion\\Shell Extensions\\Cached\\{97E467B4-98C6-4F19-9588-161B7773D6F6} {886D8EEB-8CF2-4446-8D02-CDBA1DBDCF99} 0xFFFF</Data><Data Name='Details'>Binary Data</Data><Data Name='User'>NT AUTHORITY\\SYSTEM</Data></EventData></Event>"""",""""source"""":""""XmlWinEventLog:Microsoft-Windows-Sysmon/Operational"""",""""host"""":{""""name"""":""""DESKTOP-PC01""""},""""sourcetype"""":""""XmlWinEventLog:Microsoft-Windows-Sysmon/Operational"""",""""index"""":""""default"""",""""cribl_pipe"""":""""passthru"""",""""@timestamp"""":""""2021-12-01T16:55:32.578Z""""}"",""DESKTOP-PC01"",""sysmon_events.json
XmlWinEventLog:Microsoft-Windows-Sysmon/Operational"",13,""2021-11-21 13:02:07.576"",""2021-12-01T16:55:32.578Z"",""2021-11-21T13:02:07.590273000Z"",,,,""C:\Windows\system32\SearchProtocolHost.exe"",,,","2024-03-16T14:09:30.000+00:00",,"sysmon_events.json
XmlWinEventLog:Microsoft-Windows-Sysmon/Operational","si-i-061ebfca0cf8b90c6.prd-p-s3zl2.splunkcloud.com",main,2,"""{"""""""":""""<_='://../////'><><_='--'_='{----}'/><></","{""_raw"":""<Event xmlns='http://schemas.microsoft.com/win/2004/08/events/event'><System><Provider Name='Microsoft-Windows-Sysmon' Guid='{5770385f-c22a-43e0-bf4c-06f5698ffbd9}'/><EventID>13</EventID><Version>2</Version><Level>4</Level><Task>13</Task><Opcode>0</Opcode><Keywords>0x8000000000000000</Keywords><TimeCreated SystemTime='2021-11-21T13:02:07.590273000Z'/><EventRecordID>285</EventRecordID><Correlation/><Execution ProcessID='1872' ThreadID='3648'/><Channel>Microsoft-Windows-Sysmon/Operational</Channel><Computer>DESKTOP-PC01</Computer><Security UserID='S-1-5-18'/></System><EventData><Data Name='RuleName'>-</Data><Data Name='EventType'>SetValue</Data><Data Name='UtcTime'>2021-11-21 13:02:07.576</Data><Data Name='ProcessGuid'>{10cf5a0f-434f-619a-0b02-000000000700}</Data><Data Name='ProcessId'>7092</Data><Data Name='Image'>C:\\Windows\\system32\\SearchProtocolHost.exe</Data><Data Name='TargetObject'>HKU\\.DEFAULT\\Software\\Microsoft\\Windows\\CurrentVersion\\Shell Extensions\\Cached\\{97E467B4-98C6-4F19-9588-161B7773D6F6} {886D8EEB-8CF2-4446-8D02-CDBA1DBDCF99} 0xFFFF</Data><Data Name='Details'>Binary Data</Data><Data Name='User'>NT AUTHORITY\\SYSTEM</Data></EventData></Event>"",""source"":""XmlWinEventLog:Microsoft-Windows-Sysmon/Operational"",""host"":{""name"":""DESKTOP-PC01""},""sourcetype"":""XmlWinEventLog:Microsoft-Windows-Sysmon/Operational"",""index"":""default"",""cribl_pipe"":""passthru"",""@timestamp"":""2021-12-01T16:55:32.578Z""}","sysmon_events_summary_upload.csv",csv,"si-i-061ebfca0cf8b90c6.prd-p-s3zl2.splunkcloud.com",,"2021-12-01T16:55:32.578Z
none","<Event xmlns='http://schemas.microsoft.com/win/2004/08/events/event'><System><Provider Name='Microsoft-Windows-Sysmon' Guid='{5770385f-c22a-43e0-bf4c-06f5698ffbd9}'/><EventID>13</EventID><Version>2</Version><Level>4</Level><Task>13</Task><Opcode>0</Opcode><Keywords>0x8000000000000000</Keywords><TimeCreated SystemTime='2021-11-21T13:02:07.590273000Z'/><EventRecordID>285</EventRecordID><Correlation/><Execution ProcessID='1872' ThreadID='3648'/><Channel>Microsoft-Windows-Sysmon/Operational</Channel><Computer>DESKTOP-PC01</Computer><Security UserID='S-1-5-18'/></System><EventData><Data Name='RuleName'>-</Data><Data Name='EventType'>SetValue</Data><Data Name='UtcTime'>2021-11-21 13:02:07.576</Data><Data Name='ProcessGuid'>{10cf5a0f-434f-619a-0b02-000000000700}</Data><Data Name='ProcessId'>7092</Data><Data Name='Image'>C:\\Windows\\system32\\SearchProtocolHost.exe</Data><Data Name='TargetObject'>HKU\\.DEFAULT\\Software\\Microsoft\\Windows\\CurrentVersion\\Shell Extensions\\Cached\\{97E467B4-98C6-4F19-9588-161B7773D6F6} {886D8EEB-8CF2-4446-8D02-CDBA1DBDCF99} 0xFFFF</Data><Data Name='Details'>Binary Data</Data><Data Name='User'>NT AUTHORITY\\SYSTEM</Data></EventData></Event>"
