"source"""":""""XmlWinEventLog:Microsoft-Windows-Sysmon/Operational"""",""""host"""":{""""name"""":""""DESKTOP-PC01""""},""""sourcetype"""":""""XmlWinEventLog:Microsoft-Windows-Sysmon/Operational"""",""""index"""":""""default"""",""""cribl_pipe"""":""""passthru"""",""""@timestamp"""":""""2021-12-01T16:54:43.180Z""""}"",""DESKTOP-PC01"",""sysmon_events.json
XmlWinEventLog:Microsoft-Windows-Sysmon/Operational"",13,""2021-11-21 12:58:14.753"",""2021-12-01T16:54:43.180Z"",""2021-11-21T12:58:14.760220000Z"",,,,""C:\Windows\system32\compattelrunner.exe"",,,","2024-03-16T14:09:30.000+00:00",,"sysmon_events.json
XmlWinEventLog:Microsoft-Windows-Sysmon/Operational","si-i-061ebfca0cf8b90c6.prd-p-s3zl2.splunkcloud.com",main,2,"""{"""""""":""""<_='://../////'><><_='--'_='{----}'/><></","{""_raw"":""<Event xmlns='http://schemas.microsoft.com/win/2004/08/events/event'><System><Provider Name='Microsoft-Windows-Sysmon' Guid='{5770385f-c22a-43e0-bf4c-06f5698ffbd9}'/><EventID>13</EventID><Version>2</Version><Level>4</Level><Task>13</Task><Opcode>0</Opcode><Keywords>0x8000000000000000</Keywords><TimeCreated SystemTime='2021-11-21T12:58:14.760220000Z'/><EventRecordID>112</EventRecordID><Correlation/><Execution ProcessID='1872' ThreadID='3648'/><Channel>Microsoft-Windows-Sysmon/Operational</Channel><Computer>DESKTOP-PC01</Computer><Security UserID='S-1-5-18'/></System><EventData><Data Name='RuleName'>InvDB-Path</Data><Data Name='EventType'>SetValue</Data><Data Name='UtcTime'>2021-11-21 12:58:14.753</Data><Data Name='ProcessGuid'>{10cf5a0f-4252-619a-c001-000000000700}</Data><Data Name='ProcessId'>6860</Data><Data Name='Image'>C:\\Windows\\system32\\compattelrunner.exe</Data><Data Name='TargetObject'>\\REGISTRY\\A\\{50c90cbf-b2f5-cc7b-b22d-2619b6da3d06}\\Root\\InventoryApplicationFile\\splunk-winevtlog|d8125e0c86684fca\\LowerCaseLongPath</Data><Data Name='Details'>c:\\program files\\splunkuniversalforwarder\\bin\\splunk-winevtlog.exe</Data><Data Name='User'>NT AUTHORITY\\SYSTEM</Data></EventData></Event>"",""source"":""XmlWinEventLog:Microsoft-Windows-Sysmon/Operational"",""host"":{""name"":""DESKTOP-PC01""},""sourcetype"":""XmlWinEventLog:Microsoft-Windows-Sysmon/Operational"",""index"":""default"",""cribl_pipe"":""passthru"",""@timestamp"":""2021-12-01T16:54:43.180Z""}","sysmon_events_summary_upload.csv",csv,"si-i-061ebfca0cf8b90c6.prd-p-s3zl2.splunkcloud.com",,"2021-12-01T16:54:43.180Z
none","<Event xmlns='http://schemas.microsoft.com/win/2004/08/events/event'><System><Provider Name='Microsoft-Windows-Sysmon' Guid='{5770385f-c22a-43e0-bf4c-06f5698ffbd9}'/><EventID>13</EventID><Version>2</Version><Level>4</Level><Task>13</Task><Opcode>0</Opcode><Keywords>0x8000000000000000</Keywords><TimeCreated SystemTime='2021-11-21T12:58:14.760220000Z'/><EventRecordID>112</EventRecordID><Correlation/><Execution ProcessID='1872' ThreadID='3648'/><Channel>Microsoft-Windows-Sysmon/Operational</Channel><Computer>DESKTOP-PC01</Computer><Security UserID='S-1-5-18'/></System><EventData><Data Name='RuleName'>InvDB-Path</Data><Data Name='EventType'>SetValue</Data><Data Name='UtcTime'>2021-11-21 12:58:14.753</Data><Data Name='ProcessGuid'>{10cf5a0f-4252-619a-c001-000000000700}</Data><Data Name='ProcessId'>6860</Data><Data Name='Image'>C:\\Windows\\system32\\compattelrunner.exe</Data><Data Name='TargetObject'>\\REGISTRY\\A\\{50c90cbf-b2f5-cc7b-b22d-2619b6da3d06}\\Root\\InventoryApplicationFile\\splunk-winevtlog|d8125e0c86684fca\\LowerCaseLongPath</Data><Data Name='Details'>c:\\program files\\splunkuniversalforwarder\\bin\\splunk-winevtlog.exe</Data><Data Name='User'>NT AUTHORITY\\SYSTEM</Data></EventData></Event>"
"Microsoft-Windows-Sysmon/Operational",,"DESKTOP-PC01",,,13,126,"http://schemas.microsoft.com/win/2004/08/events/event",1872,3648,"C:\\Windows\\system32\\compattelrunner.exe",0x8000000000000000,4,0,,,"{5770385f-c22a-43e0-bf4c-06f5698ffbd9}","Microsoft-Windows-Sysmon","S-1-5-18",,13,"2021-11-21T12:58:14.938681500Z","2021-11-21T12:58:14.938681500Z","2021-11-21 12:58:14.925",2,"""{""""_raw"""":""""<Event xmlns='http://schemas.microsoft.com/win/2004/08/events/event'><System><Provider Name='Microsoft-Windows-Sysmon' Guid='{5770385f-c22a-43e0-bf4c-06f5698ffbd9}'/><EventID>13</EventID><Version>2</Version><Level>4</Level><Task>13</Task><Opcode>0</Opcode><Keywords>0x8000000000000000</Keywords><TimeCreated SystemTime='2021-11-21T12:58:14.938681500Z'/><EventRecordID>126</EventRecordID><Correlation/><Execution ProcessID='1872' ThreadID='3648'/><Channel>Microsoft-Windows-Sysmon/Operational</Channel><Computer>DESKTOP-PC01</Computer><Security UserID='S-1-5-18'/></System><EventData><Data Name='RuleName'>InvDB-Pub</Data><Data Name='EventType'>SetValue</Data><Data Name='UtcTime'>2021-11-21 12:58:14.925</Data><Data Name='ProcessGuid'>{10cf5a0f-4252-619a-c001-000000000700}</Data><Data Name='ProcessId'>6860</Data><Data Name='Image'>C:\\Windows\\system32\\compattelrunner.exe</Data><Data Name='TargetObject'>\\REGISTRY\\A\\{50c90cbf-b2f5-cc7b-b22d-2619b6da3d06}\\Root\\InventoryApplicationFile\\splunk-wmi.exe|fd58174ea9e370c0\\Publisher</Data><Data Name='Details'>splunk inc.</Data><Data Name='User'>NT AUTHORITY\\SYSTEM</Data></EventData></Event>"""",""""source"""":""""XmlWinEventLog:Microsoft-Windows-Sysmon/Operational"""",""""host"""":{""""name"""":""""DESKTOP-PC01""""},""""sourcetype"""":""""XmlWinEventLog:Microsoft-Windows-Sysmon/Operational"""",""""index"""":""""default"""",""""cribl_pipe"""":""""passthru"""",""""@timestamp"""":""""2021-12-01T16:54:46.579Z""""}"",""DESKTOP-PC01"",""sysmon_events.json
XmlWinEventLog:Microsoft-Windows-Sysmon/Operational"",13,""2021-11-21 12:58:14.925"",""2021-12-01T16:54:46.579Z"",""2021-11-21T12:58:14.938681500Z"",,,,""C:\Windows\system32\compattelrunner.exe"",,,","2024-03-16T14:09:30.000+00:00",,"sysmon_events.json
XmlWinEventLog:Microsoft-Windows-Sysmon/Operational","si-i-061ebfca0cf8b90c6.prd-p-s3zl2.splunkcloud.com",main,2,"""{"""""""":""""<_='://../////'><><_='--'_='{----}'/><></","{""_raw"":""<Event xmlns='http://schemas.microsoft.com/win/2004/08/events/event'><System><Provider Name='Microsoft-Windows-Sysmon' Guid='{5770385f-c22a-43e0-bf4c-06f5698ffbd9}'/><EventID>13</EventID><Version>2</Version><Level>4</Level><Task>13</Task><Opcode>0</Opcode><Keywords>0x8000000000000000</Keywords><TimeCreated SystemTime='2021-11-21T12:58:14.938681500Z'/><EventRecordID>126</EventRecordID><Correlation/><Execution ProcessID='1872' ThreadID='3648'/><Channel>Microsoft-Windows-Sysmon/Operational</Channel><Computer>DESKTOP-PC01</Computer><Security UserID='S-1-5-18'/></System><EventData><Data Name='RuleName'>InvDB-Pub</Data><Data Name='EventType'>SetValue</Data><Data Name='UtcTime'>2021-11-21 12:58:14.925</Data><Data Name='ProcessGuid'>{10cf5a0f-4252-619a-c001-000000000700}</Data><Data Name='ProcessId'>6860</Data><Data Name='Image'>C:\\Windows\\system32\\compattelrunner.exe</Data><Data Name='TargetObject'>\\REGISTRY\\A\\{50c90cbf-b2f5-cc7b-b22d-2619b6da3d06}\\Root\\InventoryApplicationFile\\splunk-wmi.exe|fd58174ea9e370c0\\Publisher</Data><Data Name='Details'>splunk inc.</Data><Data Name='User'>NT AUTHORITY\\SYSTEM</Data></EventData></Event>"",""source"":""XmlWinEventLog:Microsoft-Windows-Sysmon/Operational"",""host"":{""name"":""DESKTOP-PC01""},""sourcetype"":""XmlWinEventLog:Microsoft-Windows-Sysmon/Operational"",""index"":""default"",""cribl_pipe"":""passthru"",""@timestamp"":""2021-12-01T16:54:46.579Z""}","sysmon_events_summary_upload.csv",csv,"si-i-061ebfca0cf8b90c6.prd-p-s3zl2.splunkcloud.com",,"2021-12-01T16:54:46.579Z
none","<Event xmlns='http://schemas.microsoft.com/win/2004/08/events/event'><System><Provider Name='Microsoft-Windows-Sysmon' Guid='{5770385f-c22a-43e0-bf4c-06f5698ffbd9}'/><EventID>13</EventID><Version>2</Version><Level>4</Level><Task>13</Task><Opcode>0</Opcode><Keywords>0x8000000000000000</Keywords><TimeCreated SystemTime='2021-11-21T12:58:14.938681500Z'/><EventRecordID>126</EventRecordID><Correlation/><Execution ProcessID='1872' ThreadID='3648'/><Channel>Microsoft-Windows-Sysmon/Operational</Channel><Computer>DESKTOP-PC01</Computer><Security UserID='S-1-5-18'/></System><EventData><Data Name='RuleName'>InvDB-Pub</Data><Data Name='EventType'>SetValue</Data><Data Name='UtcTime'>2021-11-21 12:58:14.925</Data><Data Name='ProcessGuid'>{10cf5a0f-4252-619a-c001-000000000700}</Data><Data Name='ProcessId'>6860</Data><Data Name='Image'>C:\\Windows\\system32\\compattelrunner.exe</Data><Data Name='TargetObject'>\\REGISTRY\\A\\{50c90cbf-b2f5-cc7b-b22d-2619b6da3d06}\\Root\\InventoryApplicationFile\\splunk-wmi.exe|fd58174ea9e370c0\\Publisher</Data><Data Name='Details'>splunk inc.</Data><Data Name='User'>NT AUTHORITY\\SYSTEM</Data></EventData></Event>"
"Microsoft-Windows-Sysmon/Operational",,"DESKTOP-PC01",,,13,125,"http://schemas.microsoft.com/win/2004/08/events/event",1872,3648,"C:\\Windows\\system32\\compattelrunner.exe",0x8000000000000000,4,0,,,"{5770385f-c22a-43e0-bf4c-06f5698ffbd9}","Microsoft-Windows-Sysmon","S-1-5-18",,13,"2021-11-21T12:58:14.938119700Z","2021-11-21T12:58:14.938119700Z","2021-11-21 12:58:14.925",2,"""{""""_raw"""":""""<Event xmlns='http://schemas.microsoft.com/win/2004/08/events/event'><System><Provider Name='Microsoft-Windows-Sysmon' Guid='{5770385f-c22a-43e0-bf4c-06f5698ffbd9}'/><EventID>13</EventID><Version>2</Version><Level>4</Level><Task>13</Task><Opcode>0</Opcode><Keywords>0x8000000000000000</Keywords><TimeCreated SystemTime='2021-11-21T12:58:14.938119700Z'/><EventRecordID>125</EventRecordID><Correlation/><Execution ProcessID='1872' ThreadID='3648'/><Channel>Microsoft-Windows-Sysmon/Operational</Channel><Computer>DESKTOP-PC01</Computer><Security UserID='S-1-5-18'/></System><EventData><Data Name='RuleName'>InvDB-Path</Data><Data Name='EventType'>SetValue</Data><Data Name='UtcTime'>2021-11-21 12:58:14.925</Data><Data Name='ProcessGuid'>{10cf5a0f-4252-619a-c001-000000000700}</Data><Data Name='ProcessId'>6860</Data><Data Name='Image'>C:\\Windows\\system32\\compattelrunner.exe</Data><Data Name='TargetObject'>\\REGISTRY\\A\\{50c90cbf-b2f5-cc7b-b22d-2619b6da3d06}\\Root\\InventoryApplicationFile\\splunk-wmi.exe|fd58174ea9e370c0\\LowerCaseLongPath</Data><Data Name='Details'>c:\\program files\\splunkuniversalforwarder\\bin\\splunk-wmi.exe</Data><Data Name='User'>NT AUTHORITY\\SYSTEM</Data></EventData></Event>"""",""""source"""":""""XmlWinEventLog:Microsoft-Windows-Sysmon/Operational"""",""""host"""":{""""name"""":""""DESKTOP-PC01""""},""""sourcetype"""":""""XmlWinEventLog:Microsoft-Windows-Sysmon/Operational"""",""""index"""":""""default"""",""""cribl_pipe"""":""""passthru"""",""""@timestamp"""":""""2021-12-01T16:54:46.579Z""""}"",""DESKTOP-PC01"",""sysmon_events.json
XmlWinEventLog:Microsoft-Windows-Sysmon/Operational"",13,""2021-11-21 12:58:14.925"",""2021-12-01T16:54:46.579Z"",""2021-11-21T12:58:14.938119700Z"",,,,""C:\Windows\system32\compattelrunner.exe"",,,","2024-03-16T14:09:30.000+00:00",,"sysmon_events.json
XmlWinEventLog:Microsoft-Windows-Sysmon/Operational","si-i-061ebfca0cf8b90c6.prd-p-s3zl2.splunkcloud.com",main,2,"""{"""""""":""""<_='://../////'><><_='--'_='{----}'/><></","{""_raw"":""<Event xmlns='http://schemas.microsoft.com/win/2004/08/events/event'><System><Provider Name='Microsoft-Windows-Sysmon' Guid='{5770385f-c22a-43e0-bf4c-06f5698ffbd9}'/><EventID>13</EventID><Version>2</Version><Level>4</Level><Task>13</Task><Opcode>0</Opcode><Keywords>0x8000000000000000</Keywords><TimeCreated SystemTime='2021-11-21T12:58:14.938119700Z'/><EventRecordID>125</EventRecordID><Correlation/><Execution ProcessID='1872' ThreadID='3648'/><Channel>Microsoft-Windows-Sysmon/Operational</Channel><Computer>DESKTOP-PC01</Computer><Security UserID='S-1-5-18'/></System><EventData><Data Name='RuleName'>InvDB-Path</Data><Data Name='EventType'>SetValue</Data><Data Name='UtcTime'>2021-11-21 12:58:14.925</Data><Data Name='ProcessGuid'>{10cf5a0f-4252-619a-c001-000000000700}</Data><Data Name='ProcessId'>6860</Data><Data Name='Image'>C:\\Windows\\system32\\compattelrunner.exe</Data><Data Name='TargetObject'>\\REGISTRY\\A\\{50c90cbf-b2f5-cc7b-b22d-2619b6da3d06}\\Root\\InventoryApplicationFile\\splunk-wmi.exe|fd58174ea9e370c0\\LowerCaseLongPath</Data><Data Name='Details'>c:\\program files\\splunkuniversalforwarder\\bin\\splunk-wmi.exe</Data><Data Name='User'>NT AUTHORITY\\SYSTEM</Data></EventData></Event>"",""source"":""XmlWinEventLog:Microsoft-Windows-Sysmon/Operational"",""host"":{""name"":""DESKTOP-PC01""},""sourcetype"":""XmlWinEventLog:Microsoft-Windows-Sysmon/Operational"",""index"":""default"",""cribl_pipe"":""passthru"",""@timestamp"":""2021-12-01T16:54:46.579Z""}","sysmon_events_summary_upload.csv",csv,"si-i-061ebfca0cf8b90c6.prd-p-s3zl2.splunkcloud.com",,"2021-12-01T16:54:46.579Z
none","<Event xmlns='http://schemas.microsoft.com/win/2004/08/events/event'><System><Provider Name='Microsoft-Windows-Sysmon' Guid='{5770385f-c22a-43e0-bf4c-06f5698ffbd9}'/><EventID>13</EventID><Version>2</Version><Level>4</Level><Task>13</Task><Opcode>0</Opcode><Keywords>0x8000000000000000</Keywords><TimeCreated SystemTime='2021-11-21T12:58:14.938119700Z'/><EventRecordID>125</EventRecordID><Correlation/><Execution ProcessID='1872' ThreadID='3648'/><Channel>Microsoft-Windows-Sysmon/Operational</Channel><Computer>DESKTOP-PC01</Computer><Security UserID='S-1-5-18'/></System><EventData><Data Name='RuleName'>InvDB-Path</Data><Data Name='EventType'>SetValue</Data><Data Name='UtcTime'>2021-11-21 12:58:14.925</Data><Data Name='ProcessGuid'>{10cf5a0f-4252-619a-c001-000000000700}</Data><Data Name='ProcessId'>6860</Data><Data Name='Image'>C:\\Windows\\system32\\compattelrunner.exe</Data><Data Name='TargetObject'>\\REGISTRY\\A\\{50c90cbf-b2f5-cc7b-b22d-2619b6da3d06}\\Root\\InventoryApplicationFile\\splunk-wmi.exe|fd58174ea9e370c0\\LowerCaseLongPath</Data><Data Name='Details'>c:\\program files\\splunkuniversalforwarder\\bin\\splunk-wmi.exe</Data><Data Name='User'>NT AUTHORITY\\SYSTEM</Data></EventData></Event>"
"Microsoft-Windows-Sysmon/Operational",,"DESKTOP-PC01",,,13,124,"http://schemas.microsoft.com/win/2004/08/events/event",1872,3648,"C:\\Windows\\system32\\compattelrunner.exe",0x8000000000000000,4,0,,,"{5770385f-c22a-43e0-bf4c-06f5698ffbd9}","Microsoft-Windows-Sysmon","S-1-5-18",,13,"2021-11-21T12:58:14.881110600Z","2021-11-21T12:58:14.881110600Z","2021-11-21 12:58:14.878",2,"""{""""_raw"""":""""<Event xmlns='http://schemas.microsoft.com/win/2004/08/events/event'><System><Provider Name='Microsoft-Windows-Sysmon' Guid='{5770385f-c22a-43e0-bf4c-06f5698ffbd9}'/><EventID>13</EventID><Version>2</Version><Level>4</Level><Task>13</Task><Opcode>0</Opcode><Keywords>0x8000000000000000</Keywords><TimeCreated SystemTime='2021-11-21T12:58:14.881110600Z'/><EventRecordID>124</EventRecordID><Correlation/><Execution ProcessID='1872' ThreadID='3648'/><Channel>Microsoft-Windows-Sysmon/Operational</Channel><Computer>DESKTOP-PC01</Computer><Security UserID='S-1-5-18'/></System><EventData><Data Name='RuleName'>InvDB-Ver</Data><Data Name='EventType'>SetValue</Data><Data Name='UtcTime'>2021-11-21 12:58:14.878</Data><Data Name='ProcessGuid'>{10cf5a0f-4252-619a-c001-000000000700}</Data><Data Name='ProcessId'>6860</Data><Data Name='Image'>C:\\Windows\\system32\\compattelrunner.exe</Data><Data Name='TargetObject'>\\REGISTRY\\A\\{50c90cbf-b2f5-cc7b-b22d-2619b6da3d06}\\Root\\InventoryApplicationFile\\splunk-winprintm|94e5804991a842aa\\BinProductVersion</Data><Data Name='Details'>(Empty)</Data><Data Name='User'>NT AUTHORITY\\SYSTEM</Data></EventData></Event>"""",""""source"""":""""XmlWinEventLog:Microsoft-Windows-Sysmon/Operational"""",""""host"""":{""""name"""":""""DESKTOP-PC01""""},""""sourcetype"""":""""XmlWinEventLog:Microsoft-Windows-Sysmon/Operational"""",""""index"""":""""default"""",""""cribl_pipe"""":""""passthru"""",""""@timestamp"""":""""2021-12-01T16:54:46.579Z""""}"",""DESKTOP-PC01"",""sysmon_events.json
XmlWinEventLog:Microsoft-Windows-Sysmon/Operational"",13,""2021-11-21 12:58:14.878"",""2021-12-01T16:54:46.579Z"",""2021-11-21T12:58:14.881110600Z"",,,,""C:\Windows\system32\compattelrunner.exe"",,,","2024-03-16T14:09:30.000+00:00",,"sysmon_events.json
XmlWinEventLog:Microsoft-Windows-Sysmon/Operational","si-i-061ebfca0cf8b90c6.prd-p-s3zl2.splunkcloud.com",main,2,"""{"""""""":""""<_='://../////'><><_='--'_='{----}'/><></","{""_raw"":""<Event xmlns='http://schemas.microsoft.com/win/2004/08/events/event'><System><Provider Name='Microsoft-Windows-Sysmon' Guid='{5770385f-c22a-43e0-bf4c-06f5698ffbd9}'/><EventID>13</EventID><Version>2</Version><Level>4</Level><Task>13</Task><Opcode>0</Opcode><Keywords>0x8000000000000000</Keywords><TimeCreated SystemTime='2021-11-21T12:58:14.881110600Z'/><EventRecordID>124</EventRecordID><Correlation/><Execution ProcessID='1872' ThreadID='3648'/><Channel>Microsoft-Windows-Sysmon/Operational</Channel><Computer>DESKTOP-PC01</Computer><Security UserID='S-1-5-18'/></System><EventData><Data Name='RuleName'>InvDB-Ver</Data><Data Name='EventType'>SetValue</Data><Data Name='UtcTime'>2021-11-21 12:58:14.878</Data><Data Name='ProcessGuid'>{10cf5a0f-4252-619a-c001-000000000700}</Data><Data Name='ProcessId'>6860</Data><Data Name='Image'>C:\\Windows\\system32\\compattelrunner.exe</Data><Data Name='TargetObject'>\\REGISTRY\\A\\{50c90cbf-b2f5-cc7b-b22d-2619b6da3d06}\\Root\\InventoryApplicationFile\\splunk-winprintm|94e5804991a842aa\\BinProductVersion</Data><Data Name='Details'>(Empty)</Data><Data Name='User'>NT AUTHORITY\\SYSTEM</Data></EventData></Event>"",""source"":""XmlWinEventLog:Microsoft-Windows-Sysmon/Operational"",""host"":{""name"":""DESKTOP-PC01""},""sourcetype"":""XmlWinEventLog:Microsoft-Windows-Sysmon/Operational"",""index"":""default"",""cribl_pipe"":""passthru"",""@timestamp"":""2021-12-01T16:54:46.579Z""}","sysmon_events_summary_upload.csv",csv,"si-i-061ebfca0cf8b90c6.prd-p-s3zl2.splunkcloud.com",,"2021-12-01T16:54:46.579Z
none","<Event xmlns='http://schemas.microsoft.com/win/2004/08/events/event'><System><Provider Name='Microsoft-Windows-Sysmon' Guid='{5770385f-c22a-43e0-bf4c-06f5698ffbd9}'/><EventID>13</EventID><Version>2</Version><Level>4</Level><Task>13</Task><Opcode>0</Opcode><Keywords>0x8000000000000000</Keywords><TimeCreated SystemTime='2021-11-21T12:58:14.881110600Z'/><EventRecordID>124</EventRecordID><Correlation/><Execution ProcessID='1872' ThreadID='3648'/><Channel>Microsoft-Windows-Sysmon/Operational</Channel><Computer>DESKTOP-PC01</Computer><Security UserID='S-1-5-18'/></System><EventData><Data Name='RuleName'>InvDB-Ver</Data><Data Name='EventType'>SetValue</Data><Data Name='UtcTime'>2021-11-21 12:58:14.878</Data><Data Name='ProcessGuid'>{10cf5a0f-4252-619a-c001-000000000700}</Data><Data Name='ProcessId'>6860</Data><Data Name='Image'>C:\\Windows\\system32\\compattelrunner.exe</Data><Data Name='TargetObject'>\\REGISTRY\\A\\{50c90cbf-b2f5-cc7b-b22d-2619b6da3d06}\\Root\\InventoryApplicationFile\\splunk-winprintm|94e5804991a842aa\\BinProductVersion</Data><Data Name='Details'>(Empty)</Data><Data Name='User'>NT AUTHORITY\\SYSTEM</Data></EventData></Event>"
"Microsoft-Windows-Sysmon/Operational",,"DESKTOP-PC01",,,13,123,"http://schemas.microsoft.com/win/2004/08/events/event",1872,3648,"C:\\Windows\\system32\\compattelrunner.exe",0x8000000000000000,4,0,,,"{5770385f-c22a-43e0-bf4c-06f5698ffbd9}","Microsoft-Windows-Sysmon","S-1-5-18",,13,"2021-11-21T12:58:14.880967800Z","2021-11-21T12:58:14.880967800Z","2021-11-21 12:58:14.878",2,"""{""""_raw"""":""""<Event xmlns='http://schemas.microsoft.com/win/2004/08/events/event'><System><Provider Name='Microsoft-Windows-Sysmon' Guid='{5770385f-c22a-43e0-bf4c-06f5698ffbd9}'/><EventID>13</EventID><Version>2</Version><Level>4</Level><Task>13</Task><Opcode>0</Opcode><Keywords>0x8000000000000000</Keywords><TimeCreated SystemTime='2021-11-21T12:58:14.880967800Z'/><EventRecordID>123</EventRecordID><Correlation/><Execution ProcessID='1872' ThreadID='3648'/><Channel>Microsoft-Windows-Sysmon/Operational</Channel><Computer>DESKTOP-PC01</Computer><Security UserID='S-1-5-18'/></System><EventData><Data Name='RuleName'>InvDB-CompileTimeClaim</Data><Data Name='EventType'>SetValue</Data><Data Name='UtcTime'>2021-11-21 12:58:14.878</Data><Data Name='ProcessGuid'>{10cf5a0f-4252-619a-c001-000000000700}</Data><Data Name='ProcessId'>6860</Data><Data Name='Image'>C:\\Windows\\system32\\compattelrunner.exe</Data><Data Name='TargetObject'>\\REGISTRY\\A\\{50c90cbf-b2f5-cc7b-b22d-2619b6da3d06}\\Root\\InventoryApplicationFile\\splunk-winprintm|94e5804991a842aa\\LinkDate</Data><Data Name='Details'>(Empty)</Data><Data Name='User'>NT AUTHORITY\\SYSTEM</Data></EventData></Event>"""",""""source"""":""""XmlWinEventLog:Microsoft-Windows-Sysmon/Operational"""",""""host"""":{""""name"""":""""DESKTOP-PC01""""},""""sourcetype"""":""""XmlWinEventLog:Microsoft-Windows-Sysmon/Operational"""",""""index"""":""""default"""",""""cribl_pipe"""":""""passthru"""",""""@timestamp"""":""""2021-12-01T16:54:46.579Z""""}"",""DESKTOP-PC01"",""sysmon_events.json
XmlWinEventLog:Microsoft-Windows-Sysmon/Operational"",13,""2021-11-21 12:58:14.878"",""2021-12-01T16:54:46.579Z"",""2021-11-21T12:58:14.880967800Z"",,,,""C:\Windows\system32\compattelrunner.exe"",,,","2024-03-16T14:09:30.000+00:00",,"sysmon_events.json
XmlWinEventLog:Microsoft-Windows-Sysmon/Operational","si-i-061ebfca0cf8b90c6.prd-p-s3zl2.splunkcloud.com",main,2,"""{"""""""":""""<_='://../////'><><_='--'_='{----}'/><></","{""_raw"":""<Event xmlns='http://schemas.microsoft.com/win/2004/08/events/event'><System><Provider Name='Microsoft-Windows-Sysmon' Guid='{5770385f-c22a-43e0-bf4c-06f5698ffbd9}'/><EventID>13</EventID><Version>2</Version><Level>4</Level><Task>13</Task><Opcode>0</Opcode><Keywords>0x8000000000000000</Keywords><TimeCreated SystemTime='2021-11-21T12:58:14.880967800Z'/><EventRecordID>123</EventRecordID><Correlation/><Execution ProcessID='1872' ThreadID='3648'/><Channel>Microsoft-Windows-Sysmon/Operational</Channel><Computer>DESKTOP-PC01</Computer><Security UserID='S-1-5-18'/></System><EventData><Data Name='RuleName'>InvDB-CompileTimeClaim</Data><Data Name='EventType'>SetValue</Data><Data Name='UtcTime'>2021-11-21 12:58:14.878</Data><Data Name='ProcessGuid'>{10cf5a0f-4252-619a-c001-000000000700}</Data><Data Name='ProcessId'>6860</Data><Data Name='Image'>C:\\Windows\\system32\\compattelrunner.exe</Data><Data Name='TargetObject'>\\REGISTRY\\A\\{50c90cbf-b2f5-cc7b-b22d-2619b6da3d06}\\Root\\InventoryApplicationFile\\splunk-winprintm|94e5804991a842aa\\LinkDate</Data><Data Name='Details'>(Empty)</Data><Data Name='User'>NT AUTHORITY\\SYSTEM</Data></EventData></Event>"",""source"":""XmlWinEventLog:Microsoft-Windows-Sysmon/Operational"",""host"":{""name"":""DESKTOP-PC01""},""sourcetype"":""XmlWinEventLog:Microsoft-Windows-Sysmon/Operational"",""index"":""default"",""cribl_pipe"":""passthru"",""@timestamp"":""2021-12-01T16:54:46.579Z""}","sysmon_events_summary_upload.csv",csv,"si-i-061ebfca0cf8b90c6.prd-p-s3zl2.splunkcloud.com",,"2021-12-01T16:54:46.579Z
none","<Event xmlns='http://schemas.microsoft.com/win/2004/08/events/event'><System><Provider Name='Microsoft-Windows-Sysmon' Guid='{5770385f-c22a-43e0-bf4c-06f5698ffbd9}'/><EventID>13</EventID><Version>2</Version><Level>4</Level><Task>13</Task><Opcode>0</Opcode><Keywords>0x8000000000000000</Keywords><TimeCreated SystemTime='2021-11-21T12:58:14.880967800Z'/><EventRecordID>123</EventRecordID><Correlation/><Execution ProcessID='1872' ThreadID='3648'/><Channel>Microsoft-Windows-Sysmon/Operational</Channel><Computer>DESKTOP-PC01</Computer><Security UserID='S-1-5-18'/></System><EventData><Data Name='RuleName'>InvDB-CompileTimeClaim</Data><Data Name='EventType'>SetValue</Data><Data Name='UtcTime'>2021-11-21 12:58:14.878</Data><Data Name='ProcessGuid'>{10cf5a0f-4252-619a-c001-000000000700}</Data><Data Name='ProcessId'>6860</Data><Data Name='Image'>C:\\Windows\\system32\\compattelrunner.exe</Data><Data Name='TargetObject'>\\REGISTRY\\A\\{50c90cbf-b2f5-cc7b-b22d-2619b6da3d06}\\Root\\InventoryApplicationFile\\splunk-winprintm|94e5804991a842aa\\LinkDate</Data><Data Name='Details'>(Empty)</Data><Data Name='User'>NT AUTHORITY\\SYSTEM</Data></EventData></Event>"
"Microsoft-Windows-Sysmon/Operational",,"DESKTOP-PC01",,,13,122,"http://schemas.microsoft.com/win/2004/08/events/event",1872,3648,"C:\\Windows\\system32\\compattelrunner.exe",0x8000000000000000,4,0,,,"{5770385f-c22a-43e0-bf4c-06f5698ffbd9}","Microsoft-Windows-Sysmon","S-1-5-18",,13,"2021-11-21T12:58:14.880128600Z","2021-11-21T12:58:14.880128600Z","2021-11-21 12:58:14.878",2,"""{""""_raw"""":""""<Event xmlns='http://schemas.microsoft.com/win/2004/08/events/event'><System><Provider Name='Microsoft-Windows-Sysmon' Guid='{5770385f-c22a-43e0-bf4c-06f5698ffbd9}'/><EventID>13</EventID><Version>2</Version><Level>4</Level><Task>13</Task><Opcode>0</Opcode><Keywords>0x8000000000000000</Keywords><TimeCreated SystemTime='2021-11-21T12:58:14.880128600Z'/><EventRecordID>122</EventRecordID><Correlation/><Execution ProcessID='1872' ThreadID='3648'/><Channel>Microsoft-Windows-Sysmon/Operational</Channel><Computer>DESKTOP-PC01</Computer><Security UserID='S-1-5-18'/></System><EventData><Data Name='RuleName'>InvDB-Pub</Data><Data Name='EventType'>SetValue</Data><Data Name='UtcTime'>2021-11-21 12:58:14.878</Data><Data Name='ProcessGuid'>{10cf5a0f-4252-619a-c001-000000000700}</Data><Data Name='ProcessId'>6860</Data><Data Name='Image'>C:\\Windows\\system32\\compattelrunner.exe</Data><Data Name='TargetObject'>\\REGISTRY\\A\\{50c90cbf-b2f5-cc7b-b22d-2619b6da3d06}\\Root\\InventoryApplicationFile\\splunk-winprintm|94e5804991a842aa\\Publisher</Data><Data Name='Details'>splunk inc.</Data><Data Name='User'>NT AUTHORITY\\SYSTEM</Data></EventData></Event>"""",""""source"""":""""XmlWinEventLog:Microsoft-Windows-Sysmon/Operational"""",""""host"""":{""""name"""":""""DESKTOP-PC01""""},""""sourcetype"""":""""XmlWinEventLog:Microsoft-Windows-Sysmon/Operational"""",""""index"""":""""default"""",""""cribl_pipe"""":""""passthru"""",""""@timestamp"""":""""2021-12-01T16:54:46.579Z""""}"",""DESKTOP-PC01"",""sysmon_events.json
XmlWinEventLog:Microsoft-Windows-Sysmon/Operational"",13,""2021-11-21 12:58:14.878"",""2021-12-01T16:54:46.579Z"",""2021-11-21T12:58:14.880128600Z"",,,,""C:\Windows\system32\compattelrunner.exe"",,,","2024-03-16T14:09:30.000+00:00",,"sysmon_events.json
XmlWinEventLog:Microsoft-Windows-Sysmon/Operational","si-i-061ebfca0cf8b90c6.prd-p-s3zl2.splunkcloud.com",main,2,"""{"""""""":""""<_='://../////'><><_='--'_='{----}'/><></","{""_raw"":""<Event xmlns='http://schemas.microsoft.com/win/2004/08/events/event'><System><Provider Name='Microsoft-Windows-Sysmon' Guid='{5770385f-c22a-43e0-bf4c-06f5698ffbd9}'/><EventID>13</EventID><Version>2</Version><Level>4</Level><Task>13</Task><Opcode>0</Opcode><Keywords>0x8000000000000000</Keywords><TimeCreated SystemTime='2021-11-21T12:58:14.880128600Z'/><EventRecordID>122</EventRecordID><Correlation/><Execution ProcessID='1872' ThreadID='3648'/><Channel>Microsoft-Windows-Sysmon/Operational</Channel><Computer>DESKTOP-PC01</Computer><Security UserID='S-1-5-18'/></System><EventData><Data Name='RuleName'>InvDB-Pub</Data><Data Name='EventType'>SetValue</Data><Data Name='UtcTime'>2021-11-21 12:58:14.878</Data><Data Name='ProcessGuid'>{10cf5a0f-4252-619a-c001-000000000700}</Data><Data Name='ProcessId'>6860</Data><Data Name='Image'>C:\\Windows\\system32\\compattelrunner.exe</Data><Data Name='TargetObject'>\\REGISTRY\\A\\{50c90cbf-b2f5-cc7b-b22d-2619b6da3d06}\\Root\\InventoryApplicationFile\\splunk-winprintm|94e5804991a842aa\\Publisher</Data><Data Name='Details'>splunk inc.</Data><Data Name='User'>NT AUTHORITY\\SYSTEM</Data></EventData></Event>"",""source"":""XmlWinEventLog:Microsoft-Windows-Sysmon/Operational"",""host"":{""name"":""DESKTOP-PC01""},""sourcetype"":""XmlWinEventLog:Microsoft-Windows-Sysmon/Operational"",""index"":""default"",""cribl_pipe"":""passthru"",""@timestamp"":""2021-12-01T16:54:46.579Z""}","sysmon_events_summary_upload.csv",csv,"si-i-061ebfca0cf8b90c6.prd-p-s3zl2.splunkcloud.com",,"2021-12-01T16:54:46.579Z
none","<Event xmlns='http://schemas.microsoft.com/win/2004/08/events/event'><System><Provider Name='Microsoft-Windows-Sysmon' Guid='{5770385f-c22a-43e0-bf4c-06f5698ffbd9}'/><EventID>13</EventID><Version>2</Version><Level>4</Level><Task>13</Task><Opcode>0</Opcode><Keywords>0x8000000000000000</Keywords><TimeCreated SystemTime='2021-11-21T12:58:14.880128600Z'/><EventRecordID>122</EventRecordID><Correlation/><Execution ProcessID='1872' ThreadID='3648'/><Channel>Microsoft-Windows-Sysmon/Operational</Channel><Computer>DESKTOP-PC01</Computer><Security UserID='S-1-5-18'/></System><EventData><Data Name='RuleName'>InvDB-Pub</Data><Data Name='EventType'>SetValue</Data><Data Name='UtcTime'>2021-11-21 12:58:14.878</Data><Data Name='ProcessGuid'>{10cf5a0f-4252-619a-c001-000000000700}</Data><Data Name='ProcessId'>6860</Data><Data Name='Image'>C:\\Windows\\system32\\compattelrunner.exe</Data><Data Name='TargetObject'>\\REGISTRY\\A\\{50c90cbf-b2f5-cc7b-b22d-2619b6da3d06}\\Root\\InventoryApplicationFile\\splunk-winprintm|94e5804991a842aa\\Publisher</Data><Data Name='Details'>splunk inc.</Data><Data Name='User'>NT AUTHORITY\\SYSTEM</Data></EventData></Event>"
"Microsoft-Windows-Sysmon/Operational",,"DESKTOP-PC01",,,13,121,"http://schemas.microsoft.com/win/2004/08/events/event",1872,3648,"C:\\Windows\\system32\\compattelrunner.exe",0x8000000000000000,4,0,,,"{5770385f-c22a-43e0-bf4c-06f5698ffbd9}","Microsoft-Windows-Sysmon","S-1-5-18",,13,"2021-11-21T12:58:14.879681700Z","2021-11-21T12:58:14.879681700Z","2021-11-21 12:58:14.878",2,"""{""""_raw"""":""""<Event xmlns='http://schemas.microsoft.com/win/2004/08/events/event'><System><Provider Name='Microsoft-Windows-Sysmon' Guid='{5770385f-c22a-43e0-bf4c-06f5698ffbd9}'/><EventID>13</EventID><Version>2</Version><Level>4</Level><Task>13</Task><Opcode>0</Opcode><Keywords>0x8000000000000000</Keywords><TimeCreated SystemTime='2021-11-21T12:58:14.879681700Z'/><EventRecordID>121</EventRecordID><Correlation/><Execution ProcessID='1872' ThreadID='3648'/><Channel>Microsoft-Windows-Sysmon/Operational</Channel><Computer>DESKTOP-PC01</Computer><Security UserID='S-1-5-18'/></System><EventData><Data Name='RuleName'>InvDB-Path</Data><Data Name='EventType'>SetValue</Data><Data Name='UtcTime'>2021-11-21 12:58:14.878</Data><Data Name='ProcessGuid'>{10cf5a0f-4252-619a-c001-000000000700}</Data><Data Name='ProcessId'>6860</Data><Data Name='Image'>C:\\Windows\\system32\\compattelrunner.exe</Data><Data Name='TargetObject'>\\REGISTRY\\A\\{50c90cbf-b2f5-cc7b-b22d-2619b6da3d06}\\Root\\InventoryApplicationFile\\splunk-winprintm|94e5804991a842aa\\LowerCaseLongPath</Data><Data Name='Details'>c:\\program files\\splunkuniversalforwarder\\bin\\splunk-winprintmon.exe</Data><Data Name='User'>NT AUTHORITY\\SYSTEM</Data></EventData></Event>"""",""""source"""":""""XmlWinEventLog:Microsoft-Windows-Sysmon/Operational"""",""""host"""":{""""name"""":""""DESKTOP-PC01""""},""""sourcetype"""":""""XmlWinEventLog:Microsoft-Windows-Sysmon/Operational"""",""""index"""":""""default"""",""""cribl_pipe"""":""""passthru"""",""""@timestamp"""":""""2021-12-01T16:54:46.579Z""""}"",""DESKTOP-PC01"",""sysmon_events.json
XmlWinEventLog:Microsoft-Windows-Sysmon/Operational"",13,""2021-11-21 12:58:14.878"",""2021-12-01T16:54:46.579Z"",""2021-11-21T12:58:14.879681700Z"",,,,""C:\Windows\system32\compattelrunner.exe"",,,","2024-03-16T14:09:30.000+00:00",,"sysmon_events.json
XmlWinEventLog:Microsoft-Windows-Sysmon/Operational","si-i-061ebfca0cf8b90c6.prd-p-s3zl2.splunkcloud.com",main,2,"""{"""""""":""""<_='://../////'><><_='--'_='{----}'/><></","{""_raw"":""<Event xmlns='http://schemas.microsoft.com/win/2004/08/events/event'><System><Provider Name='Microsoft-Windows-Sysmon' Guid='{5770385f-c22a-43e0-bf4c-06f5698ffbd9}'/><EventID>13</EventID><Version>2</Version><Level>4</Level><Task>13</Task><Opcode>0</Opcode><Keywords>0x8000000000000000</Keywords><TimeCreated SystemTime='2021-11-21T12:58:14.879681700Z'/><EventRecordID>121</EventRecordID><Correlation/><Execution ProcessID='1872' ThreadID='3648'/><Channel>Microsoft-Windows-Sysmon/Operational</Channel><Computer>DESKTOP-PC01</Computer><Security UserID='S-1-5-18'/></System><EventData><Data Name='RuleName'>InvDB-Path</Data><Data Name='EventType'>SetValue</Data><Data Name='UtcTime'>2021-11-21 12:58:14.878</Data><Data Name='ProcessGuid'>{10cf5a0f-4252-619a-c001-000000000700}</Data><Data Name='ProcessId'>6860</Data><Data Name='Image'>C:\\Windows\\system32\\compattelrunner.exe</Data><Data Name='TargetObject'>\\REGISTRY\\A\\{50c90cbf-b2f5-cc7b-b22d-2619b6da3d06}\\Root\\InventoryApplicationFile\\splunk-winprintm|94e5804991a842aa\\LowerCaseLongPath</Data><Data Name='Details'>c:\\program files\\splunkuniversalforwarder\\bin\\splunk-winprintmon.exe</Data><Data Name='User'>NT AUTHORITY\\SYSTEM</Data></EventData></Event>"",""source"":""XmlWinEventLog:Microsoft-Windows-Sysmon/Operational"",""host"":{""name"":""DESKTOP-PC01""},""sourcetype"":""XmlWinEventLog:Microsoft-Windows-Sysmon/Operational"",""index"":""default"",""cribl_pipe"":""passthru"",""@timestamp"":""2021-12-01T16:54:46.579Z""}","sysmon_events_summary_upload.csv",csv,"si-i-061ebfca0cf8b90c6.prd-p-s3zl2.splunkcloud.com",,"2021-12-01T16:54:46.579Z
none","<Event xmlns='http://schemas.microsoft.com/win/2004/08/events/event'><System><Provider Name='Microsoft-Windows-Sysmon' Guid='{5770385f-c22a-43e0-bf4c-06f5698ffbd9}'/><EventID>13</EventID><Version>2</Version><Level>4</Level><Task>13</Task><Opcode>0</Opcode><Keywords>0x8000000000000000</Keywords><TimeCreated SystemTime='2021-11-21T12:58:14.879681700Z'/><EventRecordID>121</EventRecordID><Correlation/><Execution ProcessID='1872' ThreadID='3648'/><Channel>Microsoft-Windows-Sysmon/Operational</Channel><Computer>DESKTOP-PC01</Computer><Security UserID='S-1-5-18'/></System><EventData><Data Name='RuleName'>InvDB-Path</Data><Data Name='EventType'>SetValue</Data><Data Name='UtcTime'>2021-11-21 12:58:14.878</Data><Data Name='ProcessGuid'>{10cf5a0f-4252-619a-c001-000000000700}</Data><Data Name='ProcessId'>6860</Data><Data Name='Image'>C:\\Windows\\system32\\compattelrunner.exe</Data><Data Name='TargetObject'>\\REGISTRY\\A\\{50c90cbf-b2f5-cc7b-b22d-2619b6da3d06}\\Root\\InventoryApplicationFile\\splunk-winprintm|94e5804991a842aa\\LowerCaseLongPath</Data><Data Name='Details'>c:\\program files\\splunkuniversalforwarder\\bin\\splunk-winprintmon.exe</Data><Data Name='User'>NT AUTHORITY\\SYSTEM</Data></EventData></Event>"
"Microsoft-Windows-Sysmon/Operational",,"DESKTOP-PC01",,,13,120,"http://schemas.microsoft.com/win/2004/08/events/event",1872,3648,"C:\\Windows\\system32\\compattelrunner.exe",0x8000000000000000,4,0,,,"{5770385f-c22a-43e0-bf4c-06f5698ffbd9}","Microsoft-Windows-Sysmon","S-1-5-18",,13,"2021-11-21T12:58:14.825261800Z","2021-11-21T12:58:14.825261800Z","2021-11-21 12:58:14.815",2,"""{""""_raw"""":""""<Event xmlns='http://schemas.microsoft.com/win/2004/08/events/event'><System><Provider Name='Microsoft-Windows-Sysmon' Guid='{5770385f-c22a-43e0-bf4c-06f5698ffbd9}'/><EventID>13</EventID><Version>2</Version><Level>4</Level><Task>13</Task><Opcode>0</Opcode><Keywords>0x8000000000000000</Keywords><TimeCreated SystemTime='2021-11-21T12:58:14.825261800Z'/><EventRecordID>120</EventRecordID><Correlation/><Execution ProcessID='1872' ThreadID='3648'/><Channel>Microsoft-Windows-Sysmon/Operational</Channel><Computer>DESKTOP-PC01</Computer><Security UserID='S-1-5-18'/></System><EventData><Data Name='RuleName'>InvDB-Ver</Data><Data Name='EventType'>SetValue</Data><Data Name='UtcTime'>2021-11-21 12:58:14.815</Data><Data Name='ProcessGuid'>{10cf5a0f-4252-619a-c001-000000000700}</Data><Data Name='ProcessId'>6860</Data><Data Name='Image'>C:\\Windows\\system32\\compattelrunner.exe</Data><Data Name='TargetObject'>\\REGISTRY\\A\\{50c90cbf-b2f5-cc7b-b22d-2619b6da3d06}\\Root\\InventoryApplicationFile\\splunk-winhostin|9c2f9c50ce2f578e\\BinProductVersion</Data><Data Name='Details'>(Empty)</Data><Data Name='User'>NT AUTHORITY\\SYSTEM</Data></EventData></Event>"""",""""source"""":""""XmlWinEventLog:Microsoft-Windows-Sysmon/Operational"""",""""host"""":{""""name"""":""""DESKTOP-PC01""""},""""sourcetype"""":""""XmlWinEventLog:Microsoft-Windows-Sysmon/Operational"""",""""index"""":""""default"""",""""cribl_pipe"""":""""passthru"""",""""@timestamp"""":""""2021-12-01T16:54:46.579Z""""}"",""DESKTOP-PC01"",""sysmon_events.json
XmlWinEventLog:Microsoft-Windows-Sysmon/Operational"",13,""2021-11-21 12:58:14.815"",""2021-12-01T16:54:46.579Z"",""2021-11-21T12:58:14.825261800Z"",,,,""C:\Windows\system32\compattelrunner.exe"",,,","2024-03-16T14:09:30.000+00:00",,"sysmon_events.json
XmlWinEventLog:Microsoft-Windows-Sysmon/Operational","si-i-061ebfca0cf8b90c6.prd-p-s3zl2.splunkcloud.com",main,2,"""{"""""""":""""<_='://../////'><><_='--'_='{----}'/><></","{""_raw"":""<Event xmlns='http://schemas.microsoft.com/win/2004/08/events/event'><System><Provider Name='Microsoft-Windows-Sysmon' Guid='{5770385f-c22a-43e0-bf4c-06f5698ffbd9}'/><EventID>13</EventID><Version>2</Version><Level>4</Level><Task>13</Task><Opcode>0</Opcode><Keywords>0x8000000000000000</Keywords><TimeCreated SystemTime='2021-11-21T12:58:14.825261800Z'/><EventRecordID>120</EventRecordID><Correlation/><Execution ProcessID='1872' ThreadID='3648'/><Channel>Microsoft-Windows-Sysmon/Operational</Channel><Computer>DESKTOP-PC01</Computer><Security UserID='S-1-5-18'/></System><EventData><Data Name='RuleName'>InvDB-Ver</Data><Data Name='EventType'>SetValue</Data><Data Name='UtcTime'>2021-11-21 12:58:14.815</Data><Data Name='ProcessGuid'>{10cf5a0f-4252-619a-c001-000000000700}</Data><Data Name='ProcessId'>6860</Data><Data Name='Image'>C:\\Windows\\system32\\compattelrunner.exe</Data><Data Name='TargetObject'>\\REGISTRY\\A\\{50c90cbf-b2f5-cc7b-b22d-2619b6da3d06}\\Root\\InventoryApplicationFile\\splunk-winhostin|9c2f9c50ce2f578e\\BinProductVersion</Data><Data Name='Details'>(Empty)</Data><Data Name='User'>NT AUTHORITY\\SYSTEM</Data></EventData></Event>"",""source"":""XmlWinEventLog:Microsoft-Windows-Sysmon/Operational"",""host"":{""name"":""DESKTOP-PC01""},""sourcetype"":""XmlWinEventLog:Microsoft-Windows-Sysmon/Operational"",""index"":""default"",""cribl_pipe"":""passthru"",""@timestamp"":""2021-12-01T16:54:46.579Z""}","sysmon_events_summary_upload.csv",csv,"si-i-061ebfca0cf8b90c6.prd-p-s3zl2.splunkcloud.com",,"2021-12-01T16:54:46.579Z
none","<Event xmlns='http://schemas.microsoft.com/win/2004/08/events/event'><System><Provider Name='Microsoft-Windows-Sysmon' Guid='{5770385f-c22a-43e0-bf4c-06f5698ffbd9}'/><EventID>13</EventID><Version>2</Version><Level>4</Level><Task>13</Task><Opcode>0</Opcode><Keywords>0x8000000000000000</Keywords><TimeCreated SystemTime='2021-11-21T12:58:14.825261800Z'/><EventRecordID>120</EventRecordID><Correlation/><Execution ProcessID='1872' ThreadID='3648'/><Channel>Microsoft-Windows-Sysmon/Operational</Channel><Computer>DESKTOP-PC01</Computer><Security UserID='S-1-5-18'/></System><EventData><Data Name='RuleName'>InvDB-Ver</Data><Data Name='EventType'>SetValue</Data><Data Name='UtcTime'>2021-11-21 12:58:14.815</Data><Data Name='ProcessGuid'>{10cf5a0f-4252-619a-c001-000000000700}</Data><Data Name='ProcessId'>6860</Data><Data Name='Image'>C:\\Windows\\system32\\compattelrunner.exe</Data><Data Name='TargetObject'>\\REGISTRY\\A\\{50c90cbf-b2f5-cc7b-b22d-2619b6da3d06}\\Root\\InventoryApplicationFile\\splunk-winhostin|9c2f9c50ce2f578e\\BinProductVersion</Data><Data Name='Details'>(Empty)</Data><Data Name='User'>NT AUTHORITY\\SYSTEM</Data></EventData></Event>"
"Microsoft-Windows-Sysmon/Operational",,"DESKTOP-PC01",,,13,134,"http://schemas.microsoft.com/win/2004/08/events/event",1872,3648,"C:\\Windows\\system32\\compattelrunner.exe",0x8000000000000000,4,0,,,"{5770385f-c22a-43e0-bf4c-06f5698ffbd9}","Microsoft-Windows-Sysmon","S-1-5-18",,13,"2021-11-21T12:58:15.002896800Z","2021-11-21T12:58:15.002896800Z","2021-11-21 12:58:14.987",2,"""{""""_raw"""":""""<Event xmlns='http://schemas.microsoft.com/win/2004/08/events/event'><System><Provider Name='Microsoft-Windows-Sysmon' Guid='{5770385f-c22a-43e0-bf4c-06f5698ffbd9}'/><EventID>13</EventID><Version>2</Version><Level>4</Level><Task>13</Task><Opcode>0</Opcode><Keywords>0x8000000000000000</Keywords><TimeCreated SystemTime='2021-11-21T12:58:15.002896800Z'/><EventRecordID>134</EventRecordID><Correlation/><Execution ProcessID='1872' ThreadID='3648'/><Channel>Microsoft-Windows-Sysmon/Operational</Channel><Computer>DESKTOP-PC01</Computer><Security UserID='S-1-5-18'/></System><EventData><Data Name='RuleName'>InvDB-Pub</Data><Data Name='EventType'>SetValue</Data><Data Name='UtcTime'>2021-11-21 12:58:14.987</Data><Data Name='ProcessGuid'>{10cf5a0f-4252-619a-c001-000000000700}</Data><Data Name='ProcessId'>6860</Data><Data Name='Image'>C:\\Windows\\system32\\compattelrunner.exe</Data><Data Name='TargetObject'>\\REGISTRY\\A\\{50c90cbf-b2f5-cc7b-b22d-2619b6da3d06}\\Root\\InventoryApplicationFile\\splunkd.exe|97fa29633c3fe2cc\\Publisher</Data><Data Name='Details'>splunk inc.</Data><Data Name='User'>NT AUTHORITY\\SYSTEM</Data></EventData></Event>"""",""""source"""":""""XmlWinEventLog:Microsoft-Windows-Sysmon/Operational"""",""""host"""":{""""name"""":""""DESKTOP-PC01""""},""""sourcetype"""":""""XmlWinEventLog:Microsoft-Windows-Sysmon/Operational"""",""""index"""":""""default"""",""""cribl_pipe"""":""""passthru"""",""""@timestamp"""":""""2021-12-01T16:54:49.979Z""""}"",""DESKTOP-PC01"",""sysmon_events.json
XmlWinEventLog:Microsoft-Windows-Sysmon/Operational"",13,""2021-11-21 12:58:14.987"",""2021-12-01T16:54:49.979Z"",""2021-11-21T12:58:15.002896800Z"",,,,""C:\Windows\system32\compattelrunner.exe"",,,","2024-03-16T14:09:30.000+00:00",,"sysmon_events.json
XmlWinEventLog:Microsoft-Windows-Sysmon/Operational","si-i-061ebfca0cf8b90c6.prd-p-s3zl2.splunkcloud.com",main,2,"""{"""""""":""""<_='://../////'><><_='--'_='{----}'/><></","{""_raw"":""<Event xmlns='http://schemas.microsoft.com/win/2004/08/events/event'><System><Provider Name='Microsoft-Windows-Sysmon' Guid='{5770385f-c22a-43e0-bf4c-06f5698ffbd9}'/><EventID>13</EventID><Version>2</Version><Level>4</Level><Task>13</Task><Opcode>0</Opcode><Keywords>0x8000000000000000</Keywords><TimeCreated SystemTime='2021-11-21T12:58:15.002896800Z'/><EventRecordID>134</EventRecordID><Correlation/><Execution ProcessID='1872' ThreadID='3648'/><Channel>Microsoft-Windows-Sysmon/Operational</Channel><Computer>DESKTOP-PC01</Computer><Security UserID='S-1-5-18'/></System><EventData><Data Name='RuleName'>InvDB-Pub</Data><Data Name='EventType'>SetValue</Data><Data Name='UtcTime'>2021-11-21 12:58:14.987</Data><Data Name='ProcessGuid'>{10cf5a0f-4252-619a-c001-000000000700}</Data><Data Name='ProcessId'>6860</Data><Data Name='Image'>C:\\Windows\\system32\\compattelrunner.exe</Data><Data Name='TargetObject'>\\REGISTRY\\A\\{50c90cbf-b2f5-cc7b-b22d-2619b6da3d06}\\Root\\InventoryApplicationFile\\splunkd.exe|97fa29633c3fe2cc\\Publisher</Data><Data Name='Details'>splunk inc.</Data><Data Name='User'>NT AUTHORITY\\SYSTEM</Data></EventData></Event>"",""source"":""XmlWinEventLog:Microsoft-Windows-Sysmon/Operational"",""host"":{""name"":""DESKTOP-PC01""},""sourcetype"":""XmlWinEventLog:Microsoft-Windows-Sysmon/Operational"",""index"":""default"",""cribl_pipe"":""passthru"",""@timestamp"":""2021-12-01T16:54:49.979Z""}","sysmon_events_summary_upload.csv",csv,"si-i-061ebfca0cf8b90c6.prd-p-s3zl2.splunkcloud.com",,"2021-12-01T16:54:49.979Z
none","<Event xmlns='http://schemas.microsoft.com/win/2004/08/events/event'><System><Provider Name='Microsoft-Windows-Sysmon' Guid='{5770385f-c22a-43e0-bf4c-06f5698ffbd9}'/><EventID>13</EventID><Version>2</Version><Level>4</Level><Task>13</Task><Opcode>0</Opcode><Keywords>0x8000000000000000</Keywords><TimeCreated SystemTime='2021-11-21T12:58:15.002896800Z'/><EventRecordID>134</EventRecordID><Correlation/><Execution ProcessID='1872' ThreadID='3648'/><Channel>Microsoft-Windows-Sysmon/Operational</Channel><Computer>DESKTOP-PC01</Computer><Security UserID='S-1-5-18'/></System><EventData><Data Name='RuleName'>InvDB-Pub</Data><Data Name='EventType'>SetValue</Data><Data Name='UtcTime'>2021-11-21 12:58:14.987</Data><Data Name='ProcessGuid'>{10cf5a0f-4252-619a-c001-000000000700}</Data><Data Name='ProcessId'>6860</Data><Data Name='Image'>C:\\Windows\\system32\\compattelrunner.exe</Data><Data Name='TargetObject'>\\REGISTRY\\A\\{50c90cbf-b2f5-cc7b-b22d-2619b6da3d06}\\Root\\InventoryApplicationFile\\splunkd.exe|97fa29633c3fe2cc\\Publisher</Data><Data Name='Details'>splunk inc.</Data><Data Name='User'>NT AUTHORITY\\SYSTEM</Data></EventData></Event>"
"Microsoft-Windows-Sysmon/Operational",,"DESKTOP-PC01",,,13,133,"http://schemas.microsoft.com/win/2004/08/events/event",1872,3648,"C:\\Windows\\system32\\compattelrunner.exe",0x8000000000000000,4,0,,,"{5770385f-c22a-43e0-bf4c-06f5698ffbd9}","Microsoft-Windows-Sysmon","S-1-5-18",,13,"2021-11-21T12:58:15.002615400Z","2021-11-21T12:58:15.002615400Z","2021-11-21 12:58:14.987",2,"""{""""_raw"""":""""<Event xmlns='http://schemas.microsoft.com/win/2004/08/events/event'><System><Provider Name='Microsoft-Windows-Sysmon' Guid='{5770385f-c22a-43e0-bf4c-06f5698ffbd9}'/><EventID>13</EventID><Version>2</Version><Level>4</Level><Task>13</Task><Opcode>0</Opcode><Keywords>0x8000000000000000</Keywords><TimeCreated SystemTime='2021-11-21T12:58:15.002615400Z'/><EventRecordID>133</EventRecordID><Correlation/><Execution ProcessID='1872' ThreadID='3648'/><Channel>Microsoft-Windows-Sysmon/Operational</Channel><Computer>DESKTOP-PC01</Computer><Security UserID='S-1-5-18'/></System><EventData><Data Name='RuleName'>InvDB-Path</Data><Data Name='EventType'>SetValue</Data><Data Name='UtcTime'>2021-11-21 12:58:14.987</Data><Data Name='ProcessGuid'>{10cf5a0f-4252-619a-c001-000000000700}</Data><Data Name='ProcessId'>6860</Data><Data Name='Image'>C:\\Windows\\system32\\compattelrunner.exe</Data><Data Name='TargetObject'>\\REGISTRY\\A\\{50c90cbf-b2f5-cc7b-b22d-2619b6da3d06}\\Root\\InventoryApplicationFile\\splunkd.exe|97fa29633c3fe2cc\\LowerCaseLongPath</Data><Data Name='Details'>c:\\program files\\splunkuniversalforwarder\\bin\\splunkd.exe</Data><Data Name='User'>NT AUTHORITY\\SYSTEM</Data></EventData></Event>"""",""""source"""":""""XmlWinEventLog:Microsoft-Windows-Sysmon/Operational"""",""""host"""":{""""name"""":""""DESKTOP-PC01""""},""""sourcetype"""":""""XmlWinEventLog:Microsoft-Windows-Sysmon/Operational"""",""""index"""":""""default"""",""""cribl_pipe"""":""""passthru"""",""""@timestamp"""":""""2021-12-01T16:54:49.979Z""""}"",""DESKTOP-PC01"",""sysmon_events.json
XmlWinEventLog:Microsoft-Windows-Sysmon/Operational"",13,""2021-11-21 12:58:14.987"",""2021-12-01T16:54:49.979Z"",""2021-11-21T12:58:15.002615400Z"",,,,""C:\Windows\system32\compattelrunner.exe"",,,","2024-03-16T14:09:30.000+00:00",,"sysmon_events.json
XmlWinEventLog:Microsoft-Windows-Sysmon/Operational","si-i-061ebfca0cf8b90c6.prd-p-s3zl2.splunkcloud.com",main,2,"""{"""""""":""""<_='://../////'><><_='--'_='{----}'/><></","{""_raw"":""<Event xmlns='http://schemas.microsoft.com/win/2004/08/events/event'><System><Provider Name='Microsoft-Windows-Sysmon' Guid='{5770385f-c22a-43e0-bf4c-06f5698ffbd9}'/><EventID>13</EventID><Version>2</Version><Level>4</Level><Task>13</Task><Opcode>0</Opcode><Keywords>0x8000000000000000</Keywords><TimeCreated SystemTime='2021-11-21T12:58:15.002615400Z'/><EventRecordID>133</EventRecordID><Correlation/><Execution ProcessID='1872' ThreadID='3648'/><Channel>Microsoft-Windows-Sysmon/Operational</Channel><Computer>DESKTOP-PC01</Computer><Security UserID='S-1-5-18'/></System><EventData><Data Name='RuleName'>InvDB-Path</Data><Data Name='EventType'>SetValue</Data><Data Name='UtcTime'>2021-11-21 12:58:14.987</Data><Data Name='ProcessGuid'>{10cf5a0f-4252-619a-c001-000000000700}</Data><Data Name='ProcessId'>6860</Data><Data Name='Image'>C:\\Windows\\system32\\compattelrunner.exe</Data><Data Name='TargetObject'>\\REGISTRY\\A\\{50c90cbf-b2f5-cc7b-b22d-2619b6da3d06}\\Root\\InventoryApplicationFile\\splunkd.exe|97fa29633c3fe2cc\\LowerCaseLongPath</Data><Data Name='Details'>c:\\program files\\splunkuniversalforwarder\\bin\\splunkd.exe</Data><Data Name='User'>NT AUTHORITY\\SYSTEM</Data></EventData></Event>"",""source"":""XmlWinEventLog:Microsoft-Windows-Sysmon/Operational"",""host"":{""name"":""DESKTOP-PC01""},""sourcetype"":""XmlWinEventLog:Microsoft-Windows-Sysmon/Operational"",""index"":""default"",""cribl_pipe"":""passthru"",""@timestamp"":""2021-12-01T16:54:49.979Z""}","sysmon_events_summary_upload.csv",csv,"si-i-061ebfca0cf8b90c6.prd-p-s3zl2.splunkcloud.com",,"2021-12-01T16:54:49.979Z
none","<Event xmlns='http://schemas.microsoft.com/win/2004/08/events/event'><System><Provider Name='Microsoft-Windows-Sysmon' Guid='{5770385f-c22a-43e0-bf4c-06f5698ffbd9}'/><EventID>13</EventID><Version>2</Version><Level>4</Level><Task>13</Task><Opcode>0</Opcode><Keywords>0x8000000000000000</Keywords><TimeCreated SystemTime='2021-11-21T12:58:15.002615400Z'/><EventRecordID>133</EventRecordID><Correlation/><Execution ProcessID='1872' ThreadID='3648'/><Channel>Microsoft-Windows-Sysmon/Operational</Channel><Computer>DESKTOP-PC01</Computer><Security UserID='S-1-5-18'/></System><EventData><Data Name='RuleName'>InvDB-Path</Data><Data Name='EventType'>SetValue</Data><Data Name='UtcTime'>2021-11-21 12:58:14.987</Data><Data Name='ProcessGuid'>{10cf5a0f-4252-619a-c001-000000000700}</Data><Data Name='ProcessId'>6860</Data><Data Name='Image'>C:\\Windows\\system32\\compattelrunner.exe</Data><Data Name='TargetObject'>\\REGISTRY\\A\\{50c90cbf-b2f5-cc7b-b22d-2619b6da3d06}\\Root\\InventoryApplicationFile\\splunkd.exe|97fa29633c3fe2cc\\LowerCaseLongPath</Data><Data Name='Details'>c:\\program files\\splunkuniversalforwarder\\bin\\splunkd.exe</Data><Data Name='User'>NT AUTHORITY\\SYSTEM</Data></EventData></Event>"
