"source"""":""""XmlWinEventLog:Microsoft-Windows-Sysmon/Operational"""",""""host"""":{""""name"""":""""DESKTOP-PC01""""},""""sourcetype"""":""""XmlWinEventLog:Microsoft-Windows-Sysmon/Operational"""",""""index"""":""""default"""",""""cribl_pipe"""":""""passthru"""",""""@timestamp"""":""""2021-12-01T16:55:12.178Z""""}"",""DESKTOP-PC01"",""sysmon_events.json
XmlWinEventLog:Microsoft-Windows-Sysmon/Operational"",1,""2021-11-21 12:59:10.248"",""2021-12-01T16:55:12.178Z"",""2021-11-21T12:59:10.345909800Z"",,,,""C:\Program Files\SplunkUniversalForwarder\bin\splunk-netmon.exe"",""""""C:\Program Files\SplunkUniversalForwarder\bin\splunk-netmon.exe"""""",""""""C:\Program Files\SplunkUniversalForwarder\bin\splunkd.exe"""" service"",","2024-03-16T14:09:30.000+00:00",,"sysmon_events.json
XmlWinEventLog:Microsoft-Windows-Sysmon/Operational","si-i-061ebfca0cf8b90c6.prd-p-s3zl2.splunkcloud.com",main,2,"""{"""""""":""""<_='://../////'><><_='--'_='{----}'/><></","{""_raw"":""<Event xmlns='http://schemas.microsoft.com/win/2004/08/events/event'><System><Provider Name='Microsoft-Windows-Sysmon' Guid='{5770385f-c22a-43e0-bf4c-06f5698ffbd9}'/><EventID>1</EventID><Version>5</Version><Level>4</Level><Task>1</Task><Opcode>0</Opcode><Keywords>0x8000000000000000</Keywords><TimeCreated SystemTime='2021-11-21T12:59:10.345909800Z'/><EventRecordID>237</EventRecordID><Correlation/><Execution ProcessID='1872' ThreadID='3648'/><Channel>Microsoft-Windows-Sysmon/Operational</Channel><Computer>DESKTOP-PC01</Computer><Security UserID='S-1-5-18'/></System><EventData><Data Name='RuleName'>-</Data><Data Name='UtcTime'>2021-11-21 12:59:10.248</Data><Data Name='ProcessGuid'>{10cf5a0f-429e-619a-f101-000000000700}</Data><Data Name='ProcessId'>5200</Data><Data Name='Image'>C:\\Program Files\\SplunkUniversalForwarder\\bin\\splunk-netmon.exe</Data><Data Name='FileVersion'>8.2.3</Data><Data Name='Description'>Network monitor</Data><Data Name='Product'>Splunk Application</Data><Data Name='Company'>Splunk Inc.</Data><Data Name='OriginalFileName'>splunk-netmon.exe</Data><Data Name='CommandLine'>\""C:\\Program Files\\SplunkUniversalForwarder\\bin\\splunk-netmon.exe\""</Data><Data Name='CurrentDirectory'>C:\\Windows\\system32\\</Data><Data Name='User'>NT AUTHORITY\\SYSTEM</Data><Data Name='LogonGuid'>{10cf5a0f-4043-619a-e703-000000000000}</Data><Data Name='LogonId'>0x3e7</Data><Data Name='TerminalSessionId'>0</Data><Data Name='IntegrityLevel'>System</Data><Data Name='Hashes'>MD5=F86EAD8C9AF88B4189EB311AE908A3F0,SHA256=4E4AEF2A402A9CCC36D79C09D1EE87F6C1387325144A271526A9E9979F8C5FC8,IMPHASH=FD2D4472615B421BAEF1D51F46EF5F52</Data><Data Name='ParentProcessGuid'>{10cf5a0f-424e-619a-b301-000000000700}</Data><Data Name='ParentProcessId'>5504</Data><Data Name='ParentImage'>C:\\Program Files\\SplunkUniversalForwarder\\bin\\splunkd.exe</Data><Data Name='ParentCommandLine'>\""C:\\Program Files\\SplunkUniversalForwarder\\bin\\splunkd.exe\"" service</Data><Data Name='ParentUser'>NT AUTHORITY\\SYSTEM</Data></EventData></Event>"",""source"":""XmlWinEventLog:Microsoft-Windows-Sysmon/Operational"",""host"":{""name"":""DESKTOP-PC01""},""sourcetype"":""XmlWinEventLog:Microsoft-Windows-Sysmon/Operational"",""index"":""default"",""cribl_pipe"":""passthru"",""@timestamp"":""2021-12-01T16:55:12.178Z""}","sysmon_events_summary_upload.csv",csv,"si-i-061ebfca0cf8b90c6.prd-p-s3zl2.splunkcloud.com",,"2021-12-01T16:55:12.178Z
none","<Event xmlns='http://schemas.microsoft.com/win/2004/08/events/event'><System><Provider Name='Microsoft-Windows-Sysmon' Guid='{5770385f-c22a-43e0-bf4c-06f5698ffbd9}'/><EventID>1</EventID><Version>5</Version><Level>4</Level><Task>1</Task><Opcode>0</Opcode><Keywords>0x8000000000000000</Keywords><TimeCreated SystemTime='2021-11-21T12:59:10.345909800Z'/><EventRecordID>237</EventRecordID><Correlation/><Execution ProcessID='1872' ThreadID='3648'/><Channel>Microsoft-Windows-Sysmon/Operational</Channel><Computer>DESKTOP-PC01</Computer><Security UserID='S-1-5-18'/></System><EventData><Data Name='RuleName'>-</Data><Data Name='UtcTime'>2021-11-21 12:59:10.248</Data><Data Name='ProcessGuid'>{10cf5a0f-429e-619a-f101-000000000700}</Data><Data Name='ProcessId'>5200</Data><Data Name='Image'>C:\\Program Files\\SplunkUniversalForwarder\\bin\\splunk-netmon.exe</Data><Data Name='FileVersion'>8.2.3</Data><Data Name='Description'>Network monitor</Data><Data Name='Product'>Splunk Application</Data><Data Name='Company'>Splunk Inc.</Data><Data Name='OriginalFileName'>splunk-netmon.exe</Data><Data Name='CommandLine'>\""""C:\\Program Files\\SplunkUniversalForwarder\\bin\\splunk-netmon.exe\""""</Data><Data Name='CurrentDirectory'>C:\\Windows\\system32\\</Data><Data Name='User'>NT AUTHORITY\\SYSTEM</Data><Data Name='LogonGuid'>{10cf5a0f-4043-619a-e703-000000000000}</Data><Data Name='LogonId'>0x3e7</Data><Data Name='TerminalSessionId'>0</Data><Data Name='IntegrityLevel'>System</Data><Data Name='Hashes'>MD5=F86EAD8C9AF88B4189EB311AE908A3F0,SHA256=4E4AEF2A402A9CCC36D79C09D1EE87F6C1387325144A271526A9E9979F8C5FC8,IMPHASH=FD2D4472615B421BAEF1D51F46EF5F52</Data><Data Name='ParentProcessGuid'>{10cf5a0f-424e-619a-b301-000000000700}</Data><Data Name='ParentProcessId'>5504</Data><Data Name='ParentImage'>C:\\Program Files\\SplunkUniversalForwarder\\bin\\splunkd.exe</Data><Data Name='ParentCommandLine'>\""""C:\\Program Files\\SplunkUniversalForwarder\\bin\\splunkd.exe\"""" service</Data><Data Name='ParentUser'>NT AUTHORITY\\SYSTEM</Data></EventData></Event>"
"Microsoft-Windows-Sysmon/Operational","\""""C:\\Program Files\\SplunkUniversalForwarder\\bin\\splunk-admon.exe\""""","DESKTOP-PC01",,,1,236,"http://schemas.microsoft.com/win/2004/08/events/event",1872,3648,"C:\\Program Files\\SplunkUniversalForwarder\\bin\\splunk-admon.exe",0x8000000000000000,4,0,"\""""C:\\Program Files\\SplunkUniversalForwarder\\bin\\splunkd.exe\"""" service",,"{5770385f-c22a-43e0-bf4c-06f5698ffbd9}","Microsoft-Windows-Sysmon","S-1-5-18",,1,"2021-11-21T12:59:09.561267500Z","2021-11-21T12:59:09.561267500Z","2021-11-21 12:59:09.490",5,"""{""""_raw"""":""""<Event xmlns='http://schemas.microsoft.com/win/2004/08/events/event'><System><Provider Name='Microsoft-Windows-Sysmon' Guid='{5770385f-c22a-43e0-bf4c-06f5698ffbd9}'/><EventID>1</EventID><Version>5</Version><Level>4</Level><Task>1</Task><Opcode>0</Opcode><Keywords>0x8000000000000000</Keywords><TimeCreated SystemTime='2021-11-21T12:59:09.561267500Z'/><EventRecordID>236</EventRecordID><Correlation/><Execution ProcessID='1872' ThreadID='3648'/><Channel>Microsoft-Windows-Sysmon/Operational</Channel><Computer>DESKTOP-PC01</Computer><Security UserID='S-1-5-18'/></System><EventData><Data Name='RuleName'>-</Data><Data Name='UtcTime'>2021-11-21 12:59:09.490</Data><Data Name='ProcessGuid'>{10cf5a0f-429d-619a-f001-000000000700}</Data><Data Name='ProcessId'>7780</Data><Data Name='Image'>C:\\Program Files\\SplunkUniversalForwarder\\bin\\splunk-admon.exe</Data><Data Name='FileVersion'>8.2.3</Data><Data Name='Description'>Active Directory monitor</Data><Data Name='Product'>splunk Application</Data><Data Name='Company'>Splunk Inc.</Data><Data Name='OriginalFileName'>splunk-admon.exe</Data><Data Name='CommandLine'>\""""C:\\Program Files\\SplunkUniversalForwarder\\bin\\splunk-admon.exe\""""</Data><Data Name='CurrentDirectory'>C:\\Windows\\system32\\</Data><Data Name='User'>NT AUTHORITY\\SYSTEM</Data><Data Name='LogonGuid'>{10cf5a0f-4043-619a-e703-000000000000}</Data><Data Name='LogonId'>0x3e7</Data><Data Name='TerminalSessionId'>0</Data><Data Name='IntegrityLevel'>System</Data><Data Name='Hashes'>MD5=0529E2153783017765034205864DAE63,SHA256=CB464CA0168EA9D1B0A2DB48F852EFFD816CB3AB962B6DC37F0294781900EB86,IMPHASH=A2763C4BA6D4717F662584401724A6B2</Data><Data Name='ParentProcessGuid'>{10cf5a0f-424e-619a-b301-000000000700}</Data><Data Name='ParentProcessId'>5504</Data><Data Name='ParentImage'>C:\\Program Files\\SplunkUniversalForwarder\\bin\\splunkd.exe</Data><Data Name='ParentCommandLine'>\""""C:\\Program Files\\SplunkUniversalForwarder\\bin\\splunkd.exe\"""" service</Data><Data Name='ParentUser'>NT AUTHORITY\\SYSTEM</Data></EventData></Event>"""",""""source"""":""""XmlWinEventLog:Microsoft-Windows-Sysmon/Operational"""",""""host"""":{""""name"""":""""DESKTOP-PC01""""},""""sourcetype"""":""""XmlWinEventLog:Microsoft-Windows-Sysmon/Operational"""",""""index"""":""""default"""",""""cribl_pipe"""":""""passthru"""",""""@timestamp"""":""""2021-12-01T16:55:12.178Z""""}"",""DESKTOP-PC01"",""sysmon_events.json
XmlWinEventLog:Microsoft-Windows-Sysmon/Operational"",1,""2021-11-21 12:59:09.490"",""2021-12-01T16:55:12.178Z"",""2021-11-21T12:59:09.561267500Z"",,,,""C:\Program Files\SplunkUniversalForwarder\bin\splunk-admon.exe"",""""""C:\Program Files\SplunkUniversalForwarder\bin\splunk-admon.exe"""""",""""""C:\Program Files\SplunkUniversalForwarder\bin\splunkd.exe"""" service"",","2024-03-16T14:09:30.000+00:00",,"sysmon_events.json
XmlWinEventLog:Microsoft-Windows-Sysmon/Operational","si-i-061ebfca0cf8b90c6.prd-p-s3zl2.splunkcloud.com",main,2,"""{"""""""":""""<_='://../////'><><_='--'_='{----}'/><></","{""_raw"":""<Event xmlns='http://schemas.microsoft.com/win/2004/08/events/event'><System><Provider Name='Microsoft-Windows-Sysmon' Guid='{5770385f-c22a-43e0-bf4c-06f5698ffbd9}'/><EventID>1</EventID><Version>5</Version><Level>4</Level><Task>1</Task><Opcode>0</Opcode><Keywords>0x8000000000000000</Keywords><TimeCreated SystemTime='2021-11-21T12:59:09.561267500Z'/><EventRecordID>236</EventRecordID><Correlation/><Execution ProcessID='1872' ThreadID='3648'/><Channel>Microsoft-Windows-Sysmon/Operational</Channel><Computer>DESKTOP-PC01</Computer><Security UserID='S-1-5-18'/></System><EventData><Data Name='RuleName'>-</Data><Data Name='UtcTime'>2021-11-21 12:59:09.490</Data><Data Name='ProcessGuid'>{10cf5a0f-429d-619a-f001-000000000700}</Data><Data Name='ProcessId'>7780</Data><Data Name='Image'>C:\\Program Files\\SplunkUniversalForwarder\\bin\\splunk-admon.exe</Data><Data Name='FileVersion'>8.2.3</Data><Data Name='Description'>Active Directory monitor</Data><Data Name='Product'>splunk Application</Data><Data Name='Company'>Splunk Inc.</Data><Data Name='OriginalFileName'>splunk-admon.exe</Data><Data Name='CommandLine'>\""C:\\Program Files\\SplunkUniversalForwarder\\bin\\splunk-admon.exe\""</Data><Data Name='CurrentDirectory'>C:\\Windows\\system32\\</Data><Data Name='User'>NT AUTHORITY\\SYSTEM</Data><Data Name='LogonGuid'>{10cf5a0f-4043-619a-e703-000000000000}</Data><Data Name='LogonId'>0x3e7</Data><Data Name='TerminalSessionId'>0</Data><Data Name='IntegrityLevel'>System</Data><Data Name='Hashes'>MD5=0529E2153783017765034205864DAE63,SHA256=CB464CA0168EA9D1B0A2DB48F852EFFD816CB3AB962B6DC37F0294781900EB86,IMPHASH=A2763C4BA6D4717F662584401724A6B2</Data><Data Name='ParentProcessGuid'>{10cf5a0f-424e-619a-b301-000000000700}</Data><Data Name='ParentProcessId'>5504</Data><Data Name='ParentImage'>C:\\Program Files\\SplunkUniversalForwarder\\bin\\splunkd.exe</Data><Data Name='ParentCommandLine'>\""C:\\Program Files\\SplunkUniversalForwarder\\bin\\splunkd.exe\"" service</Data><Data Name='ParentUser'>NT AUTHORITY\\SYSTEM</Data></EventData></Event>"",""source"":""XmlWinEventLog:Microsoft-Windows-Sysmon/Operational"",""host"":{""name"":""DESKTOP-PC01""},""sourcetype"":""XmlWinEventLog:Microsoft-Windows-Sysmon/Operational"",""index"":""default"",""cribl_pipe"":""passthru"",""@timestamp"":""2021-12-01T16:55:12.178Z""}","sysmon_events_summary_upload.csv",csv,"si-i-061ebfca0cf8b90c6.prd-p-s3zl2.splunkcloud.com",,"2021-12-01T16:55:12.178Z
none","<Event xmlns='http://schemas.microsoft.com/win/2004/08/events/event'><System><Provider Name='Microsoft-Windows-Sysmon' Guid='{5770385f-c22a-43e0-bf4c-06f5698ffbd9}'/><EventID>1</EventID><Version>5</Version><Level>4</Level><Task>1</Task><Opcode>0</Opcode><Keywords>0x8000000000000000</Keywords><TimeCreated SystemTime='2021-11-21T12:59:09.561267500Z'/><EventRecordID>236</EventRecordID><Correlation/><Execution ProcessID='1872' ThreadID='3648'/><Channel>Microsoft-Windows-Sysmon/Operational</Channel><Computer>DESKTOP-PC01</Computer><Security UserID='S-1-5-18'/></System><EventData><Data Name='RuleName'>-</Data><Data Name='UtcTime'>2021-11-21 12:59:09.490</Data><Data Name='ProcessGuid'>{10cf5a0f-429d-619a-f001-000000000700}</Data><Data Name='ProcessId'>7780</Data><Data Name='Image'>C:\\Program Files\\SplunkUniversalForwarder\\bin\\splunk-admon.exe</Data><Data Name='FileVersion'>8.2.3</Data><Data Name='Description'>Active Directory monitor</Data><Data Name='Product'>splunk Application</Data><Data Name='Company'>Splunk Inc.</Data><Data Name='OriginalFileName'>splunk-admon.exe</Data><Data Name='CommandLine'>\""""C:\\Program Files\\SplunkUniversalForwarder\\bin\\splunk-admon.exe\""""</Data><Data Name='CurrentDirectory'>C:\\Windows\\system32\\</Data><Data Name='User'>NT AUTHORITY\\SYSTEM</Data><Data Name='LogonGuid'>{10cf5a0f-4043-619a-e703-000000000000}</Data><Data Name='LogonId'>0x3e7</Data><Data Name='TerminalSessionId'>0</Data><Data Name='IntegrityLevel'>System</Data><Data Name='Hashes'>MD5=0529E2153783017765034205864DAE63,SHA256=CB464CA0168EA9D1B0A2DB48F852EFFD816CB3AB962B6DC37F0294781900EB86,IMPHASH=A2763C4BA6D4717F662584401724A6B2</Data><Data Name='ParentProcessGuid'>{10cf5a0f-424e-619a-b301-000000000700}</Data><Data Name='ParentProcessId'>5504</Data><Data Name='ParentImage'>C:\\Program Files\\SplunkUniversalForwarder\\bin\\splunkd.exe</Data><Data Name='ParentCommandLine'>\""""C:\\Program Files\\SplunkUniversalForwarder\\bin\\splunkd.exe\"""" service</Data><Data Name='ParentUser'>NT AUTHORITY\\SYSTEM</Data></EventData></Event>"
"Microsoft-Windows-Sysmon/Operational","\""""C:\\Program Files\\SplunkUniversalForwarder\\bin\\splunk-MonitorNoHandle.exe\""""","DESKTOP-PC01",,,1,235,"http://schemas.microsoft.com/win/2004/08/events/event",1872,3648,"C:\\Program Files\\SplunkUniversalForwarder\\bin\\splunk-MonitorNoHandle.exe",0x8000000000000000,4,0,"\""""C:\\Program Files\\SplunkUniversalForwarder\\bin\\splunkd.exe\"""" service",,"{5770385f-c22a-43e0-bf4c-06f5698ffbd9}","Microsoft-Windows-Sysmon","S-1-5-18",,1,"2021-11-21T12:59:08.690874300Z","2021-11-21T12:59:08.690874300Z","2021-11-21 12:59:08.617",5,"""{""""_raw"""":""""<Event xmlns='http://schemas.microsoft.com/win/2004/08/events/event'><System><Provider Name='Microsoft-Windows-Sysmon' Guid='{5770385f-c22a-43e0-bf4c-06f5698ffbd9}'/><EventID>1</EventID><Version>5</Version><Level>4</Level><Task>1</Task><Opcode>0</Opcode><Keywords>0x8000000000000000</Keywords><TimeCreated SystemTime='2021-11-21T12:59:08.690874300Z'/><EventRecordID>235</EventRecordID><Correlation/><Execution ProcessID='1872' ThreadID='3648'/><Channel>Microsoft-Windows-Sysmon/Operational</Channel><Computer>DESKTOP-PC01</Computer><Security UserID='S-1-5-18'/></System><EventData><Data Name='RuleName'>-</Data><Data Name='UtcTime'>2021-11-21 12:59:08.617</Data><Data Name='ProcessGuid'>{10cf5a0f-429c-619a-ef01-000000000700}</Data><Data Name='ProcessId'>5004</Data><Data Name='Image'>C:\\Program Files\\SplunkUniversalForwarder\\bin\\splunk-MonitorNoHandle.exe</Data><Data Name='FileVersion'>10.0.10011.16384</Data><Data Name='Description'>SplunkMonNoHandle Control Program</Data><Data Name='Product'>Windows (R) Win 7 DDK driver</Data><Data Name='Company'>Windows (R) Win 7 DDK provider</Data><Data Name='OriginalFileName'>SplunkMonNoHandle.exe</Data><Data Name='CommandLine'>\""""C:\\Program Files\\SplunkUniversalForwarder\\bin\\splunk-MonitorNoHandle.exe\""""</Data><Data Name='CurrentDirectory'>C:\\Windows\\system32\\</Data><Data Name='User'>NT AUTHORITY\\SYSTEM</Data><Data Name='LogonGuid'>{10cf5a0f-4043-619a-e703-000000000000}</Data><Data Name='LogonId'>0x3e7</Data><Data Name='TerminalSessionId'>0</Data><Data Name='IntegrityLevel'>System</Data><Data Name='Hashes'>MD5=4B5431B14120A7099CF37D73DC2C2579,SHA256=534F10C5E9FF0F0F815621A4E432A4559F43434967A49A26CA9BEED7DCD22FD1,IMPHASH=05D58741E22C6453F52C1A9326FAF02D</Data><Data Name='ParentProcessGuid'>{10cf5a0f-424e-619a-b301-000000000700}</Data><Data Name='ParentProcessId'>5504</Data><Data Name='ParentImage'>C:\\Program Files\\SplunkUniversalForwarder\\bin\\splunkd.exe</Data><Data Name='ParentCommandLine'>\""""C:\\Program Files\\SplunkUniversalForwarder\\bin\\splunkd.exe\"""" service</Data><Data Name='ParentUser'>NT AUTHORITY\\SYSTEM</Data></EventData></Event>"""",""""source"""":""""XmlWinEventLog:Microsoft-Windows-Sysmon/Operational"""",""""host"""":{""""name"""":""""DESKTOP-PC01""""},""""sourcetype"""":""""XmlWinEventLog:Microsoft-Windows-Sysmon/Operational"""",""""index"""":""""default"""",""""cribl_pipe"""":""""passthru"""",""""@timestamp"""":""""2021-12-01T16:55:12.178Z""""}"",""DESKTOP-PC01"",""sysmon_events.json
XmlWinEventLog:Microsoft-Windows-Sysmon/Operational"",1,""2021-11-21 12:59:08.617"",""2021-12-01T16:55:12.178Z"",""2021-11-21T12:59:08.690874300Z"",,,,""C:\Program Files\SplunkUniversalForwarder\bin\splunk-MonitorNoHandle.exe"",""""""C:\Program Files\SplunkUniversalForwarder\bin\splunk-MonitorNoHandle.exe"""""",""""""C:\Program Files\SplunkUniversalForwarder\bin\splunkd.exe"""" service"",","2024-03-16T14:09:30.000+00:00",,"sysmon_events.json
XmlWinEventLog:Microsoft-Windows-Sysmon/Operational","si-i-061ebfca0cf8b90c6.prd-p-s3zl2.splunkcloud.com",main,2,"""{"""""""":""""<_='://../////'><><_='--'_='{----}'/><></","{""_raw"":""<Event xmlns='http://schemas.microsoft.com/win/2004/08/events/event'><System><Provider Name='Microsoft-Windows-Sysmon' Guid='{5770385f-c22a-43e0-bf4c-06f5698ffbd9}'/><EventID>1</EventID><Version>5</Version><Level>4</Level><Task>1</Task><Opcode>0</Opcode><Keywords>0x8000000000000000</Keywords><TimeCreated SystemTime='2021-11-21T12:59:08.690874300Z'/><EventRecordID>235</EventRecordID><Correlation/><Execution ProcessID='1872' ThreadID='3648'/><Channel>Microsoft-Windows-Sysmon/Operational</Channel><Computer>DESKTOP-PC01</Computer><Security UserID='S-1-5-18'/></System><EventData><Data Name='RuleName'>-</Data><Data Name='UtcTime'>2021-11-21 12:59:08.617</Data><Data Name='ProcessGuid'>{10cf5a0f-429c-619a-ef01-000000000700}</Data><Data Name='ProcessId'>5004</Data><Data Name='Image'>C:\\Program Files\\SplunkUniversalForwarder\\bin\\splunk-MonitorNoHandle.exe</Data><Data Name='FileVersion'>10.0.10011.16384</Data><Data Name='Description'>SplunkMonNoHandle Control Program</Data><Data Name='Product'>Windows (R) Win 7 DDK driver</Data><Data Name='Company'>Windows (R) Win 7 DDK provider</Data><Data Name='OriginalFileName'>SplunkMonNoHandle.exe</Data><Data Name='CommandLine'>\""C:\\Program Files\\SplunkUniversalForwarder\\bin\\splunk-MonitorNoHandle.exe\""</Data><Data Name='CurrentDirectory'>C:\\Windows\\system32\\</Data><Data Name='User'>NT AUTHORITY\\SYSTEM</Data><Data Name='LogonGuid'>{10cf5a0f-4043-619a-e703-000000000000}</Data><Data Name='LogonId'>0x3e7</Data><Data Name='TerminalSessionId'>0</Data><Data Name='IntegrityLevel'>System</Data><Data Name='Hashes'>MD5=4B5431B14120A7099CF37D73DC2C2579,SHA256=534F10C5E9FF0F0F815621A4E432A4559F43434967A49A26CA9BEED7DCD22FD1,IMPHASH=05D58741E22C6453F52C1A9326FAF02D</Data><Data Name='ParentProcessGuid'>{10cf5a0f-424e-619a-b301-000000000700}</Data><Data Name='ParentProcessId'>5504</Data><Data Name='ParentImage'>C:\\Program Files\\SplunkUniversalForwarder\\bin\\splunkd.exe</Data><Data Name='ParentCommandLine'>\""C:\\Program Files\\SplunkUniversalForwarder\\bin\\splunkd.exe\"" service</Data><Data Name='ParentUser'>NT AUTHORITY\\SYSTEM</Data></EventData></Event>"",""source"":""XmlWinEventLog:Microsoft-Windows-Sysmon/Operational"",""host"":{""name"":""DESKTOP-PC01""},""sourcetype"":""XmlWinEventLog:Microsoft-Windows-Sysmon/Operational"",""index"":""default"",""cribl_pipe"":""passthru"",""@timestamp"":""2021-12-01T16:55:12.178Z""}","sysmon_events_summary_upload.csv",csv,"si-i-061ebfca0cf8b90c6.prd-p-s3zl2.splunkcloud.com",,"2021-12-01T16:55:12.178Z
none","<Event xmlns='http://schemas.microsoft.com/win/2004/08/events/event'><System><Provider Name='Microsoft-Windows-Sysmon' Guid='{5770385f-c22a-43e0-bf4c-06f5698ffbd9}'/><EventID>1</EventID><Version>5</Version><Level>4</Level><Task>1</Task><Opcode>0</Opcode><Keywords>0x8000000000000000</Keywords><TimeCreated SystemTime='2021-11-21T12:59:08.690874300Z'/><EventRecordID>235</EventRecordID><Correlation/><Execution ProcessID='1872' ThreadID='3648'/><Channel>Microsoft-Windows-Sysmon/Operational</Channel><Computer>DESKTOP-PC01</Computer><Security UserID='S-1-5-18'/></System><EventData><Data Name='RuleName'>-</Data><Data Name='UtcTime'>2021-11-21 12:59:08.617</Data><Data Name='ProcessGuid'>{10cf5a0f-429c-619a-ef01-000000000700}</Data><Data Name='ProcessId'>5004</Data><Data Name='Image'>C:\\Program Files\\SplunkUniversalForwarder\\bin\\splunk-MonitorNoHandle.exe</Data><Data Name='FileVersion'>10.0.10011.16384</Data><Data Name='Description'>SplunkMonNoHandle Control Program</Data><Data Name='Product'>Windows (R) Win 7 DDK driver</Data><Data Name='Company'>Windows (R) Win 7 DDK provider</Data><Data Name='OriginalFileName'>SplunkMonNoHandle.exe</Data><Data Name='CommandLine'>\""""C:\\Program Files\\SplunkUniversalForwarder\\bin\\splunk-MonitorNoHandle.exe\""""</Data><Data Name='CurrentDirectory'>C:\\Windows\\system32\\</Data><Data Name='User'>NT AUTHORITY\\SYSTEM</Data><Data Name='LogonGuid'>{10cf5a0f-4043-619a-e703-000000000000}</Data><Data Name='LogonId'>0x3e7</Data><Data Name='TerminalSessionId'>0</Data><Data Name='IntegrityLevel'>System</Data><Data Name='Hashes'>MD5=4B5431B14120A7099CF37D73DC2C2579,SHA256=534F10C5E9FF0F0F815621A4E432A4559F43434967A49A26CA9BEED7DCD22FD1,IMPHASH=05D58741E22C6453F52C1A9326FAF02D</Data><Data Name='ParentProcessGuid'>{10cf5a0f-424e-619a-b301-000000000700}</Data><Data Name='ParentProcessId'>5504</Data><Data Name='ParentImage'>C:\\Program Files\\SplunkUniversalForwarder\\bin\\splunkd.exe</Data><Data Name='ParentCommandLine'>\""""C:\\Program Files\\SplunkUniversalForwarder\\bin\\splunkd.exe\"""" service</Data><Data Name='ParentUser'>NT AUTHORITY\\SYSTEM</Data></EventData></Event>"
"Microsoft-Windows-Sysmon/Operational","\""""C:\\Program Files\\SplunkUniversalForwarder\\bin\\splunk-winprintmon.exe\""""","DESKTOP-PC01",,,1,234,"http://schemas.microsoft.com/win/2004/08/events/event",1872,3648,"C:\\Program Files\\SplunkUniversalForwarder\\bin\\splunk-winprintmon.exe",0x8000000000000000,4,0,"\""""C:\\Program Files\\SplunkUniversalForwarder\\bin\\splunkd.exe\"""" service",,"{5770385f-c22a-43e0-bf4c-06f5698ffbd9}","Microsoft-Windows-Sysmon","S-1-5-18",,1,"2021-11-21T12:58:15.690895400Z","2021-11-21T12:58:15.690895400Z","2021-11-21 12:58:15.447",5,"""{""""_raw"""":""""<Event xmlns='http://schemas.microsoft.com/win/2004/08/events/event'><System><Provider Name='Microsoft-Windows-Sysmon' Guid='{5770385f-c22a-43e0-bf4c-06f5698ffbd9}'/><EventID>1</EventID><Version>5</Version><Level>4</Level><Task>1</Task><Opcode>0</Opcode><Keywords>0x8000000000000000</Keywords><TimeCreated SystemTime='2021-11-21T12:58:15.690895400Z'/><EventRecordID>234</EventRecordID><Correlation/><Execution ProcessID='1872' ThreadID='3648'/><Channel>Microsoft-Windows-Sysmon/Operational</Channel><Computer>DESKTOP-PC01</Computer><Security UserID='S-1-5-18'/></System><EventData><Data Name='RuleName'>-</Data><Data Name='UtcTime'>2021-11-21 12:58:15.447</Data><Data Name='ProcessGuid'>{10cf5a0f-4267-619a-ee01-000000000700}</Data><Data Name='ProcessId'>1220</Data><Data Name='Image'>C:\\Program Files\\SplunkUniversalForwarder\\bin\\splunk-winprintmon.exe</Data><Data Name='FileVersion'>8.2.3</Data><Data Name='Description'>Windows Print Monitor </Data><Data Name='Product'>splunk Application</Data><Data Name='Company'>Splunk Inc.</Data><Data Name='OriginalFileName'>splunk-winprintmon.exe</Data><Data Name='CommandLine'>\""""C:\\Program Files\\SplunkUniversalForwarder\\bin\\splunk-winprintmon.exe\""""</Data><Data Name='CurrentDirectory'>C:\\Windows\\system32\\</Data><Data Name='User'>NT AUTHORITY\\SYSTEM</Data><Data Name='LogonGuid'>{10cf5a0f-4043-619a-e703-000000000000}</Data><Data Name='LogonId'>0x3e7</Data><Data Name='TerminalSessionId'>0</Data><Data Name='IntegrityLevel'>System</Data><Data Name='Hashes'>MD5=FE6F89B1824B53C288F1C16B65B59A0C,SHA256=B9498BE104A9462C2474FC4140B7EDFDE06A0C85183C47D876847C91139F3DA6,IMPHASH=35240A25EDE7EC5A65BF627E57E772B9</Data><Data Name='ParentProcessGuid'>{10cf5a0f-424e-619a-b301-000000000700}</Data><Data Name='ParentProcessId'>5504</Data><Data Name='ParentImage'>C:\\Program Files\\SplunkUniversalForwarder\\bin\\splunkd.exe</Data><Data Name='ParentCommandLine'>\""""C:\\Program Files\\SplunkUniversalForwarder\\bin\\splunkd.exe\"""" service</Data><Data Name='ParentUser'>NT AUTHORITY\\SYSTEM</Data></EventData></Event>"""",""""source"""":""""XmlWinEventLog:Microsoft-Windows-Sysmon/Operational"""",""""host"""":{""""name"""":""""DESKTOP-PC01""""},""""sourcetype"""":""""XmlWinEventLog:Microsoft-Windows-Sysmon/Operational"""",""""index"""":""""default"""",""""cribl_pipe"""":""""passthru"""",""""@timestamp"""":""""2021-12-01T16:55:12.178Z""""}"",""DESKTOP-PC01"",""sysmon_events.json
XmlWinEventLog:Microsoft-Windows-Sysmon/Operational"",1,""2021-11-21 12:58:15.447"",""2021-12-01T16:55:12.178Z"",""2021-11-21T12:58:15.690895400Z"",,,,""C:\Program Files\SplunkUniversalForwarder\bin\splunk-winprintmon.exe"",""""""C:\Program Files\SplunkUniversalForwarder\bin\splunk-winprintmon.exe"""""",""""""C:\Program Files\SplunkUniversalForwarder\bin\splunkd.exe"""" service"",","2024-03-16T14:09:30.000+00:00",,"sysmon_events.json
XmlWinEventLog:Microsoft-Windows-Sysmon/Operational","si-i-061ebfca0cf8b90c6.prd-p-s3zl2.splunkcloud.com",main,2,"""{"""""""":""""<_='://../////'><><_='--'_='{----}'/><></","{""_raw"":""<Event xmlns='http://schemas.microsoft.com/win/2004/08/events/event'><System><Provider Name='Microsoft-Windows-Sysmon' Guid='{5770385f-c22a-43e0-bf4c-06f5698ffbd9}'/><EventID>1</EventID><Version>5</Version><Level>4</Level><Task>1</Task><Opcode>0</Opcode><Keywords>0x8000000000000000</Keywords><TimeCreated SystemTime='2021-11-21T12:58:15.690895400Z'/><EventRecordID>234</EventRecordID><Correlation/><Execution ProcessID='1872' ThreadID='3648'/><Channel>Microsoft-Windows-Sysmon/Operational</Channel><Computer>DESKTOP-PC01</Computer><Security UserID='S-1-5-18'/></System><EventData><Data Name='RuleName'>-</Data><Data Name='UtcTime'>2021-11-21 12:58:15.447</Data><Data Name='ProcessGuid'>{10cf5a0f-4267-619a-ee01-000000000700}</Data><Data Name='ProcessId'>1220</Data><Data Name='Image'>C:\\Program Files\\SplunkUniversalForwarder\\bin\\splunk-winprintmon.exe</Data><Data Name='FileVersion'>8.2.3</Data><Data Name='Description'>Windows Print Monitor </Data><Data Name='Product'>splunk Application</Data><Data Name='Company'>Splunk Inc.</Data><Data Name='OriginalFileName'>splunk-winprintmon.exe</Data><Data Name='CommandLine'>\""C:\\Program Files\\SplunkUniversalForwarder\\bin\\splunk-winprintmon.exe\""</Data><Data Name='CurrentDirectory'>C:\\Windows\\system32\\</Data><Data Name='User'>NT AUTHORITY\\SYSTEM</Data><Data Name='LogonGuid'>{10cf5a0f-4043-619a-e703-000000000000}</Data><Data Name='LogonId'>0x3e7</Data><Data Name='TerminalSessionId'>0</Data><Data Name='IntegrityLevel'>System</Data><Data Name='Hashes'>MD5=FE6F89B1824B53C288F1C16B65B59A0C,SHA256=B9498BE104A9462C2474FC4140B7EDFDE06A0C85183C47D876847C91139F3DA6,IMPHASH=35240A25EDE7EC5A65BF627E57E772B9</Data><Data Name='ParentProcessGuid'>{10cf5a0f-424e-619a-b301-000000000700}</Data><Data Name='ParentProcessId'>5504</Data><Data Name='ParentImage'>C:\\Program Files\\SplunkUniversalForwarder\\bin\\splunkd.exe</Data><Data Name='ParentCommandLine'>\""C:\\Program Files\\SplunkUniversalForwarder\\bin\\splunkd.exe\"" service</Data><Data Name='ParentUser'>NT AUTHORITY\\SYSTEM</Data></EventData></Event>"",""source"":""XmlWinEventLog:Microsoft-Windows-Sysmon/Operational"",""host"":{""name"":""DESKTOP-PC01""},""sourcetype"":""XmlWinEventLog:Microsoft-Windows-Sysmon/Operational"",""index"":""default"",""cribl_pipe"":""passthru"",""@timestamp"":""2021-12-01T16:55:12.178Z""}","sysmon_events_summary_upload.csv",csv,"si-i-061ebfca0cf8b90c6.prd-p-s3zl2.splunkcloud.com",,"2021-12-01T16:55:12.178Z
none","<Event xmlns='http://schemas.microsoft.com/win/2004/08/events/event'><System><Provider Name='Microsoft-Windows-Sysmon' Guid='{5770385f-c22a-43e0-bf4c-06f5698ffbd9}'/><EventID>1</EventID><Version>5</Version><Level>4</Level><Task>1</Task><Opcode>0</Opcode><Keywords>0x8000000000000000</Keywords><TimeCreated SystemTime='2021-11-21T12:58:15.690895400Z'/><EventRecordID>234</EventRecordID><Correlation/><Execution ProcessID='1872' ThreadID='3648'/><Channel>Microsoft-Windows-Sysmon/Operational</Channel><Computer>DESKTOP-PC01</Computer><Security UserID='S-1-5-18'/></System><EventData><Data Name='RuleName'>-</Data><Data Name='UtcTime'>2021-11-21 12:58:15.447</Data><Data Name='ProcessGuid'>{10cf5a0f-4267-619a-ee01-000000000700}</Data><Data Name='ProcessId'>1220</Data><Data Name='Image'>C:\\Program Files\\SplunkUniversalForwarder\\bin\\splunk-winprintmon.exe</Data><Data Name='FileVersion'>8.2.3</Data><Data Name='Description'>Windows Print Monitor </Data><Data Name='Product'>splunk Application</Data><Data Name='Company'>Splunk Inc.</Data><Data Name='OriginalFileName'>splunk-winprintmon.exe</Data><Data Name='CommandLine'>\""""C:\\Program Files\\SplunkUniversalForwarder\\bin\\splunk-winprintmon.exe\""""</Data><Data Name='CurrentDirectory'>C:\\Windows\\system32\\</Data><Data Name='User'>NT AUTHORITY\\SYSTEM</Data><Data Name='LogonGuid'>{10cf5a0f-4043-619a-e703-000000000000}</Data><Data Name='LogonId'>0x3e7</Data><Data Name='TerminalSessionId'>0</Data><Data Name='IntegrityLevel'>System</Data><Data Name='Hashes'>MD5=FE6F89B1824B53C288F1C16B65B59A0C,SHA256=B9498BE104A9462C2474FC4140B7EDFDE06A0C85183C47D876847C91139F3DA6,IMPHASH=35240A25EDE7EC5A65BF627E57E772B9</Data><Data Name='ParentProcessGuid'>{10cf5a0f-424e-619a-b301-000000000700}</Data><Data Name='ParentProcessId'>5504</Data><Data Name='ParentImage'>C:\\Program Files\\SplunkUniversalForwarder\\bin\\splunkd.exe</Data><Data Name='ParentCommandLine'>\""""C:\\Program Files\\SplunkUniversalForwarder\\bin\\splunkd.exe\"""" service</Data><Data Name='ParentUser'>NT AUTHORITY\\SYSTEM</Data></EventData></Event>"
"Microsoft-Windows-Sysmon/Operational",,"DESKTOP-PC01",,,13,233,"http://schemas.microsoft.com/win/2004/08/events/event",1872,3648,"C:\\Windows\\system32\\compattelrunner.exe",0x8000000000000000,4,0,,,"{5770385f-c22a-43e0-bf4c-06f5698ffbd9}","Microsoft-Windows-Sysmon","S-1-5-18",,13,"2021-11-21T12:58:15.245336500Z","2021-11-21T12:58:15.245336500Z","2021-11-21 12:58:15.236",2,"""{""""_raw"""":""""<Event xmlns='http://schemas.microsoft.com/win/2004/08/events/event'><System><Provider Name='Microsoft-Windows-Sysmon' Guid='{5770385f-c22a-43e0-bf4c-06f5698ffbd9}'/><EventID>13</EventID><Version>2</Version><Level>4</Level><Task>13</Task><Opcode>0</Opcode><Keywords>0x8000000000000000</Keywords><TimeCreated SystemTime='2021-11-21T12:58:15.245336500Z'/><EventRecordID>233</EventRecordID><Correlation/><Execution ProcessID='1872' ThreadID='3648'/><Channel>Microsoft-Windows-Sysmon/Operational</Channel><Computer>DESKTOP-PC01</Computer><Security UserID='S-1-5-18'/></System><EventData><Data Name='RuleName'>InvDB-Ver</Data><Data Name='EventType'>SetValue</Data><Data Name='UtcTime'>2021-11-21 12:58:15.236</Data><Data Name='ProcessGuid'>{10cf5a0f-4252-619a-c001-000000000700}</Data><Data Name='ProcessId'>6860</Data><Data Name='Image'>C:\\Windows\\system32\\compattelrunner.exe</Data><Data Name='TargetObject'>\\REGISTRY\\A\\{50c90cbf-b2f5-cc7b-b22d-2619b6da3d06}\\Root\\InventoryApplicationFile\\srm.exe|928901d4ccf4225c\\BinProductVersion</Data><Data Name='Details'>(Empty)</Data><Data Name='User'>NT AUTHORITY\\SYSTEM</Data></EventData></Event>"""",""""source"""":""""XmlWinEventLog:Microsoft-Windows-Sysmon/Operational"""",""""host"""":{""""name"""":""""DESKTOP-PC01""""},""""sourcetype"""":""""XmlWinEventLog:Microsoft-Windows-Sysmon/Operational"""",""""index"""":""""default"""",""""cribl_pipe"""":""""passthru"""",""""@timestamp"""":""""2021-12-01T16:55:12.178Z""""}"",""DESKTOP-PC01"",""sysmon_events.json
XmlWinEventLog:Microsoft-Windows-Sysmon/Operational"",13,""2021-11-21 12:58:15.236"",""2021-12-01T16:55:12.178Z"",""2021-11-21T12:58:15.245336500Z"",,,,""C:\Windows\system32\compattelrunner.exe"",,,","2024-03-16T14:09:30.000+00:00",,"sysmon_events.json
XmlWinEventLog:Microsoft-Windows-Sysmon/Operational","si-i-061ebfca0cf8b90c6.prd-p-s3zl2.splunkcloud.com",main,2,"""{"""""""":""""<_='://../////'><><_='--'_='{----}'/><></","{""_raw"":""<Event xmlns='http://schemas.microsoft.com/win/2004/08/events/event'><System><Provider Name='Microsoft-Windows-Sysmon' Guid='{5770385f-c22a-43e0-bf4c-06f5698ffbd9}'/><EventID>13</EventID><Version>2</Version><Level>4</Level><Task>13</Task><Opcode>0</Opcode><Keywords>0x8000000000000000</Keywords><TimeCreated SystemTime='2021-11-21T12:58:15.245336500Z'/><EventRecordID>233</EventRecordID><Correlation/><Execution ProcessID='1872' ThreadID='3648'/><Channel>Microsoft-Windows-Sysmon/Operational</Channel><Computer>DESKTOP-PC01</Computer><Security UserID='S-1-5-18'/></System><EventData><Data Name='RuleName'>InvDB-Ver</Data><Data Name='EventType'>SetValue</Data><Data Name='UtcTime'>2021-11-21 12:58:15.236</Data><Data Name='ProcessGuid'>{10cf5a0f-4252-619a-c001-000000000700}</Data><Data Name='ProcessId'>6860</Data><Data Name='Image'>C:\\Windows\\system32\\compattelrunner.exe</Data><Data Name='TargetObject'>\\REGISTRY\\A\\{50c90cbf-b2f5-cc7b-b22d-2619b6da3d06}\\Root\\InventoryApplicationFile\\srm.exe|928901d4ccf4225c\\BinProductVersion</Data><Data Name='Details'>(Empty)</Data><Data Name='User'>NT AUTHORITY\\SYSTEM</Data></EventData></Event>"",""source"":""XmlWinEventLog:Microsoft-Windows-Sysmon/Operational"",""host"":{""name"":""DESKTOP-PC01""},""sourcetype"":""XmlWinEventLog:Microsoft-Windows-Sysmon/Operational"",""index"":""default"",""cribl_pipe"":""passthru"",""@timestamp"":""2021-12-01T16:55:12.178Z""}","sysmon_events_summary_upload.csv",csv,"si-i-061ebfca0cf8b90c6.prd-p-s3zl2.splunkcloud.com",,"2021-12-01T16:55:12.178Z
none","<Event xmlns='http://schemas.microsoft.com/win/2004/08/events/event'><System><Provider Name='Microsoft-Windows-Sysmon' Guid='{5770385f-c22a-43e0-bf4c-06f5698ffbd9}'/><EventID>13</EventID><Version>2</Version><Level>4</Level><Task>13</Task><Opcode>0</Opcode><Keywords>0x8000000000000000</Keywords><TimeCreated SystemTime='2021-11-21T12:58:15.245336500Z'/><EventRecordID>233</EventRecordID><Correlation/><Execution ProcessID='1872' ThreadID='3648'/><Channel>Microsoft-Windows-Sysmon/Operational</Channel><Computer>DESKTOP-PC01</Computer><Security UserID='S-1-5-18'/></System><EventData><Data Name='RuleName'>InvDB-Ver</Data><Data Name='EventType'>SetValue</Data><Data Name='UtcTime'>2021-11-21 12:58:15.236</Data><Data Name='ProcessGuid'>{10cf5a0f-4252-619a-c001-000000000700}</Data><Data Name='ProcessId'>6860</Data><Data Name='Image'>C:\\Windows\\system32\\compattelrunner.exe</Data><Data Name='TargetObject'>\\REGISTRY\\A\\{50c90cbf-b2f5-cc7b-b22d-2619b6da3d06}\\Root\\InventoryApplicationFile\\srm.exe|928901d4ccf4225c\\BinProductVersion</Data><Data Name='Details'>(Empty)</Data><Data Name='User'>NT AUTHORITY\\SYSTEM</Data></EventData></Event>"
"Microsoft-Windows-Sysmon/Operational",,"DESKTOP-PC01",,,13,232,"http://schemas.microsoft.com/win/2004/08/events/event",1872,3648,"C:\\Windows\\system32\\compattelrunner.exe",0x8000000000000000,4,0,,,"{5770385f-c22a-43e0-bf4c-06f5698ffbd9}","Microsoft-Windows-Sysmon","S-1-5-18",,13,"2021-11-21T12:58:15.245262900Z","2021-11-21T12:58:15.245262900Z","2021-11-21 12:58:15.236",2,"""{""""_raw"""":""""<Event xmlns='http://schemas.microsoft.com/win/2004/08/events/event'><System><Provider Name='Microsoft-Windows-Sysmon' Guid='{5770385f-c22a-43e0-bf4c-06f5698ffbd9}'/><EventID>13</EventID><Version>2</Version><Level>4</Level><Task>13</Task><Opcode>0</Opcode><Keywords>0x8000000000000000</Keywords><TimeCreated SystemTime='2021-11-21T12:58:15.245262900Z'/><EventRecordID>232</EventRecordID><Correlation/><Execution ProcessID='1872' ThreadID='3648'/><Channel>Microsoft-Windows-Sysmon/Operational</Channel><Computer>DESKTOP-PC01</Computer><Security UserID='S-1-5-18'/></System><EventData><Data Name='RuleName'>InvDB-CompileTimeClaim</Data><Data Name='EventType'>SetValue</Data><Data Name='UtcTime'>2021-11-21 12:58:15.236</Data><Data Name='ProcessGuid'>{10cf5a0f-4252-619a-c001-000000000700}</Data><Data Name='ProcessId'>6860</Data><Data Name='Image'>C:\\Windows\\system32\\compattelrunner.exe</Data><Data Name='TargetObject'>\\REGISTRY\\A\\{50c90cbf-b2f5-cc7b-b22d-2619b6da3d06}\\Root\\InventoryApplicationFile\\srm.exe|928901d4ccf4225c\\LinkDate</Data><Data Name='Details'>10/07/2021 10:40:50</Data><Data Name='User'>NT AUTHORITY\\SYSTEM</Data></EventData></Event>"""",""""source"""":""""XmlWinEventLog:Microsoft-Windows-Sysmon/Operational"""",""""host"""":{""""name"""":""""DESKTOP-PC01""""},""""sourcetype"""":""""XmlWinEventLog:Microsoft-Windows-Sysmon/Operational"""",""""index"""":""""default"""",""""cribl_pipe"""":""""passthru"""",""""@timestamp"""":""""2021-12-01T16:55:12.178Z""""}"",""DESKTOP-PC01"",""sysmon_events.json
XmlWinEventLog:Microsoft-Windows-Sysmon/Operational"",13,""2021-11-21 12:58:15.236"",""2021-12-01T16:55:12.178Z"",""2021-11-21T12:58:15.245262900Z"",,,,""C:\Windows\system32\compattelrunner.exe"",,,","2024-03-16T14:09:30.000+00:00",,"sysmon_events.json
XmlWinEventLog:Microsoft-Windows-Sysmon/Operational","si-i-061ebfca0cf8b90c6.prd-p-s3zl2.splunkcloud.com",main,2,"""{"""""""":""""<_='://../////'><><_='--'_='{----}'/><></","{""_raw"":""<Event xmlns='http://schemas.microsoft.com/win/2004/08/events/event'><System><Provider Name='Microsoft-Windows-Sysmon' Guid='{5770385f-c22a-43e0-bf4c-06f5698ffbd9}'/><EventID>13</EventID><Version>2</Version><Level>4</Level><Task>13</Task><Opcode>0</Opcode><Keywords>0x8000000000000000</Keywords><TimeCreated SystemTime='2021-11-21T12:58:15.245262900Z'/><EventRecordID>232</EventRecordID><Correlation/><Execution ProcessID='1872' ThreadID='3648'/><Channel>Microsoft-Windows-Sysmon/Operational</Channel><Computer>DESKTOP-PC01</Computer><Security UserID='S-1-5-18'/></System><EventData><Data Name='RuleName'>InvDB-CompileTimeClaim</Data><Data Name='EventType'>SetValue</Data><Data Name='UtcTime'>2021-11-21 12:58:15.236</Data><Data Name='ProcessGuid'>{10cf5a0f-4252-619a-c001-000000000700}</Data><Data Name='ProcessId'>6860</Data><Data Name='Image'>C:\\Windows\\system32\\compattelrunner.exe</Data><Data Name='TargetObject'>\\REGISTRY\\A\\{50c90cbf-b2f5-cc7b-b22d-2619b6da3d06}\\Root\\InventoryApplicationFile\\srm.exe|928901d4ccf4225c\\LinkDate</Data><Data Name='Details'>10/07/2021 10:40:50</Data><Data Name='User'>NT AUTHORITY\\SYSTEM</Data></EventData></Event>"",""source"":""XmlWinEventLog:Microsoft-Windows-Sysmon/Operational"",""host"":{""name"":""DESKTOP-PC01""},""sourcetype"":""XmlWinEventLog:Microsoft-Windows-Sysmon/Operational"",""index"":""default"",""cribl_pipe"":""passthru"",""@timestamp"":""2021-12-01T16:55:12.178Z""}","sysmon_events_summary_upload.csv",csv,"si-i-061ebfca0cf8b90c6.prd-p-s3zl2.splunkcloud.com",,"2021-12-01T16:55:12.178Z
none","<Event xmlns='http://schemas.microsoft.com/win/2004/08/events/event'><System><Provider Name='Microsoft-Windows-Sysmon' Guid='{5770385f-c22a-43e0-bf4c-06f5698ffbd9}'/><EventID>13</EventID><Version>2</Version><Level>4</Level><Task>13</Task><Opcode>0</Opcode><Keywords>0x8000000000000000</Keywords><TimeCreated SystemTime='2021-11-21T12:58:15.245262900Z'/><EventRecordID>232</EventRecordID><Correlation/><Execution ProcessID='1872' ThreadID='3648'/><Channel>Microsoft-Windows-Sysmon/Operational</Channel><Computer>DESKTOP-PC01</Computer><Security UserID='S-1-5-18'/></System><EventData><Data Name='RuleName'>InvDB-CompileTimeClaim</Data><Data Name='EventType'>SetValue</Data><Data Name='UtcTime'>2021-11-21 12:58:15.236</Data><Data Name='ProcessGuid'>{10cf5a0f-4252-619a-c001-000000000700}</Data><Data Name='ProcessId'>6860</Data><Data Name='Image'>C:\\Windows\\system32\\compattelrunner.exe</Data><Data Name='TargetObject'>\\REGISTRY\\A\\{50c90cbf-b2f5-cc7b-b22d-2619b6da3d06}\\Root\\InventoryApplicationFile\\srm.exe|928901d4ccf4225c\\LinkDate</Data><Data Name='Details'>10/07/2021 10:40:50</Data><Data Name='User'>NT AUTHORITY\\SYSTEM</Data></EventData></Event>"
"Microsoft-Windows-Sysmon/Operational",,"DESKTOP-PC01",,,13,231,"http://schemas.microsoft.com/win/2004/08/events/event",1872,3648,"C:\\Windows\\system32\\compattelrunner.exe",0x8000000000000000,4,0,,,"{5770385f-c22a-43e0-bf4c-06f5698ffbd9}","Microsoft-Windows-Sysmon","S-1-5-18",,13,"2021-11-21T12:58:15.244805400Z","2021-11-21T12:58:15.244805400Z","2021-11-21 12:58:15.235",2,"""{""""_raw"""":""""<Event xmlns='http://schemas.microsoft.com/win/2004/08/events/event'><System><Provider Name='Microsoft-Windows-Sysmon' Guid='{5770385f-c22a-43e0-bf4c-06f5698ffbd9}'/><EventID>13</EventID><Version>2</Version><Level>4</Level><Task>13</Task><Opcode>0</Opcode><Keywords>0x8000000000000000</Keywords><TimeCreated SystemTime='2021-11-21T12:58:15.244805400Z'/><EventRecordID>231</EventRecordID><Correlation/><Execution ProcessID='1872' ThreadID='3648'/><Channel>Microsoft-Windows-Sysmon/Operational</Channel><Computer>DESKTOP-PC01</Computer><Security UserID='S-1-5-18'/></System><EventData><Data Name='RuleName'>InvDB-Pub</Data><Data Name='EventType'>SetValue</Data><Data Name='UtcTime'>2021-11-21 12:58:15.235</Data><Data Name='ProcessGuid'>{10cf5a0f-4252-619a-c001-000000000700}</Data><Data Name='ProcessId'>6860</Data><Data Name='Image'>C:\\Windows\\system32\\compattelrunner.exe</Data><Data Name='TargetObject'>\\REGISTRY\\A\\{50c90cbf-b2f5-cc7b-b22d-2619b6da3d06}\\Root\\InventoryApplicationFile\\srm.exe|928901d4ccf4225c\\Publisher</Data><Data Name='Details'>(Empty)</Data><Data Name='User'>NT AUTHORITY\\SYSTEM</Data></EventData></Event>"""",""""source"""":""""XmlWinEventLog:Microsoft-Windows-Sysmon/Operational"""",""""host"""":{""""name"""":""""DESKTOP-PC01""""},""""sourcetype"""":""""XmlWinEventLog:Microsoft-Windows-Sysmon/Operational"""",""""index"""":""""default"""",""""cribl_pipe"""":""""passthru"""",""""@timestamp"""":""""2021-12-01T16:55:12.178Z""""}"",""DESKTOP-PC01"",""sysmon_events.json
XmlWinEventLog:Microsoft-Windows-Sysmon/Operational"",13,""2021-11-21 12:58:15.235"",""2021-12-01T16:55:12.178Z"",""2021-11-21T12:58:15.244805400Z"",,,,""C:\Windows\system32\compattelrunner.exe"",,,","2024-03-16T14:09:30.000+00:00",,"sysmon_events.json
XmlWinEventLog:Microsoft-Windows-Sysmon/Operational","si-i-061ebfca0cf8b90c6.prd-p-s3zl2.splunkcloud.com",main,2,"""{"""""""":""""<_='://../////'><><_='--'_='{----}'/><></","{""_raw"":""<Event xmlns='http://schemas.microsoft.com/win/2004/08/events/event'><System><Provider Name='Microsoft-Windows-Sysmon' Guid='{5770385f-c22a-43e0-bf4c-06f5698ffbd9}'/><EventID>13</EventID><Version>2</Version><Level>4</Level><Task>13</Task><Opcode>0</Opcode><Keywords>0x8000000000000000</Keywords><TimeCreated SystemTime='2021-11-21T12:58:15.244805400Z'/><EventRecordID>231</EventRecordID><Correlation/><Execution ProcessID='1872' ThreadID='3648'/><Channel>Microsoft-Windows-Sysmon/Operational</Channel><Computer>DESKTOP-PC01</Computer><Security UserID='S-1-5-18'/></System><EventData><Data Name='RuleName'>InvDB-Pub</Data><Data Name='EventType'>SetValue</Data><Data Name='UtcTime'>2021-11-21 12:58:15.235</Data><Data Name='ProcessGuid'>{10cf5a0f-4252-619a-c001-000000000700}</Data><Data Name='ProcessId'>6860</Data><Data Name='Image'>C:\\Windows\\system32\\compattelrunner.exe</Data><Data Name='TargetObject'>\\REGISTRY\\A\\{50c90cbf-b2f5-cc7b-b22d-2619b6da3d06}\\Root\\InventoryApplicationFile\\srm.exe|928901d4ccf4225c\\Publisher</Data><Data Name='Details'>(Empty)</Data><Data Name='User'>NT AUTHORITY\\SYSTEM</Data></EventData></Event>"",""source"":""XmlWinEventLog:Microsoft-Windows-Sysmon/Operational"",""host"":{""name"":""DESKTOP-PC01""},""sourcetype"":""XmlWinEventLog:Microsoft-Windows-Sysmon/Operational"",""index"":""default"",""cribl_pipe"":""passthru"",""@timestamp"":""2021-12-01T16:55:12.178Z""}","sysmon_events_summary_upload.csv",csv,"si-i-061ebfca0cf8b90c6.prd-p-s3zl2.splunkcloud.com",,"2021-12-01T16:55:12.178Z
none","<Event xmlns='http://schemas.microsoft.com/win/2004/08/events/event'><System><Provider Name='Microsoft-Windows-Sysmon' Guid='{5770385f-c22a-43e0-bf4c-06f5698ffbd9}'/><EventID>13</EventID><Version>2</Version><Level>4</Level><Task>13</Task><Opcode>0</Opcode><Keywords>0x8000000000000000</Keywords><TimeCreated SystemTime='2021-11-21T12:58:15.244805400Z'/><EventRecordID>231</EventRecordID><Correlation/><Execution ProcessID='1872' ThreadID='3648'/><Channel>Microsoft-Windows-Sysmon/Operational</Channel><Computer>DESKTOP-PC01</Computer><Security UserID='S-1-5-18'/></System><EventData><Data Name='RuleName'>InvDB-Pub</Data><Data Name='EventType'>SetValue</Data><Data Name='UtcTime'>2021-11-21 12:58:15.235</Data><Data Name='ProcessGuid'>{10cf5a0f-4252-619a-c001-000000000700}</Data><Data Name='ProcessId'>6860</Data><Data Name='Image'>C:\\Windows\\system32\\compattelrunner.exe</Data><Data Name='TargetObject'>\\REGISTRY\\A\\{50c90cbf-b2f5-cc7b-b22d-2619b6da3d06}\\Root\\InventoryApplicationFile\\srm.exe|928901d4ccf4225c\\Publisher</Data><Data Name='Details'>(Empty)</Data><Data Name='User'>NT AUTHORITY\\SYSTEM</Data></EventData></Event>"
"Microsoft-Windows-Sysmon/Operational",,"DESKTOP-PC01",,,13,230,"http://schemas.microsoft.com/win/2004/08/events/event",1872,3648,"C:\\Windows\\system32\\compattelrunner.exe",0x8000000000000000,4,0,,,"{5770385f-c22a-43e0-bf4c-06f5698ffbd9}","Microsoft-Windows-Sysmon","S-1-5-18",,13,"2021-11-21T12:58:15.244609700Z","2021-11-21T12:58:15.244609700Z","2021-11-21 12:58:15.235",2,"""{""""_raw"""":""""<Event xmlns='http://schemas.microsoft.com/win/2004/08/events/event'><System><Provider Name='Microsoft-Windows-Sysmon' Guid='{5770385f-c22a-43e0-bf4c-06f5698ffbd9}'/><EventID>13</EventID><Version>2</Version><Level>4</Level><Task>13</Task><Opcode>0</Opcode><Keywords>0x8000000000000000</Keywords><TimeCreated SystemTime='2021-11-21T12:58:15.244609700Z'/><EventRecordID>230</EventRecordID><Correlation/><Execution ProcessID='1872' ThreadID='3648'/><Channel>Microsoft-Windows-Sysmon/Operational</Channel><Computer>DESKTOP-PC01</Computer><Security UserID='S-1-5-18'/></System><EventData><Data Name='RuleName'>InvDB-Path</Data><Data Name='EventType'>SetValue</Data><Data Name='UtcTime'>2021-11-21 12:58:15.235</Data><Data Name='ProcessGuid'>{10cf5a0f-4252-619a-c001-000000000700}</Data><Data Name='ProcessId'>6860</Data><Data Name='Image'>C:\\Windows\\system32\\compattelrunner.exe</Data><Data Name='TargetObject'>\\REGISTRY\\A\\{50c90cbf-b2f5-cc7b-b22d-2619b6da3d06}\\Root\\InventoryApplicationFile\\srm.exe|928901d4ccf4225c\\LowerCaseLongPath</Data><Data Name='Details'>c:\\program files\\splunkuniversalforwarder\\bin\\srm.exe</Data><Data Name='User'>NT AUTHORITY\\SYSTEM</Data></EventData></Event>"""",""""source"""":""""XmlWinEventLog:Microsoft-Windows-Sysmon/Operational"""",""""host"""":{""""name"""":""""DESKTOP-PC01""""},""""sourcetype"""":""""XmlWinEventLog:Microsoft-Windows-Sysmon/Operational"""",""""index"""":""""default"""",""""cribl_pipe"""":""""passthru"""",""""@timestamp"""":""""2021-12-01T16:55:12.178Z""""}"",""DESKTOP-PC01"",""sysmon_events.json
XmlWinEventLog:Microsoft-Windows-Sysmon/Operational"",13,""2021-11-21 12:58:15.235"",""2021-12-01T16:55:12.178Z"",""2021-11-21T12:58:15.244609700Z"",,,,""C:\Windows\system32\compattelrunner.exe"",,,","2024-03-16T14:09:30.000+00:00",,"sysmon_events.json
XmlWinEventLog:Microsoft-Windows-Sysmon/Operational","si-i-061ebfca0cf8b90c6.prd-p-s3zl2.splunkcloud.com",main,2,"""{"""""""":""""<_='://../////'><><_='--'_='{----}'/><></","{""_raw"":""<Event xmlns='http://schemas.microsoft.com/win/2004/08/events/event'><System><Provider Name='Microsoft-Windows-Sysmon' Guid='{5770385f-c22a-43e0-bf4c-06f5698ffbd9}'/><EventID>13</EventID><Version>2</Version><Level>4</Level><Task>13</Task><Opcode>0</Opcode><Keywords>0x8000000000000000</Keywords><TimeCreated SystemTime='2021-11-21T12:58:15.244609700Z'/><EventRecordID>230</EventRecordID><Correlation/><Execution ProcessID='1872' ThreadID='3648'/><Channel>Microsoft-Windows-Sysmon/Operational</Channel><Computer>DESKTOP-PC01</Computer><Security UserID='S-1-5-18'/></System><EventData><Data Name='RuleName'>InvDB-Path</Data><Data Name='EventType'>SetValue</Data><Data Name='UtcTime'>2021-11-21 12:58:15.235</Data><Data Name='ProcessGuid'>{10cf5a0f-4252-619a-c001-000000000700}</Data><Data Name='ProcessId'>6860</Data><Data Name='Image'>C:\\Windows\\system32\\compattelrunner.exe</Data><Data Name='TargetObject'>\\REGISTRY\\A\\{50c90cbf-b2f5-cc7b-b22d-2619b6da3d06}\\Root\\InventoryApplicationFile\\srm.exe|928901d4ccf4225c\\LowerCaseLongPath</Data><Data Name='Details'>c:\\program files\\splunkuniversalforwarder\\bin\\srm.exe</Data><Data Name='User'>NT AUTHORITY\\SYSTEM</Data></EventData></Event>"",""sou