"source"""":""""XmlWinEventLog:Microsoft-Windows-Sysmon/Operational"""",""""host"""":{""""name"""":""""DESKTOP-PC01""""},""""sourcetype"""":""""XmlWinEventLog:Microsoft-Windows-Sysmon/Operational"""",""""index"""":""""default"""",""""cribl_pipe"""":""""passthru"""",""""@timestamp"""":""""2021-12-01T16:55:40.780Z""""}"",""DESKTOP-PC01"",""sysmon_events.json
XmlWinEventLog:Microsoft-Windows-Sysmon/Operational"",1,""2021-11-21 13:02:54.424"",""2021-12-01T16:55:40.780Z"",""2021-11-21T13:02:54.444539100Z"",,,,""C:\Windows\System32\cmd.exe"",""""""C:\Windows\System32\cmd.exe"""" /c rundll32.exe C:\ProgramData\www3.dll,ldr"",""""""C:\Windows\System32\cscript.exe"""" C:\Users\pc01-user\AppData\Roaming\www.txt //E:VBScript //NoLogo %~f0 %*"",","2024-03-16T14:09:30.000+00:00",,"sysmon_events.json
XmlWinEventLog:Microsoft-Windows-Sysmon/Operational","si-i-061ebfca0cf8b90c6.prd-p-s3zl2.splunkcloud.com",main,2,"""{"""""""":""""<_='://../////'><><_='--'_='{----}'/><></","{""_raw"":""<Event xmlns='http://schemas.microsoft.com/win/2004/08/events/event'><System><Provider Name='Microsoft-Windows-Sysmon' Guid='{5770385f-c22a-43e0-bf4c-06f5698ffbd9}'/><EventID>1</EventID><Version>5</Version><Level>4</Level><Task>1</Task><Opcode>0</Opcode><Keywords>0x8000000000000000</Keywords><TimeCreated SystemTime='2021-11-21T13:02:54.444539100Z'/><EventRecordID>312</EventRecordID><Correlation/><Execution ProcessID='1872' ThreadID='3648'/><Channel>Microsoft-Windows-Sysmon/Operational</Channel><Computer>DESKTOP-PC01</Computer><Security UserID='S-1-5-18'/></System><EventData><Data Name='RuleName'>-</Data><Data Name='UtcTime'>2021-11-21 13:02:54.424</Data><Data Name='ProcessGuid'>{10cf5a0f-437e-619a-2302-000000000700}</Data><Data Name='ProcessId'>6004</Data><Data Name='Image'>C:\\Windows\\System32\\cmd.exe</Data><Data Name='FileVersion'>10.0.18362.1 (WinBuild.160101.0800)</Data><Data Name='Description'>Windows Command Processor</Data><Data Name='Product'>Microsoft® Windows® Operating System</Data><Data Name='Company'>Microsoft Corporation</Data><Data Name='OriginalFileName'>Cmd.Exe</Data><Data Name='CommandLine'>\""C:\\Windows\\System32\\cmd.exe\"" /c rundll32.exe C:\\ProgramData\\www3.dll,ldr</Data><Data Name='CurrentDirectory'>C:\\Users\\pc01-user\\Downloads\\</Data><Data Name='User'>DESKTOP-PC01\\pc01-user</Data><Data Name='LogonGuid'>{10cf5a0f-4045-619a-54a4-010000000000}</Data><Data Name='LogonId'>0x1a454</Data><Data Name='TerminalSessionId'>1</Data><Data Name='IntegrityLevel'>Medium</Data><Data Name='Hashes'>MD5=9D59442313565C2E0860B88BF32B2277,SHA256=D0CEB18272966AB62B8EDFF100E9B4A6A3CB5DC0F2A32B2B18721FEA2D9C09A5,IMPHASH=272245E2988E1E430500B852C4FB5E18</Data><Data Name='ParentProcessGuid'>{10cf5a0f-4371-619a-1902-000000000700}</Data><Data Name='ParentProcessId'>572</Data><Data Name='ParentImage'>C:\\Windows\\System32\\cscript.exe</Data><Data Name='ParentCommandLine'>\""C:\\Windows\\System32\\cscript.exe\"" C:\\Users\\pc01-user\\AppData\\Roaming\\www.txt //E:VBScript //NoLogo %~f0 %*</Data><Data Name='ParentUser'>DESKTOP-PC01\\pc01-user</Data></EventData></Event>"",""source"":""XmlWinEventLog:Microsoft-Windows-Sysmon/Operational"",""host"":{""name"":""DESKTOP-PC01""},""sourcetype"":""XmlWinEventLog:Microsoft-Windows-Sysmon/Operational"",""index"":""default"",""cribl_pipe"":""passthru"",""@timestamp"":""2021-12-01T16:55:40.780Z""}","sysmon_events_summary_upload.csv",csv,"si-i-061ebfca0cf8b90c6.prd-p-s3zl2.splunkcloud.com",,"2021-12-01T16:55:40.780Z
none","<Event xmlns='http://schemas.microsoft.com/win/2004/08/events/event'><System><Provider Name='Microsoft-Windows-Sysmon' Guid='{5770385f-c22a-43e0-bf4c-06f5698ffbd9}'/><EventID>1</EventID><Version>5</Version><Level>4</Level><Task>1</Task><Opcode>0</Opcode><Keywords>0x8000000000000000</Keywords><TimeCreated SystemTime='2021-11-21T13:02:54.444539100Z'/><EventRecordID>312</EventRecordID><Correlation/><Execution ProcessID='1872' ThreadID='3648'/><Channel>Microsoft-Windows-Sysmon/Operational</Channel><Computer>DESKTOP-PC01</Computer><Security UserID='S-1-5-18'/></System><EventData><Data Name='RuleName'>-</Data><Data Name='UtcTime'>2021-11-21 13:02:54.424</Data><Data Name='ProcessGuid'>{10cf5a0f-437e-619a-2302-000000000700}</Data><Data Name='ProcessId'>6004</Data><Data Name='Image'>C:\\Windows\\System32\\cmd.exe</Data><Data Name='FileVersion'>10.0.18362.1 (WinBuild.160101.0800)</Data><Data Name='Description'>Windows Command Processor</Data><Data Name='Product'>Microsoft® Windows® Operating System</Data><Data Name='Company'>Microsoft Corporation</Data><Data Name='OriginalFileName'>Cmd.Exe</Data><Data Name='CommandLine'>\""""C:\\Windows\\System32\\cmd.exe\"""" /c rundll32.exe C:\\ProgramData\\www3.dll,ldr</Data><Data Name='CurrentDirectory'>C:\\Users\\pc01-user\\Downloads\\</Data><Data Name='User'>DESKTOP-PC01\\pc01-user</Data><Data Name='LogonGuid'>{10cf5a0f-4045-619a-54a4-010000000000}</Data><Data Name='LogonId'>0x1a454</Data><Data Name='TerminalSessionId'>1</Data><Data Name='IntegrityLevel'>Medium</Data><Data Name='Hashes'>MD5=9D59442313565C2E0860B88BF32B2277,SHA256=D0CEB18272966AB62B8EDFF100E9B4A6A3CB5DC0F2A32B2B18721FEA2D9C09A5,IMPHASH=272245E2988E1E430500B852C4FB5E18</Data><Data Name='ParentProcessGuid'>{10cf5a0f-4371-619a-1902-000000000700}</Data><Data Name='ParentProcessId'>572</Data><Data Name='ParentImage'>C:\\Windows\\System32\\cscript.exe</Data><Data Name='ParentCommandLine'>\""""C:\\Windows\\System32\\cscript.exe\"""" C:\\Users\\pc01-user\\AppData\\Roaming\\www.txt //E:VBScript //NoLogo %~f0 %*</Data><Data Name='ParentUser'>DESKTOP-PC01\\pc01-user</Data></EventData></Event>"
"Microsoft-Windows-Sysmon/Operational","\""""C:\\Windows\\System32\\cmd.exe\"""" /c rundll32.exe C:\\ProgramData\\www2.dll,ldr","DESKTOP-PC01",,,1,311,"http://schemas.microsoft.com/win/2004/08/events/event",1872,3648,"C:\\Windows\\System32\\cmd.exe",0x8000000000000000,4,0,"\""""C:\\Windows\\System32\\cscript.exe\"""" C:\\Users\\pc01-user\\AppData\\Roaming\\www.txt //E:VBScript //NoLogo %~f0 %*",,"{5770385f-c22a-43e0-bf4c-06f5698ffbd9}","Microsoft-Windows-Sysmon","S-1-5-18",,1,"2021-11-21T13:02:54.278957500Z","2021-11-21T13:02:54.278957500Z","2021-11-21 13:02:54.263",5,"""{""""_raw"""":""""<Event xmlns='http://schemas.microsoft.com/win/2004/08/events/event'><System><Provider Name='Microsoft-Windows-Sysmon' Guid='{5770385f-c22a-43e0-bf4c-06f5698ffbd9}'/><EventID>1</EventID><Version>5</Version><Level>4</Level><Task>1</Task><Opcode>0</Opcode><Keywords>0x8000000000000000</Keywords><TimeCreated SystemTime='2021-11-21T13:02:54.278957500Z'/><EventRecordID>311</EventRecordID><Correlation/><Execution ProcessID='1872' ThreadID='3648'/><Channel>Microsoft-Windows-Sysmon/Operational</Channel><Computer>DESKTOP-PC01</Computer><Security UserID='S-1-5-18'/></System><EventData><Data Name='RuleName'>-</Data><Data Name='UtcTime'>2021-11-21 13:02:54.263</Data><Data Name='ProcessGuid'>{10cf5a0f-437e-619a-2002-000000000700}</Data><Data Name='ProcessId'>4816</Data><Data Name='Image'>C:\\Windows\\System32\\cmd.exe</Data><Data Name='FileVersion'>10.0.18362.1 (WinBuild.160101.0800)</Data><Data Name='Description'>Windows Command Processor</Data><Data Name='Product'>Microsoft® Windows® Operating System</Data><Data Name='Company'>Microsoft Corporation</Data><Data Name='OriginalFileName'>Cmd.Exe</Data><Data Name='CommandLine'>\""""C:\\Windows\\System32\\cmd.exe\"""" /c rundll32.exe C:\\ProgramData\\www2.dll,ldr</Data><Data Name='CurrentDirectory'>C:\\Users\\pc01-user\\Downloads\\</Data><Data Name='User'>DESKTOP-PC01\\pc01-user</Data><Data Name='LogonGuid'>{10cf5a0f-4045-619a-54a4-010000000000}</Data><Data Name='LogonId'>0x1a454</Data><Data Name='TerminalSessionId'>1</Data><Data Name='IntegrityLevel'>Medium</Data><Data Name='Hashes'>MD5=9D59442313565C2E0860B88BF32B2277,SHA256=D0CEB18272966AB62B8EDFF100E9B4A6A3CB5DC0F2A32B2B18721FEA2D9C09A5,IMPHASH=272245E2988E1E430500B852C4FB5E18</Data><Data Name='ParentProcessGuid'>{10cf5a0f-4371-619a-1902-000000000700}</Data><Data Name='ParentProcessId'>572</Data><Data Name='ParentImage'>C:\\Windows\\System32\\cscript.exe</Data><Data Name='ParentCommandLine'>\""""C:\\Windows\\System32\\cscript.exe\"""" C:\\Users\\pc01-user\\AppData\\Roaming\\www.txt //E:VBScript //NoLogo %~f0 %*</Data><Data Name='ParentUser'>DESKTOP-PC01\\pc01-user</Data></EventData></Event>"""",""""source"""":""""XmlWinEventLog:Microsoft-Windows-Sysmon/Operational"""",""""host"""":{""""name"""":""""DESKTOP-PC01""""},""""sourcetype"""":""""XmlWinEventLog:Microsoft-Windows-Sysmon/Operational"""",""""index"""":""""default"""",""""cribl_pipe"""":""""passthru"""",""""@timestamp"""":""""2021-12-01T16:55:40.780Z""""}"",""DESKTOP-PC01"",""sysmon_events.json
XmlWinEventLog:Microsoft-Windows-Sysmon/Operational"",1,""2021-11-21 13:02:54.263"",""2021-12-01T16:55:40.780Z"",""2021-11-21T13:02:54.278957500Z"",,,,""C:\Windows\System32\cmd.exe"",""""""C:\Windows\System32\cmd.exe"""" /c rundll32.exe C:\ProgramData\www2.dll,ldr"",""""""C:\Windows\System32\cscript.exe"""" C:\Users\pc01-user\AppData\Roaming\www.txt //E:VBScript //NoLogo %~f0 %*"",","2024-03-16T14:09:30.000+00:00",,"sysmon_events.json
XmlWinEventLog:Microsoft-Windows-Sysmon/Operational","si-i-061ebfca0cf8b90c6.prd-p-s3zl2.splunkcloud.com",main,2,"""{"""""""":""""<_='://../////'><><_='--'_='{----}'/><></","{""_raw"":""<Event xmlns='http://schemas.microsoft.com/win/2004/08/events/event'><System><Provider Name='Microsoft-Windows-Sysmon' Guid='{5770385f-c22a-43e0-bf4c-06f5698ffbd9}'/><EventID>1</EventID><Version>5</Version><Level>4</Level><Task>1</Task><Opcode>0</Opcode><Keywords>0x8000000000000000</Keywords><TimeCreated SystemTime='2021-11-21T13:02:54.278957500Z'/><EventRecordID>311</EventRecordID><Correlation/><Execution ProcessID='1872' ThreadID='3648'/><Channel>Microsoft-Windows-Sysmon/Operational</Channel><Computer>DESKTOP-PC01</Computer><Security UserID='S-1-5-18'/></System><EventData><Data Name='RuleName'>-</Data><Data Name='UtcTime'>2021-11-21 13:02:54.263</Data><Data Name='ProcessGuid'>{10cf5a0f-437e-619a-2002-000000000700}</Data><Data Name='ProcessId'>4816</Data><Data Name='Image'>C:\\Windows\\System32\\cmd.exe</Data><Data Name='FileVersion'>10.0.18362.1 (WinBuild.160101.0800)</Data><Data Name='Description'>Windows Command Processor</Data><Data Name='Product'>Microsoft® Windows® Operating System</Data><Data Name='Company'>Microsoft Corporation</Data><Data Name='OriginalFileName'>Cmd.Exe</Data><Data Name='CommandLine'>\""C:\\Windows\\System32\\cmd.exe\"" /c rundll32.exe C:\\ProgramData\\www2.dll,ldr</Data><Data Name='CurrentDirectory'>C:\\Users\\pc01-user\\Downloads\\</Data><Data Name='User'>DESKTOP-PC01\\pc01-user</Data><Data Name='LogonGuid'>{10cf5a0f-4045-619a-54a4-010000000000}</Data><Data Name='LogonId'>0x1a454</Data><Data Name='TerminalSessionId'>1</Data><Data Name='IntegrityLevel'>Medium</Data><Data Name='Hashes'>MD5=9D59442313565C2E0860B88BF32B2277,SHA256=D0CEB18272966AB62B8EDFF100E9B4A6A3CB5DC0F2A32B2B18721FEA2D9C09A5,IMPHASH=272245E2988E1E430500B852C4FB5E18</Data><Data Name='ParentProcessGuid'>{10cf5a0f-4371-619a-1902-000000000700}</Data><Data Name='ParentProcessId'>572</Data><Data Name='ParentImage'>C:\\Windows\\System32\\cscript.exe</Data><Data Name='ParentCommandLine'>\""C:\\Windows\\System32\\cscript.exe\"" C:\\Users\\pc01-user\\AppData\\Roaming\\www.txt //E:VBScript //NoLogo %~f0 %*</Data><Data Name='ParentUser'>DESKTOP-PC01\\pc01-user</Data></EventData></Event>"",""source"":""XmlWinEventLog:Microsoft-Windows-Sysmon/Operational"",""host"":{""name"":""DESKTOP-PC01""},""sourcetype"":""XmlWinEventLog:Microsoft-Windows-Sysmon/Operational"",""index"":""default"",""cribl_pipe"":""passthru"",""@timestamp"":""2021-12-01T16:55:40.780Z""}","sysmon_events_summary_upload.csv",csv,"si-i-061ebfca0cf8b90c6.prd-p-s3zl2.splunkcloud.com",,"2021-12-01T16:55:40.780Z
none","<Event xmlns='http://schemas.microsoft.com/win/2004/08/events/event'><System><Provider Name='Microsoft-Windows-Sysmon' Guid='{5770385f-c22a-43e0-bf4c-06f5698ffbd9}'/><EventID>1</EventID><Version>5</Version><Level>4</Level><Task>1</Task><Opcode>0</Opcode><Keywords>0x8000000000000000</Keywords><TimeCreated SystemTime='2021-11-21T13:02:54.278957500Z'/><EventRecordID>311</EventRecordID><Correlation/><Execution ProcessID='1872' ThreadID='3648'/><Channel>Microsoft-Windows-Sysmon/Operational</Channel><Computer>DESKTOP-PC01</Computer><Security UserID='S-1-5-18'/></System><EventData><Data Name='RuleName'>-</Data><Data Name='UtcTime'>2021-11-21 13:02:54.263</Data><Data Name='ProcessGuid'>{10cf5a0f-437e-619a-2002-000000000700}</Data><Data Name='ProcessId'>4816</Data><Data Name='Image'>C:\\Windows\\System32\\cmd.exe</Data><Data Name='FileVersion'>10.0.18362.1 (WinBuild.160101.0800)</Data><Data Name='Description'>Windows Command Processor</Data><Data Name='Product'>Microsoft® Windows® Operating System</Data><Data Name='Company'>Microsoft Corporation</Data><Data Name='OriginalFileName'>Cmd.Exe</Data><Data Name='CommandLine'>\""""C:\\Windows\\System32\\cmd.exe\"""" /c rundll32.exe C:\\ProgramData\\www2.dll,ldr</Data><Data Name='CurrentDirectory'>C:\\Users\\pc01-user\\Downloads\\</Data><Data Name='User'>DESKTOP-PC01\\pc01-user</Data><Data Name='LogonGuid'>{10cf5a0f-4045-619a-54a4-010000000000}</Data><Data Name='LogonId'>0x1a454</Data><Data Name='TerminalSessionId'>1</Data><Data Name='IntegrityLevel'>Medium</Data><Data Name='Hashes'>MD5=9D59442313565C2E0860B88BF32B2277,SHA256=D0CEB18272966AB62B8EDFF100E9B4A6A3CB5DC0F2A32B2B18721FEA2D9C09A5,IMPHASH=272245E2988E1E430500B852C4FB5E18</Data><Data Name='ParentProcessGuid'>{10cf5a0f-4371-619a-1902-000000000700}</Data><Data Name='ParentProcessId'>572</Data><Data Name='ParentImage'>C:\\Windows\\System32\\cscript.exe</Data><Data Name='ParentCommandLine'>\""""C:\\Windows\\System32\\cscript.exe\"""" C:\\Users\\pc01-user\\AppData\\Roaming\\www.txt //E:VBScript //NoLogo %~f0 %*</Data><Data Name='ParentUser'>DESKTOP-PC01\\pc01-user</Data></EventData></Event>"
"Microsoft-Windows-Sysmon/Operational","\""""C:\\Windows\\System32\\cmd.exe\"""" /c rundll32.exe C:\\ProgramData\\www1.dll,ldr","DESKTOP-PC01",,,1,310,"http://schemas.microsoft.com/win/2004/08/events/event",1872,3648,"C:\\Windows\\System32\\cmd.exe",0x8000000000000000,4,0,"\""""C:\\Windows\\System32\\cscript.exe\"""" C:\\Users\\pc01-user\\AppData\\Roaming\\www.txt //E:VBScript //NoLogo %~f0 %*",,"{5770385f-c22a-43e0-bf4c-06f5698ffbd9}","Microsoft-Windows-Sysmon","S-1-5-18",,1,"2021-11-21T13:02:54.231221700Z","2021-11-21T13:02:54.231221700Z","2021-11-21 13:02:54.219",5,"""{""""_raw"""":""""<Event xmlns='http://schemas.microsoft.com/win/2004/08/events/event'><System><Provider Name='Microsoft-Windows-Sysmon' Guid='{5770385f-c22a-43e0-bf4c-06f5698ffbd9}'/><EventID>1</EventID><Version>5</Version><Level>4</Level><Task>1</Task><Opcode>0</Opcode><Keywords>0x8000000000000000</Keywords><TimeCreated SystemTime='2021-11-21T13:02:54.231221700Z'/><EventRecordID>310</EventRecordID><Correlation/><Execution ProcessID='1872' ThreadID='3648'/><Channel>Microsoft-Windows-Sysmon/Operational</Channel><Computer>DESKTOP-PC01</Computer><Security UserID='S-1-5-18'/></System><EventData><Data Name='RuleName'>-</Data><Data Name='UtcTime'>2021-11-21 13:02:54.219</Data><Data Name='ProcessGuid'>{10cf5a0f-437e-619a-1f02-000000000700}</Data><Data Name='ProcessId'>1080</Data><Data Name='Image'>C:\\Windows\\System32\\cmd.exe</Data><Data Name='FileVersion'>10.0.18362.1 (WinBuild.160101.0800)</Data><Data Name='Description'>Windows Command Processor</Data><Data Name='Product'>Microsoft® Windows® Operating System</Data><Data Name='Company'>Microsoft Corporation</Data><Data Name='OriginalFileName'>Cmd.Exe</Data><Data Name='CommandLine'>\""""C:\\Windows\\System32\\cmd.exe\"""" /c rundll32.exe C:\\ProgramData\\www1.dll,ldr</Data><Data Name='CurrentDirectory'>C:\\Users\\pc01-user\\Downloads\\</Data><Data Name='User'>DESKTOP-PC01\\pc01-user</Data><Data Name='LogonGuid'>{10cf5a0f-4045-619a-54a4-010000000000}</Data><Data Name='LogonId'>0x1a454</Data><Data Name='TerminalSessionId'>1</Data><Data Name='IntegrityLevel'>Medium</Data><Data Name='Hashes'>MD5=9D59442313565C2E0860B88BF32B2277,SHA256=D0CEB18272966AB62B8EDFF100E9B4A6A3CB5DC0F2A32B2B18721FEA2D9C09A5,IMPHASH=272245E2988E1E430500B852C4FB5E18</Data><Data Name='ParentProcessGuid'>{10cf5a0f-4371-619a-1902-000000000700}</Data><Data Name='ParentProcessId'>572</Data><Data Name='ParentImage'>C:\\Windows\\System32\\cscript.exe</Data><Data Name='ParentCommandLine'>\""""C:\\Windows\\System32\\cscript.exe\"""" C:\\Users\\pc01-user\\AppData\\Roaming\\www.txt //E:VBScript //NoLogo %~f0 %*</Data><Data Name='ParentUser'>DESKTOP-PC01\\pc01-user</Data></EventData></Event>"""",""""source"""":""""XmlWinEventLog:Microsoft-Windows-Sysmon/Operational"""",""""host"""":{""""name"""":""""DESKTOP-PC01""""},""""sourcetype"""":""""XmlWinEventLog:Microsoft-Windows-Sysmon/Operational"""",""""index"""":""""default"""",""""cribl_pipe"""":""""passthru"""",""""@timestamp"""":""""2021-12-01T16:55:40.780Z""""}"",""DESKTOP-PC01"",""sysmon_events.json
XmlWinEventLog:Microsoft-Windows-Sysmon/Operational"",1,""2021-11-21 13:02:54.219"",""2021-12-01T16:55:40.780Z"",""2021-11-21T13:02:54.231221700Z"",,,,""C:\Windows\System32\cmd.exe"",""""""C:\Windows\System32\cmd.exe"""" /c rundll32.exe C:\ProgramData\www1.dll,ldr"",""""""C:\Windows\System32\cscript.exe"""" C:\Users\pc01-user\AppData\Roaming\www.txt //E:VBScript //NoLogo %~f0 %*"",","2024-03-16T14:09:30.000+00:00",,"sysmon_events.json
XmlWinEventLog:Microsoft-Windows-Sysmon/Operational","si-i-061ebfca0cf8b90c6.prd-p-s3zl2.splunkcloud.com",main,2,"""{"""""""":""""<_='://../////'><><_='--'_='{----}'/><></","{""_raw"":""<Event xmlns='http://schemas.microsoft.com/win/2004/08/events/event'><System><Provider Name='Microsoft-Windows-Sysmon' Guid='{5770385f-c22a-43e0-bf4c-06f5698ffbd9}'/><EventID>1</EventID><Version>5</Version><Level>4</Level><Task>1</Task><Opcode>0</Opcode><Keywords>0x8000000000000000</Keywords><TimeCreated SystemTime='2021-11-21T13:02:54.231221700Z'/><EventRecordID>310</EventRecordID><Correlation/><Execution ProcessID='1872' ThreadID='3648'/><Channel>Microsoft-Windows-Sysmon/Operational</Channel><Computer>DESKTOP-PC01</Computer><Security UserID='S-1-5-18'/></System><EventData><Data Name='RuleName'>-</Data><Data Name='UtcTime'>2021-11-21 13:02:54.219</Data><Data Name='ProcessGuid'>{10cf5a0f-437e-619a-1f02-000000000700}</Data><Data Name='ProcessId'>1080</Data><Data Name='Image'>C:\\Windows\\System32\\cmd.exe</Data><Data Name='FileVersion'>10.0.18362.1 (WinBuild.160101.0800)</Data><Data Name='Description'>Windows Command Processor</Data><Data Name='Product'>Microsoft® Windows® Operating System</Data><Data Name='Company'>Microsoft Corporation</Data><Data Name='OriginalFileName'>Cmd.Exe</Data><Data Name='CommandLine'>\""C:\\Windows\\System32\\cmd.exe\"" /c rundll32.exe C:\\ProgramData\\www1.dll,ldr</Data><Data Name='CurrentDirectory'>C:\\Users\\pc01-user\\Downloads\\</Data><Data Name='User'>DESKTOP-PC01\\pc01-user</Data><Data Name='LogonGuid'>{10cf5a0f-4045-619a-54a4-010000000000}</Data><Data Name='LogonId'>0x1a454</Data><Data Name='TerminalSessionId'>1</Data><Data Name='IntegrityLevel'>Medium</Data><Data Name='Hashes'>MD5=9D59442313565C2E0860B88BF32B2277,SHA256=D0CEB18272966AB62B8EDFF100E9B4A6A3CB5DC0F2A32B2B18721FEA2D9C09A5,IMPHASH=272245E2988E1E430500B852C4FB5E18</Data><Data Name='ParentProcessGuid'>{10cf5a0f-4371-619a-1902-000000000700}</Data><Data Name='ParentProcessId'>572</Data><Data Name='ParentImage'>C:\\Windows\\System32\\cscript.exe</Data><Data Name='ParentCommandLine'>\""C:\\Windows\\System32\\cscript.exe\"" C:\\Users\\pc01-user\\AppData\\Roaming\\www.txt //E:VBScript //NoLogo %~f0 %*</Data><Data Name='ParentUser'>DESKTOP-PC01\\pc01-user</Data></EventData></Event>"",""source"":""XmlWinEventLog:Microsoft-Windows-Sysmon/Operational"",""host"":{""name"":""DESKTOP-PC01""},""sourcetype"":""XmlWinEventLog:Microsoft-Windows-Sysmon/Operational"",""index"":""default"",""cribl_pipe"":""passthru"",""@timestamp"":""2021-12-01T16:55:40.780Z""}","sysmon_events_summary_upload.csv",csv,"si-i-061ebfca0cf8b90c6.prd-p-s3zl2.splunkcloud.com",,"2021-12-01T16:55:40.780Z
none","<Event xmlns='http://schemas.microsoft.com/win/2004/08/events/event'><System><Provider Name='Microsoft-Windows-Sysmon' Guid='{5770385f-c22a-43e0-bf4c-06f5698ffbd9}'/><EventID>1</EventID><Version>5</Version><Level>4</Level><Task>1</Task><Opcode>0</Opcode><Keywords>0x8000000000000000</Keywords><TimeCreated SystemTime='2021-11-21T13:02:54.231221700Z'/><EventRecordID>310</EventRecordID><Correlation/><Execution ProcessID='1872' ThreadID='3648'/><Channel>Microsoft-Windows-Sysmon/Operational</Channel><Computer>DESKTOP-PC01</Computer><Security UserID='S-1-5-18'/></System><EventData><Data Name='RuleName'>-</Data><Data Name='UtcTime'>2021-11-21 13:02:54.219</Data><Data Name='ProcessGuid'>{10cf5a0f-437e-619a-1f02-000000000700}</Data><Data Name='ProcessId'>1080</Data><Data Name='Image'>C:\\Windows\\System32\\cmd.exe</Data><Data Name='FileVersion'>10.0.18362.1 (WinBuild.160101.0800)</Data><Data Name='Description'>Windows Command Processor</Data><Data Name='Product'>Microsoft® Windows® Operating System</Data><Data Name='Company'>Microsoft Corporation</Data><Data Name='OriginalFileName'>Cmd.Exe</Data><Data Name='CommandLine'>\""""C:\\Windows\\System32\\cmd.exe\"""" /c rundll32.exe C:\\ProgramData\\www1.dll,ldr</Data><Data Name='CurrentDirectory'>C:\\Users\\pc01-user\\Downloads\\</Data><Data Name='User'>DESKTOP-PC01\\pc01-user</Data><Data Name='LogonGuid'>{10cf5a0f-4045-619a-54a4-010000000000}</Data><Data Name='LogonId'>0x1a454</Data><Data Name='TerminalSessionId'>1</Data><Data Name='IntegrityLevel'>Medium</Data><Data Name='Hashes'>MD5=9D59442313565C2E0860B88BF32B2277,SHA256=D0CEB18272966AB62B8EDFF100E9B4A6A3CB5DC0F2A32B2B18721FEA2D9C09A5,IMPHASH=272245E2988E1E430500B852C4FB5E18</Data><Data Name='ParentProcessGuid'>{10cf5a0f-4371-619a-1902-000000000700}</Data><Data Name='ParentProcessId'>572</Data><Data Name='ParentImage'>C:\\Windows\\System32\\cscript.exe</Data><Data Name='ParentCommandLine'>\""""C:\\Windows\\System32\\cscript.exe\"""" C:\\Users\\pc01-user\\AppData\\Roaming\\www.txt //E:VBScript //NoLogo %~f0 %*</Data><Data Name='ParentUser'>DESKTOP-PC01\\pc01-user</Data></EventData></Event>"
"Microsoft-Windows-Sysmon/Operational","C:\\Windows\\system32\\svchost.exe -k PrintWorkflow","DESKTOP-PC01",,,1,309,"http://schemas.microsoft.com/win/2004/08/events/event",1872,3648,"C:\\Windows\\System32\\svchost.exe",0x8000000000000000,4,0,"C:\\Windows\\system32\\services.exe",,"{5770385f-c22a-43e0-bf4c-06f5698ffbd9}","Microsoft-Windows-Sysmon","S-1-5-18",,1,"2021-11-21T13:02:48.798193000Z","2021-11-21T13:02:48.798193000Z","2021-11-21 13:02:48.780",5,"""{""""_raw"""":""""<Event xmlns='http://schemas.microsoft.com/win/2004/08/events/event'><System><Provider Name='Microsoft-Windows-Sysmon' Guid='{5770385f-c22a-43e0-bf4c-06f5698ffbd9}'/><EventID>1</EventID><Version>5</Version><Level>4</Level><Task>1</Task><Opcode>0</Opcode><Keywords>0x8000000000000000</Keywords><TimeCreated SystemTime='2021-11-21T13:02:48.798193000Z'/><EventRecordID>309</EventRecordID><Correlation/><Execution ProcessID='1872' ThreadID='3648'/><Channel>Microsoft-Windows-Sysmon/Operational</Channel><Computer>DESKTOP-PC01</Computer><Security UserID='S-1-5-18'/></System><EventData><Data Name='RuleName'>-</Data><Data Name='UtcTime'>2021-11-21 13:02:48.780</Data><Data Name='ProcessGuid'>{10cf5a0f-4378-619a-1e02-000000000700}</Data><Data Name='ProcessId'>6020</Data><Data Name='Image'>C:\\Windows\\System32\\svchost.exe</Data><Data Name='FileVersion'>10.0.18362.1 (WinBuild.160101.0800)</Data><Data Name='Description'>Host Process for Windows Services</Data><Data Name='Product'>Microsoft® Windows® Operating System</Data><Data Name='Company'>Microsoft Corporation</Data><Data Name='OriginalFileName'>svchost.exe</Data><Data Name='CommandLine'>C:\\Windows\\system32\\svchost.exe -k PrintWorkflow</Data><Data Name='CurrentDirectory'>C:\\Windows\\system32\\</Data><Data Name='User'>DESKTOP-PC01\\pc01-user</Data><Data Name='LogonGuid'>{10cf5a0f-4045-619a-54a4-010000000000}</Data><Data Name='LogonId'>0x1a454</Data><Data Name='TerminalSessionId'>1</Data><Data Name='IntegrityLevel'>Medium</Data><Data Name='Hashes'>MD5=9520A99E77D6196D0D09833146424113,SHA256=DD191A5B23DF92E12A8852291F9FB5ED594B76A28A5A464418442584AFD1E048,IMPHASH=247B9220E5D9B720A82B2C8B5069AD69</Data><Data Name='ParentProcessGuid'>{10cf5a0f-4043-619a-0b00-000000000700}</Data><Data Name='ParentProcessId'>672</Data><Data Name='ParentImage'>C:\\Windows\\System32\\services.exe</Data><Data Name='ParentCommandLine'>C:\\Windows\\system32\\services.exe</Data><Data Name='ParentUser'>NT AUTHORITY\\SYSTEM</Data></EventData></Event>"""",""""source"""":""""XmlWinEventLog:Microsoft-Windows-Sysmon/Operational"""",""""host"""":{""""name"""":""""DESKTOP-PC01""""},""""sourcetype"""":""""XmlWinEventLog:Microsoft-Windows-Sysmon/Operational"""",""""index"""":""""default"""",""""cribl_pipe"""":""""passthru"""",""""@timestamp"""":""""2021-12-01T16:55:40.780Z""""}"",""DESKTOP-PC01"",""sysmon_events.json
XmlWinEventLog:Microsoft-Windows-Sysmon/Operational"",1,""2021-11-21 13:02:48.780"",""2021-12-01T16:55:40.780Z"",""2021-11-21T13:02:48.798193000Z"",,,,""C:\Windows\System32\svchost.exe"",""C:\Windows\system32\svchost.exe -k PrintWorkflow"",""C:\Windows\system32\services.exe"",","2024-03-16T14:09:30.000+00:00",,"sysmon_events.json
XmlWinEventLog:Microsoft-Windows-Sysmon/Operational","si-i-061ebfca0cf8b90c6.prd-p-s3zl2.splunkcloud.com",main,2,"""{"""""""":""""<_='://../////'><><_='--'_='{----}'/><></","{""_raw"":""<Event xmlns='http://schemas.microsoft.com/win/2004/08/events/event'><System><Provider Name='Microsoft-Windows-Sysmon' Guid='{5770385f-c22a-43e0-bf4c-06f5698ffbd9}'/><EventID>1</EventID><Version>5</Version><Level>4</Level><Task>1</Task><Opcode>0</Opcode><Keywords>0x8000000000000000</Keywords><TimeCreated SystemTime='2021-11-21T13:02:48.798193000Z'/><EventRecordID>309</EventRecordID><Correlation/><Execution ProcessID='1872' ThreadID='3648'/><Channel>Microsoft-Windows-Sysmon/Operational</Channel><Computer>DESKTOP-PC01</Computer><Security UserID='S-1-5-18'/></System><EventData><Data Name='RuleName'>-</Data><Data Name='UtcTime'>2021-11-21 13:02:48.780</Data><Data Name='ProcessGuid'>{10cf5a0f-4378-619a-1e02-000000000700}</Data><Data Name='ProcessId'>6020</Data><Data Name='Image'>C:\\Windows\\System32\\svchost.exe</Data><Data Name='FileVersion'>10.0.18362.1 (WinBuild.160101.0800)</Data><Data Name='Description'>Host Process for Windows Services</Data><Data Name='Product'>Microsoft® Windows® Operating System</Data><Data Name='Company'>Microsoft Corporation</Data><Data Name='OriginalFileName'>svchost.exe</Data><Data Name='CommandLine'>C:\\Windows\\system32\\svchost.exe -k PrintWorkflow</Data><Data Name='CurrentDirectory'>C:\\Windows\\system32\\</Data><Data Name='User'>DESKTOP-PC01\\pc01-user</Data><Data Name='LogonGuid'>{10cf5a0f-4045-619a-54a4-010000000000}</Data><Data Name='LogonId'>0x1a454</Data><Data Name='TerminalSessionId'>1</Data><Data Name='IntegrityLevel'>Medium</Data><Data Name='Hashes'>MD5=9520A99E77D6196D0D09833146424113,SHA256=DD191A5B23DF92E12A8852291F9FB5ED594B76A28A5A464418442584AFD1E048,IMPHASH=247B9220E5D9B720A82B2C8B5069AD69</Data><Data Name='ParentProcessGuid'>{10cf5a0f-4043-619a-0b00-000000000700}</Data><Data Name='ParentProcessId'>672</Data><Data Name='ParentImage'>C:\\Windows\\System32\\services.exe</Data><Data Name='ParentCommandLine'>C:\\Windows\\system32\\services.exe</Data><Data Name='ParentUser'>NT AUTHORITY\\SYSTEM</Data></EventData></Event>"",""source"":""XmlWinEventLog:Microsoft-Windows-Sysmon/Operational"",""host"":{""name"":""DESKTOP-PC01""},""sourcetype"":""XmlWinEventLog:Microsoft-Windows-Sysmon/Operational"",""index"":""default"",""cribl_pipe"":""passthru"",""@timestamp"":""2021-12-01T16:55:40.780Z""}","sysmon_events_summary_upload.csv",csv,"si-i-061ebfca0cf8b90c6.prd-p-s3zl2.splunkcloud.com",,"2021-12-01T16:55:40.780Z
none","<Event xmlns='http://schemas.microsoft.com/win/2004/08/events/event'><System><Provider Name='Microsoft-Windows-Sysmon' Guid='{5770385f-c22a-43e0-bf4c-06f5698ffbd9}'/><EventID>1</EventID><Version>5</Version><Level>4</Level><Task>1</Task><Opcode>0</Opcode><Keywords>0x8000000000000000</Keywords><TimeCreated SystemTime='2021-11-21T13:02:48.798193000Z'/><EventRecordID>309</EventRecordID><Correlation/><Execution ProcessID='1872' ThreadID='3648'/><Channel>Microsoft-Windows-Sysmon/Operational</Channel><Computer>DESKTOP-PC01</Computer><Security UserID='S-1-5-18'/></System><EventData><Data Name='RuleName'>-</Data><Data Name='UtcTime'>2021-11-21 13:02:48.780</Data><Data Name='ProcessGuid'>{10cf5a0f-4378-619a-1e02-000000000700}</Data><Data Name='ProcessId'>6020</Data><Data Name='Image'>C:\\Windows\\System32\\svchost.exe</Data><Data Name='FileVersion'>10.0.18362.1 (WinBuild.160101.0800)</Data><Data Name='Description'>Host Process for Windows Services</Data><Data Name='Product'>Microsoft® Windows® Operating System</Data><Data Name='Company'>Microsoft Corporation</Data><Data Name='OriginalFileName'>svchost.exe</Data><Data Name='CommandLine'>C:\\Windows\\system32\\svchost.exe -k PrintWorkflow</Data><Data Name='CurrentDirectory'>C:\\Windows\\system32\\</Data><Data Name='User'>DESKTOP-PC01\\pc01-user</Data><Data Name='LogonGuid'>{10cf5a0f-4045-619a-54a4-010000000000}</Data><Data Name='LogonId'>0x1a454</Data><Data Name='TerminalSessionId'>1</Data><Data Name='IntegrityLevel'>Medium</Data><Data Name='Hashes'>MD5=9520A99E77D6196D0D09833146424113,SHA256=DD191A5B23DF92E12A8852291F9FB5ED594B76A28A5A464418442584AFD1E048,IMPHASH=247B9220E5D9B720A82B2C8B5069AD69</Data><Data Name='ParentProcessGuid'>{10cf5a0f-4043-619a-0b00-000000000700}</Data><Data Name='ParentProcessId'>672</Data><Data Name='ParentImage'>C:\\Windows\\System32\\services.exe</Data><Data Name='ParentCommandLine'>C:\\Windows\\system32\\services.exe</Data><Data Name='ParentUser'>NT AUTHORITY\\SYSTEM</Data></EventData></Event>"
"Microsoft-Windows-Sysmon/Operational","C:\\Windows\\splwow64.exe 8192","DESKTOP-PC01",,,1,308,"http://schemas.microsoft.com/win/2004/08/events/event",1872,3648,"C:\\Windows\\splwow64.exe",0x8000000000000000,4,0,"\""""C:\\Program Files\\Microsoft Office\\Office14\\WINWORD.EXE\"""" /n \""""C:\\Users\\pc01-user\\Downloads\\critical_list.doc\""""",,"{5770385f-c22a-43e0-bf4c-06f5698ffbd9}","Microsoft-Windows-Sysmon","S-1-5-18",,1,"2021-11-21T13:02:48.107198000Z","2021-11-21T13:02:48.107198000Z","2021-11-21 13:02:48.090",5,"""{""""_raw"""":""""<Event xmlns='http://schemas.microsoft.com/win/2004/08/events/event'><System><Provider Name='Microsoft-Windows-Sysmon' Guid='{5770385f-c22a-43e0-bf4c-06f5698ffbd9}'/><EventID>1</EventID><Version>5</Version><Level>4</Level><Task>1</Task><Opcode>0</Opcode><Keywords>0x8000000000000000</Keywords><TimeCreated SystemTime='2021-11-21T13:02:48.107198000Z'/><EventRecordID>308</EventRecordID><Correlation/><Execution ProcessID='1872' ThreadID='3648'/><Channel>Microsoft-Windows-Sysmon/Operational</Channel><Computer>DESKTOP-PC01</Computer><Security UserID='S-1-5-18'/></System><EventData><Data Name='RuleName'>-</Data><Data Name='UtcTime'>2021-11-21 13:02:48.090</Data><Data Name='ProcessGuid'>{10cf5a0f-4378-619a-1d02-000000000700}</Data><Data Name='ProcessId'>1752</Data><Data Name='Image'>C:\\Windows\\splwow64.exe</Data><Data Name='FileVersion'>10.0.18362.1 (WinBuild.160101.0800)</Data><Data Name='Description'>Print driver host for applications</Data><Data Name='Product'>Microsoft® Windows® Operating System</Data><Data Name='Company'>Microsoft Corporation</Data><Data Name='OriginalFileName'>splwow64.exe</Data><Data Name='CommandLine'>C:\\Windows\\splwow64.exe 8192</Data><Data Name='CurrentDirectory'>C:\\Windows\\</Data><Data Name='User'>DESKTOP-PC01\\pc01-user</Data><Data Name='LogonGuid'>{10cf5a0f-4045-619a-54a4-010000000000}</Data><Data Name='LogonId'>0x1a454</Data><Data Name='TerminalSessionId'>1</Data><Data Name='IntegrityLevel'>Medium</Data><Data Name='Hashes'>MD5=D9B33378D64EDA8D4D3860044C2A9C70,SHA256=74B098DA38C7C0961E7960372CDA4D75BE9FDBE513E3F376595ED3F1F55DF6DF,IMPHASH=BB4A4E0A5C490E9DC4C9BF373D974218</Data><Data Name='ParentProcessGuid'>{10cf5a0f-4359-619a-1402-000000000700}</Data><Data Name='ParentProcessId'>5756</Data><Data Name='ParentImage'>C:\\Program Files\\Microsoft Office\\Office14\\WINWORD.EXE</Data><Data Name='ParentCommandLine'>\""""C:\\Program Files\\Microsoft Office\\Office14\\WINWORD.EXE\"""" /n \""""C:\\Users\\pc01-user\\Downloads\\critical_list.doc\""""</Data><Data Name='ParentUser'>DESKTOP-PC01\\pc01-user</Data></EventData></Event>"""",""""source"""":""""XmlWinEventLog:Microsoft-Windows-Sysmon/Operational"""",""""host"""":{""""name"""":""""DESKTOP-PC01""""},""""sourcetype"""":""""XmlWinEventLog:Microsoft-Windows-Sysmon/Operational"""",""""index"""":""""default"""",""""cribl_pipe"""":""""passthru"""",""""@timestamp"""":""""2021-12-01T16:55:40.780Z""""}"",""DESKTOP-PC01"",""sysmon_events.json
XmlWinEventLog:Microsoft-Windows-Sysmon/Operational"",1,""2021-11-21 13:02:48.090"",""2021-12-01T16:55:40.780Z"",""2021-11-21T13:02:48.107198000Z"",,,,""C:\Windows\splwow64.exe"",""C:\Windows\splwow64.exe 8192"",""""""C:\Program Files\Microsoft Office\Office14\WINWORD.EXE"""" /n """"C:\Users\pc01-user\Downloads\critical_list.doc"""""",","2024-03-16T14:09:30.000+00:00",,"sysmon_events.json
XmlWinEventLog:Microsoft-Windows-Sysmon/Operational","si-i-061ebfca0cf8b90c6.prd-p-s3zl2.splunkcloud.com",main,2,"""{"""""""":""""<_='://../////'><><_='--'_='{----}'/><></","{""_raw"":""<Event xmlns='http://schemas.microsoft.com/win/2004/08/events/event'><System><Provider Name='Microsoft-Windows-Sysmon' Guid='{5770385f-c22a-43e0-bf4c-06f5698ffbd9}'/><EventID>1</EventID><Version>5</Version><Level>4</Level><Task>1</Task><Opcode>0</Opcode><Keywords>0x8000000000000000</Keywords><TimeCreated SystemTime='2021-11-21T13:02:48.107198000Z'/><EventRecordID>308</EventRecordID><Correlation/><Execution ProcessID='1872' ThreadID='3648'/><Channel>Microsoft-Windows-Sysmon/Operational</Channel><Computer>DESKTOP-PC01</Computer><Security UserID='S-1-5-18'/></System><EventData><Data Name='RuleName'>-</Data><Data Name='UtcTime'>2021-11-21 13:02:48.090</Data><Data Name='ProcessGuid'>{10cf5a0f-4378-619a-1d02-000000000700}</Data><Data Name='ProcessId'>1752</Data><Data Name='Image'>C:\\Windows\\splwow64.exe</Data><Data Name='FileVersion'>10.0.18362.1 (WinBuild.160101.0800)</Data><Data Name='Description'>Print driver host for applications</Data><Data Name='Product'>Microsoft® Windows® Operating System</Data><Data Name='Company'>Microsoft Corporation</Data><Data Name='OriginalFileName'>splwow64.exe</Data><Data Name='CommandLine'>C:\\Windows\\splwow64.exe 8192</Data><Data Name='CurrentDirectory'>C:\\Windows\\</Data><Data Name='User'>DESKTOP-PC01\\pc01-user</Data><Data Name='LogonGuid'>{10cf5a0f-4045-619a-54a4-010000000000}</Data><Data Name='LogonId'>0x1a454</Data><Data Name='TerminalSessionId'>1</Data><Data Name='IntegrityLevel'>Medium</Data><Data Name='Hashes'>MD5=D9B33378D64EDA8D4D3860044C2A9C70,SHA256=74B098DA38C7C0961E7960372CDA4D75BE9FDBE513E3F376595ED3F1F55DF6DF,IMPHASH=BB4A4E0A5C490E9DC4C9BF373D974218</Data><Data Name='ParentProcessGuid'>{10cf5a0f-4359-619a-1402-000000000700}</Data><Data Name='ParentProcessId'>5756</Data><Data Name='ParentImage'>C:\\Program Files\\Microsoft Office\\Office14\\WINWORD.EXE</Data><Data Name='ParentCommandLine'>\""C:\\Program Files\\Microsoft Office\\Office14\\WINWORD.EXE\"" /n \""C:\\Users\\pc01-user\\Downloads\\critical_list.doc\""</Data><Data Name='ParentUser'>DESKTOP-PC01\\pc01-user</Data></EventData></Event>"",""source"":""XmlWinEventLog:Microsoft-Windows-Sysmon/Operational"",""host"":{""name"":""DESKTOP-PC01""},""sourcetype"":""XmlWinEventLog:Microsoft-Windows-Sysmon/Operational"",""index"":""default"",""cribl_pipe"":""passthru"",""@timestamp"":""2021-12-01T16:55:40.780Z""}","sysmon_events_summary_upload.csv",csv,"si-i-061ebfca0cf8b90c6.prd-p-s3zl2.splunkcloud.com",,"2021-12-01T16:55:40.780Z
none","<Event xmlns='http://schemas.microsoft.com/win/2004/08/events/event'><System><Provider Name='Microsoft-Windows-Sysmon' Guid='{5770385f-c22a-43e0-bf4c-06f5698ffbd9}'/><EventID>1</EventID><Version>5</Version><Level>4</Level><Task>1</Task><Opcode>0</Opcode><Keywords>0x8000000000000000</Keywords><TimeCreated SystemTime='2021-11-21T13:02:48.107198000Z'/><EventRecordID>308</EventRecordID><Correlation/><Execution ProcessID='1872' ThreadID='3648'/><Channel>Microsoft-Windows-Sysmon/Operational</Channel><Computer>DESKTOP-PC01</Computer><Security UserID='S-1-5-18'/></System><EventData><Data Name='RuleName'>-</Data><Data Name='UtcTime'>2021-11-21 13:02:48.090</Data><Data Name='ProcessGuid'>{10cf5a0f-4378-619a-1d02-000000000700}</Data><Data Name='ProcessId'>1752</Data><Data Name='Image'>C:\\Windows\\splwow64.exe</Data><Data Name='FileVersion'>10.0.18362.1 (WinBuild.160101.0800)</Data><Data Name='Description'>Print driver host for applications</Data><Data Name='Product'>Microsoft® Windows® Operating System</Data><Data Name='Company'>Microsoft Corporation</Data><Data Name='OriginalFileName'>splwow64.exe</Data><Data Name='CommandLine'>C:\\Windows\\splwow64.exe 8192</Data><Data Name='CurrentDirectory'>C:\\Windows\\</Data><Data Name='User'>DESKTOP-PC01\\pc01-user</Data><Data Name='LogonGuid'>{10cf5a0f-4045-619a-54a4-010000000000}</Data><Data Name='LogonId'>0x1a454</Data><Data Name='TerminalSessionId'>1</Data><Data Name='IntegrityLevel'>Medium</Data><Data Name='Hashes'>MD5=D9B33378D64EDA8D4D3860044C2A9C70,SHA256=74B098DA38C7C0961E7960372CDA4D75BE9FDBE513E3F376595ED3F1F55DF6DF,IMPHASH=BB4A4E0A5C490E9DC4C9BF373D974218</Data><Data Name='ParentProcessGuid'>{10cf5a0f-4359-619a-1402-000000000700}</Data><Data Name='ParentProcessId'>5756</Data><Data Name='ParentImage'>C:\\Program Files\\Microsoft Office\\Office14\\WINWORD.EXE</Data><Data Name='ParentCommandLine'>\""""C:\\Program Files\\Microsoft Office\\Office14\\WINWORD.EXE\"""" /n \""""C:\\Users\\pc01-user\\Downloads\\critical_list.doc\""""</Data><Data Name='ParentUser'>DESKTOP-PC01\\pc01-user</Data></EventData></Event>"
"Microsoft-Windows-Sysmon/Operational",,"DESKTOP-PC01",,,22,307,"http://schemas.microsoft.com/win/2004/08/events/event",1872,7904,"C:\\Windows\\SystemApps\\Microsoft.MicrosoftEdge_8wekyb3d8bbwe\\MicrosoftEdge.exe",0x8000000000000000,4,0,,,"{5770385f-c22a-43e0-bf4c-06f5698ffbd9}","Microsoft-Windows-Sysmon","S-1-5-18",,22,"2021-11-21T13:02:45.792605000Z","2021-11-21T13:02:45.792605000Z","2021-11-21 13:02:44.365",5,"""{""""_raw"""":""""<Event xmlns='http://schemas.microsoft.com/win/2004/08/events/event'><System><Provider Name='Microsoft-Windows-Sysmon' Guid='{5770385f-c22a-43e0-bf4c-06f5698ffbd9}'/><EventID>22</EventID><Version>5</Version><Level>4</Level><Task>22</Task><Opcode>0</Opcode><Keywords>0x8000000000000000</Keywords><TimeCreated SystemTime='2021-11-21T13:02:45.792605000Z'/><EventRecordID>307</EventRecordID><Correlation/><Execution ProcessID='1872' ThreadID='7904'/><Channel>Microsoft-Windows-Sysmon/Operational</Channel><Computer>DESKTOP-PC01</Computer><Security UserID='S-1-5-18'/></System><EventData><Data Name='RuleName'>-</Data><Data Name='UtcTime'>2021-11-21 13:02:44.365</Data><Data Name='ProcessGuid'>{10cf5a0f-4059-619a-6300-000000000700}</Data><Data Name='ProcessId'>5488</Data><Data Name='QueryName'>bing.com</Data><Data Name='QueryStatus'>0</Data><Data Name='QueryResults'>::ffff:204.79.197.200;::ffff:13.107.21.200;</Data><Data Name='Image'>C:\\Windows\\SystemApps\\Microsoft.MicrosoftEdge_8wekyb3d8bbwe\\MicrosoftEdge.exe</Data><Data Name='User'>DESKTOP-PC01\\pc01-user</Data></EventData></Event>"""",""""source"""":""""XmlWinEventLog:Microsoft-Windows-Sysmon/Operational"""",""""host"""":{""""name"""":""""DESKTOP-PC01""""},""""sourcetype"""":""""XmlWinEventLog:Microsoft-Windows-Sysmon/Operational"""",""""index"""":""""default"""",""""cribl_pipe"""":""""passthru"""",""""@timestamp"""":""""2021-12-01T16:55:40.780Z""""}"",""DESKTOP-PC01"",""sysmon_events.json
XmlWinEventLog:Microsoft-Windows-Sysmon/Operational"",22,""2021-11-21 13:02:44.365"",""2021-12-01T16:55:40.780Z"",""2021-11-21T13:02:45.792605000Z"",,,,""C:\Windows\SystemApps\Microsoft.MicrosoftEdge_8wekyb3d8bbwe\MicrosoftEdge.exe"",,,","2024-03-16T14:09:30.000+00:00",,"sysmon_events.json
XmlWinEventLog:Microsoft-Windows-Sysmon/Operational","si-i-061ebfca0cf8b90c6.prd-p-s3zl2.splunkcloud.com",main,2,"""{"""""""":""""<_='://../////'><><_='--'_='{----}'/><></","{""_raw"":""<Event xmlns='http://schemas.microsoft.com/win/2004/08/events/event'><System><Provider Name='Microsoft-Windows-Sysmon' Guid='{5770385f-c22a-43e0-bf4c-06f5698ffbd9}'/><EventID>22</EventID><Version>5</Version><Level>4</Level><Task>22</Task><Opcode>0</Opcode><Keywords>0x8000000000000000</Keywords><TimeCreated SystemTime='2021-11-21T13:02:45.792605000Z'/><EventRecordID>307</EventRecordID><Correlation/><Execution ProcessID='1872' ThreadID='7904'/><Channel>Microsoft-Windows-Sysmon/Operational</Channel><Computer>DESKTOP-PC01</Computer><Security UserID='S-1-5-18'/></System><EventData><Data Name='RuleName'>-</Data><Data Name='UtcTime'>2021-11-21 13:02:44.365</Data><Data Name='ProcessGuid'>{10cf5a0f-4059-619a-6300-000000000700}</Data><Data Name='ProcessId'>5488</Data><Data Name='QueryName'>bing.com</Data><Data Name='QueryStatus'>0</Data><Data Name='QueryResults'>::ffff:204.79.197.200;::ffff:13.107.21.200;</Data><Data Name='Image'>C:\\Windows\\SystemApps\\Microsoft.MicrosoftEdge_8wekyb3d8bbwe\\MicrosoftEdge.exe</Data><Data Name='User'>DESKTOP-PC01\\pc01-user</Data></EventData></Event>"",""source"":""XmlWinEventLog:Microsoft-Windows-Sysmon/Operational"",""host"":{""name"":""DESKTOP-PC01""},""sourcetype"":""XmlWinEventLog:Microsoft-Windows-Sysmon/Operational"",""index"":""default"",""cribl_pipe"":""passthru"",""@timestamp"":""2021-12-01T16:55:40.780Z""}","sysmon_events_summary_upload.csv",csv,"si-i-061ebfca0cf8b90c6.prd-p-s3zl2.splunkcloud.com",,"2021-12-01T16:55:40.780Z
none","<Event xmlns='http://schemas.microsoft.com/win/2004/08/events/event'><System><Provider Name='Microsoft-Windows-Sysmon' Guid='{5770385f-c22a-43e0-bf4c-06f5698ffbd9}'/><EventID>22</EventID><Version>5</Version><Level>4</Level><Task>22</Task><Opcode>0</Opcode><Keywords>0x8000000000000000</Keywords><TimeCreated SystemTime='2021-11-21T13:02:45.792605000Z'/><EventRecordID>307</EventRecordID><Correlation/><Execution ProcessID='1872' ThreadID='7904'/><Channel>Microsoft-Windows-Sysmon/Operational</Channel><Computer>DESKTOP-PC01</Computer><Security UserID='S-1-5-18'/></System><EventData><Data Name='RuleName'>-</Data><Data Name='UtcTime'>2021-11-21 13:02:44.365</Data><Data Name='ProcessGuid'>{10cf5a0f-4059-619a-6300-000000000700}</Data><Data Name='ProcessId'>5488</Data><Data Name='QueryName'>bing.com</Data><Data Name='QueryStatus'>0</Data><Data Name='QueryResults'>::ffff:204.79.197.200;::ffff:13.107.21.200;</Data><Data Name='Image'>C:\\Windows\\SystemApps\\Microsoft.MicrosoftEdge_8wekyb3d8bbwe\\MicrosoftEdge.exe</Data><Data Name='User'>DESKTOP-PC01\\pc01-user</Data></EventData></Event>"
"Microsoft-Windows-Sysmon/Operational","\""""C:\\Windows\\System32\\WindowsPowerShell\\v1.0\\powershell.exe\"""" -ExecutionPolicy  Bypass &amp; C:\\Users\\pc01-user\\AppData\\Roaming\\www.ps1","DESKTOP-PC01",,,1,306,"http://schemas.microsoft.com/win/2004/08/events/event",1872,3648,"C:\\Windows\\System32\\WindowsPowerShell\\v1.0\\powershell.exe",0x8000000000000000,4,0,"\""""C:\\Windows\\System32\\cscript.exe\"""" C:\\Users\\pc01-user\\AppData\\Roaming\\www.txt //E:VBScript //NoLogo %~f0 %*",,"{5770385f-c22a-43e0-bf4c-06f5698ffbd9}","Microsoft-Windows-Sysmon","S-1-5-18",,1,"2021-11-21T13:02:43.173773000Z","2021-11-21T13:02:43.173773000Z","2021-11-21 13:02:43.152",5,"""{""""_raw"""":""""<Event xmlns='http://schemas.microsoft.com/win/2004/08/events/event'><System><Provider Name='Microsoft-Windows-Sysmon' Guid='{5770385f-c22a-43e0-bf4c-06f5698ffbd9}'/><EventID>1</EventID><Version>5</Version><Level>4</Level><Task>1</Task><Opcode>0</Opcode><Keywords>0x8000000000000000</Keywords><TimeCreated SystemTime='2021-11-21T13:02:43.173773000Z'/><EventRecordID>306</EventRecordID><Correlation/><Execution ProcessID='1872' ThreadID='3648'/><Channel>Microsoft-Windows-Sysmon/Operational</Channel><Computer>DESKTOP-PC01</Computer><Security UserID='S-1-5-18'/></System><EventData><Data Name='RuleName'>-</Data><Data Name='UtcTime'>2021-11-21 13:02:43.152</Data><Data Name='ProcessGuid'>{10cf5a0f-4373-619a-1b02-000000000700}</Data><Data Name='ProcessId'>5156</Data><Data Name='Image'>C:\\Windows\\System32\\WindowsPowerShell\\v1.0\\powershell.exe</Data><Data Name='FileVersion'>10.0.18362.1 (WinBuild.160101.0800)</Data><Data Name='Description'>Windows PowerShell</Data><Data Name='Product'>Microsoft® Windows® Operating System</Data><Data Name='Company'>Microsoft Corporation</Data><Data Name='OriginalFileName'>PowerShell.EXE</Data><Data Name='CommandLine'>\""""C:\\Windows\\System32\\WindowsPowerShell\\v1.0\\powershell.exe\"""" -ExecutionPolicy  Bypass &amp; C:\\Users\\pc01-user\\AppData\\Roaming\\www.ps1</Data><Data Name='CurrentDirectory'>C:\\Users\\pc01-user\\Downloads\\</Data><Data Name='User'>DESKTOP-PC01\\pc01-user</Data><Data Name='LogonGuid'>{10cf5a0f-4045-619a-54a4-010000000000}</Data><Data Name='LogonId'>0x1a454</Data><Data Name='TerminalSessionId'>1</Data><Data Name='IntegrityLevel'>Medium</Data><Data Name='Hashes'>MD5=CDA48FC75952AD12D99E526D0B6BF70A,SHA256=908B64B1971A979C7E3E8CE4621945CBA84854CB98D76367B791A6E22B5F6D53,IMPHASH=A7CEFACDDA74B13CD330390769752481</Data><Data Name='ParentProcessGuid'>{10cf5a0f-4371-619a-1902-000000000700}</Data><Data Name='ParentProcessId'>572</Data><Data Name='ParentImage'>C:\\Windows\\System32\\cscript.exe</Data><Data Name='ParentCommandLine'>\""""C:\\Windows\\System32\\cscript.exe\"""" C:\\Users\\pc01-user\\AppData\\Roaming\\www.txt //E:VBScript //NoLogo %~f0 %*</Data><Data Name='ParentUser'>DESKTOP-PC01\\pc01-user</Data></EventData></Event>"""",""""source"""":""""XmlWinEventLog:Microsoft-Windows-Sysmon/Operational"""",""""host"""":{""""name"""":""""DESKTOP-PC01""""},""""sourcetype"""":""""XmlWinEventLog:Microsoft-Windows-Sysmon/Operational"""",""""index"""":""""default"""",""""cribl_pipe"""":""""passthru"""",""""@timestamp"""":""""2021-12-01T16:55:40.780Z""""}"",""DESKTOP-PC01"",""sysmon_events.json
XmlWinEventLog:Microsoft-Windows-Sysmon/Operational"",1,""2021-11-21 13:02:43.152"",""2021-12-01T16:55:40.780Z"",""2021-11-21T13:02:43.173773000Z"",,,,""C:\Windows\System32\WindowsPowerShell\v1.0\powershell.exe"",""""""C:\Windows\System32\WindowsPowerShell\v1.0\powershell.exe"""" -ExecutionPolicy  Bypass &amp; C:\Users\pc01-user\AppData\Roaming\www.ps1"",""""""C:\Windows\System32\cscript.exe"""" C:\Users\pc01-user\AppData\Roaming\www.txt //E:VBScript //NoLogo %~f0 %*"",","2024-03-16T14:09:30.000+00:00",,"sysmon_events.json
XmlWinEventLog:Microsoft-Windows-Sysmon/Operational","si-i-061ebfca0cf8b90c6.prd-p-s3zl2.splunkcloud.com",main,2,"""{"""""""":""""<_='://../////'><><_='--'_='{----}'/><></","{""_raw"":""<Event xmlns='http://schemas.microsoft.com/win/2004/08/events/event'><System><Provider Name='Microsoft-Windows-Sysmon' Guid='{5770385f-c22a-43e0-bf4c-06f5698ffbd9}'/><EventID>1</EventID><Version>5</Version><Level>4</Level><Task>1</Task><Opcode>0</Opcode><Keywords>0x8000000000000000</Keywords><TimeCreated SystemTime='2021-11-21T13:02:43.173773000Z'/><EventRecordID>306</EventRecordID><Correlation/><Execution ProcessID='1872' ThreadID='3648'/><Channel>Microsoft-Windows-Sysmon/Operational</Channel><Computer>DESKTOP-PC01</Computer><Security UserID='S-1-5-18'/></System><EventData><Data Name='RuleName'>-</Data><Data Name='UtcTime'>2021-11-21 13:02:43.152</Data><Data Name='ProcessGuid'>{10cf5a0f-4373-619a-1b02-000000000700}</Data><Data Name='ProcessId'>5156</Data><Data Name='Image'>C:\\Windows\\System32\\WindowsPowerShell\\v1.0\\powershell.exe</Data><Data Name='FileVersion'>10.0.18362.1 (WinBuild.160101.0800)</Data><Data Name='Description'>Windows PowerShell</Data><Data Name='Product'>Microsoft® Windows® Operating System</Data><Data Name='Company'>Microsoft Corporation</Data><Data Name='OriginalFileName'>PowerShell.EXE</Data><Data Name='CommandLine'>\""C:\\Windows\\System32\\WindowsPowerShell\\v1.0\\powershell.exe\"" -ExecutionPolicy  Bypass &amp; C:\\Users\\pc01-user\\AppData\\Roaming\\www.ps1</Data><Data Name='CurrentDirectory'>C:\\Users\\pc01-user\\Downloads\\</Data><Data Name='User'>DESKTOP-PC01\\pc01-user</Data><Data Name='LogonGuid'>{10cf5a0f-4045-619a-54a4-010000000000}</Data><Data Name='LogonId'>0x1a454</Data><Data Name='TerminalSessionId'>1</Data><Data Name='IntegrityLevel'>Medium</Data><Data Name='Hashes'>MD5=CDA48FC75952AD12D99E526D0B6BF70A,SHA256=908B64B1971A979C7E3E8CE4621945CBA84854CB98D76367B791A6E22B5F6D53,IMPHASH=A7CEFACDDA74B13CD330390769752481</Data><Data Name='ParentProcessGuid'>{10cf5a0f-4371-619a-1902-000000000700}</Data><Data Name='ParentProcessId'>572</Data><Data Name='ParentImage'>C:\\Windows\\System32\\cscript.exe</Data><Data Name='ParentCommandLine'>\""C:\\Windows\\System32\\cscript.exe\"" C:\\Users\\pc01-user\\AppData\\Roaming\\www.txt //E:VBScript //NoLogo %~f0 %*</Data><Data Name='ParentUser'>DESKTOP-PC01\\pc01-user</Data></EventData></Event>"",""sou