{"preview":false,"result":{"Computer":"DESKTOP-PC01","source":["sysmon_events.json","XmlWinEventLog:Microsoft-Windows-Sysmon/Operational"],"EventID":"1","UtcTime":"2021-11-21 12:57:32.228","Image":"C:\\Windows\\System32\\wbem\\unsecapp.exe","CommandLine":"C:\\Windows\\system32\\wbem\\unsecapp.exe -Embedding","ParentCommandLine":"C:\\Windows\\system32\\svchost.exe -k DcomLaunch -p"}}
{"preview":false,"result":{"Computer":"DESKTOP-PC01","source":["sysmon_events.json","XmlWinEventLog:Microsoft-Windows-Sysmon/Operational"],"EventID":"5","UtcTime":"2021-11-21 12:57:33.059","Image":"C:\\Users\\pc01-user\\Downloads\\Sysmon64.exe"}}
{"preview":false,"result":{"Computer":"DESKTOP-PC01","source":["sysmon_events.json","XmlWinEventLog:Microsoft-Windows-Sysmon/Operational"],"EventID":"1","UtcTime":"2021-11-21 12:57:40.486","Image":"C:\\Windows\\System32\\consent.exe","CommandLine":"consent.exe 484 422 00000190401A2040","ParentCommandLine":"C:\\Windows\\system32\\svchost.exe -k netsvcs -p"}}
{"preview":false,"result":{"Computer":"DESKTOP-PC01","source":["sysmon_events.json","XmlWinEventLog:Microsoft-Windows-Sysmon/Operational"],"EventID":"13","UtcTime":"2021-11-21 12:58:14.925","Image":"C:\\Windows\\system32\\compattelrunner.exe"}}
{"preview":false,"result":{"Computer":"DESKTOP-PC01","source":["sysmon_events.json","XmlWinEventLog:Microsoft-Windows-Sysmon/Operational"],"EventID":"13","UtcTime":"2021-11-21 12:58:14.987","Image":"C:\\Windows\\system32\\compattelrunner.exe"}}
{"preview":false,"result":{"Computer":"DESKTOP-PC01","source":["sysmon_events.json","XmlWinEventLog:Microsoft-Windows-Sysmon/Operational"],"EventID":"13","UtcTime":"2021-11-21 12:58:14.987","Image":"C:\\Windows\\system32\\compattelrunner.exe"}}
{"preview":false,"result":{"Computer":"DESKTOP-PC01","source":["sysmon_events.json","XmlWinEventLog:Microsoft-Windows-Sysmon/Operational"],"EventID":"13","UtcTime":"2021-11-21 12:58:14.987","Image":"C:\\Windows\\system32\\compattelrunner.exe"}}
{"preview":false,"result":{"Computer":"DESKTOP-PC01","source":["sysmon_events.json","XmlWinEventLog:Microsoft-Windows-Sysmon/Operational"],"EventID":"13","UtcTime":"2021-11-21 12:58:14.987","Image":"C:\\Windows\\system32\\compattelrunner.exe"}}
{"preview":false,"result":{"Computer":"DESKTOP-PC01","source":["sysmon_events.json","XmlWinEventLog:Microsoft-Windows-Sysmon/Operational"],"EventID":"1","UtcTime":"2021-11-21 12:57:40.889","Image":"C:\\Windows\\System32\\mmc.exe","CommandLine":"\"C:\\Windows\\system32\\mmc.exe\" \"C:\\Windows\\system32\\services.msc\" ","ParentCommandLine":"C:\\Windows\\Explorer.EXE"}}
{"preview":false,"result":{"Computer":"DESKTOP-PC01","source":["sysmon_events.json","XmlWinEventLog:Microsoft-Windows-Sysmon/Operational"],"EventID":"22","UtcTime":"2021-11-21 12:57:44.978","Image":"C:\\Windows\\SystemApps\\Microsoft.Windows.Cortana_cw5n1h2txyewy\\SearchUI.exe"}}
{"preview":false,"result":{"Computer":"DESKTOP-PC01","source":["sysmon_events.json","XmlWinEventLog:Microsoft-Windows-Sysmon/Operational"],"EventID":"1","UtcTime":"2021-11-21 12:57:50.681","Image":"C:\\Program Files\\SplunkUniversalForwarder\\bin\\splunkd.exe","CommandLine":"\"C:\\Program Files\\SplunkUniversalForwarder\\bin\\splunkd.exe\" service","ParentCommandLine":"C:\\Windows\\system32\\services.exe"}}
{"preview":false,"result":{"Computer":"DESKTOP-PC01","source":["sysmon_events.json","XmlWinEventLog:Microsoft-Windows-Sysmon/Operational"],"EventID":"1","UtcTime":"2021-11-21 12:57:52.075","Image":"C:\\Windows\\System32\\cmd.exe","CommandLine":"C:\\Windows\\system32\\cmd.exe /c \"C:\\Program Files\\SplunkUniversalForwarder\\bin\\splunk.exe\" _RAW_envvars","ParentCommandLine":"\"C:\\Program Files\\SplunkUniversalForwarder\\bin\\splunkd.exe\" service"}}
{"preview":false,"result":{"Computer":"DESKTOP-PC01","source":["sysmon_events.json","XmlWinEventLog:Microsoft-Windows-Sysmon/Operational"],"EventID":"13","UtcTime":"2021-11-21 12:58:14.987","Image":"C:\\Windows\\system32\\compattelrunner.exe"}}
{"preview":false,"result":{"Computer":"DESKTOP-PC01","source":["sysmon_events.json","XmlWinEventLog:Microsoft-Windows-Sysmon/Operational"],"EventID":"13","UtcTime":"2021-11-21 12:58:14.987","Image":"C:\\Windows\\system32\\compattelrunner.exe"}}
{"preview":false,"result":{"Computer":"DESKTOP-PC01","source":["sysmon_events.json","XmlWinEventLog:Microsoft-Windows-Sysmon/Operational"],"EventID":"13","UtcTime":"2021-11-21 12:58:14.987","Image":"C:\\Windows\\system32\\compattelrunner.exe"}}
{"preview":false,"result":{"Computer":"DESKTOP-PC01","source":["sysmon_events.json","XmlWinEventLog:Microsoft-Windows-Sysmon/Operational"],"EventID":"13","UtcTime":"2021-11-21 12:58:14.987","Image":"C:\\Windows\\system32\\compattelrunner.exe"}}
{"preview":false,"result":{"Computer":"DESKTOP-PC01","source":["sysmon_events.json","XmlWinEventLog:Microsoft-Windows-Sysmon/Operational"],"EventID":"13","UtcTime":"2021-11-21 12:58:15.144","Image":"C:\\Windows\\system32\\compattelrunner.exe"}}
{"preview":false,"result":{"Computer":"DESKTOP-PC01","source":["sysmon_events.json","XmlWinEventLog:Microsoft-Windows-Sysmon/Operational"],"EventID":"13","UtcTime":"2021-11-21 12:58:15.144","Image":"C:\\Windows\\system32\\compattelrunner.exe"}}
{"preview":false,"result":{"Computer":"DESKTOP-PC01","source":["sysmon_events.json","XmlWinEventLog:Microsoft-Windows-Sysmon/Operational"],"EventID":"1","UtcTime":"2021-11-21 12:57:52.315","Image":"C:\\Program Files\\SplunkUniversalForwarder\\bin\\splunk.exe","CommandLine":"\"C:\\Program Files\\SplunkUniversalForwarder\\bin\\splunk.exe\"  _RAW_envvars","ParentCommandLine":"C:\\Windows\\system32\\cmd.exe /c \"C:\\Program Files\\SplunkUniversalForwarder\\bin\\splunk.exe\" _RAW_envvars"}}
{"preview":false,"result":{"Computer":"DESKTOP-PC01","source":["sysmon_events.json","XmlWinEventLog:Microsoft-Windows-Sysmon/Operational"],"EventID":"1","UtcTime":"2021-11-21 12:57:52.418","Image":"C:\\Windows\\System32\\cmd.exe","CommandLine":"C:\\Windows\\system32\\cmd.exe /c \"C:\\Program Files\\SplunkUniversalForwarder\\bin\\splunk.exe\" _internal_extra_splunkd_service_args","ParentCommandLine":"\"C:\\Program Files\\SplunkUniversalForwarder\\bin\\splunkd.exe\" service"}}
{"preview":false,"result":{"Computer":"DESKTOP-PC01","source":["sysmon_events.json","XmlWinEventLog:Microsoft-Windows-Sysmon/Operational"],"EventID":"1","UtcTime":"2021-11-21 12:57:52.431","Image":"C:\\Program Files\\SplunkUniversalForwarder\\bin\\splunk.exe","CommandLine":"\"C:\\Program Files\\SplunkUniversalForwarder\\bin\\splunk.exe\"  _internal_extra_splunkd_service_args","ParentCommandLine":"C:\\Windows\\system32\\cmd.exe /c \"C:\\Program Files\\SplunkUniversalForwarder\\bin\\splunk.exe\" _internal_extra_splunkd_service_args"}}
{"preview":false,"result":{"Computer":"DESKTOP-PC01","source":["sysmon_events.json","XmlWinEventLog:Microsoft-Windows-Sysmon/Operational"],"EventID":"13","UtcTime":"2021-11-21 12:58:15.144","Image":"C:\\Windows\\system32\\compattelrunner.exe"}}
{"preview":false,"result":{"Computer":"DESKTOP-PC01","source":["sysmon_events.json","XmlWinEventLog:Microsoft-Windows-Sysmon/Operational"],"EventID":"13","UtcTime":"2021-11-21 12:58:15.144","Image":"C:\\Windows\\system32\\compattelrunner.exe"}}
{"preview":false,"result":{"Computer":"DESKTOP-PC01","source":["sysmon_events.json","XmlWinEventLog:Microsoft-Windows-Sysmon/Operational"],"EventID":"13","UtcTime":"2021-11-21 12:58:15.144","Image":"C:\\Windows\\system32\\compattelrunner.exe"}}
{"preview":false,"result":{"Computer":"DESKTOP-PC01","source":["sysmon_events.json","XmlWinEventLog:Microsoft-Windows-Sysmon/Operational"],"EventID":"13","UtcTime":"2021-11-21 12:58:15.144","Image":"C:\\Windows\\system32\\compattelrunner.exe"}}
{"preview":false,"result":{"Computer":"DESKTOP-PC01","source":["sysmon_events.json","XmlWinEventLog:Microsoft-Windows-Sysmon/Operational"],"EventID":"13","UtcTime":"2021-11-21 12:58:15.144","Image":"C:\\Windows\\system32\\compattelrunner.exe"}}
{"preview":false,"result":{"Computer":"DESKTOP-PC01","source":["sysmon_events.json","XmlWinEventLog:Microsoft-Windows-Sysmon/Operational"],"EventID":"13","UtcTime":"2021-11-21 12:58:15.144","Image":"C:\\Windows\\system32\\compattelrunner.exe"}}
{"preview":false,"result":{"Computer":"DESKTOP-PC01","source":["sysmon_events.json","XmlWinEventLog:Microsoft-Windows-Sysmon/Operational"],"EventID":"13","UtcTime":"2021-11-21 12:58:15.144","Image":"C:\\Windows\\system32\\compattelrunner.exe"}}
{"preview":false,"result":{"Computer":"DESKTOP-PC01","source":["sysmon_events.json","XmlWinEventLog:Microsoft-Windows-Sysmon/Operational"],"EventID":"13","UtcTime":"2021-11-21 12:58:15.144","Image":"C:\\Windows\\system32\\compattelrunner.exe"}}
{"preview":false,"result":{"Computer":"DESKTOP-PC01","source":["sysmon_events.json","XmlWinEventLog:Microsoft-Windows-Sysmon/Operational"],"EventID":"13","UtcTime":"2021-11-21 12:58:15.144","Image":"C:\\Windows\\system32\\compattelrunner.exe"}}
{"preview":false,"result":{"Computer":"DESKTOP-PC01","source":["sysmon_events.json","XmlWinEventLog:Microsoft-Windows-Sysmon/Operational"],"EventID":"13","UtcTime":"2021-11-21 12:58:15.144","Image":"C:\\Windows\\system32\\compattelrunner.exe"}}
{"preview":false,"result":{"Computer":"DESKTOP-PC01","source":["sysmon_events.json","XmlWinEventLog:Microsoft-Windows-Sysmon/Operational"],"EventID":"13","UtcTime":"2021-11-21 12:58:15.144","Image":"C:\\Windows\\system32\\compattelrunner.exe"}}
{"preview":false,"result":{"Computer":"DESKTOP-PC01","source":["sysmon_events.json","XmlWinEventLog:Microsoft-Windows-Sysmon/Operational"],"EventID":"13","UtcTime":"2021-11-21 12:58:15.144","Image":"C:\\Windows\\system32\\compattelrunner.exe"}}
{"preview":false,"result":{"Computer":"DESKTOP-PC01","source":["sysmon_events.json","XmlWinEventLog:Microsoft-Windows-Sysmon/Operational"],"EventID":"13","UtcTime":"2021-11-21 12:58:15.144","Image":"C:\\Windows\\system32\\compattelrunner.exe"}}
{"preview":false,"result":{"Computer":"DESKTOP-PC01","source":["sysmon_events.json","XmlWinEventLog:Microsoft-Windows-Sysmon/Operational"],"EventID":"13","UtcTime":"2021-11-21 12:58:15.144","Image":"C:\\Windows\\system32\\compattelrunner.exe"}}
{"preview":false,"result":{"Computer":"DESKTOP-PC01","source":["sysmon_events.json","XmlWinEventLog:Microsoft-Windows-Sysmon/Operational"],"EventID":"1","UtcTime":"2021-11-21 12:57:52.458","Image":"C:\\Windows\\System32\\cmd.exe","CommandLine":"C:\\Windows\\system32\\cmd.exe /c btool web list settings --no-log","ParentCommandLine":"\"C:\\Program Files\\SplunkUniversalForwarder\\bin\\splunk.exe\"  _internal_extra_splunkd_service_args"}}
{"preview":false,"result":{"Computer":"DESKTOP-PC01","source":["sysmon_events.json","XmlWinEventLog:Microsoft-Windows-Sysmon/Operational"],"EventID":"1","UtcTime":"2021-11-21 12:57:52.478","Image":"C:\\Program Files\\SplunkUniversalForwarder\\bin\\btool.exe","CommandLine":"btool  web list settings --no-log","ParentCommandLine":"C:\\Windows\\system32\\cmd.exe /c btool web list settings --no-log"}}
{"preview":false,"result":{"Computer":"DESKTOP-PC01","source":["sysmon_events.json","XmlWinEventLog:Microsoft-Windows-Sysmon/Operational"],"EventID":"1","UtcTime":"2021-11-21 12:57:52.499","Image":"C:\\Program Files\\SplunkUniversalForwarder\\bin\\splunkd.exe","CommandLine":"\"C:\\Program Files\\SplunkUniversalForwarder\\bin\\SplunkD.EXE\" btool web list settings --no-log","ParentCommandLine":"btool  web list settings --no-log"}}
{"preview":false,"result":{"Computer":"DESKTOP-PC01","source":["sysmon_events.json","XmlWinEventLog:Microsoft-Windows-Sysmon/Operational"],"EventID":"1","UtcTime":"2021-11-21 12:57:53.511","Image":"C:\\Windows\\System32\\cmd.exe","CommandLine":"C:\\Windows\\system32\\cmd.exe /c btool server list general --no-log","ParentCommandLine":"\"C:\\Program Files\\SplunkUniversalForwarder\\bin\\splunk.exe\"  _internal_extra_splunkd_service_args"}}
{"preview":false,"result":{"Computer":"DESKTOP-PC01","source":["sysmon_events.json","XmlWinEventLog:Microsoft-Windows-Sysmon/Operational"],"EventID":"1","UtcTime":"2021-11-21 12:57:53.529","Image":"C:\\Program Files\\SplunkUniversalForwarder\\bin\\btool.exe","CommandLine":"btool  server list general --no-log","ParentCommandLine":"C:\\Windows\\system32\\cmd.exe /c btool server list general --no-log"}}
{"preview":false,"result":{"Computer":"DESKTOP-PC01","source":["sysmon_events.json","XmlWinEventLog:Microsoft-Windows-Sysmon/Operational"],"EventID":"1","UtcTime":"2021-11-21 12:57:53.545","Image":"C:\\Program Files\\SplunkUniversalForwarder\\bin\\splunkd.exe","CommandLine":"\"C:\\Program Files\\SplunkUniversalForwarder\\bin\\SplunkD.EXE\" btool server list general --no-log","ParentCommandLine":"btool  server list general --no-log"}}
{"preview":false,"result":{"Computer":"DESKTOP-PC01","source":["sysmon_events.json","XmlWinEventLog:Microsoft-Windows-Sysmon/Operational"],"EventID":"13","UtcTime":"2021-11-21 12:58:15.144","Image":"C:\\Windows\\system32\\compattelrunner.exe"}}
{"preview":false,"result":{"Computer":"DESKTOP-PC01","source":["sysmon_events.json","XmlWinEventLog:Microsoft-Windows-Sysmon/Operational"],"EventID":"13","UtcTime":"2021-11-21 12:58:15.144","Image":"C:\\Windows\\system32\\compattelrunner.exe"}}
{"preview":false,"result":{"Computer":"DESKTOP-PC01","source":["sysmon_events.json","XmlWinEventLog:Microsoft-Windows-Sysmon/Operational"],"EventID":"13","UtcTime":"2021-11-21 12:58:15.144","Image":"C:\\Windows\\system32\\compattelrunner.exe"}}
{"preview":false,"result":{"Computer":"DESKTOP-PC01","source":["sysmon_events.json","XmlWinEventLog:Microsoft-Windows-Sysmon/Operational"],"EventID":"13","UtcTime":"2021-11-21 12:58:15.144","Image":"C:\\Windows\\system32\\compattelrunner.exe"}}
{"preview":false,"result":{"Computer":"DESKTOP-PC01","source":["sysmon_events.json","XmlWinEventLog:Microsoft-Windows-Sysmon/Operational"],"EventID":"13","UtcTime":"2021-11-21 12:58:15.144","Image":"C:\\Windows\\system32\\compattelrunner.exe"}}
{"preview":false,"result":{"Computer":"DESKTOP-PC01","source":["sysmon_events.json","XmlWinEventLog:Microsoft-Windows-Sysmon/Operational"],"EventID":"13","UtcTime":"2021-11-21 12:58:15.144","Image":"C:\\Windows\\system32\\compattelrunner.exe"}}
{"preview":false,"result":{"Computer":"DESKTOP-PC01","source":["sysmon_events.json","XmlWinEventLog:Microsoft-Windows-Sysmon/Operational"],"EventID":"13","UtcTime":"2021-11-21 12:58:15.144","Image":"C:\\Windows\\system32\\compattelrunner.exe"}}
{"preview":false,"result":{"Computer":"DESKTOP-PC01","source":["sysmon_events.json","XmlWinEventLog:Microsoft-Windows-Sysmon/Operational"],"EventID":"13","UtcTime":"2021-11-21 12:58:15.144","Image":"C:\\Windows\\system32\\compattelrunner.exe"}}
{"preview":false,"result":{"Computer":"DESKTOP-PC01","source":["sysmon_events.json","XmlWinEventLog:Microsoft-Windows-Sysmon/Operational"],"EventID":"1","UtcTime":"2021-11-21 12:57:54.579","Image":"C:\\Windows\\System32\\cmd.exe","CommandLine":"C:\\Windows\\system32\\cmd.exe /c btool server list kvstore --no-log","ParentCommandLine":"\"C:\\Program Files\\SplunkUniversalForwarder\\bin\\splunk.exe\"  _internal_extra_splunkd_service_args"}}
{"preview":false,"result":{"Computer":"DESKTOP-PC01","source":["sysmon_events.json","XmlWinEventLog:Microsoft-Windows-Sysmon/Operational"],"EventID":"1","UtcTime":"2021-11-21 12:57:54.596","Image":"C:\\Program Files\\SplunkUniversalForwarder\\bin\\btool.exe","CommandLine":"btool  server list kvstore --no-log","ParentCommandLine":"C:\\Windows\\system32\\cmd.exe /c btool server list kvstore --no-log"}}
{"preview":false,"result":{"Computer":"DESKTOP-PC01","source":["sysmon_events.json","XmlWinEventLog:Microsoft-Windows-Sysmon/Operational"],"EventID":"1","UtcTime":"2021-11-21 12:57:54.615","Image":"C:\\Program Files\\SplunkUniversalForwarder\\bin\\splunkd.exe","CommandLine":"\"C:\\Program Files\\SplunkUniversalForwarder\\bin\\SplunkD.EXE\" btool server list kvstore --no-log","ParentCommandLine":"btool  server list kvstore --no-log"}}
{"preview":false,"result":{"Computer":"DESKTOP-PC01","source":["sysmon_events.json","XmlWinEventLog:Microsoft-Windows-Sysmon/Operational"],"EventID":"1","UtcTime":"2021-11-21 12:57:55.549","Image":"C:\\Windows\\System32\\cmd.exe","CommandLine":"C:\\Windows\\system32\\cmd.exe /c btool server list watchdog --no-log","ParentCommandLine":"\"C:\\Program Files\\SplunkUniversalForwarder\\bin\\splunk.exe\"  _internal_extra_splunkd_service_args"}}
{"preview":false,"result":{"Computer":"DESKTOP-PC01","source":["sysmon_events.json","XmlWinEventLog:Microsoft-Windows-Sysmon/Operational"],"EventID":"13","UtcTime":"2021-11-21 12:58:15.144","Image":"C:\\Windows\\system32\\compattelrunner.exe"}}
{"preview":false,"result":{"Computer":"DESKTOP-PC01","source":["sysmon_events.json","XmlWinEventLog:Microsoft-Windows-Sysmon/Operational"],"EventID":"13","UtcTime":"2021-11-21 12:58:15.144","Image":"C:\\Windows\\system32\\compattelrunner.exe"}}
{"preview":false,"result":{"Computer":"DESKTOP-PC01","source":["sysmon_events.json","XmlWinEventLog:Microsoft-Windows-Sysmon/Operational"],"EventID":"13","UtcTime":"2021-11-21 12:58:15.144","Image":"C:\\Windows\\system32\\compattelrunner.exe"}}
{"preview":false,"result":{"Computer":"DESKTOP-PC01","source":["sysmon_events.json","XmlWinEventLog:Microsoft-Windows-Sysmon/Operational"],"EventID":"13","UtcTime":"2021-11-21 12:58:15.144","Image":"C:\\Windows\\system32\\compattelrunner.exe"}}
{"preview":false,"result":{"Computer":"DESKTOP-PC01","source":["sysmon_events.json","XmlWinEventLog:Microsoft-Windows-Sysmon/Operational"],"EventID":"13","UtcTime":"2021-11-21 12:58:15.144","Image":"C:\\Windows\\system32\\compattelrunner.exe"}}
{"preview":false,"result":{"Computer":"DESKTOP-PC01","source":["sysmon_events.json","XmlWinEventLog:Microsoft-Windows-Sysmon/Operational"],"EventID":"13","UtcTime":"2021-11-21 12:58:15.144","Image":"C:\\Windows\\system32\\compattelrunner.exe"}}
{"preview":false,"result":{"Computer":"DESKTOP-PC01","source":["sysmon_events.json","XmlWinEventLog:Microsoft-Windows-Sysmon/Operational"],"EventID":"13","UtcTime":"2021-11-21 12:58:15.144","Image":"C:\\Windows\\system32\\compattelrunner.exe"}}
{"preview":false,"result":{"Computer":"DESKTOP-PC01","source":["sysmon_events.json","XmlWinEventLog:Microsoft-Windows-Sysmon/Operational"],"EventID":"13","UtcTime":"2021-11-21 12:58:15.144","Image":"C:\\Windows\\system32\\compattelrunner.exe"}}
{"preview":false,"result":{"Computer":"DESKTOP-PC01","source":["sysmon_events.json","XmlWinEventLog:Microsoft-Windows-Sysmon/Operational"],"EventID":"13","UtcTime":"2021-11-21 12:58:15.144","Image":"C:\\Windows\\system32\\compattelrunner.exe"}}
{"preview":false,"result":{"Computer":"DESKTOP-PC01","source":["sysmon_events.json","XmlWinEventLog:Microsoft-Windows-Sysmon/Operational"],"EventID":"13","UtcTime":"2021-11-21 12:58:15.210","Image":"C:\\Windows\\system32\\compattelrunner.exe"}}
{"preview":false,"result":{"Computer":"DESKTOP-PC01","source":["sysmon_events.json","XmlWinEventLog:Microsoft-Windows-Sysmon/Operational"],"EventID":"13","UtcTime":"2021-11-21 12:58:15.211","Image":"C:\\Windows\\system32\\compattelrunner.exe"}}
{"preview":false,"result":{"Computer":"DESKTOP-PC01","source":["sysmon_events.json","XmlWinEventLog:Microsoft-Windows-Sysmon/Operational"],"EventID":"13","UtcTime":"2021-11-21 12:58:15.211","Image":"C:\\Windows\\system32\\compattelrunner.exe"}}
{"preview":false,"result":{"Computer":"DESKTOP-PC01","source":["sysmon_events.json","XmlWinEventLog:Microsoft-Windows-Sysmon/Operational"],"EventID":"1","UtcTime":"2021-11-21 12:57:55.562","Image":"C:\\Program Files\\SplunkUniversalForwarder\\bin\\btool.exe","CommandLine":"btool  server list watchdog --no-log","ParentCommandLine":"C:\\Windows\\system32\\cmd.exe /c btool server list watchdog --no-log"}}
{"preview":false,"result":{"Computer":"DESKTOP-PC01","source":["sysmon_events.json","XmlWinEventLog:Microsoft-Windows-Sysmon/Operational"],"EventID":"1","UtcTime":"2021-11-21 12:57:55.573","Image":"C:\\Program Files\\SplunkUniversalForwarder\\bin\\splunkd.exe","CommandLine":"\"C:\\Program Files\\SplunkUniversalForwarder\\bin\\SplunkD.EXE\" btool server list watchdog --no-log","ParentCommandLine":"btool  server list watchdog --no-log"}}
{"preview":false,"result":{"Computer":"DESKTOP-PC01","source":["sysmon_events.json","XmlWinEventLog:Microsoft-Windows-Sysmon/Operational"],"EventID":"1","UtcTime":"2021-11-21 12:57:56.669","Image":"C:\\Windows\\System32\\cmd.exe","CommandLine":"C:\\Windows\\system32\\cmd.exe /c \"C:\\Program Files\\SplunkUniversalForwarder\\bin\\splunk.exe\" _internal pre-flight-checks --answer-yes --no-prompt 2&gt;&amp;1","ParentCommandLine":"\"C:\\Program Files\\SplunkUniversalForwarder\\bin\\splunkd.exe\" service"}}
{"preview":false,"result":{"Computer":"DESKTOP-PC01","source":["sysmon_events.json","XmlWinEventLog:Microsoft-Windows-Sysmon/Operational"],"EventID":"1","UtcTime":"2021-11-21 12:57:56.692","Image":"C:\\Program Files\\SplunkUniversalForwarder\\bin\\splunk.exe","CommandLine":"\"C:\\Program Files\\SplunkUniversalForwarder\\bin\\splunk.exe\"  _internal pre-flight-checks --answer-yes --no-prompt ","ParentCommandLine":"C:\\Windows\\system32\\cmd.exe /c \"C:\\Program Files\\SplunkUniversalForwarder\\bin\\splunk.exe\" _internal pre-flight-checks --answer-yes --no-prompt 2&gt;&amp;1"}}
{"preview":false,"result":{"Computer":"DESKTOP-PC01","source":["sysmon_events.json","XmlWinEventLog:Microsoft-Windows-Sysmon/Operational"],"EventID":"1","UtcTime":"2021-11-21 12:57:56.730","Image":"C:\\Program Files\\SplunkUniversalForwarder\\bin\\splunkd.exe","CommandLine":"\"C:\\Program Files\\SplunkUniversalForwarder\\bin\\SplunkD.EXE\" generate-ssl","ParentCommandLine":"\"C:\\Program Files\\SplunkUniversalForwarder\\bin\\splunk.exe\"  _internal pre-flight-checks --answer-yes --no-prompt "}}
{"preview":false,"result":{"Computer":"DESKTOP-PC01","source":["sysmon_events.json","XmlWinEventLog:Microsoft-Windows-Sysmon/Operational"],"EventID":"13","UtcTime":"2021-11-21 12:58:15.212","Image":"C:\\Windows\\system32\\compattelrunner.exe"}}
{"preview":false,"result":{"Computer":"DESKTOP-PC01","source":["sysmon_events.json","XmlWinEventLog:Microsoft-Windows-Sysmon/Operational"],"EventID":"13","UtcTime":"2021-11-21 12:58:15.213","Image":"C:\\Windows\\system32\\compattelrunner.exe"}}
{"preview":false,"result":{"Computer":"DESKTOP-PC01","source":["sysmon_events.json","XmlWinEventLog:Microsoft-Windows-Sysmon/Operational"],"EventID":"13","UtcTime":"2021-11-21 12:58:15.213","Image":"C:\\Windows\\system32\\compattelrunner.exe"}}
{"preview":false,"result":{"Computer":"DESKTOP-PC01","source":["sysmon_events.json","XmlWinEventLog:Microsoft-Windows-Sysmon/Operational"],"EventID":"13","UtcTime":"2021-11-21 12:58:15.214","Image":"C:\\Windows\\system32\\compattelrunner.exe"}}
{"preview":false,"result":{"Computer":"DESKTOP-PC01","source":["sysmon_events.json","XmlWinEventLog:Microsoft-Windows-Sysmon/Operational"],"EventID":"13","UtcTime":"2021-11-21 12:58:15.214","Image":"C:\\Windows\\system32\\compattelrunner.exe"}}
{"preview":false,"result":{"Computer":"DESKTOP-PC01","source":["sysmon_events.json","XmlWinEventLog:Microsoft-Windows-Sysmon/Operational"],"EventID":"13","UtcTime":"2021-11-21 12:58:15.215","Image":"C:\\Windows\\system32\\compattelrunner.exe"}}
{"preview":false,"result":{"Computer":"DESKTOP-PC01","source":["sysmon_events.json","XmlWinEventLog:Microsoft-Windows-Sysmon/Operational"],"EventID":"13","UtcTime":"2021-11-21 12:58:15.216","Image":"C:\\Windows\\system32\\compattelrunner.exe"}}
{"preview":false,"result":{"Computer":"DESKTOP-PC01","source":["sysmon_events.json","XmlWinEventLog:Microsoft-Windows-Sysmon/Operational"],"EventID":"13","UtcTime":"2021-11-21 12:58:15.216","Image":"C:\\Windows\\system32\\compattelrunner.exe"}}
{"preview":false,"result":{"Computer":"DESKTOP-PC01","source":["sysmon_events.json","XmlWinEventLog:Microsoft-Windows-Sysmon/Operational"],"EventID":"13","UtcTime":"2021-11-21 12:58:15.216","Image":"C:\\Windows\\system32\\compattelrunner.exe"}}
{"preview":false,"result":{"Computer":"DESKTOP-PC01","source":["sysmon_events.json","XmlWinEventLog:Microsoft-Windows-Sysmon/Operational"],"EventID":"1","UtcTime":"2021-11-21 12:57:57.772","Image":"C:\\Program Files\\SplunkUniversalForwarder\\bin\\splunkd.exe","CommandLine":"\"C:\\Program Files\\SplunkUniversalForwarder\\bin\\SplunkD.EXE\" check-license","ParentCommandLine":"\"C:\\Program Files\\SplunkUniversalForwarder\\bin\\splunk.exe\"  _internal pre-flight-checks --answer-yes --no-prompt "}}
{"preview":false,"result":{"Computer":"DESKTOP-PC01","source":["sysmon_events.json","XmlWinEventLog:Microsoft-Windows-Sysmon/Operational"],"EventID":"1","UtcTime":"2021-11-21 12:57:59.263","Image":"C:\\Program Files\\SplunkUniversalForwarder\\bin\\btool.exe","CommandLine":"\"C:\\Program Files\\SplunkUniversalForwarder\\bin\\btool\" check --no-log","ParentCommandLine":"\"C:\\Program Files\\SplunkUniversalForwarder\\bin\\splunk.exe\"  _internal pre-flight-checks --answer-yes --no-prompt "}}
{"preview":false,"result":{"Computer":"DESKTOP-PC01","source":["sysmon_events.json","XmlWinEventLog:Microsoft-Windows-Sysmon/Operational"],"EventID":"1","UtcTime":"2021-11-21 12:57:59.276","Image":"C:\\Program Files\\SplunkUniversalForwarder\\bin\\splunkd.exe","CommandLine":"\"C:\\Program Files\\SplunkUniversalForwarder\\bin\\SplunkD.EXE\" btool check --no-log","ParentCommandLine":"\"C:\\Program Files\\SplunkUniversalForwarder\\bin\\btool\" check --no-log"}}
{"preview":false,"result":{"Computer":"DESKTOP-PC01","source":["sysmon_events.json","XmlWinEventLog:Microsoft-Windows-Sysmon/Operational"],"EventID":"1","UtcTime":"2021-11-21 12:58:00.153","Image":"C:\\Program Files\\SplunkUniversalForwarder\\bin\\btool.exe","CommandLine":"\"C:\\Program Files\\SplunkUniversalForwarder\\bin\\btool\" validate-strptime --log-warnings","ParentCommandLine":"\"C:\\Program Files\\SplunkUniversalForwarder\\bin\\splunk.exe\"  _internal pre-flight-checks --answer-yes --no-prompt "}}
{"preview":false,"result":{"Computer":"DESKTOP-PC01","source":["sysmon_events.json","XmlWinEventLog:Microsoft-Windows-Sysmon/Operational"],"EventID":"1","UtcTime":"2021-11-21 12:58:00.163","Image":"C:\\Program Files\\SplunkUniversalForwarder\\bin\\splunkd.exe","CommandLine":"\"C:\\Program Files\\SplunkUniversalForwarder\\bin\\SplunkD.EXE\" btool validate-strptime --log-warnings","ParentCommandLine":"\"C:\\Program Files\\SplunkUniversalForwarder\\bin\\btool\" validate-strptime --log-warnings"}}
{"preview":false,"result":{"Computer":"DESKTOP-PC01","source":["sysmon_events.json","XmlWinEventLog:Microsoft-Windows-Sysmon/Operational"],"EventID":"13","UtcTime":"2021-11-21 12:58:15.218","Image":"C:\\Windows\\system32\\compattelrunner.exe"}}
{"preview":false,"result":{"Computer":"DESKTOP-PC01","source":["sysmon_events.json","XmlWinEventLog:Microsoft-Windows-Sysmon/Operational"],"EventID":"13","UtcTime":"2021-11-21 12:58:15.218","Image":"C:\\Windows\\system32\\compattelrunner.exe"}}
{"preview":false,"result":{"Computer":"DESKTOP-PC01","source":["sysmon_events.json","XmlWinEventLog:Microsoft-Windows-Sysmon/Operational"],"EventID":"13","UtcTime":"2021-11-21 12:58:15.219","Image":"C:\\Windows\\system32\\compattelrunner.exe"}}
{"preview":false,"result":{"Computer":"DESKTOP-PC01","source":["sysmon_events.json","XmlWinEventLog:Microsoft-Windows-Sysmon/Operational"],"EventID":"13","UtcTime":"2021-11-21 12:58:15.219","Image":"C:\\Windows\\system32\\compattelrunner.exe"}}
{"preview":false,"result":{"Computer":"DESKTOP-PC01","source":["sysmon_events.json","XmlWinEventLog:Microsoft-Windows-Sysmon/Operational"],"EventID":"13","UtcTime":"2021-11-21 12:58:15.221","Image":"C:\\Windows\\system32\\compattelrunner.exe"}}
{"preview":false,"result":{"Computer":"DESKTOP-PC01","source":["sysmon_events.json","XmlWinEventLog:Microsoft-Windows-Sysmon/Operational"],"EventID":"13","UtcTime":"2021-11-21 12:58:15.222","Image":"C:\\Windows\\system32\\compattelrunner.exe"}}
{"preview":false,"result":{"Computer":"DESKTOP-PC01","source":["sysmon_events.json","XmlWinEventLog:Microsoft-Windows-Sysmon/Operational"],"EventID":"13","UtcTime":"2021-11-21 12:58:15.223","Image":"C:\\Windows\\system32\\compattelrunner.exe"}}
{"preview":false,"result":{"Computer":"DESKTOP-PC01","source":["sysmon_events.json","XmlWinEventLog:Microsoft-Windows-Sysmon/Operational"],"EventID":"13","UtcTime":"2021-11-21 12:58:15.223","Image":"C:\\Windows\\system32\\compattelrunner.exe"}}
{"preview":false,"result":{"Computer":"DESKTOP-PC01","source":["sysmon_events.json","XmlWinEventLog:Microsoft-Windows-Sysmon/Operational"],"EventID":"13","UtcTime":"2021-11-21 12:58:15.225","Image":"C:\\Windows\\system32\\compattelrunner.exe"}}
{"preview":false,"result":{"Computer":"DESKTOP-PC01","source":["sysmon_events.json","XmlWinEventLog:Microsoft-Windows-Sysmon/Operational"],"EventID":"13","UtcTime":"2021-11-21 12:58:15.225","Image":"C:\\Windows\\system32\\compattelrunner.exe"}}
{"preview":false,"result":{"Computer":"DESKTOP-PC01","source":["sysmon_events.json","XmlWinEventLog:Microsoft-Windows-Sysmon/Operational"],"EventID":"1","UtcTime":"2021-11-21 12:58:00.890","Image":"C:\\Program Files\\SplunkUniversalForwarder\\bin\\btool.exe","CommandLine":"\"C:\\Program Files\\SplunkUniversalForwarder\\bin\\btool\" validate-regex --log-warnings","ParentCommandLine":"\"C:\\Program Files\\SplunkUniversalForwarder\\bin\\splunk.exe\"  _internal pre-flight-checks --answer-yes --no-prompt "}}
{"preview":false,"result":{"Computer":"DESKTOP-PC01","source":["sysmon_events.json","XmlWinEventLog:Microsoft-Windows-Sysmon/Operational"],"EventID":"1","UtcTime":"2021-11-21 12:58:00.900","Image":"C:\\Program Files\\SplunkUniversalForwarder\\bin\\splunkd.exe","CommandLine":"\"C:\\Program Files\\SplunkUniversalForwarder\\bin\\SplunkD.EXE\" btool validate-regex --log-warnings","ParentCommandLine":"\"C:\\Program Files\\SplunkUniversalForwarder\\bin\\btool\" validate-regex --log-warnings"}}
{"preview":false,"result":{"Computer":"DESKTOP-PC01","source":["sysmon_events.json","XmlWinEventLog:Microsoft-Windows-Sysmon/Operational"],"EventID":"1","UtcTime":"2021-11-21 12:58:01.625","Image":"C:\\Program Files\\SplunkUniversalForwarder\\bin\\splunkd.exe","CommandLine":"\"C:\\Program Files\\SplunkUniversalForwarder\\bin\\splunkd\" check-transforms-keys","ParentCommandLine":"\"C:\\Program Files\\SplunkUniversalForwarder\\bin\\splunk.exe\"  _internal pre-flight-checks --answer-yes --no-prompt "}}
{"preview":false,"result":{"Computer":"DESKTOP-PC01","source":["sysmon_events.json","XmlWinEventLog:Microsoft-Windows-Sysmon/Operational"],"EventID":"1","UtcTime":"2021-11-21 12:58:02.692","Image":"C:\\Windows\\System32\\cmd.exe","CommandLine":"C:\\Windows\\system32\\cmd.exe /c btool server list replication_port --no-log","ParentCommandLine":"\"C:\\Program Files\\SplunkUniversalForwarder\\bin\\splunk.exe\"  _internal pre-flight-checks --answer-yes --no-prompt "}}
{"preview":false,"result":{"Computer":"DESKTOP-PC01","source":["sysmon_events.json","XmlWinEventLog:Microsoft-Windows-Sysmon/Operational"],"EventID":"1","UtcTime":"2021-11-21 12:58:02.707","Image":"C:\\Program Files\\SplunkUniversalForwarder\\bin\\btool.exe","CommandLine":"btool  server list replication_port --no-log","ParentCommandLine":"C:\\Windows\\system32\\cmd.exe /c btool server list replication_port --no-log"}}
{"preview":false,"result":{"Computer":"DESKTOP-PC01","source":["sysmon_events.json","XmlWinEventLog:Microsoft-Windows-Sysmon/Operational"],"EventID":"1","UtcTime":"2021-11-21 12:58:02.719","Image":"C:\\Program Files\\SplunkUniversalForwarder\\bin\\splunkd.exe","CommandLine":"\"C:\\Program Files\\SplunkUniversalForwarder\\bin\\SplunkD.EXE\" btool server list replication_port --no-log","ParentCommandLine":"btool  server list replication_port --no-log"}}
{"preview":false,"result":{"Computer":"DESKTOP-PC01","source":["sysmon_events.json","XmlWinEventLog:Microsoft-Windows-Sysmon/Operational"],"EventID":"1","UtcTime":"2021-11-21 12:58:03.443","Image":"C:\\Windows\\System32\\cmd.exe","CommandLine":"C:\\Windows\\system32\\cmd.exe /c btool server list general --no-log","ParentCommandLine":"\"C:\\Program Files\\SplunkUniversalForwarder\\bin\\splunk.exe\"  _internal pre-flight-checks --answer-yes --no-prompt "}}
{"preview":false,"result":{"Computer":"DESKTOP-PC01","source":["sysmon_events.json","XmlWinEventLog:Microsoft-Windows-Sysmon/Operational"],"EventID":"13","UtcTime":"2021-11-21 12:58:15.226","Image":"C:\\Windows\\system32\\compattelrunner.exe"}}
{"preview":false,"result":{"Computer":"DESKTOP-PC01","source":["sysmon_events.json","XmlWinEventLog:Microsoft-Windows-Sysmon/Operational"],"EventID":"13","UtcTime":"2021-11-21 12:58:15.227","Image":"C:\\Windows\\system32\\compattelrunner.exe"}}
{"preview":false,"result":{"Computer":"DESKTOP-PC01","source":["sysmon_events.json","XmlWinEventLog:Microsoft-Windows-Sysmon/Operational"],"EventID":"13","UtcTime":"2021-11-21 12:58:15.228","Image":"C:\\Windows\\system32\\compattelrunner.exe"}}
{"preview":false,"result":{"Computer":"DESKTOP-PC01","source":["sysmon_events.json","XmlWinEventLog:Microsoft-Windows-Sysmon/Operational"],"EventID":"13","UtcTime":"2021-11-21 12:58:15.228","Image":"C:\\Windows\\system32\\compattelrunner.exe"}}
{"preview":false,"result":{"Computer":"DESKTOP-PC01","source":["sysmon_events.json","XmlWinEventLog:Microsoft-Windows-Sysmon/Operational"],"EventID":"13","UtcTime":"2021-11-21 12:58:15.228","Image":"C:\\Windows\\system32\\compattelrunner.exe"}}
{"preview":false,"result":{"Computer":"DESKTOP-PC01","source":["sysmon_events.json","XmlWinEventLog:Microsoft-Windows-Sysmon/Operational"],"EventID":"13","UtcTime":"2021-11-21 12:58:15.228","Image":"C:\\Windows\\system32\\compattelrunner.exe"}}
{"preview":false,"result":{"Computer":"DESKTOP-PC01","source":["sysmon_events.json","XmlWinEventLog:Microsoft-Windows-Sysmon/Operational"],"EventID":"13","UtcTime":"2021-11-21 12:58:15.229","Image":"C:\\Windows\\system32\\compattelrunner.exe"}}
{"preview":false,"result":{"Computer":"DESKTOP-PC01","source":["sysmon_events.json","XmlWinEventLog:Microsoft-Windows-Sysmon/Operational"],"EventID":"1","UtcTime":"2021-11-21 12:58:03.455","Image":"C:\\Program Files\\SplunkUniversalForwarder\\bin\\btool.exe","CommandLine":"btool  server list general --no-log","ParentCommandLine":"C:\\Windows\\system32\\cmd.exe /c btool server list general --no-log"}}
{"preview":false,"result":{"Computer":"DESKTOP-PC01","source":["sysmon_events.json","XmlWinEventLog:Microsoft-Windows-Sysmon/Operational"],"EventID":"1","UtcTime":"2021-11-21 12:58:03.467","Image":"C:\\Program Files\\SplunkUniversalForwarder\\bin\\splunkd.exe","CommandLine":"\"C:\\Program Files\\SplunkUniversalForwarder\\bin\\SplunkD.EXE\" btool server list general --no-log","ParentCommandLine":"btool  server list general --no-log"}}
{"preview":false,"result":{"Computer":"DESKTOP-PC01","source":["sysmon_events.json","XmlWinEventLog:Microsoft-Windows-Sysmon/Operational"],"EventID":"1","UtcTime":"2021-11-21 12:58:04.182","Image":"C:\\Windows\\System32\\cmd.exe","CommandLine":"C:\\Windows\\system32\\cmd.exe /c \"C:\\Program Files\\SplunkUniversalForwarder\\bin\\splunk.exe\" _internal check-xml-files --answer-yes --no-prompt 2&gt;&amp;1","ParentCommandLine":"\"C:\\Program Files\\SplunkUniversalForwarder\\bin\\splunkd.exe\" service"}}
{"preview":false,"result":{"Computer":"DESKTOP-PC01","source":["sysmon_events.json","XmlWinEventLog:Microsoft-Windows-Sysmon/Operational"],"EventID":"1","UtcTime":"2021-11-21 12:58:04.201","Image":"C:\\Program Files\\SplunkUniversalForwarder\\bin\\splunk.exe","CommandLine":"\"C:\\Program Files\\SplunkUniversalForwarder\\bin\\splunk.exe\"  _internal check-xml-files --answer-yes --no-prompt ","ParentCommandLine":"C:\\Windows\\system32\\cmd.exe /c \"C:\\Program Files\\SplunkUniversalForwarder\\bin\\splunk.exe\" _internal check-xml-files --answer-yes --no-prompt 2&gt;&amp;1"}}
{"preview":false,"result":{"Computer":"DESKTOP-PC01","source":["sysmon_events.json","XmlWinEventLog:Microsoft-Windows-Sysmon/Operational"],"EventID":"1","UtcTime":"2021-11-21 12:58:04.995","Image":"C:\\Windows\\System32\\cmd.exe","CommandLine":"C:\\Windows\\system32\\cmd.exe /c \"\"C:\\Program Files\\SplunkUniversalForwarder\\etc\\system\\bin\\MonitorNoHandle.cmd\" --scheme\"","ParentCommandLine":"\"C:\\Program Files\\SplunkUniversalForwarder\\bin\\splunkd.exe\" service"}}
{"preview":false,"result":{"Computer":"DESKTOP-PC01","source":["sysmon_events.json","XmlWinEventLog:Microsoft-Windows-Sysmon/Operational"],"EventID":"1","UtcTime":"2021-11-21 12:58:05.103","Image":"C:\\Windows\\System32\\cmd.exe","CommandLine":"C:\\Windows\\system32\\cmd.exe /c \"\"C:\\Program Files\\SplunkUniversalForwarder\\etc\\system\\bin\\WinEventLog.cmd\" --scheme\"","ParentCommandLine":"\"C:\\Program Files\\SplunkUniversalForwarder\\bin\\splunkd.exe\" service"}}
{"preview":false,"result":{"Computer":"DESKTOP-PC01","source":["sysmon_events.json","XmlWinEventLog:Microsoft-Windows-Sysmon/Operational"],"EventID":"1","UtcTime":"2021-11-21 12:58:05.461","Image":"C:\\Windows\\System32\\cmd.exe","CommandLine":"C:\\Windows\\system32\\cmd.exe /c \"\"C:\\Program Files\\SplunkUniversalForwarder\\etc\\system\\bin\\WinHostMon.cmd\" --scheme\"","ParentCommandLine":"\"C:\\Program Files\\SplunkUniversalForwarder\\bin\\splunkd.exe\" service"}}
{"preview":false,"result":{"Computer":"DESKTOP-PC01","source":["sysmon_events.json","XmlWinEventLog:Microsoft-Windows-Sysmon/Operational"],"EventID":"1","UtcTime":"2021-11-21 12:58:05.589","Image":"C:\\Windows\\System32\\cmd.exe","CommandLine":"C:\\Windows\\system32\\cmd.exe /c \"\"C:\\Program Files\\SplunkUniversalForwarder\\etc\\system\\bin\\WinNetMon.cmd\" --scheme\"","ParentCommandLine":"\"C:\\Program Files\\SplunkUniversalForwarder\\bin\\splunkd.exe\" service"}}
{"preview":false,"result":{"Computer":"DESKTOP-PC01","source":["sysmon_events.json","XmlWinEventLog:Microsoft-Windows-Sysmon/Operational"],"EventID":"13","UtcTime":"2021-11-21 12:58:15.229","Image":"C:\\Windows\\system32\\compattelrunner.exe"}}
{"preview":false,"result":{"Computer":"DESKTOP-PC01","source":["sysmon_events.json","XmlWinEventLog:Microsoft-Windows-Sysmon/Operational"],"EventID":"13","UtcTime":"2021-11-21 12:58:15.229","Image":"C:\\Windows\\system32\\compattelrunner.exe"}}
{"preview":false,"result":{"Computer":"DESKTOP-PC01","source":["sysmon_events.json","XmlWinEventLog:Microsoft-Windows-Sysmon/Operational"],"EventID":"13","UtcTime":"2021-11-21 12:58:15.229","Image":"C:\\Windows\\system32\\compattelrunner.exe"}}
{"preview":false,"result":{"Computer":"DESKTOP-PC01","source":["sysmon_events.json","XmlWinEventLog:Microsoft-Windows-Sysmon/Operational"],"EventID":"13","UtcTime":"2021-11-21 12:58:15.229","Image":"C:\\Windows\\system32\\compattelrunner.exe"}}
{"preview":false,"result":{"Computer":"DESKTOP-PC01","source":["sysmon_events.json","XmlWinEventLog:Microsoft-Windows-Sysmon/Operational"],"EventID":"13","UtcTime":"2021-11-21 12:58:15.230","Image":"C:\\Windows\\system32\\compattelrunner.exe"}}
{"preview":false,"result":{"Computer":"DESKTOP-PC01","source":["sysmon_events.json","XmlWinEventLog:Microsoft-Windows-Sysmon/Operational"],"EventID":"13","UtcTime":"2021-11-21 12:58:15.230","Image":"C:\\Windows\\system32\\compattelrunner.exe"}}
{"preview":false,"result":{"Computer":"DESKTOP-PC01","source":["sysmon_events.json","XmlWinEventLog:Microsoft-Windows-Sysmon/Operational"],"EventID":"13","UtcTime":"2021-11-21 12:58:15.230","Image":"C:\\Windows\\system32\\compattelrunner.exe"}}
{"preview":false,"result":{"Computer":"DESKTOP-PC01","source":["sysmon_events.json","XmlWinEventLog:Microsoft-Windows-Sysmon/Operational"],"EventID":"13","UtcTime":"2021-11-21 12:58:15.230","Image":"C:\\Windows\\system32\\compattelrunner.exe"}}
{"preview":false,"result":{"Computer":"DESKTOP-PC01","source":["sysmon_events.json","XmlWinEventLog:Microsoft-Windows-Sysmon/Operational"],"EventID":"13","UtcTime":"2021-11-21 12:58:15.230","Image":"C:\\Windows\\system32\\compattelrunner.exe"}}
{"preview":false,"result":{"Computer":"DESKTOP-PC01","source":["sysmon_events.json","XmlWinEventLog:Microsoft-Windows-Sysmon/Operational"],"EventID":"13","UtcTime":"2021-11-21 12:58:15.231","Image":"C:\\Windows\\system32\\compattelrunner.exe"}}
{"preview":false,"result":{"Computer":"DESKTOP-PC01","source":["sysmon_events.json","XmlWinEventLog:Microsoft-Windows-Sysmon/Operational"],"EventID":"13","UtcTime":"2021-11-21 12:58:15.231","Image":"C:\\Windows\\system32\\compattelrunner.exe"}}
{"preview":false,"result":{"Computer":"DESKTOP-PC01","source":["sysmon_events.json","XmlWinEventLog:Microsoft-Windows-Sysmon/Operational"],"EventID":"13","UtcTime":"2021-11-21 12:58:15.231","Image":"C:\\Windows\\system32\\compattelrunner.exe"}}
{"preview":false,"result":{"Computer":"DESKTOP-PC01","source":["sysmon_events.json","XmlWinEventLog:Microsoft-Windows-Sysmon/Operational"],"EventID":"1","UtcTime":"2021-11-21 12:58:05.885","Image":"C:\\Windows\\System32\\cmd.exe","CommandLine":"C:\\Windows\\system32\\cmd.exe /c \"\"C:\\Program Files\\SplunkUniversalForwarder\\etc\\system\\bin\\WinPrintMon.cmd\" --scheme\"","ParentCommandLine":"\"C:\\Program Files\\SplunkUniversalForwarder\\bin\\splunkd.exe\" service"}}
{"preview":false,"result":{"Computer":"DESKTOP-PC01","source":["sysmon_events.json","XmlWinEventLog:Microsoft-Windows-Sysmon/Operational"],"EventID":"1","UtcTime":"2021-11-21 12:58:05.994","Image":"C:\\Windows\\System32\\cmd.exe","CommandLine":"C:\\Windows\\system32\\cmd.exe /c \"\"C:\\Program Files\\SplunkUniversalForwarder\\etc\\system\\bin\\WinRegMon.cmd\" --scheme\"","ParentCommandLine":"\"C:\\Program Files\\SplunkUniversalForwarder\\bin\\splunkd.exe\" service"}}
{"preview":false,"result":{"Computer":"DESKTOP-PC01","source":["sysmon_events.json","XmlWinEventLog:Microsoft-Windows-Sysmon/Operational"],"EventID":"1","UtcTime":"2021-11-21 12:58:06.134","Image":"C:\\Windows\\System32\\cmd.exe","CommandLine":"C:\\Windows\\system32\\cmd.exe /c \"\"C:\\Program Files\\SplunkUniversalForwarder\\etc\\system\\bin\\admon.cmd\" --scheme\"","ParentCommandLine":"\"C:\\Program Files\\SplunkUniversalForwarder\\bin\\splunkd.exe\" service"}}
{"preview":false,"result":{"Computer":"DESKTOP-PC01","source":["sysmon_events.json","XmlWinEventLog:Microsoft-Windows-Sysmon/Operational"],"EventID":"1","UtcTime":"2021-11-21 12:58:06.299","Image":"C:\\Windows\\System32\\cmd.exe","CommandLine":"C:\\Windows\\system32\\cmd.exe /c \"\"C:\\Program Files\\SplunkUniversalForwarder\\etc\\system\\bin\\perfmon.cmd\" --scheme\"","ParentCommandLine":"\"C:\\Program Files\\SplunkUniversalForwarder\\bin\\splunkd.exe\" service"}}
{"preview":false,"result":{"Computer":"DESKTOP-PC01","source":["sysmon_events.json","XmlWinEventLog:Microsoft-Windows-Sysmon/Operational"],"EventID":"1","UtcTime":"2021-11-21 12:58:06.428","Image":"C:\\Windows\\System32\\cmd.exe","CommandLine":"C:\\Windows\\system32\\cmd.exe /c \"\"C:\\Program Files\\SplunkUniversalForwarder\\etc\\system\\bin\\powershell.cmd\" --scheme\"","ParentCommandLine":"\"C:\\Program Files\\SplunkUniversalForwarder\\bin\\splunkd.exe\" service"}}
{"preview":false,"result":{"Computer":"DESKTOP-PC01","source":["sysmon_events.json","XmlWinEventLog:Microsoft-Windows-Sysmon/Operational"],"EventID":"1","UtcTime":"2021-11-21 12:58:06.539","Image":"C:\\Windows\\System32\\cmd.exe","CommandLine":"C:\\Windows\\system32\\cmd.exe /c \"\"C:\\Program Files\\SplunkUniversalForwarder\\etc\\system\\bin\\powershell2.cmd\" --scheme\"","ParentCommandLine":"\"C:\\Program Files\\SplunkUniversalForwarder\\bin\\splunkd.exe\" service"}}
{"preview":false,"result":{"Computer":"DESKTOP-PC01","source":["sysmon_events.json","XmlWinEventLog:Microsoft-Windows-Sysmon/Operational"],"EventID":"1","UtcTime":"2021-11-21 12:58:07.697","Image":"C:\\Program Files\\SplunkUniversalForwarder\\bin\\splunk-wmi.exe","CommandLine":"\"C:\\Program Files\\SplunkUniversalForwarder\\bin\\splunk-wmi.exe\"","ParentCommandLine":"\"C:\\Program Files\\SplunkUniversalForwarder\\bin\\splunkd.exe\" service"}}
{"preview":false,"result":{"Computer":"DESKTOP-PC01","source":["sysmon_events.json","XmlWinEventLog:Microsoft-Windows-Sysmon/Operational"],"EventID":"1","UtcTime":"2021-11-21 12:58:08.600","Image":"C:\\Program Files\\SplunkUniversalForwarder\\bin\\splunk-MonitorNoHandle.exe","CommandLine":"\"C:\\Program Files\\SplunkUniversalForwarder\\bin\\splunk-MonitorNoHandle.exe\"","ParentCommandLine":"\"C:\\Program Files\\SplunkUniversalForwarder\\bin\\splunkd.exe\" service"}}
{"preview":false,"result":{"Computer":"DESKTOP-PC01","source":["sysmon_events.json","XmlWinEventLog:Microsoft-Windows-Sysmon/Operational"],"EventID":"22","UtcTime":"2021-11-21 12:58:07.535","Image":"C:\\Program Files\\SplunkUniversalForwarder\\bin\\splunkd.exe"}}
{"preview":false,"result":{"Computer":"DESKTOP-PC01","source":["sysmon_events.json","XmlWinEventLog:Microsoft-Windows-Sysmon/Operational"],"EventID":"1","UtcTime":"2021-11-21 12:58:09.503","Image":"C:\\Program Files\\SplunkUniversalForwarder\\bin\\splunk-admon.exe","CommandLine":"\"C:\\Program Files\\SplunkUniversalForwarder\\bin\\splunk-admon.exe\"","ParentCommandLine":"\"C:\\Program Files\\SplunkUniversalForwarder\\bin\\splunkd.exe\" service"}}
{"preview":false,"result":{"Computer":"DESKTOP-PC01","source":["sysmon_events.json","XmlWinEventLog:Microsoft-Windows-Sysmon/Operational"],"EventID":"1","UtcTime":"2021-11-21 12:58:10.361","Image":"C:\\Program Files\\SplunkUniversalForwarder\\bin\\splunk-netmon.exe","CommandLine":"\"C:\\Program Files\\SplunkUniversalForwarder\\bin\\splunk-netmon.exe\"","ParentCommandLine":"\"C:\\Program Files\\SplunkUniversalForwarder\\bin\\splunkd.exe\" service"}}
{"preview":false,"result":{"Computer":"DESKTOP-PC01","source":["sysmon_events.json","XmlWinEventLog:Microsoft-Windows-Sysmon/Operational"],"EventID":"1","UtcTime":"2021-11-21 12:58:11.194","Image":"C:\\Program Files\\SplunkUniversalForwarder\\bin\\splunk-perfmon.exe","CommandLine":"\"C:\\Program Files\\SplunkUniversalForwarder\\bin\\splunk-perfmon.exe\"","ParentCommandLine":"\"C:\\Program Files\\SplunkUniversalForwarder\\bin\\splunkd.exe\" service"}}
{"preview":false,"result":{"Computer":"DESKTOP-PC01","source":["sysmon_events.json","XmlWinEventLog:Microsoft-Windows-Sysmon/Operational"],"EventID":"13","UtcTime":"2021-11-21 12:58:15.231","Image":"C:\\Windows\\system32\\compattelrunner.exe"}}
{"preview":false,"result":{"Computer":"DESKTOP-PC01","source":["sysmon_events.json","XmlWinEventLog:Microsoft-Windows-Sysmon/Operational"],"EventID":"13","UtcTime":"2021-11-21 12:58:15.232","Image":"C:\\Windows\\system32\\compattelrunner.exe"}}
{"preview":false,"result":{"Computer":"DESKTOP-PC01","source":["sysmon_events.json","XmlWinEventLog:Microsoft-Windows-Sysmon/Operational"],"EventID":"13","UtcTime":"2021-11-21 12:58:15.232","Image":"C:\\Windows\\system32\\compattelrunner.exe"}}
{"preview":false,"result":{"Computer":"DESKTOP-PC01","source":["sysmon_events.json","XmlWinEventLog:Microsoft-Windows-Sysmon/Operational"],"EventID":"13","UtcTime":"2021-11-21 12:58:15.232","Image":"C:\\Windows\\system32\\compattelrunner.exe"}}
{"preview":false,"result":{"Computer":"DESKTOP-PC01","source":["sysmon_events.json","XmlWinEventLog:Microsoft-Windows-Sysmon/Operational"],"EventID":"13","UtcTime":"2021-11-21 12:58:15.232","Image":"C:\\Windows\\system32\\compattelrunner.exe"}}
{"preview":false,"result":{"Computer":"DESKTOP-PC01","source":["sysmon_events.json","XmlWinEventLog:Microsoft-Windows-Sysmon/Operational"],"EventID":"13","UtcTime":"2021-11-21 12:58:15.232","Image":"C:\\Windows\\system32\\compattelrunner.exe"}}
{"preview":false,"result":{"Computer":"DESKTOP-PC01","source":["sysmon_events.json","XmlWinEventLog:Microsoft-Windows-Sysmon/Operational"],"EventID":"13","UtcTime":"2021-11-21 12:58:15.232","Image":"C:\\Windows\\system32\\compattelrunner.exe"}}
{"preview":false,"result":{"Computer":"DESKTOP-PC01","source":["sysmon_events.json","XmlWinEventLog:Microsoft-Windows-Sysmon/Operational"],"EventID":"1","UtcTime":"2021-11-21 12:58:12.036","Image":"C:\\Program Files\\SplunkUniversalForwarder\\bin\\splunk-powershell.exe","CommandLine":"\"C:\\Program Files\\SplunkUniversalForwarder\\bin\\splunk-powershell.exe\"","ParentCommandLine":"\"C:\\Program Files\\SplunkUniversalForwarder\\bin\\splunkd.exe\" service"}}
{"preview":false,"result":{"Computer":"DESKTOP-PC01","source":["sysmon_events.json","XmlWinEventLog:Microsoft-Windows-Sysmon/Operational"],"EventID":"1","UtcTime":"2021-11-21 12:58:12.896","Image":"C:\\Program Files\\SplunkUniversalForwarder\\bin\\splunk-powershell.exe","CommandLine":"\"C:\\Program Files\\SplunkUniversalForwarder\\bin\\splunk-powershell.exe\" --ps2","ParentCommandLine":"\"C:\\Program Files\\SplunkUniversalForwarder\\bin\\splunkd.exe\" service"}}
{"preview":false,"result":{"Computer":"DESKTOP-PC01","source":["sysmon_events.json","XmlWinEventLog:Microsoft-Windows-Sysmon/Operational"],"EventID":"1","UtcTime":"2021-11-21 12:58:13.663","Image":"C:\\Program Files\\SplunkUniversalForwarder\\bin\\splunk-regmon.exe","CommandLine":"\"C:\\Program Files\\SplunkUniversalForwarder\\bin\\splunk-regmon.exe\"","ParentCommandLine":"\"C:\\Program Files\\SplunkUniversalForwarder\\bin\\splunkd.exe\" service"}}
{"preview":false,"result":{"Computer":"DESKTOP-PC01","source":["sysmon_events.json","XmlWinEventLog:Microsoft-Windows-Sysmon/Operational"],"EventID":"13","UtcTime":"2021-11-21 12:58:14.256","Image":"C:\\Windows\\system32\\compattelrunner.exe"}}
{"preview":false,"result":{"Computer":"DESKTOP-PC01","source":["sysmon_events.json","XmlWinEventLog:Microsoft-Windows-Sysmon/Operational"],"EventID":"13","UtcTime":"2021-11-21 12:58:14.256","Image":"C:\\Windows\\system32\\compattelrunner.exe"}}
{"preview":false,"result":{"Computer":"DESKTOP-PC01","source":["sysmon_events.json","XmlWinEventLog:Microsoft-Windows-Sysmon/Operational"],"EventID":"13","UtcTime":"2021-11-21 12:58:14.256","Image":"C:\\Windows\\system32\\compattelrunner.exe"}}
