{"preview":false,"result":{"Computer":"DESKTOP-PC01","source":["sysmon_events.json","XmlWinEventLog:Microsoft-Windows-Sysmon/Operational"],"EventID":"1","UtcTime":"2021-11-21 12:59:13.545","Image":"C:\\Program Files\\SplunkUniversalForwarder\\bin\\splunk-regmon.exe","CommandLine":"\"C:\\Program Files\\SplunkUniversalForwarder\\bin\\splunk-regmon.exe\"","ParentCommandLine":"\"C:\\Program Files\\SplunkUniversalForwarder\\bin\\splunkd.exe\" service"}}
{"preview":false,"result":{"Computer":"DESKTOP-PC01","source":["sysmon_events.json","XmlWinEventLog:Microsoft-Windows-Sysmon/Operational"],"EventID":"1","UtcTime":"2021-11-21 12:59:15.458","Image":"C:\\Program Files\\SplunkUniversalForwarder\\bin\\splunk-winprintmon.exe","CommandLine":"\"C:\\Program Files\\SplunkUniversalForwarder\\bin\\splunk-winprintmon.exe\"","ParentCommandLine":"\"C:\\Program Files\\SplunkUniversalForwarder\\bin\\splunkd.exe\" service"}}
{"preview":false,"result":{"Computer":"DESKTOP-PC01","source":["sysmon_events.json","XmlWinEventLog:Microsoft-Windows-Sysmon/Operational"],"EventID":"1","UtcTime":"2021-11-21 12:59:50.143","Image":"C:\\Windows\\System32\\taskhostw.exe","CommandLine":"taskhostw.exe -RegisterDevice -ProtectionStateChanged -FreeNetworkOnly","ParentCommandLine":"C:\\Windows\\system32\\svchost.exe -k netsvcs -p"}}
{"preview":false,"result":{"Computer":"DESKTOP-PC01","source":["sysmon_events.json","XmlWinEventLog:Microsoft-Windows-Sysmon/Operational"],"EventID":"22","UtcTime":"2021-11-21 12:59:50.155","Image":"C:\\Program Files\\Cisco\\AMP\\7.4.5.20701\\sfc.exe"}}
{"preview":false,"result":{"Computer":"DESKTOP-PC01","source":["sysmon_events.json","XmlWinEventLog:Microsoft-Windows-Sysmon/Operational"],"EventID":"1","UtcTime":"2021-11-21 13:00:06.588","Image":"C:\\Windows\\System32\\taskhostw.exe","CommandLine":"taskhostw.exe NGCKeyPregen","ParentCommandLine":"C:\\Windows\\system32\\svchost.exe -k netsvcs -p"}}
{"preview":false,"result":{"Computer":"DESKTOP-PC01","source":["sysmon_events.json","XmlWinEventLog:Microsoft-Windows-Sysmon/Operational"],"EventID":"1","UtcTime":"2021-11-21 13:00:08.633","Image":"C:\\Program Files\\SplunkUniversalForwarder\\bin\\splunk-MonitorNoHandle.exe","CommandLine":"\"C:\\Program Files\\SplunkUniversalForwarder\\bin\\splunk-MonitorNoHandle.exe\"","ParentCommandLine":"\"C:\\Program Files\\SplunkUniversalForwarder\\bin\\splunkd.exe\" service"}}
{"preview":false,"result":{"Computer":"DESKTOP-PC01","source":["sysmon_events.json","XmlWinEventLog:Microsoft-Windows-Sysmon/Operational"],"EventID":"1","UtcTime":"2021-11-21 13:00:09.507","Image":"C:\\Program Files\\SplunkUniversalForwarder\\bin\\splunk-admon.exe","CommandLine":"\"C:\\Program Files\\SplunkUniversalForwarder\\bin\\splunk-admon.exe\"","ParentCommandLine":"\"C:\\Program Files\\SplunkUniversalForwarder\\bin\\splunkd.exe\" service"}}
{"preview":false,"result":{"Computer":"DESKTOP-PC01","source":["sysmon_events.json","XmlWinEventLog:Microsoft-Windows-Sysmon/Operational"],"EventID":"1","UtcTime":"2021-11-21 13:00:10.246","Image":"C:\\Program Files\\SplunkUniversalForwarder\\bin\\splunk-netmon.exe","CommandLine":"\"C:\\Program Files\\SplunkUniversalForwarder\\bin\\splunk-netmon.exe\"","ParentCommandLine":"\"C:\\Program Files\\SplunkUniversalForwarder\\bin\\splunkd.exe\" service"}}
{"preview":false,"result":{"Computer":"DESKTOP-PC01","source":["sysmon_events.json","XmlWinEventLog:Microsoft-Windows-Sysmon/Operational"],"EventID":"1","UtcTime":"2021-11-21 13:06:08.748","Image":"C:\\Program Files\\SplunkUniversalForwarder\\bin\\splunk-MonitorNoHandle.exe","CommandLine":"\"C:\\Program Files\\SplunkUniversalForwarder\\bin\\splunk-MonitorNoHandle.exe\"","ParentCommandLine":"\"C:\\Program Files\\SplunkUniversalForwarder\\bin\\splunkd.exe\" service"}}
{"preview":false,"result":{"Computer":"DESKTOP-PC01","source":["sysmon_events.json","XmlWinEventLog:Microsoft-Windows-Sysmon/Operational"],"EventID":"1","UtcTime":"2021-11-21 13:06:09.608","Image":"C:\\Program Files\\SplunkUniversalForwarder\\bin\\splunk-admon.exe","CommandLine":"\"C:\\Program Files\\SplunkUniversalForwarder\\bin\\splunk-admon.exe\"","ParentCommandLine":"\"C:\\Program Files\\SplunkUniversalForwarder\\bin\\splunkd.exe\" service"}}
{"preview":false,"result":{"Computer":"DESKTOP-PC01","source":["sysmon_events.json","XmlWinEventLog:Microsoft-Windows-Sysmon/Operational"],"EventID":"1","UtcTime":"2021-11-21 13:06:10.283","Image":"C:\\Program Files\\SplunkUniversalForwarder\\bin\\splunk-netmon.exe","CommandLine":"\"C:\\Program Files\\SplunkUniversalForwarder\\bin\\splunk-netmon.exe\"","ParentCommandLine":"\"C:\\Program Files\\SplunkUniversalForwarder\\bin\\splunkd.exe\" service"}}
{"preview":false,"result":{"Computer":"DESKTOP-PC01","source":["sysmon_events.json","XmlWinEventLog:Microsoft-Windows-Sysmon/Operational"],"EventID":"1","UtcTime":"2021-11-21 13:06:12.107","Image":"C:\\Program Files\\SplunkUniversalForwarder\\bin\\splunk-powershell.exe","CommandLine":"\"C:\\Program Files\\SplunkUniversalForwarder\\bin\\splunk-powershell.exe\"","ParentCommandLine":"\"C:\\Program Files\\SplunkUniversalForwarder\\bin\\splunkd.exe\" service"}}
{"preview":false,"result":{"Computer":"DESKTOP-PC01","source":["sysmon_events.json","XmlWinEventLog:Microsoft-Windows-Sysmon/Operational"],"EventID":"1","UtcTime":"2021-11-21 13:06:13.030","Image":"C:\\Program Files\\SplunkUniversalForwarder\\bin\\splunk-powershell.exe","CommandLine":"\"C:\\Program Files\\SplunkUniversalForwarder\\bin\\splunk-powershell.exe\" --ps2","ParentCommandLine":"\"C:\\Program Files\\SplunkUniversalForwarder\\bin\\splunkd.exe\" service"}}
{"preview":false,"result":{"Computer":"DESKTOP-PC01","source":["sysmon_events.json","XmlWinEventLog:Microsoft-Windows-Sysmon/Operational"],"EventID":"1","UtcTime":"2021-11-21 13:00:12.054","Image":"C:\\Program Files\\SplunkUniversalForwarder\\bin\\splunk-powershell.exe","CommandLine":"\"C:\\Program Files\\SplunkUniversalForwarder\\bin\\splunk-powershell.exe\"","ParentCommandLine":"\"C:\\Program Files\\SplunkUniversalForwarder\\bin\\splunkd.exe\" service"}}
{"preview":false,"result":{"Computer":"DESKTOP-PC01","source":["sysmon_events.json","XmlWinEventLog:Microsoft-Windows-Sysmon/Operational"],"EventID":"1","UtcTime":"2021-11-21 13:00:12.933","Image":"C:\\Program Files\\SplunkUniversalForwarder\\bin\\splunk-powershell.exe","CommandLine":"\"C:\\Program Files\\SplunkUniversalForwarder\\bin\\splunk-powershell.exe\" --ps2","ParentCommandLine":"\"C:\\Program Files\\SplunkUniversalForwarder\\bin\\splunkd.exe\" service"}}
{"preview":false,"result":{"Computer":"DESKTOP-PC01","source":["sysmon_events.json","XmlWinEventLog:Microsoft-Windows-Sysmon/Operational"],"EventID":"1","UtcTime":"2021-11-21 13:00:13.696","Image":"C:\\Program Files\\SplunkUniversalForwarder\\bin\\splunk-regmon.exe","CommandLine":"\"C:\\Program Files\\SplunkUniversalForwarder\\bin\\splunk-regmon.exe\"","ParentCommandLine":"\"C:\\Program Files\\SplunkUniversalForwarder\\bin\\splunkd.exe\" service"}}
{"preview":false,"result":{"Computer":"DESKTOP-PC01","source":["sysmon_events.json","XmlWinEventLog:Microsoft-Windows-Sysmon/Operational"],"EventID":"1","UtcTime":"2021-11-21 13:00:15.490","Image":"C:\\Program Files\\SplunkUniversalForwarder\\bin\\splunk-winprintmon.exe","CommandLine":"\"C:\\Program Files\\SplunkUniversalForwarder\\bin\\splunk-winprintmon.exe\"","ParentCommandLine":"\"C:\\Program Files\\SplunkUniversalForwarder\\bin\\splunkd.exe\" service"}}
{"preview":false,"result":{"Computer":"DESKTOP-PC01","source":["sysmon_events.json","XmlWinEventLog:Microsoft-Windows-Sysmon/Operational"],"EventID":"22","UtcTime":"2021-11-21 13:00:31.224","Image":"C:\\Windows\\System32\\svchost.exe"}}
{"preview":false,"result":{"Computer":"DESKTOP-PC01","source":["sysmon_events.json","XmlWinEventLog:Microsoft-Windows-Sysmon/Operational"],"EventID":"22","UtcTime":"2021-11-21 13:00:31.248","Image":"C:\\Windows\\System32\\svchost.exe"}}
{"preview":false,"result":{"Computer":"DESKTOP-PC01","source":["sysmon_events.json","XmlWinEventLog:Microsoft-Windows-Sysmon/Operational"],"EventID":"1","UtcTime":"2021-11-21 13:01:08.653","Image":"C:\\Program Files\\SplunkUniversalForwarder\\bin\\splunk-MonitorNoHandle.exe","CommandLine":"\"C:\\Program Files\\SplunkUniversalForwarder\\bin\\splunk-MonitorNoHandle.exe\"","ParentCommandLine":"\"C:\\Program Files\\SplunkUniversalForwarder\\bin\\splunkd.exe\" service"}}
{"preview":false,"result":{"Computer":"DESKTOP-PC01","source":["sysmon_events.json","XmlWinEventLog:Microsoft-Windows-Sysmon/Operational"],"EventID":"1","UtcTime":"2021-11-21 13:01:09.526","Image":"C:\\Program Files\\SplunkUniversalForwarder\\bin\\splunk-admon.exe","CommandLine":"\"C:\\Program Files\\SplunkUniversalForwarder\\bin\\splunk-admon.exe\"","ParentCommandLine":"\"C:\\Program Files\\SplunkUniversalForwarder\\bin\\splunkd.exe\" service"}}
{"preview":false,"result":{"Computer":"DESKTOP-PC01","source":["sysmon_events.json","XmlWinEventLog:Microsoft-Windows-Sysmon/Operational"],"EventID":"1","UtcTime":"2021-11-21 13:06:13.807","Image":"C:\\Program Files\\SplunkUniversalForwarder\\bin\\splunk-regmon.exe","CommandLine":"\"C:\\Program Files\\SplunkUniversalForwarder\\bin\\splunk-regmon.exe\"","ParentCommandLine":"\"C:\\Program Files\\SplunkUniversalForwarder\\bin\\splunkd.exe\" service"}}
{"preview":false,"result":{"Computer":"DESKTOP-PC01","source":["sysmon_events.json","XmlWinEventLog:Microsoft-Windows-Sysmon/Operational"],"EventID":"1","UtcTime":"2021-11-21 13:06:15.449","Image":"C:\\Program Files\\SplunkUniversalForwarder\\bin\\splunk-winprintmon.exe","CommandLine":"\"C:\\Program Files\\SplunkUniversalForwarder\\bin\\splunk-winprintmon.exe\"","ParentCommandLine":"\"C:\\Program Files\\SplunkUniversalForwarder\\bin\\splunkd.exe\" service"}}
{"preview":false,"result":{"Computer":"DESKTOP-PC01","source":["sysmon_events.json","XmlWinEventLog:Microsoft-Windows-Sysmon/Operational"],"EventID":"1","UtcTime":"2021-11-21 13:07:08.749","Image":"C:\\Program Files\\SplunkUniversalForwarder\\bin\\splunk-MonitorNoHandle.exe","CommandLine":"\"C:\\Program Files\\SplunkUniversalForwarder\\bin\\splunk-MonitorNoHandle.exe\"","ParentCommandLine":"\"C:\\Program Files\\SplunkUniversalForwarder\\bin\\splunkd.exe\" service"}}
{"preview":false,"result":{"Computer":"DESKTOP-PC01","source":["sysmon_events.json","XmlWinEventLog:Microsoft-Windows-Sysmon/Operational"],"EventID":"1","UtcTime":"2021-11-21 13:07:09.624","Image":"C:\\Program Files\\SplunkUniversalForwarder\\bin\\splunk-admon.exe","CommandLine":"\"C:\\Program Files\\SplunkUniversalForwarder\\bin\\splunk-admon.exe\"","ParentCommandLine":"\"C:\\Program Files\\SplunkUniversalForwarder\\bin\\splunkd.exe\" service"}}
{"preview":false,"result":{"Computer":"DESKTOP-PC01","source":["sysmon_events.json","XmlWinEventLog:Microsoft-Windows-Sysmon/Operational"],"EventID":"1","UtcTime":"2021-11-21 13:07:10.368","Image":"C:\\Program Files\\SplunkUniversalForwarder\\bin\\splunk-netmon.exe","CommandLine":"\"C:\\Program Files\\SplunkUniversalForwarder\\bin\\splunk-netmon.exe\"","ParentCommandLine":"\"C:\\Program Files\\SplunkUniversalForwarder\\bin\\splunkd.exe\" service"}}
{"preview":false,"result":{"Computer":"DESKTOP-PC01","source":["sysmon_events.json","XmlWinEventLog:Microsoft-Windows-Sysmon/Operational"],"EventID":"1","UtcTime":"2021-11-21 13:07:12.124","Image":"C:\\Program Files\\SplunkUniversalForwarder\\bin\\splunk-powershell.exe","CommandLine":"\"C:\\Program Files\\SplunkUniversalForwarder\\bin\\splunk-powershell.exe\"","ParentCommandLine":"\"C:\\Program Files\\SplunkUniversalForwarder\\bin\\splunkd.exe\" service"}}
{"preview":false,"result":{"Computer":"DESKTOP-PC01","source":["sysmon_events.json","XmlWinEventLog:Microsoft-Windows-Sysmon/Operational"],"EventID":"1","UtcTime":"2021-11-21 13:01:10.263","Image":"C:\\Program Files\\SplunkUniversalForwarder\\bin\\splunk-netmon.exe","CommandLine":"\"C:\\Program Files\\SplunkUniversalForwarder\\bin\\splunk-netmon.exe\"","ParentCommandLine":"\"C:\\Program Files\\SplunkUniversalForwarder\\bin\\splunkd.exe\" service"}}
{"preview":false,"result":{"Computer":"DESKTOP-PC01","source":["sysmon_events.json","XmlWinEventLog:Microsoft-Windows-Sysmon/Operational"],"EventID":"1","UtcTime":"2021-11-21 13:01:12.072","Image":"C:\\Program Files\\SplunkUniversalForwarder\\bin\\splunk-powershell.exe","CommandLine":"\"C:\\Program Files\\SplunkUniversalForwarder\\bin\\splunk-powershell.exe\"","ParentCommandLine":"\"C:\\Program Files\\SplunkUniversalForwarder\\bin\\splunkd.exe\" service"}}
{"preview":false,"result":{"Computer":"DESKTOP-PC01","source":["sysmon_events.json","XmlWinEventLog:Microsoft-Windows-Sysmon/Operational"],"EventID":"1","UtcTime":"2021-11-21 13:01:12.936","Image":"C:\\Program Files\\SplunkUniversalForwarder\\bin\\splunk-powershell.exe","CommandLine":"\"C:\\Program Files\\SplunkUniversalForwarder\\bin\\splunk-powershell.exe\" --ps2","ParentCommandLine":"\"C:\\Program Files\\SplunkUniversalForwarder\\bin\\splunkd.exe\" service"}}
{"preview":false,"result":{"Computer":"DESKTOP-PC01","source":["sysmon_events.json","XmlWinEventLog:Microsoft-Windows-Sysmon/Operational"],"EventID":"1","UtcTime":"2021-11-21 13:01:13.492","Image":"C:\\Program Files\\SplunkUniversalForwarder\\bin\\splunk-regmon.exe","CommandLine":"\"C:\\Program Files\\SplunkUniversalForwarder\\bin\\splunk-regmon.exe\"","ParentCommandLine":"\"C:\\Program Files\\SplunkUniversalForwarder\\bin\\splunkd.exe\" service"}}
{"preview":false,"result":{"Computer":"DESKTOP-PC01","source":["sysmon_events.json","XmlWinEventLog:Microsoft-Windows-Sysmon/Operational"],"EventID":"1","UtcTime":"2021-11-21 13:01:15.509","Image":"C:\\Program Files\\SplunkUniversalForwarder\\bin\\splunk-winprintmon.exe","CommandLine":"\"C:\\Program Files\\SplunkUniversalForwarder\\bin\\splunk-winprintmon.exe\"","ParentCommandLine":"\"C:\\Program Files\\SplunkUniversalForwarder\\bin\\splunkd.exe\" service"}}
{"preview":false,"result":{"Computer":"DESKTOP-PC01","source":["sysmon_events.json","XmlWinEventLog:Microsoft-Windows-Sysmon/Operational"],"EventID":"22","UtcTime":"2021-11-21 13:01:40.624","Image":"C:\\Windows\\System32\\MicrosoftEdgeCP.exe"}}
{"preview":false,"result":{"Computer":"DESKTOP-PC01","source":["sysmon_events.json","XmlWinEventLog:Microsoft-Windows-Sysmon/Operational"],"EventID":"22","UtcTime":"2021-11-21 13:01:40.648","Image":"C:\\Windows\\System32\\MicrosoftEdgeCP.exe"}}
{"preview":false,"result":{"Computer":"DESKTOP-PC01","source":["sysmon_events.json","XmlWinEventLog:Microsoft-Windows-Sysmon/Operational"],"EventID":"22","UtcTime":"2021-11-21 13:01:40.653","Image":"C:\\Windows\\System32\\MicrosoftEdgeCP.exe"}}
{"preview":false,"result":{"Computer":"DESKTOP-PC01","source":["sysmon_events.json","XmlWinEventLog:Microsoft-Windows-Sysmon/Operational"],"EventID":"1","UtcTime":"2021-11-21 13:07:13.063","Image":"C:\\Program Files\\SplunkUniversalForwarder\\bin\\splunk-powershell.exe","CommandLine":"\"C:\\Program Files\\SplunkUniversalForwarder\\bin\\splunk-powershell.exe\" --ps2","ParentCommandLine":"\"C:\\Program Files\\SplunkUniversalForwarder\\bin\\splunkd.exe\" service"}}
{"preview":false,"result":{"Computer":"DESKTOP-PC01","source":["sysmon_events.json","XmlWinEventLog:Microsoft-Windows-Sysmon/Operational"],"EventID":"1","UtcTime":"2021-11-21 13:07:13.810","Image":"C:\\Program Files\\SplunkUniversalForwarder\\bin\\splunk-regmon.exe","CommandLine":"\"C:\\Program Files\\SplunkUniversalForwarder\\bin\\splunk-regmon.exe\"","ParentCommandLine":"\"C:\\Program Files\\SplunkUniversalForwarder\\bin\\splunkd.exe\" service"}}
{"preview":false,"result":{"Computer":"DESKTOP-PC01","source":["sysmon_events.json","XmlWinEventLog:Microsoft-Windows-Sysmon/Operational"],"EventID":"1","UtcTime":"2021-11-21 13:07:15.465","Image":"C:\\Program Files\\SplunkUniversalForwarder\\bin\\splunk-winprintmon.exe","CommandLine":"\"C:\\Program Files\\SplunkUniversalForwarder\\bin\\splunk-winprintmon.exe\"","ParentCommandLine":"\"C:\\Program Files\\SplunkUniversalForwarder\\bin\\splunkd.exe\" service"}}
{"preview":false,"result":{"Computer":"DESKTOP-PC01","source":["sysmon_events.json","XmlWinEventLog:Microsoft-Windows-Sysmon/Operational"],"EventID":"22","UtcTime":"2021-11-21 13:07:36.258","Image":"C:\\Windows\\System32\\svchost.exe"}}
{"preview":false,"result":{"Computer":"DESKTOP-PC01","source":["sysmon_events.json","XmlWinEventLog:Microsoft-Windows-Sysmon/Operational"],"EventID":"1","UtcTime":"2021-11-21 13:07:55.776","Image":"C:\\Windows\\System32\\LogonUI.exe","CommandLine":"\"LogonUI.exe\" /flags:0x0 /state0:0xa3ea0055 /state1:0x41c64e6d","ParentCommandLine":"winlogon.exe"}}
{"preview":false,"result":{"Computer":"DESKTOP-PC01","source":["sysmon_events.json","XmlWinEventLog:Microsoft-Windows-Sysmon/Operational"],"EventID":"5","UtcTime":"2021-11-21 13:07:57.220","Image":"C:\\Users\\pc01-user\\AppData\\Local\\Microsoft\\OneDrive\\OneDrive.exe"}}
{"preview":false,"result":{"Computer":"DESKTOP-PC01","source":["sysmon_events.json","XmlWinEventLog:Microsoft-Windows-Sysmon/Operational"],"EventID":"22","UtcTime":"2021-11-21 13:01:40.655","Image":"C:\\Windows\\System32\\MicrosoftEdgeCP.exe"}}
{"preview":false,"result":{"Computer":"DESKTOP-PC01","source":["sysmon_events.json","XmlWinEventLog:Microsoft-Windows-Sysmon/Operational"],"EventID":"22","UtcTime":"2021-11-21 13:01:40.656","Image":"C:\\Windows\\System32\\MicrosoftEdgeCP.exe"}}
{"preview":false,"result":{"Computer":"DESKTOP-PC01","source":["sysmon_events.json","XmlWinEventLog:Microsoft-Windows-Sysmon/Operational"],"EventID":"22","UtcTime":"2021-11-21 13:01:40.657","Image":"C:\\Windows\\System32\\MicrosoftEdgeCP.exe"}}
{"preview":false,"result":{"Computer":"DESKTOP-PC01","source":["sysmon_events.json","XmlWinEventLog:Microsoft-Windows-Sysmon/Operational"],"EventID":"22","UtcTime":"2021-11-21 13:01:40.658","Image":"C:\\Windows\\System32\\MicrosoftEdgeCP.exe"}}
{"preview":false,"result":{"Computer":"DESKTOP-PC01","source":["sysmon_events.json","XmlWinEventLog:Microsoft-Windows-Sysmon/Operational"],"EventID":"22","UtcTime":"2021-11-21 13:01:40.659","Image":"C:\\Windows\\System32\\MicrosoftEdgeCP.exe"}}
{"preview":false,"result":{"Computer":"DESKTOP-PC01","source":["sysmon_events.json","XmlWinEventLog:Microsoft-Windows-Sysmon/Operational"],"EventID":"22","UtcTime":"2021-11-21 13:01:40.659","Image":"C:\\Windows\\System32\\MicrosoftEdgeCP.exe"}}
{"preview":false,"result":{"Computer":"DESKTOP-PC01","source":["sysmon_events.json","XmlWinEventLog:Microsoft-Windows-Sysmon/Operational"],"EventID":"22","UtcTime":"2021-11-21 13:01:40.660","Image":"C:\\Windows\\System32\\MicrosoftEdgeCP.exe"}}
{"preview":false,"result":{"Computer":"DESKTOP-PC01","source":["sysmon_events.json","XmlWinEventLog:Microsoft-Windows-Sysmon/Operational"],"EventID":"22","UtcTime":"2021-11-21 13:01:42.192","Image":"C:\\Windows\\System32\\MicrosoftEdgeCP.exe"}}
{"preview":false,"result":{"Computer":"DESKTOP-PC01","source":["sysmon_events.json","XmlWinEventLog:Microsoft-Windows-Sysmon/Operational"],"EventID":"22","UtcTime":"2021-11-21 13:01:42.740","Image":"C:\\Windows\\System32\\MicrosoftEdgeCP.exe"}}
{"preview":false,"result":{"Computer":"DESKTOP-PC01","source":["sysmon_events.json","XmlWinEventLog:Microsoft-Windows-Sysmon/Operational"],"EventID":"22","UtcTime":"2021-11-21 13:01:42.793","Image":"C:\\Program Files\\Cisco\\AMP\\7.4.5.20701\\sfc.exe"}}
{"preview":false,"result":{"Computer":"DESKTOP-PC01","source":["sysmon_events.json","XmlWinEventLog:Microsoft-Windows-Sysmon/Operational"],"EventID":"22","UtcTime":"2021-11-21 13:07:55.937","Image":"C:\\Program Files\\Cisco\\AMP\\7.4.5.20701\\sfc.exe"}}
{"preview":false,"result":{"Computer":"DESKTOP-PC01","source":["sysmon_events.json","XmlWinEventLog:Microsoft-Windows-Sysmon/Operational"],"EventID":"22","UtcTime":"2021-11-21 13:01:57.967","Image":"C:\\Windows\\System32\\MicrosoftEdgeCP.exe"}}
{"preview":false,"result":{"Computer":"DESKTOP-PC01","source":["sysmon_events.json","XmlWinEventLog:Microsoft-Windows-Sysmon/Operational"],"EventID":"22","UtcTime":"2021-11-21 13:01:57.978","Image":"C:\\Windows\\SystemApps\\Microsoft.MicrosoftEdge_8wekyb3d8bbwe\\MicrosoftEdge.exe"}}
{"preview":false,"result":{"Computer":"DESKTOP-PC01","source":["sysmon_events.json","XmlWinEventLog:Microsoft-Windows-Sysmon/Operational"],"EventID":"11","UtcTime":"2021-11-21 13:02:03.618","Image":"C:\\Windows\\system32\\browser_broker.exe"}}
{"preview":false,"result":{"Computer":"DESKTOP-PC01","source":["sysmon_events.json","XmlWinEventLog:Microsoft-Windows-Sysmon/Operational"],"EventID":"22","UtcTime":"2021-11-21 13:02:03.432","Image":"C:\\Program Files\\Cisco\\AMP\\7.4.5.20701\\sfc.exe"}}
{"preview":false,"result":{"Computer":"DESKTOP-PC01","source":["sysmon_events.json","XmlWinEventLog:Microsoft-Windows-Sysmon/Operational"],"EventID":"11","UtcTime":"2021-11-21 13:02:06.962","Image":"C:\\Windows\\system32\\browser_broker.exe"}}
{"preview":false,"result":{"Computer":"DESKTOP-PC01","source":["sysmon_events.json","XmlWinEventLog:Microsoft-Windows-Sysmon/Operational"],"EventID":"11","UtcTime":"2021-11-21 13:02:06.962","Image":"C:\\Windows\\System32\\MicrosoftEdgeCP.exe"}}
{"preview":false,"result":{"Computer":"DESKTOP-PC01","source":["sysmon_events.json","XmlWinEventLog:Microsoft-Windows-Sysmon/Operational"],"EventID":"15","UtcTime":"2021-11-21 13:02:06.977","Image":"C:\\Windows\\system32\\browser_broker.exe"}}
{"preview":false,"result":{"Computer":"DESKTOP-PC01","source":["sysmon_events.json","XmlWinEventLog:Microsoft-Windows-Sysmon/Operational"],"EventID":"11","UtcTime":"2021-11-21 13:02:06.977","Image":"C:\\Windows\\system32\\browser_broker.exe"}}
{"preview":false,"result":{"Computer":"DESKTOP-PC01","source":["sysmon_events.json","XmlWinEventLog:Microsoft-Windows-Sysmon/Operational"],"EventID":"15","UtcTime":"2021-11-21 13:02:06.977","Image":"C:\\Windows\\system32\\browser_broker.exe"}}
{"preview":false,"result":{"Computer":"DESKTOP-PC01","source":["sysmon_events.json","XmlWinEventLog:Microsoft-Windows-Sysmon/Operational"],"EventID":"15","UtcTime":"2021-11-21 13:02:06.977","Image":"C:\\Windows\\system32\\browser_broker.exe"}}
{"preview":false,"result":{"Computer":"DESKTOP-PC01","source":["sysmon_events.json","XmlWinEventLog:Microsoft-Windows-Sysmon/Operational"],"EventID":"15","UtcTime":"2021-11-21 13:02:06.993","Image":"C:\\Windows\\system32\\browser_broker.exe"}}
{"preview":false,"result":{"Computer":"DESKTOP-PC01","source":["sysmon_events.json","XmlWinEventLog:Microsoft-Windows-Sysmon/Operational"],"EventID":"13","UtcTime":"2021-11-21 13:02:07.576","Image":"C:\\Windows\\system32\\SearchProtocolHost.exe"}}
{"preview":false,"result":{"Computer":"DESKTOP-PC01","source":["sysmon_events.json","XmlWinEventLog:Microsoft-Windows-Sysmon/Operational"],"EventID":"1","UtcTime":"2021-11-21 13:02:08.669","Image":"C:\\Program Files\\SplunkUniversalForwarder\\bin\\splunk-MonitorNoHandle.exe","CommandLine":"\"C:\\Program Files\\SplunkUniversalForwarder\\bin\\splunk-MonitorNoHandle.exe\"","ParentCommandLine":"\"C:\\Program Files\\SplunkUniversalForwarder\\bin\\splunkd.exe\" service"}}
{"preview":false,"result":{"Computer":"DESKTOP-PC01","source":["sysmon_events.json","XmlWinEventLog:Microsoft-Windows-Sysmon/Operational"],"EventID":"1","UtcTime":"2021-11-21 13:02:09.543","Image":"C:\\Program Files\\SplunkUniversalForwarder\\bin\\splunk-admon.exe","CommandLine":"\"C:\\Program Files\\SplunkUniversalForwarder\\bin\\splunk-admon.exe\"","ParentCommandLine":"\"C:\\Program Files\\SplunkUniversalForwarder\\bin\\splunkd.exe\" service"}}
{"preview":false,"result":{"Computer":"DESKTOP-PC01","source":["sysmon_events.json","XmlWinEventLog:Microsoft-Windows-Sysmon/Operational"],"EventID":"1","UtcTime":"2021-11-21 13:02:10.314","Image":"C:\\Program Files\\SplunkUniversalForwarder\\bin\\splunk-netmon.exe","CommandLine":"\"C:\\Program Files\\SplunkUniversalForwarder\\bin\\splunk-netmon.exe\"","ParentCommandLine":"\"C:\\Program Files\\SplunkUniversalForwarder\\bin\\splunkd.exe\" service"}}
{"preview":false,"result":{"Computer":"DESKTOP-PC01","source":["sysmon_events.json","XmlWinEventLog:Microsoft-Windows-Sysmon/Operational"],"EventID":"1","UtcTime":"2021-11-21 13:02:12.080","Image":"C:\\Program Files\\SplunkUniversalForwarder\\bin\\splunk-powershell.exe","CommandLine":"\"C:\\Program Files\\SplunkUniversalForwarder\\bin\\splunk-powershell.exe\"","ParentCommandLine":"\"C:\\Program Files\\SplunkUniversalForwarder\\bin\\splunkd.exe\" service"}}
{"preview":false,"result":{"Computer":"DESKTOP-PC01","source":["sysmon_events.json","XmlWinEventLog:Microsoft-Windows-Sysmon/Operational"],"EventID":"1","UtcTime":"2021-11-21 13:02:13.055","Image":"C:\\Program Files\\SplunkUniversalForwarder\\bin\\splunk-powershell.exe","CommandLine":"\"C:\\Program Files\\SplunkUniversalForwarder\\bin\\splunk-powershell.exe\" --ps2","ParentCommandLine":"\"C:\\Program Files\\SplunkUniversalForwarder\\bin\\splunkd.exe\" service"}}
{"preview":false,"result":{"Computer":"DESKTOP-PC01","source":["sysmon_events.json","XmlWinEventLog:Microsoft-Windows-Sysmon/Operational"],"EventID":"1","UtcTime":"2021-11-21 13:02:13.807","Image":"C:\\Program Files\\SplunkUniversalForwarder\\bin\\splunk-regmon.exe","CommandLine":"\"C:\\Program Files\\SplunkUniversalForwarder\\bin\\splunk-regmon.exe\"","ParentCommandLine":"\"C:\\Program Files\\SplunkUniversalForwarder\\bin\\splunkd.exe\" service"}}
{"preview":false,"result":{"Computer":"DESKTOP-PC01","source":["sysmon_events.json","XmlWinEventLog:Microsoft-Windows-Sysmon/Operational"],"EventID":"1","UtcTime":"2021-11-21 13:02:15.526","Image":"C:\\Program Files\\SplunkUniversalForwarder\\bin\\splunk-winprintmon.exe","CommandLine":"\"C:\\Program Files\\SplunkUniversalForwarder\\bin\\splunk-winprintmon.exe\"","ParentCommandLine":"\"C:\\Program Files\\SplunkUniversalForwarder\\bin\\splunkd.exe\" service"}}
{"preview":false,"result":{"Computer":"DESKTOP-PC01","source":["sysmon_events.json","XmlWinEventLog:Microsoft-Windows-Sysmon/Operational"],"EventID":"13","UtcTime":"2021-11-21 13:02:16.824","Image":"C:\\Windows\\Explorer.EXE"}}
{"preview":false,"result":{"Computer":"DESKTOP-PC01","source":["sysmon_events.json","XmlWinEventLog:Microsoft-Windows-Sysmon/Operational"],"EventID":"1","UtcTime":"2021-11-21 13:02:17.356","Image":"C:\\Program Files\\Microsoft Office\\Office14\\WINWORD.EXE","CommandLine":"\"C:\\Program Files\\Microsoft Office\\Office14\\WINWORD.EXE\" /n \"C:\\Users\\pc01-user\\Downloads\\critical_list.doc\"","ParentCommandLine":"C:\\Windows\\Explorer.EXE"}}
{"preview":false,"result":{"Computer":"DESKTOP-PC01","source":["sysmon_events.json","XmlWinEventLog:Microsoft-Windows-Sysmon/Operational"],"EventID":"11","UtcTime":"2021-11-21 13:02:19.853","Image":"C:\\Program Files\\Microsoft Office\\Office14\\WINWORD.EXE"}}
{"preview":false,"result":{"Computer":"DESKTOP-PC01","source":["sysmon_events.json","XmlWinEventLog:Microsoft-Windows-Sysmon/Operational"],"EventID":"1","UtcTime":"2021-11-21 13:02:19.949","Image":"C:\\Program Files\\Microsoft Office\\Office14\\WINWORD.EXE","CommandLine":"\"C:\\Program Files\\Microsoft Office\\Office14\\WINWORD.EXE\"  /Embedding","ParentCommandLine":"\"C:\\Program Files\\Microsoft Office\\Office14\\WINWORD.EXE\" /n \"C:\\Users\\pc01-user\\Downloads\\critical_list.doc\""}}
{"preview":false,"result":{"Computer":"DESKTOP-PC01","source":["sysmon_events.json","XmlWinEventLog:Microsoft-Windows-Sysmon/Operational"],"EventID":"15","UtcTime":"2021-11-21 13:02:20.326","Image":"C:\\Program Files\\Microsoft Office\\Office14\\WINWORD.EXE"}}
{"preview":false,"result":{"Computer":"DESKTOP-PC01","source":["sysmon_events.json","XmlWinEventLog:Microsoft-Windows-Sysmon/Operational"],"EventID":"15","UtcTime":"2021-11-21 13:02:20.336","Image":"C:\\Program Files\\Microsoft Office\\Office14\\WINWORD.EXE"}}
{"preview":false,"result":{"Computer":"DESKTOP-PC01","source":["sysmon_events.json","XmlWinEventLog:Microsoft-Windows-Sysmon/Operational"],"EventID":"3","UtcTime":"2021-11-21 13:02:21.853","DestinationIp":"52.109.32.63","Protocol":"tcp","DestinationPort":"80","Image":"C:\\Program Files\\Microsoft Office\\Office14\\WINWORD.EXE"}}
{"preview":false,"result":{"Computer":"DESKTOP-PC01","source":["sysmon_events.json","XmlWinEventLog:Microsoft-Windows-Sysmon/Operational"],"EventID":"13","UtcTime":"2021-11-21 13:02:25.188","Image":"C:\\Program Files\\Microsoft Office\\Office14\\WINWORD.EXE"}}
{"preview":false,"result":{"Computer":"DESKTOP-PC01","source":["sysmon_events.json","XmlWinEventLog:Microsoft-Windows-Sysmon/Operational"],"EventID":"11","UtcTime":"2021-11-21 13:02:28.475","Image":"C:\\Program Files\\Microsoft Office\\Office14\\WINWORD.EXE"}}
{"preview":false,"result":{"Computer":"DESKTOP-PC01","source":["sysmon_events.json","XmlWinEventLog:Microsoft-Windows-Sysmon/Operational"],"EventID":"22","UtcTime":"2021-11-21 13:02:29.711","Image":"C:\\Program Files\\Common Files\\microsoft shared\\OfficeSoftwareProtectionPlatform\\OSPPSVC.EXE"}}
{"preview":false,"result":{"Computer":"DESKTOP-PC01","source":["sysmon_events.json","XmlWinEventLog:Microsoft-Windows-Sysmon/Operational"],"EventID":"22","UtcTime":"2021-11-21 13:02:29.712","Image":"C:\\Windows\\System32\\svchost.exe"}}
{"preview":false,"result":{"Computer":"DESKTOP-PC01","source":["sysmon_events.json","XmlWinEventLog:Microsoft-Windows-Sysmon/Operational"],"EventID":"13","UtcTime":"2021-11-21 12:58:14.987","Image":"C:\\Windows\\system32\\compattelrunner.exe"}}
{"preview":false,"result":{"Computer":"DESKTOP-PC01","source":["sysmon_events.json","XmlWinEventLog:Microsoft-Windows-Sysmon/Operational"],"EventID":"13","UtcTime":"2021-11-21 12:58:14.987","Image":"C:\\Windows\\system32\\compattelrunner.exe"}}
{"preview":false,"result":{"Computer":"DESKTOP-PC01","source":["sysmon_events.json","XmlWinEventLog:Microsoft-Windows-Sysmon/Operational"],"EventID":"13","UtcTime":"2021-11-21 12:58:15.144","Image":"C:\\Windows\\system32\\compattelrunner.exe"}}
{"preview":false,"result":{"Computer":"DESKTOP-PC01","source":["sysmon_events.json","XmlWinEventLog:Microsoft-Windows-Sysmon/Operational"],"EventID":"13","UtcTime":"2021-11-21 12:58:15.144","Image":"C:\\Windows\\system32\\compattelrunner.exe"}}
{"preview":false,"result":{"Computer":"DESKTOP-PC01","source":["sysmon_events.json","XmlWinEventLog:Microsoft-Windows-Sysmon/Operational"],"EventID":"13","UtcTime":"2021-11-21 12:58:15.144","Image":"C:\\Windows\\system32\\compattelrunner.exe"}}
{"preview":false,"result":{"Computer":"DESKTOP-PC01","source":["sysmon_events.json","XmlWinEventLog:Microsoft-Windows-Sysmon/Operational"],"EventID":"13","UtcTime":"2021-11-21 12:58:15.144","Image":"C:\\Windows\\system32\\compattelrunner.exe"}}
{"preview":false,"result":{"Computer":"DESKTOP-PC01","source":["sysmon_events.json","XmlWinEventLog:Microsoft-Windows-Sysmon/Operational"],"EventID":"13","UtcTime":"2021-11-21 12:58:15.144","Image":"C:\\Windows\\system32\\compattelrunner.exe"}}
{"preview":false,"result":{"Computer":"DESKTOP-PC01","source":["sysmon_events.json","XmlWinEventLog:Microsoft-Windows-Sysmon/Operational"],"EventID":"13","UtcTime":"2021-11-21 12:58:15.144","Image":"C:\\Windows\\system32\\compattelrunner.exe"}}
{"preview":false,"result":{"Computer":"DESKTOP-PC01","source":["sysmon_events.json","XmlWinEventLog:Microsoft-Windows-Sysmon/Operational"],"EventID":"13","UtcTime":"2021-11-21 12:58:15.144","Image":"C:\\Windows\\system32\\compattelrunner.exe"}}
{"preview":false,"result":{"Computer":"DESKTOP-PC01","source":["sysmon_events.json","XmlWinEventLog:Microsoft-Windows-Sysmon/Operational"],"EventID":"13","UtcTime":"2021-11-21 12:58:15.144","Image":"C:\\Windows\\system32\\compattelrunner.exe"}}
{"preview":false,"result":{"Computer":"DESKTOP-PC01","source":["sysmon_events.json","XmlWinEventLog:Microsoft-Windows-Sysmon/Operational"],"EventID":"13","UtcTime":"2021-11-21 12:58:15.144","Image":"C:\\Windows\\system32\\compattelrunner.exe"}}
{"preview":false,"result":{"Computer":"DESKTOP-PC01","source":["sysmon_events.json","XmlWinEventLog:Microsoft-Windows-Sysmon/Operational"],"EventID":"13","UtcTime":"2021-11-21 12:58:15.144","Image":"C:\\Windows\\system32\\compattelrunner.exe"}}
{"preview":false,"result":{"Computer":"DESKTOP-PC01","source":["sysmon_events.json","XmlWinEventLog:Microsoft-Windows-Sysmon/Operational"],"EventID":"13","UtcTime":"2021-11-21 12:58:15.144","Image":"C:\\Windows\\system32\\compattelrunner.exe"}}
{"preview":false,"result":{"Computer":"DESKTOP-PC01","source":["sysmon_events.json","XmlWinEventLog:Microsoft-Windows-Sysmon/Operational"],"EventID":"13","UtcTime":"2021-11-21 12:58:15.144","Image":"C:\\Windows\\system32\\compattelrunner.exe"}}
{"preview":false,"result":{"Computer":"DESKTOP-PC01","source":["sysmon_events.json","XmlWinEventLog:Microsoft-Windows-Sysmon/Operational"],"EventID":"13","UtcTime":"2021-11-21 12:58:15.144","Image":"C:\\Windows\\system32\\compattelrunner.exe"}}
{"preview":false,"result":{"Computer":"DESKTOP-PC01","source":["sysmon_events.json","XmlWinEventLog:Microsoft-Windows-Sysmon/Operational"],"EventID":"13","UtcTime":"2021-11-21 12:58:15.144","Image":"C:\\Windows\\system32\\compattelrunner.exe"}}
{"preview":false,"result":{"Computer":"DESKTOP-PC01","source":["sysmon_events.json","XmlWinEventLog:Microsoft-Windows-Sysmon/Operational"],"EventID":"13","UtcTime":"2021-11-21 12:58:15.144","Image":"C:\\Windows\\system32\\compattelrunner.exe"}}
{"preview":false,"result":{"Computer":"DESKTOP-PC01","source":["sysmon_events.json","XmlWinEventLog:Microsoft-Windows-Sysmon/Operational"],"EventID":"13","UtcTime":"2021-11-21 12:58:15.144","Image":"C:\\Windows\\system32\\compattelrunner.exe"}}
{"preview":false,"result":{"Computer":"DESKTOP-PC01","source":["sysmon_events.json","XmlWinEventLog:Microsoft-Windows-Sysmon/Operational"],"EventID":"13","UtcTime":"2021-11-21 12:58:15.144","Image":"C:\\Windows\\system32\\compattelrunner.exe"}}
{"preview":false,"result":{"Computer":"DESKTOP-PC01","source":["sysmon_events.json","XmlWinEventLog:Microsoft-Windows-Sysmon/Operational"],"EventID":"13","UtcTime":"2021-11-21 12:58:15.144","Image":"C:\\Windows\\system32\\compattelrunner.exe"}}
{"preview":false,"result":{"Computer":"DESKTOP-PC01","source":["sysmon_events.json","XmlWinEventLog:Microsoft-Windows-Sysmon/Operational"],"EventID":"13","UtcTime":"2021-11-21 12:58:15.144","Image":"C:\\Windows\\system32\\compattelrunner.exe"}}
{"preview":false,"result":{"Computer":"DESKTOP-PC01","source":["sysmon_events.json","XmlWinEventLog:Microsoft-Windows-Sysmon/Operational"],"EventID":"13","UtcTime":"2021-11-21 12:58:15.144","Image":"C:\\Windows\\system32\\compattelrunner.exe"}}
{"preview":false,"result":{"Computer":"DESKTOP-PC01","source":["sysmon_events.json","XmlWinEventLog:Microsoft-Windows-Sysmon/Operational"],"EventID":"13","UtcTime":"2021-11-21 12:58:15.144","Image":"C:\\Windows\\system32\\compattelrunner.exe"}}
{"preview":false,"result":{"Computer":"DESKTOP-PC01","source":["sysmon_events.json","XmlWinEventLog:Microsoft-Windows-Sysmon/Operational"],"EventID":"13","UtcTime":"2021-11-21 12:58:15.144","Image":"C:\\Windows\\system32\\compattelrunner.exe"}}
{"preview":false,"result":{"Computer":"DESKTOP-PC01","source":["sysmon_events.json","XmlWinEventLog:Microsoft-Windows-Sysmon/Operational"],"EventID":"13","UtcTime":"2021-11-21 12:58:15.144","Image":"C:\\Windows\\system32\\compattelrunner.exe"}}
{"preview":false,"result":{"Computer":"DESKTOP-PC01","source":["sysmon_events.json","XmlWinEventLog:Microsoft-Windows-Sysmon/Operational"],"EventID":"13","UtcTime":"2021-11-21 12:58:15.144","Image":"C:\\Windows\\system32\\compattelrunner.exe"}}
{"preview":false,"result":{"Computer":"DESKTOP-PC01","source":["sysmon_events.json","XmlWinEventLog:Microsoft-Windows-Sysmon/Operational"],"EventID":"13","UtcTime":"2021-11-21 12:58:15.144","Image":"C:\\Windows\\system32\\compattelrunner.exe"}}
{"preview":false,"result":{"Computer":"DESKTOP-PC01","source":["sysmon_events.json","XmlWinEventLog:Microsoft-Windows-Sysmon/Operational"],"EventID":"13","UtcTime":"2021-11-21 12:58:15.144","Image":"C:\\Windows\\system32\\compattelrunner.exe"}}
{"preview":false,"result":{"Computer":"DESKTOP-PC01","source":["sysmon_events.json","XmlWinEventLog:Microsoft-Windows-Sysmon/Operational"],"EventID":"13","UtcTime":"2021-11-21 12:58:15.144","Image":"C:\\Windows\\system32\\compattelrunner.exe"}}
{"preview":false,"result":{"Computer":"DESKTOP-PC01","source":["sysmon_events.json","XmlWinEventLog:Microsoft-Windows-Sysmon/Operational"],"EventID":"13","UtcTime":"2021-11-21 12:58:15.144","Image":"C:\\Windows\\system32\\compattelrunner.exe"}}
{"preview":false,"result":{"Computer":"DESKTOP-PC01","source":["sysmon_events.json","XmlWinEventLog:Microsoft-Windows-Sysmon/Operational"],"EventID":"13","UtcTime":"2021-11-21 12:58:15.144","Image":"C:\\Windows\\system32\\compattelrunner.exe"}}
{"preview":false,"result":{"Computer":"DESKTOP-PC01","source":["sysmon_events.json","XmlWinEventLog:Microsoft-Windows-Sysmon/Operational"],"EventID":"13","UtcTime":"2021-11-21 12:58:15.144","Image":"C:\\Windows\\system32\\compattelrunner.exe"}}
{"preview":false,"result":{"Computer":"DESKTOP-PC01","source":["sysmon_events.json","XmlWinEventLog:Microsoft-Windows-Sysmon/Operational"],"EventID":"13","UtcTime":"2021-11-21 12:58:15.144","Image":"C:\\Windows\\system32\\compattelrunner.exe"}}
{"preview":false,"result":{"Computer":"DESKTOP-PC01","source":["sysmon_events.json","XmlWinEventLog:Microsoft-Windows-Sysmon/Operational"],"EventID":"13","UtcTime":"2021-11-21 12:58:15.144","Image":"C:\\Windows\\system32\\compattelrunner.exe"}}
{"preview":false,"result":{"Computer":"DESKTOP-PC01","source":["sysmon_events.json","XmlWinEventLog:Microsoft-Windows-Sysmon/Operational"],"EventID":"13","UtcTime":"2021-11-21 12:58:15.144","Image":"C:\\Windows\\system32\\compattelrunner.exe"}}
{"preview":false,"result":{"Computer":"DESKTOP-PC01","source":["sysmon_events.json","XmlWinEventLog:Microsoft-Windows-Sysmon/Operational"],"EventID":"13","UtcTime":"2021-11-21 12:58:15.210","Image":"C:\\Windows\\system32\\compattelrunner.exe"}}
{"preview":false,"result":{"Computer":"DESKTOP-PC01","source":["sysmon_events.json","XmlWinEventLog:Microsoft-Windows-Sysmon/Operational"],"EventID":"13","UtcTime":"2021-11-21 12:58:15.211","Image":"C:\\Windows\\system32\\compattelrunner.exe"}}
{"preview":false,"result":{"Computer":"DESKTOP-PC01","source":["sysmon_events.json","XmlWinEventLog:Microsoft-Windows-Sysmon/Operational"],"EventID":"13","UtcTime":"2021-11-21 12:58:15.211","Image":"C:\\Windows\\system32\\compattelrunner.exe"}}
{"preview":false,"result":{"Computer":"DESKTOP-PC01","source":["sysmon_events.json","XmlWinEventLog:Microsoft-Windows-Sysmon/Operational"],"EventID":"13","UtcTime":"2021-11-21 12:58:15.212","Image":"C:\\Windows\\system32\\compattelrunner.exe"}}
{"preview":false,"result":{"Computer":"DESKTOP-PC01","source":["sysmon_events.json","XmlWinEventLog:Microsoft-Windows-Sysmon/Operational"],"EventID":"13","UtcTime":"2021-11-21 12:58:15.213","Image":"C:\\Windows\\system32\\compattelrunner.exe"}}
{"preview":false,"result":{"Computer":"DESKTOP-PC01","source":["sysmon_events.json","XmlWinEventLog:Microsoft-Windows-Sysmon/Operational"],"EventID":"13","UtcTime":"2021-11-21 12:58:15.213","Image":"C:\\Windows\\system32\\compattelrunner.exe"}}
{"preview":false,"result":{"Computer":"DESKTOP-PC01","source":["sysmon_events.json","XmlWinEventLog:Microsoft-Windows-Sysmon/Operational"],"EventID":"13","UtcTime":"2021-11-21 12:58:15.214","Image":"C:\\Windows\\system32\\compattelrunner.exe"}}
{"preview":false,"result":{"Computer":"DESKTOP-PC01","source":["sysmon_events.json","XmlWinEventLog:Microsoft-Windows-Sysmon/Operational"],"EventID":"13","UtcTime":"2021-11-21 12:58:15.214","Image":"C:\\Windows\\system32\\compattelrunner.exe"}}
{"preview":false,"result":{"Computer":"DESKTOP-PC01","source":["sysmon_events.json","XmlWinEventLog:Microsoft-Windows-Sysmon/Operational"],"EventID":"13","UtcTime":"2021-11-21 12:58:15.215","Image":"C:\\Windows\\system32\\compattelrunner.exe"}}
{"preview":false,"result":{"Computer":"DESKTOP-PC01","source":["sysmon_events.json","XmlWinEventLog:Microsoft-Windows-Sysmon/Operational"],"EventID":"13","UtcTime":"2021-11-21 12:58:15.216","Image":"C:\\Windows\\system32\\compattelrunner.exe"}}
{"preview":false,"result":{"Computer":"DESKTOP-PC01","source":["sysmon_events.json","XmlWinEventLog:Microsoft-Windows-Sysmon/Operational"],"EventID":"13","UtcTime":"2021-11-21 12:58:15.216","Image":"C:\\Windows\\system32\\compattelrunner.exe"}}
{"preview":false,"result":{"Computer":"DESKTOP-PC01","source":["sysmon_events.json","XmlWinEventLog:Microsoft-Windows-Sysmon/Operational"],"EventID":"13","UtcTime":"2021-11-21 12:58:15.216","Image":"C:\\Windows\\system32\\compattelrunner.exe"}}
{"preview":false,"result":{"Computer":"DESKTOP-PC01","source":["sysmon_events.json","XmlWinEventLog:Microsoft-Windows-Sysmon/Operational"],"EventID":"13","UtcTime":"2021-11-21 12:58:15.218","Image":"C:\\Windows\\system32\\compattelrunner.exe"}}
{"preview":false,"result":{"Computer":"DESKTOP-PC01","source":["sysmon_events.json","XmlWinEventLog:Microsoft-Windows-Sysmon/Operational"],"EventID":"13","UtcTime":"2021-11-21 12:58:15.218","Image":"C:\\Windows\\system32\\compattelrunner.exe"}}
{"preview":false,"result":{"Computer":"DESKTOP-PC01","source":["sysmon_events.json","XmlWinEventLog:Microsoft-Windows-Sysmon/Operational"],"EventID":"13","UtcTime":"2021-11-21 12:58:15.219","Image":"C:\\Windows\\system32\\compattelrunner.exe"}}
{"preview":false,"result":{"Computer":"DESKTOP-PC01","source":["sysmon_events.json","XmlWinEventLog:Microsoft-Windows-Sysmon/Operational"],"EventID":"13","UtcTime":"2021-11-21 12:58:15.219","Image":"C:\\Windows\\system32\\compattelrunner.exe"}}
{"preview":false,"result":{"Computer":"DESKTOP-PC01","source":["sysmon_events.json","XmlWinEventLog:Microsoft-Windows-Sysmon/Operational"],"EventID":"13","UtcTime":"2021-11-21 12:58:15.221","Image":"C:\\Windows\\system32\\compattelrunner.exe"}}
{"preview":false,"result":{"Computer":"DESKTOP-PC01","source":["sysmon_events.json","XmlWinEventLog:Microsoft-Windows-Sysmon/Operational"],"EventID":"13","UtcTime":"2021-11-21 12:58:15.222","Image":"C:\\Windows\\system32\\compattelrunner.exe"}}
{"preview":false,"result":{"Computer":"DESKTOP-PC01","source":["sysmon_events.json","XmlWinEventLog:Microsoft-Windows-Sysmon/Operational"],"EventID":"13","UtcTime":"2021-11-21 12:58:15.223","Image":"C:\\Windows\\system32\\compattelrunner.exe"}}
{"preview":false,"result":{"Computer":"DESKTOP-PC01","source":["sysmon_events.json","XmlWinEventLog:Microsoft-Windows-Sysmon/Operational"],"EventID":"13","UtcTime":"2021-11-21 12:58:15.223","Image":"C:\\Windows\\system32\\compattelrunner.exe"}}
{"preview":false,"result":{"Computer":"DESKTOP-PC01","source":["sysmon_events.json","XmlWinEventLog:Microsoft-Windows-Sysmon/Operational"],"EventID":"13","UtcTime":"2021-11-21 12:58:15.225","Image":"C:\\Windows\\system32\\compattelrunner.exe"}}
{"preview":false,"result":{"Computer":"DESKTOP-PC01","source":["sysmon_events.json","XmlWinEventLog:Microsoft-Windows-Sysmon/Operational"],"EventID":"13","UtcTime":"2021-11-21 12:58:15.225","Image":"C:\\Windows\\system32\\compattelrunner.exe"}}
{"preview":false,"result":{"Computer":"DESKTOP-PC01","source":["sysmon_events.json","XmlWinEventLog:Microsoft-Windows-Sysmon/Operational"],"EventID":"13","UtcTime":"2021-11-21 12:58:15.226","Image":"C:\\Windows\\system32\\compattelrunner.exe"}}
{"preview":false,"result":{"Computer":"DESKTOP-PC01","source":["sysmon_events.json","XmlWinEventLog:Microsoft-Windows-Sysmon/Operational"],"EventID":"13","UtcTime":"2021-11-21 12:58:15.227","Image":"C:\\Windows\\system32\\compattelrunner.exe"}}
{"preview":false,"result":{"Computer":"DESKTOP-PC01","source":["sysmon_events.json","XmlWinEventLog:Microsoft-Windows-Sysmon/Operational"],"EventID":"13","UtcTime":"2021-11-21 12:58:15.228","Image":"C:\\Windows\\system32\\compattelrunner.exe"}}
{"preview":false,"result":{"Computer":"DESKTOP-PC01","source":["sysmon_events.json","XmlWinEventLog:Microsoft-Windows-Sysmon/Operational"],"EventID":"13","UtcTime":"2021-11-21 12:58:15.228","Image":"C:\\Windows\\system32\\compattelrunner.exe"}}
{"preview":false,"result":{"Computer":"DESKTOP-PC01","source":["sysmon_events.json","XmlWinEventLog:Microsoft-Windows-Sysmon/Operational"],"EventID":"13","UtcTime":"2021-11-21 12:58:15.228","Image":"C:\\Windows\\system32\\compattelrunner.exe"}}
{"preview":false,"result":{"Computer":"DESKTOP-PC01","source":["sysmon_events.json","XmlWinEventLog:Microsoft-Windows-Sysmon/Operational"],"EventID":"13","UtcTime":"2021-11-21 12:58:15.228","Image":"C:\\Windows\\system32\\compattelrunner.exe"}}
{"preview":false,"result":{"Computer":"DESKTOP-PC01","source":["sysmon_events.json","XmlWinEventLog:Microsoft-Windows-Sysmon/Operational"],"EventID":"13","UtcTime":"2021-11-21 12:58:15.229","Image":"C:\\Windows\\system32\\compattelrunner.exe"}}
{"preview":false,"result":{"Computer":"DESKTOP-PC01","source":["sysmon_events.json","XmlWinEventLog:Microsoft-Windows-Sysmon/Operational"],"EventID":"13","UtcTime":"2021-11-21 12:58:15.229","Image":"C:\\Windows\\system32\\compattelrunner.exe"}}
{"preview":false,"result":{"Computer":"DESKTOP-PC01","source":["sysmon_events.json","XmlWinEventLog:Microsoft-Windows-Sysmon/Operational"],"EventID":"13","UtcTime":"2021-11-21 12:58:15.229","Image":"C:\\Windows\\system32\\compattelrunner.exe"}}
{"preview":false,"result":{"Computer":"DESKTOP-PC01","source":["sysmon_events.json","XmlWinEventLog:Microsoft-Windows-Sysmon/Operational"],"EventID":"13","UtcTime":"2021-11-21 12:58:15.229","Image":"C:\\Windows\\system32\\compattelrunner.exe"}}
{"preview":false,"result":{"Computer":"DESKTOP-PC01","source":["sysmon_events.json","XmlWinEventLog:Microsoft-Windows-Sysmon/Operational"],"EventID":"13","UtcTime":"2021-11-21 12:58:15.229","Image":"C:\\Windows\\system32\\compattelrunner.exe"}}
{"preview":false,"result":{"Computer":"DESKTOP-PC01","source":["sysmon_events.json","XmlWinEventLog:Microsoft-Windows-Sysmon/Operational"],"EventID":"16"}}
{"preview":false,"result":{"Computer":"DESKTOP-PC01","source":["sysmon_events.json","XmlWinEventLog:Microsoft-Windows-Sysmon/Operational"],"EventID":"4","UtcTime":"2021-11-21 12:57:32.334"}}
{"preview":false,"result":{"Computer":"DESKTOP-PC01","source":["sysmon_events.json","XmlWinEventLog:Microsoft-Windows-Sysmon/Operational"],"EventID":"1","UtcTime":"2021-11-21 12:57:31.924","Image":"C:\\Windows\\Sysmon64.exe","CommandLine":"C:\\Windows\\Sysmon64.exe","ParentCommandLine":"C:\\Windows\\system32\\services.exe"}}
{"preview":false,"result":{"Computer":"DESKTOP-PC01","source":["sysmon_events.json","XmlWinEventLog:Microsoft-Windows-Sysmon/Operational"],"EventID":"1","UtcTime":"2021-11-21 12:57:32.228","Image":"C:\\Windows\\System32\\wbem\\unsecapp.exe","CommandLine":"C:\\Windows\\system32\\wbem\\unsecapp.exe -Embedding","ParentCommandLine":"C:\\Windows\\system32\\svchost.exe -k DcomLaunch -p"}}
{"preview":false,"result":{"Computer":"DESKTOP-PC01","source":["sysmon_events.json","XmlWinEventLog:Microsoft-Windows-Sysmon/Operational"],"EventID":"5","UtcTime":"2021-11-21 12:57:33.059","Image":"C:\\Users\\pc01-user\\Downloads\\Sysmon64.exe"}}
{"preview":false,"result":{"Computer":"DESKTOP-PC01","source":["sysmon_events.json","XmlWinEventLog:Microsoft-Windows-Sysmon/Operational"],"EventID":"1","UtcTime":"2021-11-21 12:57:40.486","Image":"C:\\Windows\\System32\\consent.exe","CommandLine":"consent.exe 484 422 00000190401A2040","ParentCommandLine":"C:\\Windows\\system32\\svchost.exe -k netsvcs -p"}}
{"preview":false,"result":{"Computer":"DESKTOP-PC01","source":["sysmon_events.json","XmlWinEventLog:Microsoft-Windows-Sysmon/Operational"],"EventID":"1","UtcTime":"2021-11-21 12:57:40.889","Image":"C:\\Windows\\System32\\mmc.exe","CommandLine":"\"C:\\Windows\\system32\\mmc.exe\" \"C:\\Windows\\system32\\services.msc\" ","ParentCommandLine":"C:\\Windows\\Explorer.EXE"}}
{"preview":false,"result":{"Computer":"DESKTOP-PC01","source":["sysmon_events.json","XmlWinEventLog:Microsoft-Windows-Sysmon/Operational"],"EventID":"22","UtcTime":"2021-11-21 12:57:44.978","Image":"C:\\Windows\\SystemApps\\Microsoft.Windows.Cortana_cw5n1h2txyewy\\SearchUI.exe"}}
{"preview":false,"result":{"Computer":"DESKTOP-PC01","source":["sysmon_events.json","XmlWinEventLog:Microsoft-Windows-Sysmon/Operational"],"EventID":"1","UtcTime":"2021-11-21 12:57:50.681","Image":"C:\\Program Files\\SplunkUniversalForwarder\\bin\\splunkd.exe","CommandLine":"\"C:\\Program Files\\SplunkUniversalForwarder\\bin\\splunkd.exe\" service","ParentCommandLine":"C:\\Windows\\system32\\services.exe"}}
{"preview":false,"result":{"Computer":"DESKTOP-PC01","source":["sysmon_events.json","XmlWinEventLog:Microsoft-Windows-Sysmon/Operational"],"EventID":"1","UtcTime":"2021-11-21 12:57:52.075","Image":"C:\\Windows\\System32\\cmd.exe","CommandLine":"C:\\Windows\\system32\\cmd.exe /c \"C:\\Program Files\\SplunkUniversalForwarder\\bin\\splunk.exe\" _RAW_envvars","ParentCommandLine":"\"C:\\Program Files\\SplunkUniversalForwarder\\bin\\splunkd.exe\" service"}}
{"preview":false,"result":{"Computer":"DESKTOP-PC01","source":["sysmon_events.json","XmlWinEventLog:Microsoft-Windows-Sysmon/Operational"],"EventID":"1","UtcTime":"2021-11-21 12:57:52.315","Image":"C:\\Program Files\\SplunkUniversalForwarder\\bin\\splunk.exe","CommandLine":"\"C:\\Program Files\\SplunkUniversalForwarder\\bin\\splunk.exe\"  _RAW_envvars","ParentCommandLine":"C:\\Windows\\system32\\cmd.exe /c \"C:\\Program Files\\SplunkUniversalForwarder\\bin\\splunk.exe\" _RAW_envvars"}}
{"preview":false,"result":{"Computer":"DESKTOP-PC01","source":["sysmon_events.json","XmlWinEventLog:Microsoft-Windows-Sysmon/Operational"],"EventID":"1","UtcTime":"2021-11-21 12:57:52.418","Image":"C:\\Windows\\System32\\cmd.exe","CommandLine":"C:\\Windows\\system32\\cmd.exe /c \"C:\\Program Files\\SplunkUniversalForwarder\\bin\\splunk.exe\" _internal_extra_splunkd_service_args","ParentCommandLine":"\"C:\\Program Files\\SplunkUniversalForwarder\\bin\\splunkd.exe\" service"}}
