{"preview":false,"result":{"Computer":"DESKTOP-PC01","source":["sysmon_events.json","XmlWinEventLog:Microsoft-Windows-Sysmon/Operational"],"EventID":"1","UtcTime":"2021-11-21 13:02:55.656","Image":"C:\\Windows\\System32\\rundll32.exe","CommandLine":"rundll32.exe  C:\\ProgramData\\www1.dll,ldr","ParentCommandLine":"\"C:\\Windows\\System32\\cmd.exe\" /c rundll32.exe C:\\ProgramData\\www1.dll,ldr"}}
{"preview":false,"result":{"Computer":"DESKTOP-PC01","source":["sysmon_events.json","XmlWinEventLog:Microsoft-Windows-Sysmon/Operational"],"EventID":"1","UtcTime":"2021-11-21 13:02:56.774","Image":"C:\\Windows\\System32\\rundll32.exe","CommandLine":"rundll32.exe  C:\\ProgramData\\www4.dll,ldr","ParentCommandLine":"\"C:\\Windows\\System32\\cmd.exe\" /c rundll32.exe C:\\ProgramData\\www4.dll,ldr"}}
{"preview":false,"result":{"Computer":"DESKTOP-PC01","source":["sysmon_events.json","XmlWinEventLog:Microsoft-Windows-Sysmon/Operational"],"EventID":"1","UtcTime":"2021-11-21 13:02:56.933","Image":"C:\\Windows\\System32\\rundll32.exe","CommandLine":"rundll32.exe  C:\\ProgramData\\www5.dll,ldr","ParentCommandLine":"\"C:\\Windows\\System32\\cmd.exe\" /c rundll32.exe C:\\ProgramData\\www5.dll,ldr"}}
{"preview":false,"result":{"Computer":"DESKTOP-PC01","source":["sysmon_events.json","XmlWinEventLog:Microsoft-Windows-Sysmon/Operational"],"EventID":"11","UtcTime":"2021-11-21 13:03:03.650","Image":"C:\\Windows\\System32\\WindowsPowerShell\\v1.0\\powershell.exe"}}
{"preview":false,"result":{"Computer":"DESKTOP-PC01","source":["sysmon_events.json","XmlWinEventLog:Microsoft-Windows-Sysmon/Operational"],"EventID":"11","UtcTime":"2021-11-21 13:03:04.729","Image":"C:\\Windows\\System32\\WindowsPowerShell\\v1.0\\powershell.exe"}}
{"preview":false,"result":{"Computer":"DESKTOP-PC01","source":["sysmon_events.json","XmlWinEventLog:Microsoft-Windows-Sysmon/Operational"],"EventID":"3","UtcTime":"2021-11-21 13:03:03.705","DestinationIp":"192.168.155.134","Protocol":"tcp","DestinationPort":"80","Image":"C:\\Windows\\System32\\WindowsPowerShell\\v1.0\\powershell.exe"}}
{"preview":false,"result":{"Computer":"DESKTOP-PC01","source":["sysmon_events.json","XmlWinEventLog:Microsoft-Windows-Sysmon/Operational"],"EventID":"11","UtcTime":"2021-11-21 13:03:05.759","Image":"C:\\Windows\\System32\\WindowsPowerShell\\v1.0\\powershell.exe"}}
{"preview":false,"result":{"Computer":"DESKTOP-PC01","source":["sysmon_events.json","XmlWinEventLog:Microsoft-Windows-Sysmon/Operational"],"EventID":"3","UtcTime":"2021-11-21 13:03:04.715","DestinationIp":"192.168.155.134","Protocol":"tcp","DestinationPort":"80","Image":"C:\\Windows\\System32\\WindowsPowerShell\\v1.0\\powershell.exe"}}
{"preview":false,"result":{"Computer":"DESKTOP-PC01","source":["sysmon_events.json","XmlWinEventLog:Microsoft-Windows-Sysmon/Operational"],"EventID":"22","UtcTime":"2021-11-21 13:03:06.110","Image":"C:\\Windows\\System32\\WindowsPowerShell\\v1.0\\powershell.exe"}}
{"preview":false,"result":{"Computer":"DESKTOP-PC01","source":["sysmon_events.json","XmlWinEventLog:Microsoft-Windows-Sysmon/Operational"],"EventID":"3","UtcTime":"2021-11-21 13:03:06.225","DestinationIp":"146.112.61.110","Protocol":"tcp","DestinationPort":"443","Image":"C:\\Windows\\System32\\WindowsPowerShell\\v1.0\\powershell.exe"}}
{"preview":false,"result":{"Computer":"DESKTOP-PC01","source":["sysmon_events.json","XmlWinEventLog:Microsoft-Windows-Sysmon/Operational"],"EventID":"22","UtcTime":"2021-11-21 13:03:06.676","Image":"C:\\Windows\\System32\\WindowsPowerShell\\v1.0\\powershell.exe"}}
{"preview":false,"result":{"Computer":"DESKTOP-PC01","source":["sysmon_events.json","XmlWinEventLog:Microsoft-Windows-Sysmon/Operational"],"EventID":"11","UtcTime":"2021-11-21 13:03:08.249","Image":"C:\\Windows\\System32\\WindowsPowerShell\\v1.0\\powershell.exe"}}
{"preview":false,"result":{"Computer":"DESKTOP-PC01","source":["sysmon_events.json","XmlWinEventLog:Microsoft-Windows-Sysmon/Operational"],"EventID":"3","UtcTime":"2021-11-21 13:03:06.792","DestinationIp":"2.20.7.24","Protocol":"tcp","DestinationPort":"80","Image":"C:\\Windows\\System32\\WindowsPowerShell\\v1.0\\powershell.exe"}}
{"preview":false,"result":{"Computer":"DESKTOP-PC01","source":["sysmon_events.json","XmlWinEventLog:Microsoft-Windows-Sysmon/Operational"],"EventID":"1","UtcTime":"2021-11-21 13:03:08.695","Image":"C:\\Program Files\\SplunkUniversalForwarder\\bin\\splunk-MonitorNoHandle.exe","CommandLine":"\"C:\\Program Files\\SplunkUniversalForwarder\\bin\\splunk-MonitorNoHandle.exe\"","ParentCommandLine":"\"C:\\Program Files\\SplunkUniversalForwarder\\bin\\splunkd.exe\" service"}}
{"preview":false,"result":{"Computer":"DESKTOP-PC01","source":["sysmon_events.json","XmlWinEventLog:Microsoft-Windows-Sysmon/Operational"],"EventID":"1","UtcTime":"2021-11-21 13:03:09.560","Image":"C:\\Program Files\\SplunkUniversalForwarder\\bin\\splunk-admon.exe","CommandLine":"\"C:\\Program Files\\SplunkUniversalForwarder\\bin\\splunk-admon.exe\"","ParentCommandLine":"\"C:\\Program Files\\SplunkUniversalForwarder\\bin\\splunkd.exe\" service"}}
{"preview":false,"result":{"Computer":"DESKTOP-PC01","source":["sysmon_events.json","XmlWinEventLog:Microsoft-Windows-Sysmon/Operational"],"EventID":"22","UtcTime":"2021-11-21 13:03:08.718","Image":"C:\\Windows\\System32\\WindowsPowerShell\\v1.0\\powershell.exe"}}
{"preview":false,"result":{"Computer":"DESKTOP-PC01","source":["sysmon_events.json","XmlWinEventLog:Microsoft-Windows-Sysmon/Operational"],"EventID":"11","UtcTime":"2021-11-21 13:03:10.266","Image":"C:\\Windows\\System32\\WindowsPowerShell\\v1.0\\powershell.exe"}}
{"preview":false,"result":{"Computer":"DESKTOP-PC01","source":["sysmon_events.json","XmlWinEventLog:Microsoft-Windows-Sysmon/Operational"],"EventID":"1","UtcTime":"2021-11-21 13:03:10.314","Image":"C:\\Program Files\\SplunkUniversalForwarder\\bin\\splunk-netmon.exe","CommandLine":"\"C:\\Program Files\\SplunkUniversalForwarder\\bin\\splunk-netmon.exe\"","ParentCommandLine":"\"C:\\Program Files\\SplunkUniversalForwarder\\bin\\splunkd.exe\" service"}}
{"preview":false,"result":{"Computer":"DESKTOP-PC01","source":["sysmon_events.json","XmlWinEventLog:Microsoft-Windows-Sysmon/Operational"],"EventID":"3","UtcTime":"2021-11-21 13:03:08.836","DestinationIp":"146.112.61.110","Protocol":"tcp","DestinationPort":"443","Image":"C:\\Windows\\System32\\WindowsPowerShell\\v1.0\\powershell.exe"}}
{"preview":false,"result":{"Computer":"DESKTOP-PC01","source":["sysmon_events.json","XmlWinEventLog:Microsoft-Windows-Sysmon/Operational"],"EventID":"11","UtcTime":"2021-11-21 13:03:10.883","Image":"C:\\Windows\\System32\\WindowsPowerShell\\v1.0\\powershell.exe"}}
{"preview":false,"result":{"Computer":"DESKTOP-PC01","source":["sysmon_events.json","XmlWinEventLog:Microsoft-Windows-Sysmon/Operational"],"EventID":"3","UtcTime":"2021-11-21 13:03:10.545","DestinationIp":"146.112.61.110","Protocol":"tcp","DestinationPort":"443","Image":"C:\\Windows\\System32\\WindowsPowerShell\\v1.0\\powershell.exe"}}
{"preview":false,"result":{"Computer":"DESKTOP-PC01","source":["sysmon_events.json","XmlWinEventLog:Microsoft-Windows-Sysmon/Operational"],"EventID":"1","UtcTime":"2021-11-21 13:03:12.074","Image":"C:\\Program Files\\SplunkUniversalForwarder\\bin\\splunk-powershell.exe","CommandLine":"\"C:\\Program Files\\SplunkUniversalForwarder\\bin\\splunk-powershell.exe\"","ParentCommandLine":"\"C:\\Program Files\\SplunkUniversalForwarder\\bin\\splunkd.exe\" service"}}
{"preview":false,"result":{"Computer":"DESKTOP-PC01","source":["sysmon_events.json","XmlWinEventLog:Microsoft-Windows-Sysmon/Operational"],"EventID":"22","UtcTime":"2021-11-21 13:03:10.423","Image":"C:\\Windows\\System32\\WindowsPowerShell\\v1.0\\powershell.exe"}}
{"preview":false,"result":{"Computer":"DESKTOP-PC01","source":["sysmon_events.json","XmlWinEventLog:Microsoft-Windows-Sysmon/Operational"],"EventID":"1","UtcTime":"2021-11-21 13:03:12.825","Image":"C:\\Program Files\\SplunkUniversalForwarder\\bin\\splunk-powershell.exe","CommandLine":"\"C:\\Program Files\\SplunkUniversalForwarder\\bin\\splunk-powershell.exe\" --ps2","ParentCommandLine":"\"C:\\Program Files\\SplunkUniversalForwarder\\bin\\splunkd.exe\" service"}}
{"preview":false,"result":{"Computer":"DESKTOP-PC01","source":["sysmon_events.json","XmlWinEventLog:Microsoft-Windows-Sysmon/Operational"],"EventID":"1","UtcTime":"2021-11-21 13:03:13.605","Image":"C:\\Program Files\\SplunkUniversalForwarder\\bin\\splunk-regmon.exe","CommandLine":"\"C:\\Program Files\\SplunkUniversalForwarder\\bin\\splunk-regmon.exe\"","ParentCommandLine":"\"C:\\Program Files\\SplunkUniversalForwarder\\bin\\splunkd.exe\" service"}}
{"preview":false,"result":{"Computer":"DESKTOP-PC01","source":["sysmon_events.json","XmlWinEventLog:Microsoft-Windows-Sysmon/Operational"],"EventID":"1","UtcTime":"2021-11-21 13:03:15.543","Image":"C:\\Program Files\\SplunkUniversalForwarder\\bin\\splunk-winprintmon.exe","CommandLine":"\"C:\\Program Files\\SplunkUniversalForwarder\\bin\\splunk-winprintmon.exe\"","ParentCommandLine":"\"C:\\Program Files\\SplunkUniversalForwarder\\bin\\splunkd.exe\" service"}}
{"preview":false,"result":{"Computer":"DESKTOP-PC01","source":["sysmon_events.json","XmlWinEventLog:Microsoft-Windows-Sysmon/Operational"],"EventID":"1","UtcTime":"2021-11-21 13:04:08.714","Image":"C:\\Program Files\\SplunkUniversalForwarder\\bin\\splunk-MonitorNoHandle.exe","CommandLine":"\"C:\\Program Files\\SplunkUniversalForwarder\\bin\\splunk-MonitorNoHandle.exe\"","ParentCommandLine":"\"C:\\Program Files\\SplunkUniversalForwarder\\bin\\splunkd.exe\" service"}}
{"preview":false,"result":{"Computer":"DESKTOP-PC01","source":["sysmon_events.json","XmlWinEventLog:Microsoft-Windows-Sysmon/Operational"],"EventID":"1","UtcTime":"2021-11-21 13:04:09.561","Image":"C:\\Program Files\\SplunkUniversalForwarder\\bin\\splunk-admon.exe","CommandLine":"\"C:\\Program Files\\SplunkUniversalForwarder\\bin\\splunk-admon.exe\"","ParentCommandLine":"\"C:\\Program Files\\SplunkUniversalForwarder\\bin\\splunkd.exe\" service"}}
{"preview":false,"result":{"Computer":"DESKTOP-PC01","source":["sysmon_events.json","XmlWinEventLog:Microsoft-Windows-Sysmon/Operational"],"EventID":"1","UtcTime":"2021-11-21 13:04:10.297","Image":"C:\\Program Files\\SplunkUniversalForwarder\\bin\\splunk-netmon.exe","CommandLine":"\"C:\\Program Files\\SplunkUniversalForwarder\\bin\\splunk-netmon.exe\"","ParentCommandLine":"\"C:\\Program Files\\SplunkUniversalForwarder\\bin\\splunkd.exe\" service"}}
{"preview":false,"result":{"Computer":"DESKTOP-PC01","source":["sysmon_events.json","XmlWinEventLog:Microsoft-Windows-Sysmon/Operational"],"EventID":"1","UtcTime":"2021-11-21 13:04:11.083","Image":"C:\\Windows\\System32\\taskhostw.exe","CommandLine":"taskhostw.exe","ParentCommandLine":"C:\\Windows\\system32\\svchost.exe -k netsvcs -p"}}
{"preview":false,"result":{"Computer":"DESKTOP-PC01","source":["sysmon_events.json","XmlWinEventLog:Microsoft-Windows-Sysmon/Operational"],"EventID":"1","UtcTime":"2021-11-21 13:04:12.089","Image":"C:\\Program Files\\SplunkUniversalForwarder\\bin\\splunk-powershell.exe","CommandLine":"\"C:\\Program Files\\SplunkUniversalForwarder\\bin\\splunk-powershell.exe\"","ParentCommandLine":"\"C:\\Program Files\\SplunkUniversalForwarder\\bin\\splunkd.exe\" service"}}
{"preview":false,"result":{"Computer":"DESKTOP-PC01","source":["sysmon_events.json","XmlWinEventLog:Microsoft-Windows-Sysmon/Operational"],"EventID":"22","UtcTime":"2021-11-21 13:04:11.790","Image":"C:\\Windows\\System32\\svchost.exe"}}
{"preview":false,"result":{"Computer":"DESKTOP-PC01","source":["sysmon_events.json","XmlWinEventLog:Microsoft-Windows-Sysmon/Operational"],"EventID":"1","UtcTime":"2021-11-21 13:04:12.981","Image":"C:\\Program Files\\SplunkUniversalForwarder\\bin\\splunk-powershell.exe","CommandLine":"\"C:\\Program Files\\SplunkUniversalForwarder\\bin\\splunk-powershell.exe\" --ps2","ParentCommandLine":"\"C:\\Program Files\\SplunkUniversalForwarder\\bin\\splunkd.exe\" service"}}
{"preview":false,"result":{"Computer":"DESKTOP-PC01","source":["sysmon_events.json","XmlWinEventLog:Microsoft-Windows-Sysmon/Operational"],"EventID":"1","UtcTime":"2021-11-21 13:04:13.731","Image":"C:\\Program Files\\SplunkUniversalForwarder\\bin\\splunk-regmon.exe","CommandLine":"\"C:\\Program Files\\SplunkUniversalForwarder\\bin\\splunk-regmon.exe\"","ParentCommandLine":"\"C:\\Program Files\\SplunkUniversalForwarder\\bin\\splunkd.exe\" service"}}
{"preview":false,"result":{"Computer":"DESKTOP-PC01","source":["sysmon_events.json","XmlWinEventLog:Microsoft-Windows-Sysmon/Operational"],"EventID":"1","UtcTime":"2021-11-21 13:04:15.544","Image":"C:\\Program Files\\SplunkUniversalForwarder\\bin\\splunk-winprintmon.exe","CommandLine":"\"C:\\Program Files\\SplunkUniversalForwarder\\bin\\splunk-winprintmon.exe\"","ParentCommandLine":"\"C:\\Program Files\\SplunkUniversalForwarder\\bin\\splunkd.exe\" service"}}
{"preview":false,"result":{"Computer":"DESKTOP-PC01","source":["sysmon_events.json","XmlWinEventLog:Microsoft-Windows-Sysmon/Operational"],"EventID":"1","UtcTime":"2021-11-21 13:04:17.647","Image":"C:\\Windows\\System32\\taskhostw.exe","CommandLine":"taskhostw.exe Install $(Arg0)","ParentCommandLine":"C:\\Windows\\system32\\svchost.exe -k netsvcs -p"}}
{"preview":false,"result":{"Computer":"DESKTOP-PC01","source":["sysmon_events.json","XmlWinEventLog:Microsoft-Windows-Sysmon/Operational"],"EventID":"1","UtcTime":"2021-11-21 13:04:17.722","Image":"C:\\Windows\\servicing\\TrustedInstaller.exe","CommandLine":"C:\\Windows\\servicing\\TrustedInstaller.exe","ParentCommandLine":"C:\\Windows\\system32\\services.exe"}}
{"preview":false,"result":{"Computer":"DESKTOP-PC01","source":["sysmon_events.json","XmlWinEventLog:Microsoft-Windows-Sysmon/Operational"],"EventID":"1","UtcTime":"2021-11-21 13:04:17.796","Image":"C:\\Windows\\WinSxS\\amd64_microsoft-windows-servicingstack_31bf3856ad364e35_10.0.18362.30_none_788560eb0ef1f3b0\\TiWorker.exe","CommandLine":"C:\\Windows\\winsxs\\amd64_microsoft-windows-servicingstack_31bf3856ad364e35_10.0.18362.30_none_788560eb0ef1f3b0\\TiWorker.exe -Embedding","ParentCommandLine":"C:\\Windows\\system32\\svchost.exe -k DcomLaunch -p"}}
{"preview":false,"result":{"Computer":"DESKTOP-PC01","source":["sysmon_events.json","XmlWinEventLog:Microsoft-Windows-Sysmon/Operational"],"EventID":"1","UtcTime":"2021-11-21 13:04:17.891","Image":"C:\\Windows\\System32\\taskhostw.exe","CommandLine":"taskhostw.exe -RegisterDevice -AccountChange","ParentCommandLine":"C:\\Windows\\system32\\svchost.exe -k netsvcs -p"}}
{"preview":false,"result":{"Computer":"DESKTOP-PC01","source":["sysmon_events.json","XmlWinEventLog:Microsoft-Windows-Sysmon/Operational"],"EventID":"22","UtcTime":"2021-11-21 13:04:20.785","Image":"C:\\Program Files\\Cisco\\Orbital\\orbital.exe"}}
{"preview":false,"result":{"Computer":"DESKTOP-PC01","source":["sysmon_events.json","XmlWinEventLog:Microsoft-Windows-Sysmon/Operational"],"EventID":"22","UtcTime":"2021-11-21 13:04:33.546","Image":"C:\\Program Files\\Cisco\\AMP\\7.4.5.20701\\sfc.exe"}}
{"preview":false,"result":{"Computer":"DESKTOP-PC01","source":["sysmon_events.json","XmlWinEventLog:Microsoft-Windows-Sysmon/Operational"],"EventID":"1","UtcTime":"2021-11-21 13:05:08.730","Image":"C:\\Program Files\\SplunkUniversalForwarder\\bin\\splunk-MonitorNoHandle.exe","CommandLine":"\"C:\\Program Files\\SplunkUniversalForwarder\\bin\\splunk-MonitorNoHandle.exe\"","ParentCommandLine":"\"C:\\Program Files\\SplunkUniversalForwarder\\bin\\splunkd.exe\" service"}}
{"preview":false,"result":{"Computer":"DESKTOP-PC01","source":["sysmon_events.json","XmlWinEventLog:Microsoft-Windows-Sysmon/Operational"],"EventID":"1","UtcTime":"2021-11-21 13:05:09.575","Image":"C:\\Program Files\\SplunkUniversalForwarder\\bin\\splunk-admon.exe","CommandLine":"\"C:\\Program Files\\SplunkUniversalForwarder\\bin\\splunk-admon.exe\"","ParentCommandLine":"\"C:\\Program Files\\SplunkUniversalForwarder\\bin\\splunkd.exe\" service"}}
{"preview":false,"result":{"Computer":"DESKTOP-PC01","source":["sysmon_events.json","XmlWinEventLog:Microsoft-Windows-Sysmon/Operational"],"EventID":"1","UtcTime":"2021-11-21 13:05:10.317","Image":"C:\\Program Files\\SplunkUniversalForwarder\\bin\\splunk-netmon.exe","CommandLine":"\"C:\\Program Files\\SplunkUniversalForwarder\\bin\\splunk-netmon.exe\"","ParentCommandLine":"\"C:\\Program Files\\SplunkUniversalForwarder\\bin\\splunkd.exe\" service"}}
{"preview":false,"result":{"Computer":"DESKTOP-PC01","source":["sysmon_events.json","XmlWinEventLog:Microsoft-Windows-Sysmon/Operational"],"EventID":"1","UtcTime":"2021-11-21 13:05:12.092","Image":"C:\\Program Files\\SplunkUniversalForwarder\\bin\\splunk-powershell.exe","CommandLine":"\"C:\\Program Files\\SplunkUniversalForwarder\\bin\\splunk-powershell.exe\"","ParentCommandLine":"\"C:\\Program Files\\SplunkUniversalForwarder\\bin\\splunkd.exe\" service"}}
{"preview":false,"result":{"Computer":"DESKTOP-PC01","source":["sysmon_events.json","XmlWinEventLog:Microsoft-Windows-Sysmon/Operational"],"EventID":"1","UtcTime":"2021-11-21 13:05:12.995","Image":"C:\\Program Files\\SplunkUniversalForwarder\\bin\\splunk-powershell.exe","CommandLine":"\"C:\\Program Files\\SplunkUniversalForwarder\\bin\\splunk-powershell.exe\" --ps2","ParentCommandLine":"\"C:\\Program Files\\SplunkUniversalForwarder\\bin\\splunkd.exe\" service"}}
{"preview":false,"result":{"Computer":"DESKTOP-PC01","source":["sysmon_events.json","XmlWinEventLog:Microsoft-Windows-Sysmon/Operational"],"EventID":"1","UtcTime":"2021-11-21 13:05:13.752","Image":"C:\\Program Files\\SplunkUniversalForwarder\\bin\\splunk-regmon.exe","CommandLine":"\"C:\\Program Files\\SplunkUniversalForwarder\\bin\\splunk-regmon.exe\"","ParentCommandLine":"\"C:\\Program Files\\SplunkUniversalForwarder\\bin\\splunkd.exe\" service"}}
{"preview":false,"result":{"Computer":"DESKTOP-PC01","source":["sysmon_events.json","XmlWinEventLog:Microsoft-Windows-Sysmon/Operational"],"EventID":"1","UtcTime":"2021-11-21 13:05:15.434","Image":"C:\\Program Files\\SplunkUniversalForwarder\\bin\\splunk-winprintmon.exe","CommandLine":"\"C:\\Program Files\\SplunkUniversalForwarder\\bin\\splunk-winprintmon.exe\"","ParentCommandLine":"\"C:\\Program Files\\SplunkUniversalForwarder\\bin\\splunkd.exe\" service"}}
{"preview":false,"result":{"Computer":"DESKTOP-PC01","source":["sysmon_events.json","XmlWinEventLog:Microsoft-Windows-Sysmon/Operational"],"EventID":"1","UtcTime":"2021-11-21 13:05:18.542","Image":"C:\\Windows\\System32\\auditpol.exe","CommandLine":"C:\\Windows\\System32\\auditpol.exe /set /subcategory:\"User Account Management\" /success:enable","ParentCommandLine":"\"C:\\Program Files\\Cisco\\AMP\\7.4.5.20701\\sfc.exe\""}}
{"preview":false,"result":{"Computer":"DESKTOP-PC01","source":["sysmon_events.json","XmlWinEventLog:Microsoft-Windows-Sysmon/Operational"],"EventID":"1","UtcTime":"2021-11-21 13:05:18.654","Image":"C:\\Windows\\System32\\auditpol.exe","CommandLine":"C:\\Windows\\System32\\auditpol.exe /set /subcategory:\"Logon\" /success:enable /failure:enable","ParentCommandLine":"\"C:\\Program Files\\Cisco\\AMP\\7.4.5.20701\\sfc.exe\""}}
{"preview":false,"result":{"Computer":"DESKTOP-PC01","source":["sysmon_events.json","XmlWinEventLog:Microsoft-Windows-Sysmon/Operational"],"EventID":"1","UtcTime":"2021-11-21 13:05:18.712","Image":"C:\\Windows\\System32\\auditpol.exe","CommandLine":"C:\\Windows\\System32\\auditpol.exe /set /subcategory:\"Logoff\" /success:enable /failure:enable","ParentCommandLine":"\"C:\\Program Files\\Cisco\\AMP\\7.4.5.20701\\sfc.exe\""}}
{"preview":false,"result":{"Computer":"DESKTOP-PC01","source":["sysmon_events.json","XmlWinEventLog:Microsoft-Windows-Sysmon/Operational"],"EventID":"1","UtcTime":"2021-11-21 13:05:18.762","Image":"C:\\Windows\\System32\\auditpol.exe","CommandLine":"C:\\Windows\\System32\\auditpol.exe /set /subcategory:\"Security System Extension\" /success:enable","ParentCommandLine":"\"C:\\Program Files\\Cisco\\AMP\\7.4.5.20701\\sfc.exe\""}}
{"preview":false,"result":{"Computer":"DESKTOP-PC01","source":["sysmon_events.json","XmlWinEventLog:Microsoft-Windows-Sysmon/Operational"],"EventID":"1","UtcTime":"2021-11-21 13:05:18.808","Image":"C:\\Windows\\System32\\auditpol.exe","CommandLine":"C:\\Windows\\System32\\auditpol.exe /set /subcategory:\"Other Object Access Events\" /success:enable","ParentCommandLine":"\"C:\\Program Files\\Cisco\\AMP\\7.4.5.20701\\sfc.exe\""}}
{"preview":false,"result":{"Computer":"DESKTOP-PC01","source":["sysmon_events.json","XmlWinEventLog:Microsoft-Windows-Sysmon/Operational"],"EventID":"1","UtcTime":"2021-11-21 13:05:28.252","Image":"C:\\Windows\\System32\\browser_broker.exe","CommandLine":"C:\\Windows\\system32\\browser_broker.exe -Embedding","ParentCommandLine":"C:\\Windows\\system32\\svchost.exe -k DcomLaunch -p"}}
{"preview":false,"result":{"Computer":"DESKTOP-PC01","source":["sysmon_events.json","XmlWinEventLog:Microsoft-Windows-Sysmon/Operational"],"EventID":"22","UtcTime":"2021-11-21 13:05:29.381","Image":"C:\\Windows\\System32\\MicrosoftEdgeCP.exe"}}
{"preview":false,"result":{"Computer":"DESKTOP-PC01","source":["sysmon_events.json","XmlWinEventLog:Microsoft-Windows-Sysmon/Operational"],"EventID":"22","UtcTime":"2021-11-21 13:05:29.381","Image":"C:\\Windows\\SystemApps\\Microsoft.MicrosoftEdge_8wekyb3d8bbwe\\MicrosoftEdge.exe"}}
{"preview":false,"result":{"Computer":"DESKTOP-PC01","source":["sysmon_events.json","XmlWinEventLog:Microsoft-Windows-Sysmon/Operational"],"EventID":"22","UtcTime":"2021-11-21 13:05:58.816","Image":"C:\\Program Files\\Cisco\\AMP\\7.4.5.20701\\sfc.exe"}}
{"preview":false,"result":{"Computer":"DESKTOP-PC01","source":["sysmon_events.json","XmlWinEventLog:Microsoft-Windows-Sysmon/Operational"],"EventID":"1","UtcTime":"2021-11-21 13:06:08.748","Image":"C:\\Program Files\\SplunkUniversalForwarder\\bin\\splunk-MonitorNoHandle.exe","CommandLine":"\"C:\\Program Files\\SplunkUniversalForwarder\\bin\\splunk-MonitorNoHandle.exe\"","ParentCommandLine":"\"C:\\Program Files\\SplunkUniversalForwarder\\bin\\splunkd.exe\" service"}}
{"preview":false,"result":{"Computer":"DESKTOP-PC01","source":["sysmon_events.json","XmlWinEventLog:Microsoft-Windows-Sysmon/Operational"],"EventID":"1","UtcTime":"2021-11-21 13:06:09.608","Image":"C:\\Program Files\\SplunkUniversalForwarder\\bin\\splunk-admon.exe","CommandLine":"\"C:\\Program Files\\SplunkUniversalForwarder\\bin\\splunk-admon.exe\"","ParentCommandLine":"\"C:\\Program Files\\SplunkUniversalForwarder\\bin\\splunkd.exe\" service"}}
{"preview":false,"result":{"Computer":"DESKTOP-PC01","source":["sysmon_events.json","XmlWinEventLog:Microsoft-Windows-Sysmon/Operational"],"EventID":"1","UtcTime":"2021-11-21 13:06:10.283","Image":"C:\\Program Files\\SplunkUniversalForwarder\\bin\\splunk-netmon.exe","CommandLine":"\"C:\\Program Files\\SplunkUniversalForwarder\\bin\\splunk-netmon.exe\"","ParentCommandLine":"\"C:\\Program Files\\SplunkUniversalForwarder\\bin\\splunkd.exe\" service"}}
{"preview":false,"result":{"Computer":"DESKTOP-PC01","source":["sysmon_events.json","XmlWinEventLog:Microsoft-Windows-Sysmon/Operational"],"EventID":"1","UtcTime":"2021-11-21 13:06:12.107","Image":"C:\\Program Files\\SplunkUniversalForwarder\\bin\\splunk-powershell.exe","CommandLine":"\"C:\\Program Files\\SplunkUniversalForwarder\\bin\\splunk-powershell.exe\"","ParentCommandLine":"\"C:\\Program Files\\SplunkUniversalForwarder\\bin\\splunkd.exe\" service"}}
{"preview":false,"result":{"Computer":"DESKTOP-PC01","source":["sysmon_events.json","XmlWinEventLog:Microsoft-Windows-Sysmon/Operational"],"EventID":"1","UtcTime":"2021-11-21 13:06:13.030","Image":"C:\\Program Files\\SplunkUniversalForwarder\\bin\\splunk-powershell.exe","CommandLine":"\"C:\\Program Files\\SplunkUniversalForwarder\\bin\\splunk-powershell.exe\" --ps2","ParentCommandLine":"\"C:\\Program Files\\SplunkUniversalForwarder\\bin\\splunkd.exe\" service"}}
{"preview":false,"result":{"Computer":"DESKTOP-PC01","source":["sysmon_events.json","XmlWinEventLog:Microsoft-Windows-Sysmon/Operational"],"EventID":"1","UtcTime":"2021-11-21 13:06:13.807","Image":"C:\\Program Files\\SplunkUniversalForwarder\\bin\\splunk-regmon.exe","CommandLine":"\"C:\\Program Files\\SplunkUniversalForwarder\\bin\\splunk-regmon.exe\"","ParentCommandLine":"\"C:\\Program Files\\SplunkUniversalForwarder\\bin\\splunkd.exe\" service"}}
{"preview":false,"result":{"Computer":"DESKTOP-PC01","source":["sysmon_events.json","XmlWinEventLog:Microsoft-Windows-Sysmon/Operational"],"EventID":"1","UtcTime":"2021-11-21 13:06:15.449","Image":"C:\\Program Files\\SplunkUniversalForwarder\\bin\\splunk-winprintmon.exe","CommandLine":"\"C:\\Program Files\\SplunkUniversalForwarder\\bin\\splunk-winprintmon.exe\"","ParentCommandLine":"\"C:\\Program Files\\SplunkUniversalForwarder\\bin\\splunkd.exe\" service"}}
{"preview":false,"result":{"Computer":"DESKTOP-PC01","source":["sysmon_events.json","XmlWinEventLog:Microsoft-Windows-Sysmon/Operational"],"EventID":"1","UtcTime":"2021-11-21 13:07:08.749","Image":"C:\\Program Files\\SplunkUniversalForwarder\\bin\\splunk-MonitorNoHandle.exe","CommandLine":"\"C:\\Program Files\\SplunkUniversalForwarder\\bin\\splunk-MonitorNoHandle.exe\"","ParentCommandLine":"\"C:\\Program Files\\SplunkUniversalForwarder\\bin\\splunkd.exe\" service"}}
{"preview":false,"result":{"Computer":"DESKTOP-PC01","source":["sysmon_events.json","XmlWinEventLog:Microsoft-Windows-Sysmon/Operational"],"EventID":"1","UtcTime":"2021-11-21 13:07:09.624","Image":"C:\\Program Files\\SplunkUniversalForwarder\\bin\\splunk-admon.exe","CommandLine":"\"C:\\Program Files\\SplunkUniversalForwarder\\bin\\splunk-admon.exe\"","ParentCommandLine":"\"C:\\Program Files\\SplunkUniversalForwarder\\bin\\splunkd.exe\" service"}}
{"preview":false,"result":{"Computer":"DESKTOP-PC01","source":["sysmon_events.json","XmlWinEventLog:Microsoft-Windows-Sysmon/Operational"],"EventID":"1","UtcTime":"2021-11-21 13:07:10.368","Image":"C:\\Program Files\\SplunkUniversalForwarder\\bin\\splunk-netmon.exe","CommandLine":"\"C:\\Program Files\\SplunkUniversalForwarder\\bin\\splunk-netmon.exe\"","ParentCommandLine":"\"C:\\Program Files\\SplunkUniversalForwarder\\bin\\splunkd.exe\" service"}}
{"preview":false,"result":{"Computer":"DESKTOP-PC01","source":["sysmon_events.json","XmlWinEventLog:Microsoft-Windows-Sysmon/Operational"],"EventID":"1","UtcTime":"2021-11-21 13:07:12.124","Image":"C:\\Program Files\\SplunkUniversalForwarder\\bin\\splunk-powershell.exe","CommandLine":"\"C:\\Program Files\\SplunkUniversalForwarder\\bin\\splunk-powershell.exe\"","ParentCommandLine":"\"C:\\Program Files\\SplunkUniversalForwarder\\bin\\splunkd.exe\" service"}}
{"preview":false,"result":{"Computer":"DESKTOP-PC01","source":["sysmon_events.json","XmlWinEventLog:Microsoft-Windows-Sysmon/Operational"],"EventID":"1","UtcTime":"2021-11-21 13:07:13.063","Image":"C:\\Program Files\\SplunkUniversalForwarder\\bin\\splunk-powershell.exe","CommandLine":"\"C:\\Program Files\\SplunkUniversalForwarder\\bin\\splunk-powershell.exe\" --ps2","ParentCommandLine":"\"C:\\Program Files\\SplunkUniversalForwarder\\bin\\splunkd.exe\" service"}}
{"preview":false,"result":{"Computer":"DESKTOP-PC01","source":["sysmon_events.json","XmlWinEventLog:Microsoft-Windows-Sysmon/Operational"],"EventID":"1","UtcTime":"2021-11-21 13:07:13.810","Image":"C:\\Program Files\\SplunkUniversalForwarder\\bin\\splunk-regmon.exe","CommandLine":"\"C:\\Program Files\\SplunkUniversalForwarder\\bin\\splunk-regmon.exe\"","ParentCommandLine":"\"C:\\Program Files\\SplunkUniversalForwarder\\bin\\splunkd.exe\" service"}}
{"preview":false,"result":{"Computer":"DESKTOP-PC01","source":["sysmon_events.json","XmlWinEventLog:Microsoft-Windows-Sysmon/Operational"],"EventID":"1","UtcTime":"2021-11-21 13:07:15.465","Image":"C:\\Program Files\\SplunkUniversalForwarder\\bin\\splunk-winprintmon.exe","CommandLine":"\"C:\\Program Files\\SplunkUniversalForwarder\\bin\\splunk-winprintmon.exe\"","ParentCommandLine":"\"C:\\Program Files\\SplunkUniversalForwarder\\bin\\splunkd.exe\" service"}}
{"preview":false,"result":{"Computer":"DESKTOP-PC01","source":["sysmon_events.json","XmlWinEventLog:Microsoft-Windows-Sysmon/Operational"],"EventID":"22","UtcTime":"2021-11-21 13:07:36.258","Image":"C:\\Windows\\System32\\svchost.exe"}}
{"preview":false,"result":{"Computer":"DESKTOP-PC01","source":["sysmon_events.json","XmlWinEventLog:Microsoft-Windows-Sysmon/Operational"],"EventID":"1","UtcTime":"2021-11-21 13:07:55.776","Image":"C:\\Windows\\System32\\LogonUI.exe","CommandLine":"\"LogonUI.exe\" /flags:0x0 /state0:0xa3ea0055 /state1:0x41c64e6d","ParentCommandLine":"winlogon.exe"}}
{"preview":false,"result":{"Computer":"DESKTOP-PC01","source":["sysmon_events.json","XmlWinEventLog:Microsoft-Windows-Sysmon/Operational"],"EventID":"5","UtcTime":"2021-11-21 13:07:57.220","Image":"C:\\Users\\pc01-user\\AppData\\Local\\Microsoft\\OneDrive\\OneDrive.exe"}}
{"preview":false,"result":{"Computer":"DESKTOP-PC01","source":["sysmon_events.json","XmlWinEventLog:Microsoft-Windows-Sysmon/Operational"],"EventID":"22","UtcTime":"2021-11-21 13:07:55.937","Image":"C:\\Program Files\\Cisco\\AMP\\7.4.5.20701\\sfc.exe"}}
{"preview":false,"result":{"Computer":"DESKTOP-PC01","source":["sysmon_events.json","XmlWinEventLog:Microsoft-Windows-Sysmon/Operational"],"EventID":"16"}}
{"preview":false,"result":{"Computer":"DESKTOP-PC01","source":["sysmon_events.json","XmlWinEventLog:Microsoft-Windows-Sysmon/Operational"],"EventID":"4","UtcTime":"2021-11-21 12:57:32.334"}}
{"preview":false,"result":{"Computer":"DESKTOP-PC01","source":["sysmon_events.json","XmlWinEventLog:Microsoft-Windows-Sysmon/Operational"],"EventID":"1","UtcTime":"2021-11-21 12:57:31.924","Image":"C:\\Windows\\Sysmon64.exe","CommandLine":"C:\\Windows\\Sysmon64.exe","ParentCommandLine":"C:\\Windows\\system32\\services.exe"}}
{"preview":false,"result":{"Computer":"DESKTOP-PC01","source":["sysmon_events.json","XmlWinEventLog:Microsoft-Windows-Sysmon/Operational"],"EventID":"1","UtcTime":"2021-11-21 12:57:32.228","Image":"C:\\Windows\\System32\\wbem\\unsecapp.exe","CommandLine":"C:\\Windows\\system32\\wbem\\unsecapp.exe -Embedding","ParentCommandLine":"C:\\Windows\\system32\\svchost.exe -k DcomLaunch -p"}}
{"preview":false,"result":{"Computer":"DESKTOP-PC01","source":["sysmon_events.json","XmlWinEventLog:Microsoft-Windows-Sysmon/Operational"],"EventID":"5","UtcTime":"2021-11-21 12:57:33.059","Image":"C:\\Users\\pc01-user\\Downloads\\Sysmon64.exe"}}
{"preview":false,"result":{"Computer":"DESKTOP-PC01","source":["sysmon_events.json","XmlWinEventLog:Microsoft-Windows-Sysmon/Operational"],"EventID":"1","UtcTime":"2021-11-21 12:57:40.486","Image":"C:\\Windows\\System32\\consent.exe","CommandLine":"consent.exe 484 422 00000190401A2040","ParentCommandLine":"C:\\Windows\\system32\\svchost.exe -k netsvcs -p"}}
{"preview":false,"result":{"Computer":"DESKTOP-PC01","source":["sysmon_events.json","XmlWinEventLog:Microsoft-Windows-Sysmon/Operational"],"EventID":"1","UtcTime":"2021-11-21 12:57:40.889","Image":"C:\\Windows\\System32\\mmc.exe","CommandLine":"\"C:\\Windows\\system32\\mmc.exe\" \"C:\\Windows\\system32\\services.msc\" ","ParentCommandLine":"C:\\Windows\\Explorer.EXE"}}
{"preview":false,"result":{"Computer":"DESKTOP-PC01","source":["sysmon_events.json","XmlWinEventLog:Microsoft-Windows-Sysmon/Operational"],"EventID":"22","UtcTime":"2021-11-21 12:57:44.978","Image":"C:\\Windows\\SystemApps\\Microsoft.Windows.Cortana_cw5n1h2txyewy\\SearchUI.exe"}}
{"preview":false,"result":{"Computer":"DESKTOP-PC01","source":["sysmon_events.json","XmlWinEventLog:Microsoft-Windows-Sysmon/Operational"],"EventID":"1","UtcTime":"2021-11-21 12:57:50.681","Image":"C:\\Program Files\\SplunkUniversalForwarder\\bin\\splunkd.exe","CommandLine":"\"C:\\Program Files\\SplunkUniversalForwarder\\bin\\splunkd.exe\" service","ParentCommandLine":"C:\\Windows\\system32\\services.exe"}}
{"preview":false,"result":{"Computer":"DESKTOP-PC01","source":["sysmon_events.json","XmlWinEventLog:Microsoft-Windows-Sysmon/Operational"],"EventID":"1","UtcTime":"2021-11-21 12:57:52.075","Image":"C:\\Windows\\System32\\cmd.exe","CommandLine":"C:\\Windows\\system32\\cmd.exe /c \"C:\\Program Files\\SplunkUniversalForwarder\\bin\\splunk.exe\" _RAW_envvars","ParentCommandLine":"\"C:\\Program Files\\SplunkUniversalForwarder\\bin\\splunkd.exe\" service"}}
{"preview":false,"result":{"Computer":"DESKTOP-PC01","source":["sysmon_events.json","XmlWinEventLog:Microsoft-Windows-Sysmon/Operational"],"EventID":"1","UtcTime":"2021-11-21 12:57:52.315","Image":"C:\\Program Files\\SplunkUniversalForwarder\\bin\\splunk.exe","CommandLine":"\"C:\\Program Files\\SplunkUniversalForwarder\\bin\\splunk.exe\"  _RAW_envvars","ParentCommandLine":"C:\\Windows\\system32\\cmd.exe /c \"C:\\Program Files\\SplunkUniversalForwarder\\bin\\splunk.exe\" _RAW_envvars"}}
{"preview":false,"result":{"Computer":"DESKTOP-PC01","source":["sysmon_events.json","XmlWinEventLog:Microsoft-Windows-Sysmon/Operational"],"EventID":"1","UtcTime":"2021-11-21 12:57:52.418","Image":"C:\\Windows\\System32\\cmd.exe","CommandLine":"C:\\Windows\\system32\\cmd.exe /c \"C:\\Program Files\\SplunkUniversalForwarder\\bin\\splunk.exe\" _internal_extra_splunkd_service_args","ParentCommandLine":"\"C:\\Program Files\\SplunkUniversalForwarder\\bin\\splunkd.exe\" service"}}
{"preview":false,"result":{"Computer":"DESKTOP-PC01","source":["sysmon_events.json","XmlWinEventLog:Microsoft-Windows-Sysmon/Operational"],"EventID":"1","UtcTime":"2021-11-21 12:57:52.431","Image":"C:\\Program Files\\SplunkUniversalForwarder\\bin\\splunk.exe","CommandLine":"\"C:\\Program Files\\SplunkUniversalForwarder\\bin\\splunk.exe\"  _internal_extra_splunkd_service_args","ParentCommandLine":"C:\\Windows\\system32\\cmd.exe /c \"C:\\Program Files\\SplunkUniversalForwarder\\bin\\splunk.exe\" _internal_extra_splunkd_service_args"}}
{"preview":false,"result":{"Computer":"DESKTOP-PC01","source":["sysmon_events.json","XmlWinEventLog:Microsoft-Windows-Sysmon/Operational"],"EventID":"1","UtcTime":"2021-11-21 12:57:52.458","Image":"C:\\Windows\\System32\\cmd.exe","CommandLine":"C:\\Windows\\system32\\cmd.exe /c btool web list settings --no-log","ParentCommandLine":"\"C:\\Program Files\\SplunkUniversalForwarder\\bin\\splunk.exe\"  _internal_extra_splunkd_service_args"}}
{"preview":false,"result":{"Computer":"DESKTOP-PC01","source":["sysmon_events.json","XmlWinEventLog:Microsoft-Windows-Sysmon/Operational"],"EventID":"1","UtcTime":"2021-11-21 12:57:52.478","Image":"C:\\Program Files\\SplunkUniversalForwarder\\bin\\btool.exe","CommandLine":"btool  web list settings --no-log","ParentCommandLine":"C:\\Windows\\system32\\cmd.exe /c btool web list settings --no-log"}}
{"preview":false,"result":{"Computer":"DESKTOP-PC01","source":["sysmon_events.json","XmlWinEventLog:Microsoft-Windows-Sysmon/Operational"],"EventID":"1","UtcTime":"2021-11-21 12:57:52.499","Image":"C:\\Program Files\\SplunkUniversalForwarder\\bin\\splunkd.exe","CommandLine":"\"C:\\Program Files\\SplunkUniversalForwarder\\bin\\SplunkD.EXE\" btool web list settings --no-log","ParentCommandLine":"btool  web list settings --no-log"}}
{"preview":false,"result":{"Computer":"DESKTOP-PC01","source":["sysmon_events.json","XmlWinEventLog:Microsoft-Windows-Sysmon/Operational"],"EventID":"1","UtcTime":"2021-11-21 12:57:53.511","Image":"C:\\Windows\\System32\\cmd.exe","CommandLine":"C:\\Windows\\system32\\cmd.exe /c btool server list general --no-log","ParentCommandLine":"\"C:\\Program Files\\SplunkUniversalForwarder\\bin\\splunk.exe\"  _internal_extra_splunkd_service_args"}}
{"preview":false,"result":{"Computer":"DESKTOP-PC01","source":["sysmon_events.json","XmlWinEventLog:Microsoft-Windows-Sysmon/Operational"],"EventID":"1","UtcTime":"2021-11-21 12:57:53.529","Image":"C:\\Program Files\\SplunkUniversalForwarder\\bin\\btool.exe","CommandLine":"btool  server list general --no-log","ParentCommandLine":"C:\\Windows\\system32\\cmd.exe /c btool server list general --no-log"}}
{"preview":false,"result":{"Computer":"DESKTOP-PC01","source":["sysmon_events.json","XmlWinEventLog:Microsoft-Windows-Sysmon/Operational"],"EventID":"1","UtcTime":"2021-11-21 12:57:53.545","Image":"C:\\Program Files\\SplunkUniversalForwarder\\bin\\splunkd.exe","CommandLine":"\"C:\\Program Files\\SplunkUniversalForwarder\\bin\\SplunkD.EXE\" btool server list general --no-log","ParentCommandLine":"btool  server list general --no-log"}}
{"preview":false,"result":{"Computer":"DESKTOP-PC01","source":["sysmon_events.json","XmlWinEventLog:Microsoft-Windows-Sysmon/Operational"],"EventID":"1","UtcTime":"2021-11-21 12:57:54.579","Image":"C:\\Windows\\System32\\cmd.exe","CommandLine":"C:\\Windows\\system32\\cmd.exe /c btool server list kvstore --no-log","ParentCommandLine":"\"C:\\Program Files\\SplunkUniversalForwarder\\bin\\splunk.exe\"  _internal_extra_splunkd_service_args"}}
{"preview":false,"result":{"Computer":"DESKTOP-PC01","source":["sysmon_events.json","XmlWinEventLog:Microsoft-Windows-Sysmon/Operational"],"EventID":"1","UtcTime":"2021-11-21 12:57:54.596","Image":"C:\\Program Files\\SplunkUniversalForwarder\\bin\\btool.exe","CommandLine":"btool  server list kvstore --no-log","ParentCommandLine":"C:\\Windows\\system32\\cmd.exe /c btool server list kvstore --no-log"}}
{"preview":false,"result":{"Computer":"DESKTOP-PC01","source":["sysmon_events.json","XmlWinEventLog:Microsoft-Windows-Sysmon/Operational"],"EventID":"1","UtcTime":"2021-11-21 12:57:54.615","Image":"C:\\Program Files\\SplunkUniversalForwarder\\bin\\splunkd.exe","CommandLine":"\"C:\\Program Files\\SplunkUniversalForwarder\\bin\\SplunkD.EXE\" btool server list kvstore --no-log","ParentCommandLine":"btool  server list kvstore --no-log"}}
{"preview":false,"result":{"Computer":"DESKTOP-PC01","source":["sysmon_events.json","XmlWinEventLog:Microsoft-Windows-Sysmon/Operational"],"EventID":"1","UtcTime":"2021-11-21 12:57:55.549","Image":"C:\\Windows\\System32\\cmd.exe","CommandLine":"C:\\Windows\\system32\\cmd.exe /c btool server list watchdog --no-log","ParentCommandLine":"\"C:\\Program Files\\SplunkUniversalForwarder\\bin\\splunk.exe\"  _internal_extra_splunkd_service_args"}}
{"preview":false,"result":{"Computer":"DESKTOP-PC01","source":["sysmon_events.json","XmlWinEventLog:Microsoft-Windows-Sysmon/Operational"],"EventID":"1","UtcTime":"2021-11-21 12:57:55.562","Image":"C:\\Program Files\\SplunkUniversalForwarder\\bin\\btool.exe","CommandLine":"btool  server list watchdog --no-log","ParentCommandLine":"C:\\Windows\\system32\\cmd.exe /c btool server list watchdog --no-log"}}
{"preview":false,"result":{"Computer":"DESKTOP-PC01","source":["sysmon_events.json","XmlWinEventLog:Microsoft-Windows-Sysmon/Operational"],"EventID":"1","UtcTime":"2021-11-21 12:57:55.573","Image":"C:\\Program Files\\SplunkUniversalForwarder\\bin\\splunkd.exe","CommandLine":"\"C:\\Program Files\\SplunkUniversalForwarder\\bin\\SplunkD.EXE\" btool server list watchdog --no-log","ParentCommandLine":"btool  server list watchdog --no-log"}}
{"preview":false,"result":{"Computer":"DESKTOP-PC01","source":["sysmon_events.json","XmlWinEventLog:Microsoft-Windows-Sysmon/Operational"],"EventID":"1","UtcTime":"2021-11-21 12:57:56.669","Image":"C:\\Windows\\System32\\cmd.exe","CommandLine":"C:\\Windows\\system32\\cmd.exe /c \"C:\\Program Files\\SplunkUniversalForwarder\\bin\\splunk.exe\" _internal pre-flight-checks --answer-yes --no-prompt 2&gt;&amp;1","ParentCommandLine":"\"C:\\Program Files\\SplunkUniversalForwarder\\bin\\splunkd.exe\" service"}}
{"preview":false,"result":{"Computer":"DESKTOP-PC01","source":["sysmon_events.json","XmlWinEventLog:Microsoft-Windows-Sysmon/Operational"],"EventID":"1","UtcTime":"2021-11-21 12:57:56.692","Image":"C:\\Program Files\\SplunkUniversalForwarder\\bin\\splunk.exe","CommandLine":"\"C:\\Program Files\\SplunkUniversalForwarder\\bin\\splunk.exe\"  _internal pre-flight-checks --answer-yes --no-prompt ","ParentCommandLine":"C:\\Windows\\system32\\cmd.exe /c \"C:\\Program Files\\SplunkUniversalForwarder\\bin\\splunk.exe\" _internal pre-flight-checks --answer-yes --no-prompt 2&gt;&amp;1"}}
{"preview":false,"result":{"Computer":"DESKTOP-PC01","source":["sysmon_events.json","XmlWinEventLog:Microsoft-Windows-Sysmon/Operational"],"EventID":"1","UtcTime":"2021-11-21 12:57:56.730","Image":"C:\\Program Files\\SplunkUniversalForwarder\\bin\\splunkd.exe","CommandLine":"\"C:\\Program Files\\SplunkUniversalForwarder\\bin\\SplunkD.EXE\" generate-ssl","ParentCommandLine":"\"C:\\Program Files\\SplunkUniversalForwarder\\bin\\splunk.exe\"  _internal pre-flight-checks --answer-yes --no-prompt "}}
{"preview":false,"result":{"Computer":"DESKTOP-PC01","source":["sysmon_events.json","XmlWinEventLog:Microsoft-Windows-Sysmon/Operational"],"EventID":"1","UtcTime":"2021-11-21 12:57:57.772","Image":"C:\\Program Files\\SplunkUniversalForwarder\\bin\\splunkd.exe","CommandLine":"\"C:\\Program Files\\SplunkUniversalForwarder\\bin\\SplunkD.EXE\" check-license","ParentCommandLine":"\"C:\\Program Files\\SplunkUniversalForwarder\\bin\\splunk.exe\"  _internal pre-flight-checks --answer-yes --no-prompt "}}
{"preview":false,"result":{"Computer":"DESKTOP-PC01","source":["sysmon_events.json","XmlWinEventLog:Microsoft-Windows-Sysmon/Operational"],"EventID":"1","UtcTime":"2021-11-21 12:57:59.263","Image":"C:\\Program Files\\SplunkUniversalForwarder\\bin\\btool.exe","CommandLine":"\"C:\\Program Files\\SplunkUniversalForwarder\\bin\\btool\" check --no-log","ParentCommandLine":"\"C:\\Program Files\\SplunkUniversalForwarder\\bin\\splunk.exe\"  _internal pre-flight-checks --answer-yes --no-prompt "}}
{"preview":false,"result":{"Computer":"DESKTOP-PC01","source":["sysmon_events.json","XmlWinEventLog:Microsoft-Windows-Sysmon/Operational"],"EventID":"1","UtcTime":"2021-11-21 12:57:59.276","Image":"C:\\Program Files\\SplunkUniversalForwarder\\bin\\splunkd.exe","CommandLine":"\"C:\\Program Files\\SplunkUniversalForwarder\\bin\\SplunkD.EXE\" btool check --no-log","ParentCommandLine":"\"C:\\Program Files\\SplunkUniversalForwarder\\bin\\btool\" check --no-log"}}
{"preview":false,"result":{"Computer":"DESKTOP-PC01","source":["sysmon_events.json","XmlWinEventLog:Microsoft-Windows-Sysmon/Operational"],"EventID":"1","UtcTime":"2021-11-21 12:58:00.153","Image":"C:\\Program Files\\SplunkUniversalForwarder\\bin\\btool.exe","CommandLine":"\"C:\\Program Files\\SplunkUniversalForwarder\\bin\\btool\" validate-strptime --log-warnings","ParentCommandLine":"\"C:\\Program Files\\SplunkUniversalForwarder\\bin\\splunk.exe\"  _internal pre-flight-checks --answer-yes --no-prompt "}}
{"preview":false,"result":{"Computer":"DESKTOP-PC01","source":["sysmon_events.json","XmlWinEventLog:Microsoft-Windows-Sysmon/Operational"],"EventID":"1","UtcTime":"2021-11-21 12:58:00.163","Image":"C:\\Program Files\\SplunkUniversalForwarder\\bin\\splunkd.exe","CommandLine":"\"C:\\Program Files\\SplunkUniversalForwarder\\bin\\SplunkD.EXE\" btool validate-strptime --log-warnings","ParentCommandLine":"\"C:\\Program Files\\SplunkUniversalForwarder\\bin\\btool\" validate-strptime --log-warnings"}}
{"preview":false,"result":{"Computer":"DESKTOP-PC01","source":["sysmon_events.json","XmlWinEventLog:Microsoft-Windows-Sysmon/Operational"],"EventID":"1","UtcTime":"2021-11-21 12:58:00.890","Image":"C:\\Program Files\\SplunkUniversalForwarder\\bin\\btool.exe","CommandLine":"\"C:\\Program Files\\SplunkUniversalForwarder\\bin\\btool\" validate-regex --log-warnings","ParentCommandLine":"\"C:\\Program Files\\SplunkUniversalForwarder\\bin\\splunk.exe\"  _internal pre-flight-checks --answer-yes --no-prompt "}}
{"preview":false,"result":{"Computer":"DESKTOP-PC01","source":["sysmon_events.json","XmlWinEventLog:Microsoft-Windows-Sysmon/Operational"],"EventID":"1","UtcTime":"2021-11-21 12:58:00.900","Image":"C:\\Program Files\\SplunkUniversalForwarder\\bin\\splunkd.exe","CommandLine":"\"C:\\Program Files\\SplunkUniversalForwarder\\bin\\SplunkD.EXE\" btool validate-regex --log-warnings","ParentCommandLine":"\"C:\\Program Files\\SplunkUniversalForwarder\\bin\\btool\" validate-regex --log-warnings"}}
{"preview":false,"result":{"Computer":"DESKTOP-PC01","source":["sysmon_events.json","XmlWinEventLog:Microsoft-Windows-Sysmon/Operational"],"EventID":"1","UtcTime":"2021-11-21 12:58:01.625","Image":"C:\\Program Files\\SplunkUniversalForwarder\\bin\\splunkd.exe","CommandLine":"\"C:\\Program Files\\SplunkUniversalForwarder\\bin\\splunkd\" check-transforms-keys","ParentCommandLine":"\"C:\\Program Files\\SplunkUniversalForwarder\\bin\\splunk.exe\"  _internal pre-flight-checks --answer-yes --no-prompt "}}
{"preview":false,"result":{"Computer":"DESKTOP-PC01","source":["sysmon_events.json","XmlWinEventLog:Microsoft-Windows-Sysmon/Operational"],"EventID":"1","UtcTime":"2021-11-21 12:58:02.692","Image":"C:\\Windows\\System32\\cmd.exe","CommandLine":"C:\\Windows\\system32\\cmd.exe /c btool server list replication_port --no-log","ParentCommandLine":"\"C:\\Program Files\\SplunkUniversalForwarder\\bin\\splunk.exe\"  _internal pre-flight-checks --answer-yes --no-prompt "}}
{"preview":false,"result":{"Computer":"DESKTOP-PC01","source":["sysmon_events.json","XmlWinEventLog:Microsoft-Windows-Sysmon/Operational"],"EventID":"1","UtcTime":"2021-11-21 12:58:02.707","Image":"C:\\Program Files\\SplunkUniversalForwarder\\bin\\btool.exe","CommandLine":"btool  server list replication_port --no-log","ParentCommandLine":"C:\\Windows\\system32\\cmd.exe /c btool server list replication_port --no-log"}}
{"preview":false,"result":{"Computer":"DESKTOP-PC01","source":["sysmon_events.json","XmlWinEventLog:Microsoft-Windows-Sysmon/Operational"],"EventID":"1","UtcTime":"2021-11-21 12:58:02.719","Image":"C:\\Program Files\\SplunkUniversalForwarder\\bin\\splunkd.exe","CommandLine":"\"C:\\Program Files\\SplunkUniversalForwarder\\bin\\SplunkD.EXE\" btool server list replication_port --no-log","ParentCommandLine":"btool  server list replication_port --no-log"}}
{"preview":false,"result":{"Computer":"DESKTOP-PC01","source":["sysmon_events.json","XmlWinEventLog:Microsoft-Windows-Sysmon/Operational"],"EventID":"1","UtcTime":"2021-11-21 12:58:03.443","Image":"C:\\Windows\\System32\\cmd.exe","CommandLine":"C:\\Windows\\system32\\cmd.exe /c btool server list general --no-log","ParentCommandLine":"\"C:\\Program Files\\SplunkUniversalForwarder\\bin\\splunk.exe\"  _internal pre-flight-checks --answer-yes --no-prompt "}}
{"preview":false,"result":{"Computer":"DESKTOP-PC01","source":["sysmon_events.json","XmlWinEventLog:Microsoft-Windows-Sysmon/Operational"],"EventID":"1","UtcTime":"2021-11-21 12:58:03.455","Image":"C:\\Program Files\\SplunkUniversalForwarder\\bin\\btool.exe","CommandLine":"btool  server list general --no-log","ParentCommandLine":"C:\\Windows\\system32\\cmd.exe /c btool server list general --no-log"}}
{"preview":false,"result":{"Computer":"DESKTOP-PC01","source":["sysmon_events.json","XmlWinEventLog:Microsoft-Windows-Sysmon/Operational"],"EventID":"1","UtcTime":"2021-11-21 12:58:03.467","Image":"C:\\Program Files\\SplunkUniversalForwarder\\bin\\splunkd.exe","CommandLine":"\"C:\\Program Files\\SplunkUniversalForwarder\\bin\\SplunkD.EXE\" btool server list general --no-log","ParentCommandLine":"btool  server list general --no-log"}}
{"preview":false,"result":{"Computer":"DESKTOP-PC01","source":["sysmon_events.json","XmlWinEventLog:Microsoft-Windows-Sysmon/Operational"],"EventID":"1","UtcTime":"2021-11-21 12:58:04.182","Image":"C:\\Windows\\System32\\cmd.exe","CommandLine":"C:\\Windows\\system32\\cmd.exe /c \"C:\\Program Files\\SplunkUniversalForwarder\\bin\\splunk.exe\" _internal check-xml-files --answer-yes --no-prompt 2&gt;&amp;1","ParentCommandLine":"\"C:\\Program Files\\SplunkUniversalForwarder\\bin\\splunkd.exe\" service"}}
{"preview":false,"result":{"Computer":"DESKTOP-PC01","source":["sysmon_events.json","XmlWinEventLog:Microsoft-Windows-Sysmon/Operational"],"EventID":"1","UtcTime":"2021-11-21 12:58:04.201","Image":"C:\\Program Files\\SplunkUniversalForwarder\\bin\\splunk.exe","CommandLine":"\"C:\\Program Files\\SplunkUniversalForwarder\\bin\\splunk.exe\"  _internal check-xml-files --answer-yes --no-prompt ","ParentCommandLine":"C:\\Windows\\system32\\cmd.exe /c \"C:\\Program Files\\SplunkUniversalForwarder\\bin\\splunk.exe\" _internal check-xml-files --answer-yes --no-prompt 2&gt;&amp;1"}}
{"preview":false,"result":{"Computer":"DESKTOP-PC01","source":["sysmon_events.json","XmlWinEventLog:Microsoft-Windows-Sysmon/Operational"],"EventID":"1","UtcTime":"2021-11-21 12:58:04.995","Image":"C:\\Windows\\System32\\cmd.exe","CommandLine":"C:\\Windows\\system32\\cmd.exe /c \"\"C:\\Program Files\\SplunkUniversalForwarder\\etc\\system\\bin\\MonitorNoHandle.cmd\" --scheme\"","ParentCommandLine":"\"C:\\Program Files\\SplunkUniversalForwarder\\bin\\splunkd.exe\" service"}}
{"preview":false,"result":{"Computer":"DESKTOP-PC01","source":["sysmon_events.json","XmlWinEventLog:Microsoft-Windows-Sysmon/Operational"],"EventID":"1","UtcTime":"2021-11-21 12:58:05.103","Image":"C:\\Windows\\System32\\cmd.exe","CommandLine":"C:\\Windows\\system32\\cmd.exe /c \"\"C:\\Program Files\\SplunkUniversalForwarder\\etc\\system\\bin\\WinEventLog.cmd\" --scheme\"","ParentCommandLine":"\"C:\\Program Files\\SplunkUniversalForwarder\\bin\\splunkd.exe\" service"}}
{"preview":false,"result":{"Computer":"DESKTOP-PC01","source":["sysmon_events.json","XmlWinEventLog:Microsoft-Windows-Sysmon/Operational"],"EventID":"1","UtcTime":"2021-11-21 12:58:05.461","Image":"C:\\Windows\\System32\\cmd.exe","CommandLine":"C:\\Windows\\system32\\cmd.exe /c \"\"C:\\Program Files\\SplunkUniversalForwarder\\etc\\system\\bin\\WinHostMon.cmd\" --scheme\"","ParentCommandLine":"\"C:\\Program Files\\SplunkUniversalForwarder\\bin\\splunkd.exe\" service"}}
