{"preview":false,"result":{"Computer":"DESKTOP-PC01","source":["sysmon_events.json","XmlWinEventLog:Microsoft-Windows-Sysmon/Operational"],"EventID":"13","UtcTime":"2021-11-21 12:58:14.256","Image":"C:\\Windows\\system32\\compattelrunner.exe"}}
{"preview":false,"result":{"Computer":"DESKTOP-PC01","source":["sysmon_events.json","XmlWinEventLog:Microsoft-Windows-Sysmon/Operational"],"EventID":"13","UtcTime":"2021-11-21 12:58:14.259","Image":"C:\\Windows\\system32\\compattelrunner.exe"}}
{"preview":false,"result":{"Computer":"DESKTOP-PC01","source":["sysmon_events.json","XmlWinEventLog:Microsoft-Windows-Sysmon/Operational"],"EventID":"13","UtcTime":"2021-11-21 12:58:14.260","Image":"C:\\Windows\\system32\\compattelrunner.exe"}}
{"preview":false,"result":{"Computer":"DESKTOP-PC01","source":["sysmon_events.json","XmlWinEventLog:Microsoft-Windows-Sysmon/Operational"],"EventID":"13","UtcTime":"2021-11-21 12:58:14.260","Image":"C:\\Windows\\system32\\compattelrunner.exe"}}
{"preview":false,"result":{"Computer":"DESKTOP-PC01","source":["sysmon_events.json","XmlWinEventLog:Microsoft-Windows-Sysmon/Operational"],"EventID":"13","UtcTime":"2021-11-21 12:58:14.260","Image":"C:\\Windows\\system32\\compattelrunner.exe"}}
{"preview":false,"result":{"Computer":"DESKTOP-PC01","source":["sysmon_events.json","XmlWinEventLog:Microsoft-Windows-Sysmon/Operational"],"EventID":"13","UtcTime":"2021-11-21 12:58:14.261","Image":"C:\\Windows\\system32\\compattelrunner.exe"}}
{"preview":false,"result":{"Computer":"DESKTOP-PC01","source":["sysmon_events.json","XmlWinEventLog:Microsoft-Windows-Sysmon/Operational"],"EventID":"13","UtcTime":"2021-11-21 12:58:15.233","Image":"C:\\Windows\\system32\\compattelrunner.exe"}}
{"preview":false,"result":{"Computer":"DESKTOP-PC01","source":["sysmon_events.json","XmlWinEventLog:Microsoft-Windows-Sysmon/Operational"],"EventID":"13","UtcTime":"2021-11-21 12:58:15.233","Image":"C:\\Windows\\system32\\compattelrunner.exe"}}
{"preview":false,"result":{"Computer":"DESKTOP-PC01","source":["sysmon_events.json","XmlWinEventLog:Microsoft-Windows-Sysmon/Operational"],"EventID":"13","UtcTime":"2021-11-21 12:58:15.233","Image":"C:\\Windows\\system32\\compattelrunner.exe"}}
{"preview":false,"result":{"Computer":"DESKTOP-PC01","source":["sysmon_events.json","XmlWinEventLog:Microsoft-Windows-Sysmon/Operational"],"EventID":"13","UtcTime":"2021-11-21 12:58:15.233","Image":"C:\\Windows\\system32\\compattelrunner.exe"}}
{"preview":false,"result":{"Computer":"DESKTOP-PC01","source":["sysmon_events.json","XmlWinEventLog:Microsoft-Windows-Sysmon/Operational"],"EventID":"13","UtcTime":"2021-11-21 12:58:15.234","Image":"C:\\Windows\\system32\\compattelrunner.exe"}}
{"preview":false,"result":{"Computer":"DESKTOP-PC01","source":["sysmon_events.json","XmlWinEventLog:Microsoft-Windows-Sysmon/Operational"],"EventID":"13","UtcTime":"2021-11-21 12:58:15.234","Image":"C:\\Windows\\system32\\compattelrunner.exe"}}
{"preview":false,"result":{"Computer":"DESKTOP-PC01","source":["sysmon_events.json","XmlWinEventLog:Microsoft-Windows-Sysmon/Operational"],"EventID":"13","UtcTime":"2021-11-21 12:58:15.234","Image":"C:\\Windows\\system32\\compattelrunner.exe"}}
{"preview":false,"result":{"Computer":"DESKTOP-PC01","source":["sysmon_events.json","XmlWinEventLog:Microsoft-Windows-Sysmon/Operational"],"EventID":"13","UtcTime":"2021-11-21 12:58:15.234","Image":"C:\\Windows\\system32\\compattelrunner.exe"}}
{"preview":false,"result":{"Computer":"DESKTOP-PC01","source":["sysmon_events.json","XmlWinEventLog:Microsoft-Windows-Sysmon/Operational"],"EventID":"13","UtcTime":"2021-11-21 12:58:14.261","Image":"C:\\Windows\\system32\\compattelrunner.exe"}}
{"preview":false,"result":{"Computer":"DESKTOP-PC01","source":["sysmon_events.json","XmlWinEventLog:Microsoft-Windows-Sysmon/Operational"],"EventID":"13","UtcTime":"2021-11-21 12:58:14.262","Image":"C:\\Windows\\system32\\compattelrunner.exe"}}
{"preview":false,"result":{"Computer":"DESKTOP-PC01","source":["sysmon_events.json","XmlWinEventLog:Microsoft-Windows-Sysmon/Operational"],"EventID":"13","UtcTime":"2021-11-21 12:58:14.262","Image":"C:\\Windows\\system32\\compattelrunner.exe"}}
{"preview":false,"result":{"Computer":"DESKTOP-PC01","source":["sysmon_events.json","XmlWinEventLog:Microsoft-Windows-Sysmon/Operational"],"EventID":"13","UtcTime":"2021-11-21 12:58:14.263","Image":"C:\\Windows\\system32\\compattelrunner.exe"}}
{"preview":false,"result":{"Computer":"DESKTOP-PC01","source":["sysmon_events.json","XmlWinEventLog:Microsoft-Windows-Sysmon/Operational"],"EventID":"13","UtcTime":"2021-11-21 12:58:14.263","Image":"C:\\Windows\\system32\\compattelrunner.exe"}}
{"preview":false,"result":{"Computer":"DESKTOP-PC01","source":["sysmon_events.json","XmlWinEventLog:Microsoft-Windows-Sysmon/Operational"],"EventID":"13","UtcTime":"2021-11-21 12:58:14.264","Image":"C:\\Windows\\system32\\compattelrunner.exe"}}
{"preview":false,"result":{"Computer":"DESKTOP-PC01","source":["sysmon_events.json","XmlWinEventLog:Microsoft-Windows-Sysmon/Operational"],"EventID":"13","UtcTime":"2021-11-21 12:58:14.264","Image":"C:\\Windows\\system32\\compattelrunner.exe"}}
{"preview":false,"result":{"Computer":"DESKTOP-PC01","source":["sysmon_events.json","XmlWinEventLog:Microsoft-Windows-Sysmon/Operational"],"EventID":"13","UtcTime":"2021-11-21 12:58:14.266","Image":"C:\\Windows\\system32\\compattelrunner.exe"}}
{"preview":false,"result":{"Computer":"DESKTOP-PC01","source":["sysmon_events.json","XmlWinEventLog:Microsoft-Windows-Sysmon/Operational"],"EventID":"13","UtcTime":"2021-11-21 12:58:14.266","Image":"C:\\Windows\\system32\\compattelrunner.exe"}}
{"preview":false,"result":{"Computer":"DESKTOP-PC01","source":["sysmon_events.json","XmlWinEventLog:Microsoft-Windows-Sysmon/Operational"],"EventID":"13","UtcTime":"2021-11-21 12:58:14.266","Image":"C:\\Windows\\system32\\compattelrunner.exe"}}
{"preview":false,"result":{"Computer":"DESKTOP-PC01","source":["sysmon_events.json","XmlWinEventLog:Microsoft-Windows-Sysmon/Operational"],"EventID":"13","UtcTime":"2021-11-21 12:58:15.234","Image":"C:\\Windows\\system32\\compattelrunner.exe"}}
{"preview":false,"result":{"Computer":"DESKTOP-PC01","source":["sysmon_events.json","XmlWinEventLog:Microsoft-Windows-Sysmon/Operational"],"EventID":"13","UtcTime":"2021-11-21 12:58:15.235","Image":"C:\\Windows\\system32\\compattelrunner.exe"}}
{"preview":false,"result":{"Computer":"DESKTOP-PC01","source":["sysmon_events.json","XmlWinEventLog:Microsoft-Windows-Sysmon/Operational"],"EventID":"13","UtcTime":"2021-11-21 12:58:15.235","Image":"C:\\Windows\\system32\\compattelrunner.exe"}}
{"preview":false,"result":{"Computer":"DESKTOP-PC01","source":["sysmon_events.json","XmlWinEventLog:Microsoft-Windows-Sysmon/Operational"],"EventID":"13","UtcTime":"2021-11-21 12:58:15.235","Image":"C:\\Windows\\system32\\compattelrunner.exe"}}
{"preview":false,"result":{"Computer":"DESKTOP-PC01","source":["sysmon_events.json","XmlWinEventLog:Microsoft-Windows-Sysmon/Operational"],"EventID":"13","UtcTime":"2021-11-21 12:58:15.235","Image":"C:\\Windows\\system32\\compattelrunner.exe"}}
{"preview":false,"result":{"Computer":"DESKTOP-PC01","source":["sysmon_events.json","XmlWinEventLog:Microsoft-Windows-Sysmon/Operational"],"EventID":"13","UtcTime":"2021-11-21 12:58:15.235","Image":"C:\\Windows\\system32\\compattelrunner.exe"}}
{"preview":false,"result":{"Computer":"DESKTOP-PC01","source":["sysmon_events.json","XmlWinEventLog:Microsoft-Windows-Sysmon/Operational"],"EventID":"13","UtcTime":"2021-11-21 12:58:15.236","Image":"C:\\Windows\\system32\\compattelrunner.exe"}}
{"preview":false,"result":{"Computer":"DESKTOP-PC01","source":["sysmon_events.json","XmlWinEventLog:Microsoft-Windows-Sysmon/Operational"],"EventID":"13","UtcTime":"2021-11-21 12:58:15.236","Image":"C:\\Windows\\system32\\compattelrunner.exe"}}
{"preview":false,"result":{"Computer":"DESKTOP-PC01","source":["sysmon_events.json","XmlWinEventLog:Microsoft-Windows-Sysmon/Operational"],"EventID":"1","UtcTime":"2021-11-21 12:58:15.447","Image":"C:\\Program Files\\SplunkUniversalForwarder\\bin\\splunk-winprintmon.exe","CommandLine":"\"C:\\Program Files\\SplunkUniversalForwarder\\bin\\splunk-winprintmon.exe\"","ParentCommandLine":"\"C:\\Program Files\\SplunkUniversalForwarder\\bin\\splunkd.exe\" service"}}
{"preview":false,"result":{"Computer":"DESKTOP-PC01","source":["sysmon_events.json","XmlWinEventLog:Microsoft-Windows-Sysmon/Operational"],"EventID":"1","UtcTime":"2021-11-21 12:59:08.617","Image":"C:\\Program Files\\SplunkUniversalForwarder\\bin\\splunk-MonitorNoHandle.exe","CommandLine":"\"C:\\Program Files\\SplunkUniversalForwarder\\bin\\splunk-MonitorNoHandle.exe\"","ParentCommandLine":"\"C:\\Program Files\\SplunkUniversalForwarder\\bin\\splunkd.exe\" service"}}
{"preview":false,"result":{"Computer":"DESKTOP-PC01","source":["sysmon_events.json","XmlWinEventLog:Microsoft-Windows-Sysmon/Operational"],"EventID":"13","UtcTime":"2021-11-21 12:58:14.266","Image":"C:\\Windows\\system32\\compattelrunner.exe"}}
{"preview":false,"result":{"Computer":"DESKTOP-PC01","source":["sysmon_events.json","XmlWinEventLog:Microsoft-Windows-Sysmon/Operational"],"EventID":"13","UtcTime":"2021-11-21 12:58:14.268","Image":"C:\\Windows\\system32\\compattelrunner.exe"}}
{"preview":false,"result":{"Computer":"DESKTOP-PC01","source":["sysmon_events.json","XmlWinEventLog:Microsoft-Windows-Sysmon/Operational"],"EventID":"13","UtcTime":"2021-11-21 12:58:14.268","Image":"C:\\Windows\\system32\\compattelrunner.exe"}}
{"preview":false,"result":{"Computer":"DESKTOP-PC01","source":["sysmon_events.json","XmlWinEventLog:Microsoft-Windows-Sysmon/Operational"],"EventID":"13","UtcTime":"2021-11-21 12:58:14.268","Image":"C:\\Windows\\system32\\compattelrunner.exe"}}
{"preview":false,"result":{"Computer":"DESKTOP-PC01","source":["sysmon_events.json","XmlWinEventLog:Microsoft-Windows-Sysmon/Operational"],"EventID":"1","UtcTime":"2021-11-21 12:59:09.490","Image":"C:\\Program Files\\SplunkUniversalForwarder\\bin\\splunk-admon.exe","CommandLine":"\"C:\\Program Files\\SplunkUniversalForwarder\\bin\\splunk-admon.exe\"","ParentCommandLine":"\"C:\\Program Files\\SplunkUniversalForwarder\\bin\\splunkd.exe\" service"}}
{"preview":false,"result":{"Computer":"DESKTOP-PC01","source":["sysmon_events.json","XmlWinEventLog:Microsoft-Windows-Sysmon/Operational"],"EventID":"1","UtcTime":"2021-11-21 12:59:10.248","Image":"C:\\Program Files\\SplunkUniversalForwarder\\bin\\splunk-netmon.exe","CommandLine":"\"C:\\Program Files\\SplunkUniversalForwarder\\bin\\splunk-netmon.exe\"","ParentCommandLine":"\"C:\\Program Files\\SplunkUniversalForwarder\\bin\\splunkd.exe\" service"}}
{"preview":false,"result":{"Computer":"DESKTOP-PC01","source":["sysmon_events.json","XmlWinEventLog:Microsoft-Windows-Sysmon/Operational"],"EventID":"1","UtcTime":"2021-11-21 12:59:12.056","Image":"C:\\Program Files\\SplunkUniversalForwarder\\bin\\splunk-powershell.exe","CommandLine":"\"C:\\Program Files\\SplunkUniversalForwarder\\bin\\splunk-powershell.exe\"","ParentCommandLine":"\"C:\\Program Files\\SplunkUniversalForwarder\\bin\\splunkd.exe\" service"}}
{"preview":false,"result":{"Computer":"DESKTOP-PC01","source":["sysmon_events.json","XmlWinEventLog:Microsoft-Windows-Sysmon/Operational"],"EventID":"1","UtcTime":"2021-11-21 12:59:12.914","Image":"C:\\Program Files\\SplunkUniversalForwarder\\bin\\splunk-powershell.exe","CommandLine":"\"C:\\Program Files\\SplunkUniversalForwarder\\bin\\splunk-powershell.exe\" --ps2","ParentCommandLine":"\"C:\\Program Files\\SplunkUniversalForwarder\\bin\\splunkd.exe\" service"}}
{"preview":false,"result":{"Computer":"DESKTOP-PC01","source":["sysmon_events.json","XmlWinEventLog:Microsoft-Windows-Sysmon/Operational"],"EventID":"1","UtcTime":"2021-11-21 12:59:13.545","Image":"C:\\Program Files\\SplunkUniversalForwarder\\bin\\splunk-regmon.exe","CommandLine":"\"C:\\Program Files\\SplunkUniversalForwarder\\bin\\splunk-regmon.exe\"","ParentCommandLine":"\"C:\\Program Files\\SplunkUniversalForwarder\\bin\\splunkd.exe\" service"}}
{"preview":false,"result":{"Computer":"DESKTOP-PC01","source":["sysmon_events.json","XmlWinEventLog:Microsoft-Windows-Sysmon/Operational"],"EventID":"1","UtcTime":"2021-11-21 12:59:15.458","Image":"C:\\Program Files\\SplunkUniversalForwarder\\bin\\splunk-winprintmon.exe","CommandLine":"\"C:\\Program Files\\SplunkUniversalForwarder\\bin\\splunk-winprintmon.exe\"","ParentCommandLine":"\"C:\\Program Files\\SplunkUniversalForwarder\\bin\\splunkd.exe\" service"}}
{"preview":false,"result":{"Computer":"DESKTOP-PC01","source":["sysmon_events.json","XmlWinEventLog:Microsoft-Windows-Sysmon/Operational"],"EventID":"1","UtcTime":"2021-11-21 12:59:50.143","Image":"C:\\Windows\\System32\\taskhostw.exe","CommandLine":"taskhostw.exe -RegisterDevice -ProtectionStateChanged -FreeNetworkOnly","ParentCommandLine":"C:\\Windows\\system32\\svchost.exe -k netsvcs -p"}}
{"preview":false,"result":{"Computer":"DESKTOP-PC01","source":["sysmon_events.json","XmlWinEventLog:Microsoft-Windows-Sysmon/Operational"],"EventID":"22","UtcTime":"2021-11-21 12:59:50.155","Image":"C:\\Program Files\\Cisco\\AMP\\7.4.5.20701\\sfc.exe"}}
{"preview":false,"result":{"Computer":"DESKTOP-PC01","source":["sysmon_events.json","XmlWinEventLog:Microsoft-Windows-Sysmon/Operational"],"EventID":"1","UtcTime":"2021-11-21 13:00:06.588","Image":"C:\\Windows\\System32\\taskhostw.exe","CommandLine":"taskhostw.exe NGCKeyPregen","ParentCommandLine":"C:\\Windows\\system32\\svchost.exe -k netsvcs -p"}}
{"preview":false,"result":{"Computer":"DESKTOP-PC01","source":["sysmon_events.json","XmlWinEventLog:Microsoft-Windows-Sysmon/Operational"],"EventID":"1","UtcTime":"2021-11-21 13:00:08.633","Image":"C:\\Program Files\\SplunkUniversalForwarder\\bin\\splunk-MonitorNoHandle.exe","CommandLine":"\"C:\\Program Files\\SplunkUniversalForwarder\\bin\\splunk-MonitorNoHandle.exe\"","ParentCommandLine":"\"C:\\Program Files\\SplunkUniversalForwarder\\bin\\splunkd.exe\" service"}}
{"preview":false,"result":{"Computer":"DESKTOP-PC01","source":["sysmon_events.json","XmlWinEventLog:Microsoft-Windows-Sysmon/Operational"],"EventID":"1","UtcTime":"2021-11-21 13:00:09.507","Image":"C:\\Program Files\\SplunkUniversalForwarder\\bin\\splunk-admon.exe","CommandLine":"\"C:\\Program Files\\SplunkUniversalForwarder\\bin\\splunk-admon.exe\"","ParentCommandLine":"\"C:\\Program Files\\SplunkUniversalForwarder\\bin\\splunkd.exe\" service"}}
{"preview":false,"result":{"Computer":"DESKTOP-PC01","source":["sysmon_events.json","XmlWinEventLog:Microsoft-Windows-Sysmon/Operational"],"EventID":"1","UtcTime":"2021-11-21 13:00:10.246","Image":"C:\\Program Files\\SplunkUniversalForwarder\\bin\\splunk-netmon.exe","CommandLine":"\"C:\\Program Files\\SplunkUniversalForwarder\\bin\\splunk-netmon.exe\"","ParentCommandLine":"\"C:\\Program Files\\SplunkUniversalForwarder\\bin\\splunkd.exe\" service"}}
{"preview":false,"result":{"Computer":"DESKTOP-PC01","source":["sysmon_events.json","XmlWinEventLog:Microsoft-Windows-Sysmon/Operational"],"EventID":"1","UtcTime":"2021-11-21 13:00:12.054","Image":"C:\\Program Files\\SplunkUniversalForwarder\\bin\\splunk-powershell.exe","CommandLine":"\"C:\\Program Files\\SplunkUniversalForwarder\\bin\\splunk-powershell.exe\"","ParentCommandLine":"\"C:\\Program Files\\SplunkUniversalForwarder\\bin\\splunkd.exe\" service"}}
{"preview":false,"result":{"Computer":"DESKTOP-PC01","source":["sysmon_events.json","XmlWinEventLog:Microsoft-Windows-Sysmon/Operational"],"EventID":"1","UtcTime":"2021-11-21 13:00:12.933","Image":"C:\\Program Files\\SplunkUniversalForwarder\\bin\\splunk-powershell.exe","CommandLine":"\"C:\\Program Files\\SplunkUniversalForwarder\\bin\\splunk-powershell.exe\" --ps2","ParentCommandLine":"\"C:\\Program Files\\SplunkUniversalForwarder\\bin\\splunkd.exe\" service"}}
{"preview":false,"result":{"Computer":"DESKTOP-PC01","source":["sysmon_events.json","XmlWinEventLog:Microsoft-Windows-Sysmon/Operational"],"EventID":"1","UtcTime":"2021-11-21 13:00:13.696","Image":"C:\\Program Files\\SplunkUniversalForwarder\\bin\\splunk-regmon.exe","CommandLine":"\"C:\\Program Files\\SplunkUniversalForwarder\\bin\\splunk-regmon.exe\"","ParentCommandLine":"\"C:\\Program Files\\SplunkUniversalForwarder\\bin\\splunkd.exe\" service"}}
{"preview":false,"result":{"Computer":"DESKTOP-PC01","source":["sysmon_events.json","XmlWinEventLog:Microsoft-Windows-Sysmon/Operational"],"EventID":"1","UtcTime":"2021-11-21 13:00:15.490","Image":"C:\\Program Files\\SplunkUniversalForwarder\\bin\\splunk-winprintmon.exe","CommandLine":"\"C:\\Program Files\\SplunkUniversalForwarder\\bin\\splunk-winprintmon.exe\"","ParentCommandLine":"\"C:\\Program Files\\SplunkUniversalForwarder\\bin\\splunkd.exe\" service"}}
{"preview":false,"result":{"Computer":"DESKTOP-PC01","source":["sysmon_events.json","XmlWinEventLog:Microsoft-Windows-Sysmon/Operational"],"EventID":"22","UtcTime":"2021-11-21 13:00:31.224","Image":"C:\\Windows\\System32\\svchost.exe"}}
{"preview":false,"result":{"Computer":"DESKTOP-PC01","source":["sysmon_events.json","XmlWinEventLog:Microsoft-Windows-Sysmon/Operational"],"EventID":"22","UtcTime":"2021-11-21 13:00:31.248","Image":"C:\\Windows\\System32\\svchost.exe"}}
{"preview":false,"result":{"Computer":"DESKTOP-PC01","source":["sysmon_events.json","XmlWinEventLog:Microsoft-Windows-Sysmon/Operational"],"EventID":"1","UtcTime":"2021-11-21 13:01:08.653","Image":"C:\\Program Files\\SplunkUniversalForwarder\\bin\\splunk-MonitorNoHandle.exe","CommandLine":"\"C:\\Program Files\\SplunkUniversalForwarder\\bin\\splunk-MonitorNoHandle.exe\"","ParentCommandLine":"\"C:\\Program Files\\SplunkUniversalForwarder\\bin\\splunkd.exe\" service"}}
{"preview":false,"result":{"Computer":"DESKTOP-PC01","source":["sysmon_events.json","XmlWinEventLog:Microsoft-Windows-Sysmon/Operational"],"EventID":"1","UtcTime":"2021-11-21 13:01:09.526","Image":"C:\\Program Files\\SplunkUniversalForwarder\\bin\\splunk-admon.exe","CommandLine":"\"C:\\Program Files\\SplunkUniversalForwarder\\bin\\splunk-admon.exe\"","ParentCommandLine":"\"C:\\Program Files\\SplunkUniversalForwarder\\bin\\splunkd.exe\" service"}}
{"preview":false,"result":{"Computer":"DESKTOP-PC01","source":["sysmon_events.json","XmlWinEventLog:Microsoft-Windows-Sysmon/Operational"],"EventID":"1","UtcTime":"2021-11-21 13:01:10.263","Image":"C:\\Program Files\\SplunkUniversalForwarder\\bin\\splunk-netmon.exe","CommandLine":"\"C:\\Program Files\\SplunkUniversalForwarder\\bin\\splunk-netmon.exe\"","ParentCommandLine":"\"C:\\Program Files\\SplunkUniversalForwarder\\bin\\splunkd.exe\" service"}}
{"preview":false,"result":{"Computer":"DESKTOP-PC01","source":["sysmon_events.json","XmlWinEventLog:Microsoft-Windows-Sysmon/Operational"],"EventID":"1","UtcTime":"2021-11-21 13:01:12.072","Image":"C:\\Program Files\\SplunkUniversalForwarder\\bin\\splunk-powershell.exe","CommandLine":"\"C:\\Program Files\\SplunkUniversalForwarder\\bin\\splunk-powershell.exe\"","ParentCommandLine":"\"C:\\Program Files\\SplunkUniversalForwarder\\bin\\splunkd.exe\" service"}}
{"preview":false,"result":{"Computer":"DESKTOP-PC01","source":["sysmon_events.json","XmlWinEventLog:Microsoft-Windows-Sysmon/Operational"],"EventID":"1","UtcTime":"2021-11-21 13:01:12.936","Image":"C:\\Program Files\\SplunkUniversalForwarder\\bin\\splunk-powershell.exe","CommandLine":"\"C:\\Program Files\\SplunkUniversalForwarder\\bin\\splunk-powershell.exe\" --ps2","ParentCommandLine":"\"C:\\Program Files\\SplunkUniversalForwarder\\bin\\splunkd.exe\" service"}}
{"preview":false,"result":{"Computer":"DESKTOP-PC01","source":["sysmon_events.json","XmlWinEventLog:Microsoft-Windows-Sysmon/Operational"],"EventID":"1","UtcTime":"2021-11-21 13:01:13.492","Image":"C:\\Program Files\\SplunkUniversalForwarder\\bin\\splunk-regmon.exe","CommandLine":"\"C:\\Program Files\\SplunkUniversalForwarder\\bin\\splunk-regmon.exe\"","ParentCommandLine":"\"C:\\Program Files\\SplunkUniversalForwarder\\bin\\splunkd.exe\" service"}}
{"preview":false,"result":{"Computer":"DESKTOP-PC01","source":["sysmon_events.json","XmlWinEventLog:Microsoft-Windows-Sysmon/Operational"],"EventID":"1","UtcTime":"2021-11-21 13:01:15.509","Image":"C:\\Program Files\\SplunkUniversalForwarder\\bin\\splunk-winprintmon.exe","CommandLine":"\"C:\\Program Files\\SplunkUniversalForwarder\\bin\\splunk-winprintmon.exe\"","ParentCommandLine":"\"C:\\Program Files\\SplunkUniversalForwarder\\bin\\splunkd.exe\" service"}}
{"preview":false,"result":{"Computer":"DESKTOP-PC01","source":["sysmon_events.json","XmlWinEventLog:Microsoft-Windows-Sysmon/Operational"],"EventID":"22","UtcTime":"2021-11-21 13:01:40.624","Image":"C:\\Windows\\System32\\MicrosoftEdgeCP.exe"}}
{"preview":false,"result":{"Computer":"DESKTOP-PC01","source":["sysmon_events.json","XmlWinEventLog:Microsoft-Windows-Sysmon/Operational"],"EventID":"22","UtcTime":"2021-11-21 13:01:40.648","Image":"C:\\Windows\\System32\\MicrosoftEdgeCP.exe"}}
{"preview":false,"result":{"Computer":"DESKTOP-PC01","source":["sysmon_events.json","XmlWinEventLog:Microsoft-Windows-Sysmon/Operational"],"EventID":"22","UtcTime":"2021-11-21 13:01:40.653","Image":"C:\\Windows\\System32\\MicrosoftEdgeCP.exe"}}
{"preview":false,"result":{"Computer":"DESKTOP-PC01","source":["sysmon_events.json","XmlWinEventLog:Microsoft-Windows-Sysmon/Operational"],"EventID":"22","UtcTime":"2021-11-21 13:01:40.655","Image":"C:\\Windows\\System32\\MicrosoftEdgeCP.exe"}}
{"preview":false,"result":{"Computer":"DESKTOP-PC01","source":["sysmon_events.json","XmlWinEventLog:Microsoft-Windows-Sysmon/Operational"],"EventID":"22","UtcTime":"2021-11-21 13:01:40.656","Image":"C:\\Windows\\System32\\MicrosoftEdgeCP.exe"}}
{"preview":false,"result":{"Computer":"DESKTOP-PC01","source":["sysmon_events.json","XmlWinEventLog:Microsoft-Windows-Sysmon/Operational"],"EventID":"22","UtcTime":"2021-11-21 13:01:40.657","Image":"C:\\Windows\\System32\\MicrosoftEdgeCP.exe"}}
{"preview":false,"result":{"Computer":"DESKTOP-PC01","source":["sysmon_events.json","XmlWinEventLog:Microsoft-Windows-Sysmon/Operational"],"EventID":"22","UtcTime":"2021-11-21 13:01:40.658","Image":"C:\\Windows\\System32\\MicrosoftEdgeCP.exe"}}
{"preview":false,"result":{"Computer":"DESKTOP-PC01","source":["sysmon_events.json","XmlWinEventLog:Microsoft-Windows-Sysmon/Operational"],"EventID":"22","UtcTime":"2021-11-21 13:01:40.659","Image":"C:\\Windows\\System32\\MicrosoftEdgeCP.exe"}}
{"preview":false,"result":{"Computer":"DESKTOP-PC01","source":["sysmon_events.json","XmlWinEventLog:Microsoft-Windows-Sysmon/Operational"],"EventID":"22","UtcTime":"2021-11-21 13:01:40.659","Image":"C:\\Windows\\System32\\MicrosoftEdgeCP.exe"}}
{"preview":false,"result":{"Computer":"DESKTOP-PC01","source":["sysmon_events.json","XmlWinEventLog:Microsoft-Windows-Sysmon/Operational"],"EventID":"22","UtcTime":"2021-11-21 13:01:40.660","Image":"C:\\Windows\\System32\\MicrosoftEdgeCP.exe"}}
{"preview":false,"result":{"Computer":"DESKTOP-PC01","source":["sysmon_events.json","XmlWinEventLog:Microsoft-Windows-Sysmon/Operational"],"EventID":"22","UtcTime":"2021-11-21 13:01:42.192","Image":"C:\\Windows\\System32\\MicrosoftEdgeCP.exe"}}
{"preview":false,"result":{"Computer":"DESKTOP-PC01","source":["sysmon_events.json","XmlWinEventLog:Microsoft-Windows-Sysmon/Operational"],"EventID":"22","UtcTime":"2021-11-21 13:01:42.740","Image":"C:\\Windows\\System32\\MicrosoftEdgeCP.exe"}}
{"preview":false,"result":{"Computer":"DESKTOP-PC01","source":["sysmon_events.json","XmlWinEventLog:Microsoft-Windows-Sysmon/Operational"],"EventID":"22","UtcTime":"2021-11-21 13:01:42.793","Image":"C:\\Program Files\\Cisco\\AMP\\7.4.5.20701\\sfc.exe"}}
{"preview":false,"result":{"Computer":"DESKTOP-PC01","source":["sysmon_events.json","XmlWinEventLog:Microsoft-Windows-Sysmon/Operational"],"EventID":"22","UtcTime":"2021-11-21 13:01:57.967","Image":"C:\\Windows\\System32\\MicrosoftEdgeCP.exe"}}
{"preview":false,"result":{"Computer":"DESKTOP-PC01","source":["sysmon_events.json","XmlWinEventLog:Microsoft-Windows-Sysmon/Operational"],"EventID":"22","UtcTime":"2021-11-21 13:01:57.978","Image":"C:\\Windows\\SystemApps\\Microsoft.MicrosoftEdge_8wekyb3d8bbwe\\MicrosoftEdge.exe"}}
{"preview":false,"result":{"Computer":"DESKTOP-PC01","source":["sysmon_events.json","XmlWinEventLog:Microsoft-Windows-Sysmon/Operational"],"EventID":"13","UtcTime":"2021-11-21 12:58:14.268","Image":"C:\\Windows\\system32\\compattelrunner.exe"}}
{"preview":false,"result":{"Computer":"DESKTOP-PC01","source":["sysmon_events.json","XmlWinEventLog:Microsoft-Windows-Sysmon/Operational"],"EventID":"13","UtcTime":"2021-11-21 12:58:14.408","Image":"C:\\Windows\\system32\\compattelrunner.exe"}}
{"preview":false,"result":{"Computer":"DESKTOP-PC01","source":["sysmon_events.json","XmlWinEventLog:Microsoft-Windows-Sysmon/Operational"],"EventID":"13","UtcTime":"2021-11-21 12:58:14.408","Image":"C:\\Windows\\system32\\compattelrunner.exe"}}
{"preview":false,"result":{"Computer":"DESKTOP-PC01","source":["sysmon_events.json","XmlWinEventLog:Microsoft-Windows-Sysmon/Operational"],"EventID":"11","UtcTime":"2021-11-21 13:02:03.618","Image":"C:\\Windows\\system32\\browser_broker.exe"}}
{"preview":false,"result":{"Computer":"DESKTOP-PC01","source":["sysmon_events.json","XmlWinEventLog:Microsoft-Windows-Sysmon/Operational"],"EventID":"22","UtcTime":"2021-11-21 13:02:03.432","Image":"C:\\Program Files\\Cisco\\AMP\\7.4.5.20701\\sfc.exe"}}
{"preview":false,"result":{"Computer":"DESKTOP-PC01","source":["sysmon_events.json","XmlWinEventLog:Microsoft-Windows-Sysmon/Operational"],"EventID":"11","UtcTime":"2021-11-21 13:02:06.962","Image":"C:\\Windows\\system32\\browser_broker.exe"}}
{"preview":false,"result":{"Computer":"DESKTOP-PC01","source":["sysmon_events.json","XmlWinEventLog:Microsoft-Windows-Sysmon/Operational"],"EventID":"11","UtcTime":"2021-11-21 13:02:06.962","Image":"C:\\Windows\\System32\\MicrosoftEdgeCP.exe"}}
{"preview":false,"result":{"Computer":"DESKTOP-PC01","source":["sysmon_events.json","XmlWinEventLog:Microsoft-Windows-Sysmon/Operational"],"EventID":"13","UtcTime":"2021-11-21 12:58:14.408","Image":"C:\\Windows\\system32\\compattelrunner.exe"}}
{"preview":false,"result":{"Computer":"DESKTOP-PC01","source":["sysmon_events.json","XmlWinEventLog:Microsoft-Windows-Sysmon/Operational"],"EventID":"13","UtcTime":"2021-11-21 12:58:14.408","Image":"C:\\Windows\\system32\\compattelrunner.exe"}}
{"preview":false,"result":{"Computer":"DESKTOP-PC01","source":["sysmon_events.json","XmlWinEventLog:Microsoft-Windows-Sysmon/Operational"],"EventID":"13","UtcTime":"2021-11-21 12:58:14.408","Image":"C:\\Windows\\system32\\compattelrunner.exe"}}
{"preview":false,"result":{"Computer":"DESKTOP-PC01","source":["sysmon_events.json","XmlWinEventLog:Microsoft-Windows-Sysmon/Operational"],"EventID":"13","UtcTime":"2021-11-21 12:58:14.408","Image":"C:\\Windows\\system32\\compattelrunner.exe"}}
{"preview":false,"result":{"Computer":"DESKTOP-PC01","source":["sysmon_events.json","XmlWinEventLog:Microsoft-Windows-Sysmon/Operational"],"EventID":"13","UtcTime":"2021-11-21 12:58:14.408","Image":"C:\\Windows\\system32\\compattelrunner.exe"}}
{"preview":false,"result":{"Computer":"DESKTOP-PC01","source":["sysmon_events.json","XmlWinEventLog:Microsoft-Windows-Sysmon/Operational"],"EventID":"13","UtcTime":"2021-11-21 12:58:14.408","Image":"C:\\Windows\\system32\\compattelrunner.exe"}}
{"preview":false,"result":{"Computer":"DESKTOP-PC01","source":["sysmon_events.json","XmlWinEventLog:Microsoft-Windows-Sysmon/Operational"],"EventID":"13","UtcTime":"2021-11-21 12:58:14.503","Image":"C:\\Windows\\system32\\compattelrunner.exe"}}
{"preview":false,"result":{"Computer":"DESKTOP-PC01","source":["sysmon_events.json","XmlWinEventLog:Microsoft-Windows-Sysmon/Operational"],"EventID":"13","UtcTime":"2021-11-21 12:58:14.503","Image":"C:\\Windows\\system32\\compattelrunner.exe"}}
{"preview":false,"result":{"Computer":"DESKTOP-PC01","source":["sysmon_events.json","XmlWinEventLog:Microsoft-Windows-Sysmon/Operational"],"EventID":"13","UtcTime":"2021-11-21 12:58:14.503","Image":"C:\\Windows\\system32\\compattelrunner.exe"}}
{"preview":false,"result":{"Computer":"DESKTOP-PC01","source":["sysmon_events.json","XmlWinEventLog:Microsoft-Windows-Sysmon/Operational"],"EventID":"13","UtcTime":"2021-11-21 12:58:14.503","Image":"C:\\Windows\\system32\\compattelrunner.exe"}}
{"preview":false,"result":{"Computer":"DESKTOP-PC01","source":["sysmon_events.json","XmlWinEventLog:Microsoft-Windows-Sysmon/Operational"],"EventID":"13","UtcTime":"2021-11-21 12:58:14.597","Image":"C:\\Windows\\system32\\compattelrunner.exe"}}
{"preview":false,"result":{"Computer":"DESKTOP-PC01","source":["sysmon_events.json","XmlWinEventLog:Microsoft-Windows-Sysmon/Operational"],"EventID":"13","UtcTime":"2021-11-21 12:58:14.597","Image":"C:\\Windows\\system32\\compattelrunner.exe"}}
{"preview":false,"result":{"Computer":"DESKTOP-PC01","source":["sysmon_events.json","XmlWinEventLog:Microsoft-Windows-Sysmon/Operational"],"EventID":"13","UtcTime":"2021-11-21 12:58:14.597","Image":"C:\\Windows\\system32\\compattelrunner.exe"}}
{"preview":false,"result":{"Computer":"DESKTOP-PC01","source":["sysmon_events.json","XmlWinEventLog:Microsoft-Windows-Sysmon/Operational"],"EventID":"15","UtcTime":"2021-11-21 13:02:06.977","Image":"C:\\Windows\\system32\\browser_broker.exe"}}
{"preview":false,"result":{"Computer":"DESKTOP-PC01","source":["sysmon_events.json","XmlWinEventLog:Microsoft-Windows-Sysmon/Operational"],"EventID":"11","UtcTime":"2021-11-21 13:02:06.977","Image":"C:\\Windows\\system32\\browser_broker.exe"}}
{"preview":false,"result":{"Computer":"DESKTOP-PC01","source":["sysmon_events.json","XmlWinEventLog:Microsoft-Windows-Sysmon/Operational"],"EventID":"15","UtcTime":"2021-11-21 13:02:06.977","Image":"C:\\Windows\\system32\\browser_broker.exe"}}
{"preview":false,"result":{"Computer":"DESKTOP-PC01","source":["sysmon_events.json","XmlWinEventLog:Microsoft-Windows-Sysmon/Operational"],"EventID":"13","UtcTime":"2021-11-21 12:58:14.597","Image":"C:\\Windows\\system32\\compattelrunner.exe"}}
{"preview":false,"result":{"Computer":"DESKTOP-PC01","source":["sysmon_events.json","XmlWinEventLog:Microsoft-Windows-Sysmon/Operational"],"EventID":"13","UtcTime":"2021-11-21 12:58:14.643","Image":"C:\\Windows\\system32\\compattelrunner.exe"}}
{"preview":false,"result":{"Computer":"DESKTOP-PC01","source":["sysmon_events.json","XmlWinEventLog:Microsoft-Windows-Sysmon/Operational"],"EventID":"13","UtcTime":"2021-11-21 12:58:14.643","Image":"C:\\Windows\\system32\\compattelrunner.exe"}}
{"preview":false,"result":{"Computer":"DESKTOP-PC01","source":["sysmon_events.json","XmlWinEventLog:Microsoft-Windows-Sysmon/Operational"],"EventID":"13","UtcTime":"2021-11-21 12:58:14.643","Image":"C:\\Windows\\system32\\compattelrunner.exe"}}
{"preview":false,"result":{"Computer":"DESKTOP-PC01","source":["sysmon_events.json","XmlWinEventLog:Microsoft-Windows-Sysmon/Operational"],"EventID":"13","UtcTime":"2021-11-21 12:58:14.643","Image":"C:\\Windows\\system32\\compattelrunner.exe"}}
{"preview":false,"result":{"Computer":"DESKTOP-PC01","source":["sysmon_events.json","XmlWinEventLog:Microsoft-Windows-Sysmon/Operational"],"EventID":"13","UtcTime":"2021-11-21 12:58:14.706","Image":"C:\\Windows\\system32\\compattelrunner.exe"}}
{"preview":false,"result":{"Computer":"DESKTOP-PC01","source":["sysmon_events.json","XmlWinEventLog:Microsoft-Windows-Sysmon/Operational"],"EventID":"13","UtcTime":"2021-11-21 12:58:14.706","Image":"C:\\Windows\\system32\\compattelrunner.exe"}}
{"preview":false,"result":{"Computer":"DESKTOP-PC01","source":["sysmon_events.json","XmlWinEventLog:Microsoft-Windows-Sysmon/Operational"],"EventID":"13","UtcTime":"2021-11-21 12:58:14.706","Image":"C:\\Windows\\system32\\compattelrunner.exe"}}
{"preview":false,"result":{"Computer":"DESKTOP-PC01","source":["sysmon_events.json","XmlWinEventLog:Microsoft-Windows-Sysmon/Operational"],"EventID":"15","UtcTime":"2021-11-21 13:02:06.977","Image":"C:\\Windows\\system32\\browser_broker.exe"}}
{"preview":false,"result":{"Computer":"DESKTOP-PC01","source":["sysmon_events.json","XmlWinEventLog:Microsoft-Windows-Sysmon/Operational"],"EventID":"15","UtcTime":"2021-11-21 13:02:06.993","Image":"C:\\Windows\\system32\\browser_broker.exe"}}
{"preview":false,"result":{"Computer":"DESKTOP-PC01","source":["sysmon_events.json","XmlWinEventLog:Microsoft-Windows-Sysmon/Operational"],"EventID":"13","UtcTime":"2021-11-21 13:02:07.576","Image":"C:\\Windows\\system32\\SearchProtocolHost.exe"}}
{"preview":false,"result":{"Computer":"DESKTOP-PC01","source":["sysmon_events.json","XmlWinEventLog:Microsoft-Windows-Sysmon/Operational"],"EventID":"13","UtcTime":"2021-11-21 12:58:14.706","Image":"C:\\Windows\\system32\\compattelrunner.exe"}}
{"preview":false,"result":{"Computer":"DESKTOP-PC01","source":["sysmon_events.json","XmlWinEventLog:Microsoft-Windows-Sysmon/Operational"],"EventID":"13","UtcTime":"2021-11-21 12:58:14.753","Image":"C:\\Windows\\system32\\compattelrunner.exe"}}
{"preview":false,"result":{"Computer":"DESKTOP-PC01","source":["sysmon_events.json","XmlWinEventLog:Microsoft-Windows-Sysmon/Operational"],"EventID":"13","UtcTime":"2021-11-21 12:58:14.753","Image":"C:\\Windows\\system32\\compattelrunner.exe"}}
{"preview":false,"result":{"Computer":"DESKTOP-PC01","source":["sysmon_events.json","XmlWinEventLog:Microsoft-Windows-Sysmon/Operational"],"EventID":"13","UtcTime":"2021-11-21 12:58:14.753","Image":"C:\\Windows\\system32\\compattelrunner.exe"}}
{"preview":false,"result":{"Computer":"DESKTOP-PC01","source":["sysmon_events.json","XmlWinEventLog:Microsoft-Windows-Sysmon/Operational"],"EventID":"13","UtcTime":"2021-11-21 12:58:14.753","Image":"C:\\Windows\\system32\\compattelrunner.exe"}}
{"preview":false,"result":{"Computer":"DESKTOP-PC01","source":["sysmon_events.json","XmlWinEventLog:Microsoft-Windows-Sysmon/Operational"],"EventID":"1","UtcTime":"2021-11-21 12:58:14.536","Image":"C:\\Program Files\\SplunkUniversalForwarder\\bin\\splunk-winevtlog.exe","CommandLine":"\"C:\\Program Files\\SplunkUniversalForwarder\\bin\\splunk-winevtlog.exe\"","ParentCommandLine":"\"C:\\Program Files\\SplunkUniversalForwarder\\bin\\splunkd.exe\" service"}}
{"preview":false,"result":{"Computer":"DESKTOP-PC01","source":["sysmon_events.json","XmlWinEventLog:Microsoft-Windows-Sysmon/Operational"],"EventID":"1","UtcTime":"2021-11-21 13:02:08.669","Image":"C:\\Program Files\\SplunkUniversalForwarder\\bin\\splunk-MonitorNoHandle.exe","CommandLine":"\"C:\\Program Files\\SplunkUniversalForwarder\\bin\\splunk-MonitorNoHandle.exe\"","ParentCommandLine":"\"C:\\Program Files\\SplunkUniversalForwarder\\bin\\splunkd.exe\" service"}}
{"preview":false,"result":{"Computer":"DESKTOP-PC01","source":["sysmon_events.json","XmlWinEventLog:Microsoft-Windows-Sysmon/Operational"],"EventID":"1","UtcTime":"2021-11-21 13:02:09.543","Image":"C:\\Program Files\\SplunkUniversalForwarder\\bin\\splunk-admon.exe","CommandLine":"\"C:\\Program Files\\SplunkUniversalForwarder\\bin\\splunk-admon.exe\"","ParentCommandLine":"\"C:\\Program Files\\SplunkUniversalForwarder\\bin\\splunkd.exe\" service"}}
{"preview":false,"result":{"Computer":"DESKTOP-PC01","source":["sysmon_events.json","XmlWinEventLog:Microsoft-Windows-Sysmon/Operational"],"EventID":"1","UtcTime":"2021-11-21 13:02:10.314","Image":"C:\\Program Files\\SplunkUniversalForwarder\\bin\\splunk-netmon.exe","CommandLine":"\"C:\\Program Files\\SplunkUniversalForwarder\\bin\\splunk-netmon.exe\"","ParentCommandLine":"\"C:\\Program Files\\SplunkUniversalForwarder\\bin\\splunkd.exe\" service"}}
{"preview":false,"result":{"Computer":"DESKTOP-PC01","source":["sysmon_events.json","XmlWinEventLog:Microsoft-Windows-Sysmon/Operational"],"EventID":"13","UtcTime":"2021-11-21 12:58:14.815","Image":"C:\\Windows\\system32\\compattelrunner.exe"}}
{"preview":false,"result":{"Computer":"DESKTOP-PC01","source":["sysmon_events.json","XmlWinEventLog:Microsoft-Windows-Sysmon/Operational"],"EventID":"13","UtcTime":"2021-11-21 12:58:14.815","Image":"C:\\Windows\\system32\\compattelrunner.exe"}}
{"preview":false,"result":{"Computer":"DESKTOP-PC01","source":["sysmon_events.json","XmlWinEventLog:Microsoft-Windows-Sysmon/Operational"],"EventID":"13","UtcTime":"2021-11-21 12:58:14.815","Image":"C:\\Windows\\system32\\compattelrunner.exe"}}
{"preview":false,"result":{"Computer":"DESKTOP-PC01","source":["sysmon_events.json","XmlWinEventLog:Microsoft-Windows-Sysmon/Operational"],"EventID":"13","UtcTime":"2021-11-21 12:58:14.815","Image":"C:\\Windows\\system32\\compattelrunner.exe"}}
{"preview":false,"result":{"Computer":"DESKTOP-PC01","source":["sysmon_events.json","XmlWinEventLog:Microsoft-Windows-Sysmon/Operational"],"EventID":"13","UtcTime":"2021-11-21 12:58:14.878","Image":"C:\\Windows\\system32\\compattelrunner.exe"}}
{"preview":false,"result":{"Computer":"DESKTOP-PC01","source":["sysmon_events.json","XmlWinEventLog:Microsoft-Windows-Sysmon/Operational"],"EventID":"13","UtcTime":"2021-11-21 12:58:14.878","Image":"C:\\Windows\\system32\\compattelrunner.exe"}}
{"preview":false,"result":{"Computer":"DESKTOP-PC01","source":["sysmon_events.json","XmlWinEventLog:Microsoft-Windows-Sysmon/Operational"],"EventID":"1","UtcTime":"2021-11-21 13:02:12.080","Image":"C:\\Program Files\\SplunkUniversalForwarder\\bin\\splunk-powershell.exe","CommandLine":"\"C:\\Program Files\\SplunkUniversalForwarder\\bin\\splunk-powershell.exe\"","ParentCommandLine":"\"C:\\Program Files\\SplunkUniversalForwarder\\bin\\splunkd.exe\" service"}}
{"preview":false,"result":{"Computer":"DESKTOP-PC01","source":["sysmon_events.json","XmlWinEventLog:Microsoft-Windows-Sysmon/Operational"],"EventID":"1","UtcTime":"2021-11-21 13:02:13.055","Image":"C:\\Program Files\\SplunkUniversalForwarder\\bin\\splunk-powershell.exe","CommandLine":"\"C:\\Program Files\\SplunkUniversalForwarder\\bin\\splunk-powershell.exe\" --ps2","ParentCommandLine":"\"C:\\Program Files\\SplunkUniversalForwarder\\bin\\splunkd.exe\" service"}}
{"preview":false,"result":{"Computer":"DESKTOP-PC01","source":["sysmon_events.json","XmlWinEventLog:Microsoft-Windows-Sysmon/Operational"],"EventID":"1","UtcTime":"2021-11-21 13:02:13.807","Image":"C:\\Program Files\\SplunkUniversalForwarder\\bin\\splunk-regmon.exe","CommandLine":"\"C:\\Program Files\\SplunkUniversalForwarder\\bin\\splunk-regmon.exe\"","ParentCommandLine":"\"C:\\Program Files\\SplunkUniversalForwarder\\bin\\splunkd.exe\" service"}}
{"preview":false,"result":{"Computer":"DESKTOP-PC01","source":["sysmon_events.json","XmlWinEventLog:Microsoft-Windows-Sysmon/Operational"],"EventID":"1","UtcTime":"2021-11-21 13:02:15.526","Image":"C:\\Program Files\\SplunkUniversalForwarder\\bin\\splunk-winprintmon.exe","CommandLine":"\"C:\\Program Files\\SplunkUniversalForwarder\\bin\\splunk-winprintmon.exe\"","ParentCommandLine":"\"C:\\Program Files\\SplunkUniversalForwarder\\bin\\splunkd.exe\" service"}}
{"preview":false,"result":{"Computer":"DESKTOP-PC01","source":["sysmon_events.json","XmlWinEventLog:Microsoft-Windows-Sysmon/Operational"],"EventID":"13","UtcTime":"2021-11-21 12:58:14.878","Image":"C:\\Windows\\system32\\compattelrunner.exe"}}
{"preview":false,"result":{"Computer":"DESKTOP-PC01","source":["sysmon_events.json","XmlWinEventLog:Microsoft-Windows-Sysmon/Operational"],"EventID":"13","UtcTime":"2021-11-21 12:58:14.878","Image":"C:\\Windows\\system32\\compattelrunner.exe"}}
{"preview":false,"result":{"Computer":"DESKTOP-PC01","source":["sysmon_events.json","XmlWinEventLog:Microsoft-Windows-Sysmon/Operational"],"EventID":"13","UtcTime":"2021-11-21 12:58:14.925","Image":"C:\\Windows\\system32\\compattelrunner.exe"}}
{"preview":false,"result":{"Computer":"DESKTOP-PC01","source":["sysmon_events.json","XmlWinEventLog:Microsoft-Windows-Sysmon/Operational"],"EventID":"13","UtcTime":"2021-11-21 12:58:14.925","Image":"C:\\Windows\\system32\\compattelrunner.exe"}}
{"preview":false,"result":{"Computer":"DESKTOP-PC01","source":["sysmon_events.json","XmlWinEventLog:Microsoft-Windows-Sysmon/Operational"],"EventID":"13","UtcTime":"2021-11-21 12:58:14.925","Image":"C:\\Windows\\system32\\compattelrunner.exe"}}
{"preview":false,"result":{"Computer":"DESKTOP-PC01","source":["sysmon_events.json","XmlWinEventLog:Microsoft-Windows-Sysmon/Operational"],"EventID":"13","UtcTime":"2021-11-21 12:58:14.925","Image":"C:\\Windows\\system32\\compattelrunner.exe"}}
{"preview":false,"result":{"Computer":"DESKTOP-PC01","source":["sysmon_events.json","XmlWinEventLog:Microsoft-Windows-Sysmon/Operational"],"EventID":"13","UtcTime":"2021-11-21 13:02:16.824","Image":"C:\\Windows\\Explorer.EXE"}}
{"preview":false,"result":{"Computer":"DESKTOP-PC01","source":["sysmon_events.json","XmlWinEventLog:Microsoft-Windows-Sysmon/Operational"],"EventID":"1","UtcTime":"2021-11-21 13:02:17.356","Image":"C:\\Program Files\\Microsoft Office\\Office14\\WINWORD.EXE","CommandLine":"\"C:\\Program Files\\Microsoft Office\\Office14\\WINWORD.EXE\" /n \"C:\\Users\\pc01-user\\Downloads\\critical_list.doc\"","ParentCommandLine":"C:\\Windows\\Explorer.EXE"}}
{"preview":false,"result":{"Computer":"DESKTOP-PC01","source":["sysmon_events.json","XmlWinEventLog:Microsoft-Windows-Sysmon/Operational"],"EventID":"11","UtcTime":"2021-11-21 13:02:19.853","Image":"C:\\Program Files\\Microsoft Office\\Office14\\WINWORD.EXE"}}
{"preview":false,"result":{"Computer":"DESKTOP-PC01","source":["sysmon_events.json","XmlWinEventLog:Microsoft-Windows-Sysmon/Operational"],"EventID":"1","UtcTime":"2021-11-21 13:02:19.949","Image":"C:\\Program Files\\Microsoft Office\\Office14\\WINWORD.EXE","CommandLine":"\"C:\\Program Files\\Microsoft Office\\Office14\\WINWORD.EXE\"  /Embedding","ParentCommandLine":"\"C:\\Program Files\\Microsoft Office\\Office14\\WINWORD.EXE\" /n \"C:\\Users\\pc01-user\\Downloads\\critical_list.doc\""}}
{"preview":false,"result":{"Computer":"DESKTOP-PC01","source":["sysmon_events.json","XmlWinEventLog:Microsoft-Windows-Sysmon/Operational"],"EventID":"13","UtcTime":"2021-11-21 12:58:14.987","Image":"C:\\Windows\\system32\\compattelrunner.exe"}}
{"preview":false,"result":{"Computer":"DESKTOP-PC01","source":["sysmon_events.json","XmlWinEventLog:Microsoft-Windows-Sysmon/Operational"],"EventID":"13","UtcTime":"2021-11-21 12:58:14.987","Image":"C:\\Windows\\system32\\compattelrunner.exe"}}
{"preview":false,"result":{"Computer":"DESKTOP-PC01","source":["sysmon_events.json","XmlWinEventLog:Microsoft-Windows-Sysmon/Operational"],"EventID":"13","UtcTime":"2021-11-21 12:58:14.987","Image":"C:\\Windows\\system32\\compattelrunner.exe"}}
{"preview":false,"result":{"Computer":"DESKTOP-PC01","source":["sysmon_events.json","XmlWinEventLog:Microsoft-Windows-Sysmon/Operational"],"EventID":"13","UtcTime":"2021-11-21 12:58:14.987","Image":"C:\\Windows\\system32\\compattelrunner.exe"}}
{"preview":false,"result":{"Computer":"DESKTOP-PC01","source":["sysmon_events.json","XmlWinEventLog:Microsoft-Windows-Sysmon/Operational"],"EventID":"13","UtcTime":"2021-11-21 12:58:14.987","Image":"C:\\Windows\\system32\\compattelrunner.exe"}}
{"preview":false,"result":{"Computer":"DESKTOP-PC01","source":["sysmon_events.json","XmlWinEventLog:Microsoft-Windows-Sysmon/Operational"],"EventID":"15","UtcTime":"2021-11-21 13:02:20.326","Image":"C:\\Program Files\\Microsoft Office\\Office14\\WINWORD.EXE"}}
{"preview":false,"result":{"Computer":"DESKTOP-PC01","source":["sysmon_events.json","XmlWinEventLog:Microsoft-Windows-Sysmon/Operational"],"EventID":"15","UtcTime":"2021-11-21 13:02:20.336","Image":"C:\\Program Files\\Microsoft Office\\Office14\\WINWORD.EXE"}}
{"preview":false,"result":{"Computer":"DESKTOP-PC01","source":["sysmon_events.json","XmlWinEventLog:Microsoft-Windows-Sysmon/Operational"],"EventID":"3","UtcTime":"2021-11-21 13:02:21.853","DestinationIp":"52.109.32.63","Protocol":"tcp","DestinationPort":"80","Image":"C:\\Program Files\\Microsoft Office\\Office14\\WINWORD.EXE"}}
{"preview":false,"result":{"Computer":"DESKTOP-PC01","source":["sysmon_events.json","XmlWinEventLog:Microsoft-Windows-Sysmon/Operational"],"EventID":"13","UtcTime":"2021-11-21 13:02:25.188","Image":"C:\\Program Files\\Microsoft Office\\Office14\\WINWORD.EXE"}}
{"preview":false,"result":{"Computer":"DESKTOP-PC01","source":["sysmon_events.json","XmlWinEventLog:Microsoft-Windows-Sysmon/Operational"],"EventID":"11","UtcTime":"2021-11-21 13:02:28.475","Image":"C:\\Program Files\\Microsoft Office\\Office14\\WINWORD.EXE"}}
{"preview":false,"result":{"Computer":"DESKTOP-PC01","source":["sysmon_events.json","XmlWinEventLog:Microsoft-Windows-Sysmon/Operational"],"EventID":"13","UtcTime":"2021-11-21 12:58:14.987","Image":"C:\\Windows\\system32\\compattelrunner.exe"}}
{"preview":false,"result":{"Computer":"DESKTOP-PC01","source":["sysmon_events.json","XmlWinEventLog:Microsoft-Windows-Sysmon/Operational"],"EventID":"13","UtcTime":"2021-11-21 12:58:14.987","Image":"C:\\Windows\\system32\\compattelrunner.exe"}}
{"preview":false,"result":{"Computer":"DESKTOP-PC01","source":["sysmon_events.json","XmlWinEventLog:Microsoft-Windows-Sysmon/Operational"],"EventID":"13","UtcTime":"2021-11-21 12:58:14.987","Image":"C:\\Windows\\system32\\compattelrunner.exe"}}
{"preview":false,"result":{"Computer":"DESKTOP-PC01","source":["sysmon_events.json","XmlWinEventLog:Microsoft-Windows-Sysmon/Operational"],"EventID":"13","UtcTime":"2021-11-21 12:58:15.144","Image":"C:\\Windows\\system32\\compattelrunner.exe"}}
{"preview":false,"result":{"Computer":"DESKTOP-PC01","source":["sysmon_events.json","XmlWinEventLog:Microsoft-Windows-Sysmon/Operational"],"EventID":"13","UtcTime":"2021-11-21 12:58:15.144","Image":"C:\\Windows\\system32\\compattelrunner.exe"}}
{"preview":false,"result":{"Computer":"DESKTOP-PC01","source":["sysmon_events.json","XmlWinEventLog:Microsoft-Windows-Sysmon/Operational"],"EventID":"22","UtcTime":"2021-11-21 13:02:29.711","Image":"C:\\Program Files\\Common Files\\microsoft shared\\OfficeSoftwareProtectionPlatform\\OSPPSVC.EXE"}}
{"preview":false,"result":{"Computer":"DESKTOP-PC01","source":["sysmon_events.json","XmlWinEventLog:Microsoft-Windows-Sysmon/Operational"],"EventID":"22","UtcTime":"2021-11-21 13:02:29.712","Image":"C:\\Windows\\System32\\svchost.exe"}}
{"preview":false,"result":{"Computer":"DESKTOP-PC01","source":["sysmon_events.json","XmlWinEventLog:Microsoft-Windows-Sysmon/Operational"],"EventID":"1","UtcTime":"2021-11-21 13:02:41.156","Image":"C:\\Windows\\System32\\cscript.exe","CommandLine":"\"C:\\Windows\\System32\\cscript.exe\" C:\\Users\\pc01-user\\AppData\\Roaming\\www.txt //E:VBScript //NoLogo %%~f0 %%*","ParentCommandLine":"\"C:\\Program Files\\Microsoft Office\\Office14\\WINWORD.EXE\" /n \"C:\\Users\\pc01-user\\Downloads\\critical_list.doc\""}}
{"preview":false,"result":{"Computer":"DESKTOP-PC01","source":["sysmon_events.json","XmlWinEventLog:Microsoft-Windows-Sysmon/Operational"],"EventID":"13","UtcTime":"2021-11-21 13:02:41.182","Image":"C:\\Program Files\\Microsoft Office\\Office14\\WINWORD.EXE"}}
{"preview":false,"result":{"Computer":"DESKTOP-PC01","source":["sysmon_events.json","XmlWinEventLog:Microsoft-Windows-Sysmon/Operational"],"EventID":"1","UtcTime":"2021-11-21 13:02:43.152","Image":"C:\\Windows\\System32\\WindowsPowerShell\\v1.0\\powershell.exe","CommandLine":"\"C:\\Windows\\System32\\WindowsPowerShell\\v1.0\\powershell.exe\" -ExecutionPolicy  Bypass &amp; C:\\Users\\pc01-user\\AppData\\Roaming\\www.ps1","ParentCommandLine":"\"C:\\Windows\\System32\\cscript.exe\" C:\\Users\\pc01-user\\AppData\\Roaming\\www.txt //E:VBScript //NoLogo %~f0 %*"}}
{"preview":false,"result":{"Computer":"DESKTOP-PC01","source":["sysmon_events.json","XmlWinEventLog:Microsoft-Windows-Sysmon/Operational"],"EventID":"22","UtcTime":"2021-11-21 13:02:44.365","Image":"C:\\Windows\\SystemApps\\Microsoft.MicrosoftEdge_8wekyb3d8bbwe\\MicrosoftEdge.exe"}}
{"preview":false,"result":{"Computer":"DESKTOP-PC01","source":["sysmon_events.json","XmlWinEventLog:Microsoft-Windows-Sysmon/Operational"],"EventID":"13","UtcTime":"2021-11-21 12:58:15.144","Image":"C:\\Windows\\system32\\compattelrunner.exe"}}
{"preview":false,"result":{"Computer":"DESKTOP-PC01","source":["sysmon_events.json","XmlWinEventLog:Microsoft-Windows-Sysmon/Operational"],"EventID":"13","UtcTime":"2021-11-21 12:58:15.144","Image":"C:\\Windows\\system32\\compattelrunner.exe"}}
{"preview":false,"result":{"Computer":"DESKTOP-PC01","source":["sysmon_events.json","XmlWinEventLog:Microsoft-Windows-Sysmon/Operational"],"EventID":"13","UtcTime":"2021-11-21 12:58:15.144","Image":"C:\\Windows\\system32\\compattelrunner.exe"}}
{"preview":false,"result":{"Computer":"DESKTOP-PC01","source":["sysmon_events.json","XmlWinEventLog:Microsoft-Windows-Sysmon/Operational"],"EventID":"13","UtcTime":"2021-11-21 12:58:15.144","Image":"C:\\Windows\\system32\\compattelrunner.exe"}}
{"preview":false,"result":{"Computer":"DESKTOP-PC01","source":["sysmon_events.json","XmlWinEventLog:Microsoft-Windows-Sysmon/Operational"],"EventID":"13","UtcTime":"2021-11-21 12:58:15.144","Image":"C:\\Windows\\system32\\compattelrunner.exe"}}
{"preview":false,"result":{"Computer":"DESKTOP-PC01","source":["sysmon_events.json","XmlWinEventLog:Microsoft-Windows-Sysmon/Operational"],"EventID":"13","UtcTime":"2021-11-21 12:58:15.144","Image":"C:\\Windows\\system32\\compattelrunner.exe"}}
{"preview":false,"result":{"Computer":"DESKTOP-PC01","source":["sysmon_events.json","XmlWinEventLog:Microsoft-Windows-Sysmon/Operational"],"EventID":"13","UtcTime":"2021-11-21 12:58:15.144","Image":"C:\\Windows\\system32\\compattelrunner.exe"}}
{"preview":false,"result":{"Computer":"DESKTOP-PC01","source":["sysmon_events.json","XmlWinEventLog:Microsoft-Windows-Sysmon/Operational"],"EventID":"13","UtcTime":"2021-11-21 12:58:15.144","Image":"C:\\Windows\\system32\\compattelrunner.exe"}}
