{"preview":false,"result":{"Computer":"DESKTOP-PC01","source":["sysmon_events.json","XmlWinEventLog:Microsoft-Windows-Sysmon/Operational"],"EventID":"1","UtcTime":"2021-11-21 13:02:48.090","Image":"C:\\Windows\\splwow64.exe","CommandLine":"C:\\Windows\\splwow64.exe 8192","ParentCommandLine":"\"C:\\Program Files\\Microsoft Office\\Office14\\WINWORD.EXE\" /n \"C:\\Users\\pc01-user\\Downloads\\critical_list.doc\""}}
{"preview":false,"result":{"Computer":"DESKTOP-PC01","source":["sysmon_events.json","XmlWinEventLog:Microsoft-Windows-Sysmon/Operational"],"EventID":"1","UtcTime":"2021-11-21 13:02:48.780","Image":"C:\\Windows\\System32\\svchost.exe","CommandLine":"C:\\Windows\\system32\\svchost.exe -k PrintWorkflow","ParentCommandLine":"C:\\Windows\\system32\\services.exe"}}
{"preview":false,"result":{"Computer":"DESKTOP-PC01","source":["sysmon_events.json","XmlWinEventLog:Microsoft-Windows-Sysmon/Operational"],"EventID":"1","UtcTime":"2021-11-21 13:02:54.219","Image":"C:\\Windows\\System32\\cmd.exe","CommandLine":"\"C:\\Windows\\System32\\cmd.exe\" /c rundll32.exe C:\\ProgramData\\www1.dll,ldr","ParentCommandLine":"\"C:\\Windows\\System32\\cscript.exe\" C:\\Users\\pc01-user\\AppData\\Roaming\\www.txt //E:VBScript //NoLogo %~f0 %*"}}
{"preview":false,"result":{"Computer":"DESKTOP-PC01","source":["sysmon_events.json","XmlWinEventLog:Microsoft-Windows-Sysmon/Operational"],"EventID":"1","UtcTime":"2021-11-21 13:02:54.263","Image":"C:\\Windows\\System32\\cmd.exe","CommandLine":"\"C:\\Windows\\System32\\cmd.exe\" /c rundll32.exe C:\\ProgramData\\www2.dll,ldr","ParentCommandLine":"\"C:\\Windows\\System32\\cscript.exe\" C:\\Users\\pc01-user\\AppData\\Roaming\\www.txt //E:VBScript //NoLogo %~f0 %*"}}
{"preview":false,"result":{"Computer":"DESKTOP-PC01","source":["sysmon_events.json","XmlWinEventLog:Microsoft-Windows-Sysmon/Operational"],"EventID":"1","UtcTime":"2021-11-21 13:02:54.424","Image":"C:\\Windows\\System32\\cmd.exe","CommandLine":"\"C:\\Windows\\System32\\cmd.exe\" /c rundll32.exe C:\\ProgramData\\www3.dll,ldr","ParentCommandLine":"\"C:\\Windows\\System32\\cscript.exe\" C:\\Users\\pc01-user\\AppData\\Roaming\\www.txt //E:VBScript //NoLogo %~f0 %*"}}
{"preview":false,"result":{"Computer":"DESKTOP-PC01","source":["sysmon_events.json","XmlWinEventLog:Microsoft-Windows-Sysmon/Operational"],"EventID":"1","UtcTime":"2021-11-21 13:02:54.625","Image":"C:\\Windows\\System32\\cmd.exe","CommandLine":"\"C:\\Windows\\System32\\cmd.exe\" /c rundll32.exe C:\\ProgramData\\www4.dll,ldr","ParentCommandLine":"\"C:\\Windows\\System32\\cscript.exe\" C:\\Users\\pc01-user\\AppData\\Roaming\\www.txt //E:VBScript //NoLogo %~f0 %*"}}
{"preview":false,"result":{"Computer":"DESKTOP-PC01","source":["sysmon_events.json","XmlWinEventLog:Microsoft-Windows-Sysmon/Operational"],"EventID":"1","UtcTime":"2021-11-21 13:02:54.861","Image":"C:\\Windows\\System32\\cmd.exe","CommandLine":"\"C:\\Windows\\System32\\cmd.exe\" /c rundll32.exe C:\\ProgramData\\www5.dll,ldr","ParentCommandLine":"\"C:\\Windows\\System32\\cscript.exe\" C:\\Users\\pc01-user\\AppData\\Roaming\\www.txt //E:VBScript //NoLogo %~f0 %*"}}
{"preview":false,"result":{"Computer":"DESKTOP-PC01","source":["sysmon_events.json","XmlWinEventLog:Microsoft-Windows-Sysmon/Operational"],"EventID":"1","UtcTime":"2021-11-21 13:02:55.327","Image":"C:\\Windows\\System32\\rundll32.exe","CommandLine":"rundll32.exe  C:\\ProgramData\\www3.dll,ldr","ParentCommandLine":"\"C:\\Windows\\System32\\cmd.exe\" /c rundll32.exe C:\\ProgramData\\www3.dll,ldr"}}
{"preview":false,"result":{"Computer":"DESKTOP-PC01","source":["sysmon_events.json","XmlWinEventLog:Microsoft-Windows-Sysmon/Operational"],"EventID":"13","UtcTime":"2021-11-21 12:58:15.144","Image":"C:\\Windows\\system32\\compattelrunner.exe"}}
{"preview":false,"result":{"Computer":"DESKTOP-PC01","source":["sysmon_events.json","XmlWinEventLog:Microsoft-Windows-Sysmon/Operational"],"EventID":"13","UtcTime":"2021-11-21 12:58:15.144","Image":"C:\\Windows\\system32\\compattelrunner.exe"}}
{"preview":false,"result":{"Computer":"DESKTOP-PC01","source":["sysmon_events.json","XmlWinEventLog:Microsoft-Windows-Sysmon/Operational"],"EventID":"13","UtcTime":"2021-11-21 12:58:15.144","Image":"C:\\Windows\\system32\\compattelrunner.exe"}}
{"preview":false,"result":{"Computer":"DESKTOP-PC01","source":["sysmon_events.json","XmlWinEventLog:Microsoft-Windows-Sysmon/Operational"],"EventID":"13","UtcTime":"2021-11-21 12:58:15.144","Image":"C:\\Windows\\system32\\compattelrunner.exe"}}
{"preview":false,"result":{"Computer":"DESKTOP-PC01","source":["sysmon_events.json","XmlWinEventLog:Microsoft-Windows-Sysmon/Operational"],"EventID":"13","UtcTime":"2021-11-21 12:58:15.144","Image":"C:\\Windows\\system32\\compattelrunner.exe"}}
{"preview":false,"result":{"Computer":"DESKTOP-PC01","source":["sysmon_events.json","XmlWinEventLog:Microsoft-Windows-Sysmon/Operational"],"EventID":"13","UtcTime":"2021-11-21 12:58:15.144","Image":"C:\\Windows\\system32\\compattelrunner.exe"}}
{"preview":false,"result":{"Computer":"DESKTOP-PC01","source":["sysmon_events.json","XmlWinEventLog:Microsoft-Windows-Sysmon/Operational"],"EventID":"13","UtcTime":"2021-11-21 12:58:15.144","Image":"C:\\Windows\\system32\\compattelrunner.exe"}}
{"preview":false,"result":{"Computer":"DESKTOP-PC01","source":["sysmon_events.json","XmlWinEventLog:Microsoft-Windows-Sysmon/Operational"],"EventID":"13","UtcTime":"2021-11-21 12:58:15.144","Image":"C:\\Windows\\system32\\compattelrunner.exe"}}
{"preview":false,"result":{"Computer":"DESKTOP-PC01","source":["sysmon_events.json","XmlWinEventLog:Microsoft-Windows-Sysmon/Operational"],"EventID":"13","UtcTime":"2021-11-21 12:58:15.144","Image":"C:\\Windows\\system32\\compattelrunner.exe"}}
{"preview":false,"result":{"Computer":"DESKTOP-PC01","source":["sysmon_events.json","XmlWinEventLog:Microsoft-Windows-Sysmon/Operational"],"EventID":"13","UtcTime":"2021-11-21 12:58:15.144","Image":"C:\\Windows\\system32\\compattelrunner.exe"}}
{"preview":false,"result":{"Computer":"DESKTOP-PC01","source":["sysmon_events.json","XmlWinEventLog:Microsoft-Windows-Sysmon/Operational"],"EventID":"11","UtcTime":"2021-11-21 13:02:55.389","Image":"C:\\Windows\\System32\\WindowsPowerShell\\v1.0\\powershell.exe"}}
{"preview":false,"result":{"Computer":"DESKTOP-PC01","source":["sysmon_events.json","XmlWinEventLog:Microsoft-Windows-Sysmon/Operational"],"EventID":"1","UtcTime":"2021-11-21 13:02:55.545","Image":"C:\\Windows\\System32\\rundll32.exe","CommandLine":"rundll32.exe  C:\\ProgramData\\www2.dll,ldr","ParentCommandLine":"\"C:\\Windows\\System32\\cmd.exe\" /c rundll32.exe C:\\ProgramData\\www2.dll,ldr"}}
{"preview":false,"result":{"Computer":"DESKTOP-PC01","source":["sysmon_events.json","XmlWinEventLog:Microsoft-Windows-Sysmon/Operational"],"EventID":"1","UtcTime":"2021-11-21 13:02:55.656","Image":"C:\\Windows\\System32\\rundll32.exe","CommandLine":"rundll32.exe  C:\\ProgramData\\www1.dll,ldr","ParentCommandLine":"\"C:\\Windows\\System32\\cmd.exe\" /c rundll32.exe C:\\ProgramData\\www1.dll,ldr"}}
{"preview":false,"result":{"Computer":"DESKTOP-PC01","source":["sysmon_events.json","XmlWinEventLog:Microsoft-Windows-Sysmon/Operational"],"EventID":"1","UtcTime":"2021-11-21 13:02:56.774","Image":"C:\\Windows\\System32\\rundll32.exe","CommandLine":"rundll32.exe  C:\\ProgramData\\www4.dll,ldr","ParentCommandLine":"\"C:\\Windows\\System32\\cmd.exe\" /c rundll32.exe C:\\ProgramData\\www4.dll,ldr"}}
{"preview":false,"result":{"Computer":"DESKTOP-PC01","source":["sysmon_events.json","XmlWinEventLog:Microsoft-Windows-Sysmon/Operational"],"EventID":"1","UtcTime":"2021-11-21 13:02:56.933","Image":"C:\\Windows\\System32\\rundll32.exe","CommandLine":"rundll32.exe  C:\\ProgramData\\www5.dll,ldr","ParentCommandLine":"\"C:\\Windows\\System32\\cmd.exe\" /c rundll32.exe C:\\ProgramData\\www5.dll,ldr"}}
{"preview":false,"result":{"Computer":"DESKTOP-PC01","source":["sysmon_events.json","XmlWinEventLog:Microsoft-Windows-Sysmon/Operational"],"EventID":"11","UtcTime":"2021-11-21 13:03:03.650","Image":"C:\\Windows\\System32\\WindowsPowerShell\\v1.0\\powershell.exe"}}
{"preview":false,"result":{"Computer":"DESKTOP-PC01","source":["sysmon_events.json","XmlWinEventLog:Microsoft-Windows-Sysmon/Operational"],"EventID":"11","UtcTime":"2021-11-21 13:03:04.729","Image":"C:\\Windows\\System32\\WindowsPowerShell\\v1.0\\powershell.exe"}}
{"preview":false,"result":{"Computer":"DESKTOP-PC01","source":["sysmon_events.json","XmlWinEventLog:Microsoft-Windows-Sysmon/Operational"],"EventID":"3","UtcTime":"2021-11-21 13:03:03.705","DestinationIp":"192.168.155.134","Protocol":"tcp","DestinationPort":"80","Image":"C:\\Windows\\System32\\WindowsPowerShell\\v1.0\\powershell.exe"}}
{"preview":false,"result":{"Computer":"DESKTOP-PC01","source":["sysmon_events.json","XmlWinEventLog:Microsoft-Windows-Sysmon/Operational"],"EventID":"11","UtcTime":"2021-11-21 13:03:05.759","Image":"C:\\Windows\\System32\\WindowsPowerShell\\v1.0\\powershell.exe"}}
{"preview":false,"result":{"Computer":"DESKTOP-PC01","source":["sysmon_events.json","XmlWinEventLog:Microsoft-Windows-Sysmon/Operational"],"EventID":"3","UtcTime":"2021-11-21 13:03:04.715","DestinationIp":"192.168.155.134","Protocol":"tcp","DestinationPort":"80","Image":"C:\\Windows\\System32\\WindowsPowerShell\\v1.0\\powershell.exe"}}
{"preview":false,"result":{"Computer":"DESKTOP-PC01","source":["sysmon_events.json","XmlWinEventLog:Microsoft-Windows-Sysmon/Operational"],"EventID":"22","UtcTime":"2021-11-21 13:03:06.110","Image":"C:\\Windows\\System32\\WindowsPowerShell\\v1.0\\powershell.exe"}}
{"preview":false,"result":{"Computer":"DESKTOP-PC01","source":["sysmon_events.json","XmlWinEventLog:Microsoft-Windows-Sysmon/Operational"],"EventID":"13","UtcTime":"2021-11-21 12:58:15.144","Image":"C:\\Windows\\system32\\compattelrunner.exe"}}
{"preview":false,"result":{"Computer":"DESKTOP-PC01","source":["sysmon_events.json","XmlWinEventLog:Microsoft-Windows-Sysmon/Operational"],"EventID":"13","UtcTime":"2021-11-21 12:58:15.144","Image":"C:\\Windows\\system32\\compattelrunner.exe"}}
{"preview":false,"result":{"Computer":"DESKTOP-PC01","source":["sysmon_events.json","XmlWinEventLog:Microsoft-Windows-Sysmon/Operational"],"EventID":"13","UtcTime":"2021-11-21 12:58:15.144","Image":"C:\\Windows\\system32\\compattelrunner.exe"}}
{"preview":false,"result":{"Computer":"DESKTOP-PC01","source":["sysmon_events.json","XmlWinEventLog:Microsoft-Windows-Sysmon/Operational"],"EventID":"13","UtcTime":"2021-11-21 12:58:15.144","Image":"C:\\Windows\\system32\\compattelrunner.exe"}}
{"preview":false,"result":{"Computer":"DESKTOP-PC01","source":["sysmon_events.json","XmlWinEventLog:Microsoft-Windows-Sysmon/Operational"],"EventID":"13","UtcTime":"2021-11-21 12:58:15.144","Image":"C:\\Windows\\system32\\compattelrunner.exe"}}
{"preview":false,"result":{"Computer":"DESKTOP-PC01","source":["sysmon_events.json","XmlWinEventLog:Microsoft-Windows-Sysmon/Operational"],"EventID":"13","UtcTime":"2021-11-21 12:58:15.144","Image":"C:\\Windows\\system32\\compattelrunner.exe"}}
{"preview":false,"result":{"Computer":"DESKTOP-PC01","source":["sysmon_events.json","XmlWinEventLog:Microsoft-Windows-Sysmon/Operational"],"EventID":"13","UtcTime":"2021-11-21 12:58:15.144","Image":"C:\\Windows\\system32\\compattelrunner.exe"}}
{"preview":false,"result":{"Computer":"DESKTOP-PC01","source":["sysmon_events.json","XmlWinEventLog:Microsoft-Windows-Sysmon/Operational"],"EventID":"13","UtcTime":"2021-11-21 12:58:15.144","Image":"C:\\Windows\\system32\\compattelrunner.exe"}}
{"preview":false,"result":{"Computer":"DESKTOP-PC01","source":["sysmon_events.json","XmlWinEventLog:Microsoft-Windows-Sysmon/Operational"],"EventID":"13","UtcTime":"2021-11-21 12:58:15.144","Image":"C:\\Windows\\system32\\compattelrunner.exe"}}
{"preview":false,"result":{"Computer":"DESKTOP-PC01","source":["sysmon_events.json","XmlWinEventLog:Microsoft-Windows-Sysmon/Operational"],"EventID":"13","UtcTime":"2021-11-21 12:58:15.144","Image":"C:\\Windows\\system32\\compattelrunner.exe"}}
{"preview":false,"result":{"Computer":"DESKTOP-PC01","source":["sysmon_events.json","XmlWinEventLog:Microsoft-Windows-Sysmon/Operational"],"EventID":"13","UtcTime":"2021-11-21 12:58:15.144","Image":"C:\\Windows\\system32\\compattelrunner.exe"}}
{"preview":false,"result":{"Computer":"DESKTOP-PC01","source":["sysmon_events.json","XmlWinEventLog:Microsoft-Windows-Sysmon/Operational"],"EventID":"13","UtcTime":"2021-11-21 12:58:15.144","Image":"C:\\Windows\\system32\\compattelrunner.exe"}}
{"preview":false,"result":{"Computer":"DESKTOP-PC01","source":["sysmon_events.json","XmlWinEventLog:Microsoft-Windows-Sysmon/Operational"],"EventID":"13","UtcTime":"2021-11-21 12:58:15.144","Image":"C:\\Windows\\system32\\compattelrunner.exe"}}
{"preview":false,"result":{"Computer":"DESKTOP-PC01","source":["sysmon_events.json","XmlWinEventLog:Microsoft-Windows-Sysmon/Operational"],"EventID":"13","UtcTime":"2021-11-21 12:58:15.210","Image":"C:\\Windows\\system32\\compattelrunner.exe"}}
{"preview":false,"result":{"Computer":"DESKTOP-PC01","source":["sysmon_events.json","XmlWinEventLog:Microsoft-Windows-Sysmon/Operational"],"EventID":"13","UtcTime":"2021-11-21 12:58:15.211","Image":"C:\\Windows\\system32\\compattelrunner.exe"}}
{"preview":false,"result":{"Computer":"DESKTOP-PC01","source":["sysmon_events.json","XmlWinEventLog:Microsoft-Windows-Sysmon/Operational"],"EventID":"13","UtcTime":"2021-11-21 12:58:15.211","Image":"C:\\Windows\\system32\\compattelrunner.exe"}}
{"preview":false,"result":{"Computer":"DESKTOP-PC01","source":["sysmon_events.json","XmlWinEventLog:Microsoft-Windows-Sysmon/Operational"],"EventID":"13","UtcTime":"2021-11-21 12:58:15.212","Image":"C:\\Windows\\system32\\compattelrunner.exe"}}
{"preview":false,"result":{"Computer":"DESKTOP-PC01","source":["sysmon_events.json","XmlWinEventLog:Microsoft-Windows-Sysmon/Operational"],"EventID":"13","UtcTime":"2021-11-21 12:58:15.213","Image":"C:\\Windows\\system32\\compattelrunner.exe"}}
{"preview":false,"result":{"Computer":"DESKTOP-PC01","source":["sysmon_events.json","XmlWinEventLog:Microsoft-Windows-Sysmon/Operational"],"EventID":"3","UtcTime":"2021-11-21 13:03:06.225","DestinationIp":"146.112.61.110","Protocol":"tcp","DestinationPort":"443","Image":"C:\\Windows\\System32\\WindowsPowerShell\\v1.0\\powershell.exe"}}
{"preview":false,"result":{"Computer":"DESKTOP-PC01","source":["sysmon_events.json","XmlWinEventLog:Microsoft-Windows-Sysmon/Operational"],"EventID":"22","UtcTime":"2021-11-21 13:03:06.676","Image":"C:\\Windows\\System32\\WindowsPowerShell\\v1.0\\powershell.exe"}}
{"preview":false,"result":{"Computer":"DESKTOP-PC01","source":["sysmon_events.json","XmlWinEventLog:Microsoft-Windows-Sysmon/Operational"],"EventID":"11","UtcTime":"2021-11-21 13:03:08.249","Image":"C:\\Windows\\System32\\WindowsPowerShell\\v1.0\\powershell.exe"}}
{"preview":false,"result":{"Computer":"DESKTOP-PC01","source":["sysmon_events.json","XmlWinEventLog:Microsoft-Windows-Sysmon/Operational"],"EventID":"3","UtcTime":"2021-11-21 13:03:06.792","DestinationIp":"2.20.7.24","Protocol":"tcp","DestinationPort":"80","Image":"C:\\Windows\\System32\\WindowsPowerShell\\v1.0\\powershell.exe"}}
{"preview":false,"result":{"Computer":"DESKTOP-PC01","source":["sysmon_events.json","XmlWinEventLog:Microsoft-Windows-Sysmon/Operational"],"EventID":"1","UtcTime":"2021-11-21 13:03:08.695","Image":"C:\\Program Files\\SplunkUniversalForwarder\\bin\\splunk-MonitorNoHandle.exe","CommandLine":"\"C:\\Program Files\\SplunkUniversalForwarder\\bin\\splunk-MonitorNoHandle.exe\"","ParentCommandLine":"\"C:\\Program Files\\SplunkUniversalForwarder\\bin\\splunkd.exe\" service"}}
{"preview":false,"result":{"Computer":"DESKTOP-PC01","source":["sysmon_events.json","XmlWinEventLog:Microsoft-Windows-Sysmon/Operational"],"EventID":"13","UtcTime":"2021-11-21 12:58:15.213","Image":"C:\\Windows\\system32\\compattelrunner.exe"}}
{"preview":false,"result":{"Computer":"DESKTOP-PC01","source":["sysmon_events.json","XmlWinEventLog:Microsoft-Windows-Sysmon/Operational"],"EventID":"13","UtcTime":"2021-11-21 12:58:15.214","Image":"C:\\Windows\\system32\\compattelrunner.exe"}}
{"preview":false,"result":{"Computer":"DESKTOP-PC01","source":["sysmon_events.json","XmlWinEventLog:Microsoft-Windows-Sysmon/Operational"],"EventID":"13","UtcTime":"2021-11-21 12:58:15.214","Image":"C:\\Windows\\system32\\compattelrunner.exe"}}
{"preview":false,"result":{"Computer":"DESKTOP-PC01","source":["sysmon_events.json","XmlWinEventLog:Microsoft-Windows-Sysmon/Operational"],"EventID":"13","UtcTime":"2021-11-21 12:58:15.215","Image":"C:\\Windows\\system32\\compattelrunner.exe"}}
{"preview":false,"result":{"Computer":"DESKTOP-PC01","source":["sysmon_events.json","XmlWinEventLog:Microsoft-Windows-Sysmon/Operational"],"EventID":"13","UtcTime":"2021-11-21 12:58:15.216","Image":"C:\\Windows\\system32\\compattelrunner.exe"}}
{"preview":false,"result":{"Computer":"DESKTOP-PC01","source":["sysmon_events.json","XmlWinEventLog:Microsoft-Windows-Sysmon/Operational"],"EventID":"1","UtcTime":"2021-11-21 13:03:09.560","Image":"C:\\Program Files\\SplunkUniversalForwarder\\bin\\splunk-admon.exe","CommandLine":"\"C:\\Program Files\\SplunkUniversalForwarder\\bin\\splunk-admon.exe\"","ParentCommandLine":"\"C:\\Program Files\\SplunkUniversalForwarder\\bin\\splunkd.exe\" service"}}
{"preview":false,"result":{"Computer":"DESKTOP-PC01","source":["sysmon_events.json","XmlWinEventLog:Microsoft-Windows-Sysmon/Operational"],"EventID":"22","UtcTime":"2021-11-21 13:03:08.718","Image":"C:\\Windows\\System32\\WindowsPowerShell\\v1.0\\powershell.exe"}}
{"preview":false,"result":{"Computer":"DESKTOP-PC01","source":["sysmon_events.json","XmlWinEventLog:Microsoft-Windows-Sysmon/Operational"],"EventID":"11","UtcTime":"2021-11-21 13:03:10.266","Image":"C:\\Windows\\System32\\WindowsPowerShell\\v1.0\\powershell.exe"}}
{"preview":false,"result":{"Computer":"DESKTOP-PC01","source":["sysmon_events.json","XmlWinEventLog:Microsoft-Windows-Sysmon/Operational"],"EventID":"1","UtcTime":"2021-11-21 13:03:10.314","Image":"C:\\Program Files\\SplunkUniversalForwarder\\bin\\splunk-netmon.exe","CommandLine":"\"C:\\Program Files\\SplunkUniversalForwarder\\bin\\splunk-netmon.exe\"","ParentCommandLine":"\"C:\\Program Files\\SplunkUniversalForwarder\\bin\\splunkd.exe\" service"}}
{"preview":false,"result":{"Computer":"DESKTOP-PC01","source":["sysmon_events.json","XmlWinEventLog:Microsoft-Windows-Sysmon/Operational"],"EventID":"3","UtcTime":"2021-11-21 13:03:08.836","DestinationIp":"146.112.61.110","Protocol":"tcp","DestinationPort":"443","Image":"C:\\Windows\\System32\\WindowsPowerShell\\v1.0\\powershell.exe"}}
{"preview":false,"result":{"Computer":"DESKTOP-PC01","source":["sysmon_events.json","XmlWinEventLog:Microsoft-Windows-Sysmon/Operational"],"EventID":"11","UtcTime":"2021-11-21 13:03:10.883","Image":"C:\\Windows\\System32\\WindowsPowerShell\\v1.0\\powershell.exe"}}
{"preview":false,"result":{"Computer":"DESKTOP-PC01","source":["sysmon_events.json","XmlWinEventLog:Microsoft-Windows-Sysmon/Operational"],"EventID":"3","UtcTime":"2021-11-21 13:03:10.545","DestinationIp":"146.112.61.110","Protocol":"tcp","DestinationPort":"443","Image":"C:\\Windows\\System32\\WindowsPowerShell\\v1.0\\powershell.exe"}}
{"preview":false,"result":{"Computer":"DESKTOP-PC01","source":["sysmon_events.json","XmlWinEventLog:Microsoft-Windows-Sysmon/Operational"],"EventID":"1","UtcTime":"2021-11-21 13:03:12.074","Image":"C:\\Program Files\\SplunkUniversalForwarder\\bin\\splunk-powershell.exe","CommandLine":"\"C:\\Program Files\\SplunkUniversalForwarder\\bin\\splunk-powershell.exe\"","ParentCommandLine":"\"C:\\Program Files\\SplunkUniversalForwarder\\bin\\splunkd.exe\" service"}}
{"preview":false,"result":{"Computer":"DESKTOP-PC01","source":["sysmon_events.json","XmlWinEventLog:Microsoft-Windows-Sysmon/Operational"],"EventID":"22","UtcTime":"2021-11-21 13:03:10.423","Image":"C:\\Windows\\System32\\WindowsPowerShell\\v1.0\\powershell.exe"}}
{"preview":false,"result":{"Computer":"DESKTOP-PC01","source":["sysmon_events.json","XmlWinEventLog:Microsoft-Windows-Sysmon/Operational"],"EventID":"1","UtcTime":"2021-11-21 13:03:12.825","Image":"C:\\Program Files\\SplunkUniversalForwarder\\bin\\splunk-powershell.exe","CommandLine":"\"C:\\Program Files\\SplunkUniversalForwarder\\bin\\splunk-powershell.exe\" --ps2","ParentCommandLine":"\"C:\\Program Files\\SplunkUniversalForwarder\\bin\\splunkd.exe\" service"}}
{"preview":false,"result":{"Computer":"DESKTOP-PC01","source":["sysmon_events.json","XmlWinEventLog:Microsoft-Windows-Sysmon/Operational"],"EventID":"13","UtcTime":"2021-11-21 12:58:15.216","Image":"C:\\Windows\\system32\\compattelrunner.exe"}}
{"preview":false,"result":{"Computer":"DESKTOP-PC01","source":["sysmon_events.json","XmlWinEventLog:Microsoft-Windows-Sysmon/Operational"],"EventID":"13","UtcTime":"2021-11-21 12:58:15.216","Image":"C:\\Windows\\system32\\compattelrunner.exe"}}
{"preview":false,"result":{"Computer":"DESKTOP-PC01","source":["sysmon_events.json","XmlWinEventLog:Microsoft-Windows-Sysmon/Operational"],"EventID":"13","UtcTime":"2021-11-21 12:58:15.218","Image":"C:\\Windows\\system32\\compattelrunner.exe"}}
{"preview":false,"result":{"Computer":"DESKTOP-PC01","source":["sysmon_events.json","XmlWinEventLog:Microsoft-Windows-Sysmon/Operational"],"EventID":"13","UtcTime":"2021-11-21 12:58:15.218","Image":"C:\\Windows\\system32\\compattelrunner.exe"}}
{"preview":false,"result":{"Computer":"DESKTOP-PC01","source":["sysmon_events.json","XmlWinEventLog:Microsoft-Windows-Sysmon/Operational"],"EventID":"13","UtcTime":"2021-11-21 12:58:15.219","Image":"C:\\Windows\\system32\\compattelrunner.exe"}}
{"preview":false,"result":{"Computer":"DESKTOP-PC01","source":["sysmon_events.json","XmlWinEventLog:Microsoft-Windows-Sysmon/Operational"],"EventID":"13","UtcTime":"2021-11-21 12:58:15.219","Image":"C:\\Windows\\system32\\compattelrunner.exe"}}
{"preview":false,"result":{"Computer":"DESKTOP-PC01","source":["sysmon_events.json","XmlWinEventLog:Microsoft-Windows-Sysmon/Operational"],"EventID":"13","UtcTime":"2021-11-21 12:58:15.221","Image":"C:\\Windows\\system32\\compattelrunner.exe"}}
{"preview":false,"result":{"Computer":"DESKTOP-PC01","source":["sysmon_events.json","XmlWinEventLog:Microsoft-Windows-Sysmon/Operational"],"EventID":"13","UtcTime":"2021-11-21 12:58:15.222","Image":"C:\\Windows\\system32\\compattelrunner.exe"}}
{"preview":false,"result":{"Computer":"DESKTOP-PC01","source":["sysmon_events.json","XmlWinEventLog:Microsoft-Windows-Sysmon/Operational"],"EventID":"13","UtcTime":"2021-11-21 12:58:15.223","Image":"C:\\Windows\\system32\\compattelrunner.exe"}}
{"preview":false,"result":{"Computer":"DESKTOP-PC01","source":["sysmon_events.json","XmlWinEventLog:Microsoft-Windows-Sysmon/Operational"],"EventID":"13","UtcTime":"2021-11-21 12:58:15.223","Image":"C:\\Windows\\system32\\compattelrunner.exe"}}
{"preview":false,"result":{"Computer":"DESKTOP-PC01","source":["sysmon_events.json","XmlWinEventLog:Microsoft-Windows-Sysmon/Operational"],"EventID":"1","UtcTime":"2021-11-21 13:03:13.605","Image":"C:\\Program Files\\SplunkUniversalForwarder\\bin\\splunk-regmon.exe","CommandLine":"\"C:\\Program Files\\SplunkUniversalForwarder\\bin\\splunk-regmon.exe\"","ParentCommandLine":"\"C:\\Program Files\\SplunkUniversalForwarder\\bin\\splunkd.exe\" service"}}
{"preview":false,"result":{"Computer":"DESKTOP-PC01","source":["sysmon_events.json","XmlWinEventLog:Microsoft-Windows-Sysmon/Operational"],"EventID":"1","UtcTime":"2021-11-21 13:03:15.543","Image":"C:\\Program Files\\SplunkUniversalForwarder\\bin\\splunk-winprintmon.exe","CommandLine":"\"C:\\Program Files\\SplunkUniversalForwarder\\bin\\splunk-winprintmon.exe\"","ParentCommandLine":"\"C:\\Program Files\\SplunkUniversalForwarder\\bin\\splunkd.exe\" service"}}
{"preview":false,"result":{"Computer":"DESKTOP-PC01","source":["sysmon_events.json","XmlWinEventLog:Microsoft-Windows-Sysmon/Operational"],"EventID":"1","UtcTime":"2021-11-21 13:04:08.714","Image":"C:\\Program Files\\SplunkUniversalForwarder\\bin\\splunk-MonitorNoHandle.exe","CommandLine":"\"C:\\Program Files\\SplunkUniversalForwarder\\bin\\splunk-MonitorNoHandle.exe\"","ParentCommandLine":"\"C:\\Program Files\\SplunkUniversalForwarder\\bin\\splunkd.exe\" service"}}
{"preview":false,"result":{"Computer":"DESKTOP-PC01","source":["sysmon_events.json","XmlWinEventLog:Microsoft-Windows-Sysmon/Operational"],"EventID":"1","UtcTime":"2021-11-21 13:04:09.561","Image":"C:\\Program Files\\SplunkUniversalForwarder\\bin\\splunk-admon.exe","CommandLine":"\"C:\\Program Files\\SplunkUniversalForwarder\\bin\\splunk-admon.exe\"","ParentCommandLine":"\"C:\\Program Files\\SplunkUniversalForwarder\\bin\\splunkd.exe\" service"}}
{"preview":false,"result":{"Computer":"DESKTOP-PC01","source":["sysmon_events.json","XmlWinEventLog:Microsoft-Windows-Sysmon/Operational"],"EventID":"1","UtcTime":"2021-11-21 13:04:10.297","Image":"C:\\Program Files\\SplunkUniversalForwarder\\bin\\splunk-netmon.exe","CommandLine":"\"C:\\Program Files\\SplunkUniversalForwarder\\bin\\splunk-netmon.exe\"","ParentCommandLine":"\"C:\\Program Files\\SplunkUniversalForwarder\\bin\\splunkd.exe\" service"}}
{"preview":false,"result":{"Computer":"DESKTOP-PC01","source":["sysmon_events.json","XmlWinEventLog:Microsoft-Windows-Sysmon/Operational"],"EventID":"1","UtcTime":"2021-11-21 13:04:11.083","Image":"C:\\Windows\\System32\\taskhostw.exe","CommandLine":"taskhostw.exe","ParentCommandLine":"C:\\Windows\\system32\\svchost.exe -k netsvcs -p"}}
{"preview":false,"result":{"Computer":"DESKTOP-PC01","source":["sysmon_events.json","XmlWinEventLog:Microsoft-Windows-Sysmon/Operational"],"EventID":"1","UtcTime":"2021-11-21 13:04:12.089","Image":"C:\\Program Files\\SplunkUniversalForwarder\\bin\\splunk-powershell.exe","CommandLine":"\"C:\\Program Files\\SplunkUniversalForwarder\\bin\\splunk-powershell.exe\"","ParentCommandLine":"\"C:\\Program Files\\SplunkUniversalForwarder\\bin\\splunkd.exe\" service"}}
{"preview":false,"result":{"Computer":"DESKTOP-PC01","source":["sysmon_events.json","XmlWinEventLog:Microsoft-Windows-Sysmon/Operational"],"EventID":"22","UtcTime":"2021-11-21 13:04:11.790","Image":"C:\\Windows\\System32\\svchost.exe"}}
{"preview":false,"result":{"Computer":"DESKTOP-PC01","source":["sysmon_events.json","XmlWinEventLog:Microsoft-Windows-Sysmon/Operational"],"EventID":"1","UtcTime":"2021-11-21 13:04:12.981","Image":"C:\\Program Files\\SplunkUniversalForwarder\\bin\\splunk-powershell.exe","CommandLine":"\"C:\\Program Files\\SplunkUniversalForwarder\\bin\\splunk-powershell.exe\" --ps2","ParentCommandLine":"\"C:\\Program Files\\SplunkUniversalForwarder\\bin\\splunkd.exe\" service"}}
{"preview":false,"result":{"Computer":"DESKTOP-PC01","source":["sysmon_events.json","XmlWinEventLog:Microsoft-Windows-Sysmon/Operational"],"EventID":"1","UtcTime":"2021-11-21 13:04:13.731","Image":"C:\\Program Files\\SplunkUniversalForwarder\\bin\\splunk-regmon.exe","CommandLine":"\"C:\\Program Files\\SplunkUniversalForwarder\\bin\\splunk-regmon.exe\"","ParentCommandLine":"\"C:\\Program Files\\SplunkUniversalForwarder\\bin\\splunkd.exe\" service"}}
{"preview":false,"result":{"Computer":"DESKTOP-PC01","source":["sysmon_events.json","XmlWinEventLog:Microsoft-Windows-Sysmon/Operational"],"EventID":"13","UtcTime":"2021-11-21 12:58:15.225","Image":"C:\\Windows\\system32\\compattelrunner.exe"}}
{"preview":false,"result":{"Computer":"DESKTOP-PC01","source":["sysmon_events.json","XmlWinEventLog:Microsoft-Windows-Sysmon/Operational"],"EventID":"13","UtcTime":"2021-11-21 12:58:15.225","Image":"C:\\Windows\\system32\\compattelrunner.exe"}}
{"preview":false,"result":{"Computer":"DESKTOP-PC01","source":["sysmon_events.json","XmlWinEventLog:Microsoft-Windows-Sysmon/Operational"],"EventID":"13","UtcTime":"2021-11-21 12:58:15.226","Image":"C:\\Windows\\system32\\compattelrunner.exe"}}
{"preview":false,"result":{"Computer":"DESKTOP-PC01","source":["sysmon_events.json","XmlWinEventLog:Microsoft-Windows-Sysmon/Operational"],"EventID":"13","UtcTime":"2021-11-21 12:58:15.227","Image":"C:\\Windows\\system32\\compattelrunner.exe"}}
{"preview":false,"result":{"Computer":"DESKTOP-PC01","source":["sysmon_events.json","XmlWinEventLog:Microsoft-Windows-Sysmon/Operational"],"EventID":"13","UtcTime":"2021-11-21 12:58:15.228","Image":"C:\\Windows\\system32\\compattelrunner.exe"}}
{"preview":false,"result":{"Computer":"DESKTOP-PC01","source":["sysmon_events.json","XmlWinEventLog:Microsoft-Windows-Sysmon/Operational"],"EventID":"13","UtcTime":"2021-11-21 12:58:15.228","Image":"C:\\Windows\\system32\\compattelrunner.exe"}}
{"preview":false,"result":{"Computer":"DESKTOP-PC01","source":["sysmon_events.json","XmlWinEventLog:Microsoft-Windows-Sysmon/Operational"],"EventID":"13","UtcTime":"2021-11-21 12:58:15.228","Image":"C:\\Windows\\system32\\compattelrunner.exe"}}
{"preview":false,"result":{"Computer":"DESKTOP-PC01","source":["sysmon_events.json","XmlWinEventLog:Microsoft-Windows-Sysmon/Operational"],"EventID":"13","UtcTime":"2021-11-21 12:58:15.228","Image":"C:\\Windows\\system32\\compattelrunner.exe"}}
{"preview":false,"result":{"Computer":"DESKTOP-PC01","source":["sysmon_events.json","XmlWinEventLog:Microsoft-Windows-Sysmon/Operational"],"EventID":"13","UtcTime":"2021-11-21 12:58:15.229","Image":"C:\\Windows\\system32\\compattelrunner.exe"}}
{"preview":false,"result":{"Computer":"DESKTOP-PC01","source":["sysmon_events.json","XmlWinEventLog:Microsoft-Windows-Sysmon/Operational"],"EventID":"1","UtcTime":"2021-11-21 13:04:15.544","Image":"C:\\Program Files\\SplunkUniversalForwarder\\bin\\splunk-winprintmon.exe","CommandLine":"\"C:\\Program Files\\SplunkUniversalForwarder\\bin\\splunk-winprintmon.exe\"","ParentCommandLine":"\"C:\\Program Files\\SplunkUniversalForwarder\\bin\\splunkd.exe\" service"}}
{"preview":false,"result":{"Computer":"DESKTOP-PC01","source":["sysmon_events.json","XmlWinEventLog:Microsoft-Windows-Sysmon/Operational"],"EventID":"1","UtcTime":"2021-11-21 13:04:17.647","Image":"C:\\Windows\\System32\\taskhostw.exe","CommandLine":"taskhostw.exe Install $(Arg0)","ParentCommandLine":"C:\\Windows\\system32\\svchost.exe -k netsvcs -p"}}
{"preview":false,"result":{"Computer":"DESKTOP-PC01","source":["sysmon_events.json","XmlWinEventLog:Microsoft-Windows-Sysmon/Operational"],"EventID":"1","UtcTime":"2021-11-21 13:04:17.722","Image":"C:\\Windows\\servicing\\TrustedInstaller.exe","CommandLine":"C:\\Windows\\servicing\\TrustedInstaller.exe","ParentCommandLine":"C:\\Windows\\system32\\services.exe"}}
{"preview":false,"result":{"Computer":"DESKTOP-PC01","source":["sysmon_events.json","XmlWinEventLog:Microsoft-Windows-Sysmon/Operational"],"EventID":"1","UtcTime":"2021-11-21 13:04:17.796","Image":"C:\\Windows\\WinSxS\\amd64_microsoft-windows-servicingstack_31bf3856ad364e35_10.0.18362.30_none_788560eb0ef1f3b0\\TiWorker.exe","CommandLine":"C:\\Windows\\winsxs\\amd64_microsoft-windows-servicingstack_31bf3856ad364e35_10.0.18362.30_none_788560eb0ef1f3b0\\TiWorker.exe -Embedding","ParentCommandLine":"C:\\Windows\\system32\\svchost.exe -k DcomLaunch -p"}}
{"preview":false,"result":{"Computer":"DESKTOP-PC01","source":["sysmon_events.json","XmlWinEventLog:Microsoft-Windows-Sysmon/Operational"],"EventID":"1","UtcTime":"2021-11-21 13:04:17.891","Image":"C:\\Windows\\System32\\taskhostw.exe","CommandLine":"taskhostw.exe -RegisterDevice -AccountChange","ParentCommandLine":"C:\\Windows\\system32\\svchost.exe -k netsvcs -p"}}
{"preview":false,"result":{"Computer":"DESKTOP-PC01","source":["sysmon_events.json","XmlWinEventLog:Microsoft-Windows-Sysmon/Operational"],"EventID":"22","UtcTime":"2021-11-21 13:04:20.785","Image":"C:\\Program Files\\Cisco\\Orbital\\orbital.exe"}}
{"preview":false,"result":{"Computer":"DESKTOP-PC01","source":["sysmon_events.json","XmlWinEventLog:Microsoft-Windows-Sysmon/Operational"],"EventID":"22","UtcTime":"2021-11-21 13:04:33.546","Image":"C:\\Program Files\\Cisco\\AMP\\7.4.5.20701\\sfc.exe"}}
{"preview":false,"result":{"Computer":"DESKTOP-PC01","source":["sysmon_events.json","XmlWinEventLog:Microsoft-Windows-Sysmon/Operational"],"EventID":"1","UtcTime":"2021-11-21 13:05:08.730","Image":"C:\\Program Files\\SplunkUniversalForwarder\\bin\\splunk-MonitorNoHandle.exe","CommandLine":"\"C:\\Program Files\\SplunkUniversalForwarder\\bin\\splunk-MonitorNoHandle.exe\"","ParentCommandLine":"\"C:\\Program Files\\SplunkUniversalForwarder\\bin\\splunkd.exe\" service"}}
{"preview":false,"result":{"Computer":"DESKTOP-PC01","source":["sysmon_events.json","XmlWinEventLog:Microsoft-Windows-Sysmon/Operational"],"EventID":"1","UtcTime":"2021-11-21 13:05:09.575","Image":"C:\\Program Files\\SplunkUniversalForwarder\\bin\\splunk-admon.exe","CommandLine":"\"C:\\Program Files\\SplunkUniversalForwarder\\bin\\splunk-admon.exe\"","ParentCommandLine":"\"C:\\Program Files\\SplunkUniversalForwarder\\bin\\splunkd.exe\" service"}}
{"preview":false,"result":{"Computer":"DESKTOP-PC01","source":["sysmon_events.json","XmlWinEventLog:Microsoft-Windows-Sysmon/Operational"],"EventID":"1","UtcTime":"2021-11-21 13:05:10.317","Image":"C:\\Program Files\\SplunkUniversalForwarder\\bin\\splunk-netmon.exe","CommandLine":"\"C:\\Program Files\\SplunkUniversalForwarder\\bin\\splunk-netmon.exe\"","ParentCommandLine":"\"C:\\Program Files\\SplunkUniversalForwarder\\bin\\splunkd.exe\" service"}}
{"preview":false,"result":{"Computer":"DESKTOP-PC01","source":["sysmon_events.json","XmlWinEventLog:Microsoft-Windows-Sysmon/Operational"],"EventID":"13","UtcTime":"2021-11-21 12:58:15.229","Image":"C:\\Windows\\system32\\compattelrunner.exe"}}
{"preview":false,"result":{"Computer":"DESKTOP-PC01","source":["sysmon_events.json","XmlWinEventLog:Microsoft-Windows-Sysmon/Operational"],"EventID":"13","UtcTime":"2021-11-21 12:58:15.229","Image":"C:\\Windows\\system32\\compattelrunner.exe"}}
{"preview":false,"result":{"Computer":"DESKTOP-PC01","source":["sysmon_events.json","XmlWinEventLog:Microsoft-Windows-Sysmon/Operational"],"EventID":"13","UtcTime":"2021-11-21 12:58:15.229","Image":"C:\\Windows\\system32\\compattelrunner.exe"}}
{"preview":false,"result":{"Computer":"DESKTOP-PC01","source":["sysmon_events.json","XmlWinEventLog:Microsoft-Windows-Sysmon/Operational"],"EventID":"13","UtcTime":"2021-11-21 12:58:15.229","Image":"C:\\Windows\\system32\\compattelrunner.exe"}}
{"preview":false,"result":{"Computer":"DESKTOP-PC01","source":["sysmon_events.json","XmlWinEventLog:Microsoft-Windows-Sysmon/Operational"],"EventID":"13","UtcTime":"2021-11-21 12:58:15.230","Image":"C:\\Windows\\system32\\compattelrunner.exe"}}
{"preview":false,"result":{"Computer":"DESKTOP-PC01","source":["sysmon_events.json","XmlWinEventLog:Microsoft-Windows-Sysmon/Operational"],"EventID":"13","UtcTime":"2021-11-21 12:58:15.230","Image":"C:\\Windows\\system32\\compattelrunner.exe"}}
{"preview":false,"result":{"Computer":"DESKTOP-PC01","source":["sysmon_events.json","XmlWinEventLog:Microsoft-Windows-Sysmon/Operational"],"EventID":"13","UtcTime":"2021-11-21 12:58:15.230","Image":"C:\\Windows\\system32\\compattelrunner.exe"}}
{"preview":false,"result":{"Computer":"DESKTOP-PC01","source":["sysmon_events.json","XmlWinEventLog:Microsoft-Windows-Sysmon/Operational"],"EventID":"13","UtcTime":"2021-11-21 12:58:15.230","Image":"C:\\Windows\\system32\\compattelrunner.exe"}}
{"preview":false,"result":{"Computer":"DESKTOP-PC01","source":["sysmon_events.json","XmlWinEventLog:Microsoft-Windows-Sysmon/Operational"],"EventID":"13","UtcTime":"2021-11-21 12:58:15.230","Image":"C:\\Windows\\system32\\compattelrunner.exe"}}
{"preview":false,"result":{"Computer":"DESKTOP-PC01","source":["sysmon_events.json","XmlWinEventLog:Microsoft-Windows-Sysmon/Operational"],"EventID":"13","UtcTime":"2021-11-21 12:58:15.231","Image":"C:\\Windows\\system32\\compattelrunner.exe"}}
{"preview":false,"result":{"Computer":"DESKTOP-PC01","source":["sysmon_events.json","XmlWinEventLog:Microsoft-Windows-Sysmon/Operational"],"EventID":"13","UtcTime":"2021-11-21 12:58:15.231","Image":"C:\\Windows\\system32\\compattelrunner.exe"}}
{"preview":false,"result":{"Computer":"DESKTOP-PC01","source":["sysmon_events.json","XmlWinEventLog:Microsoft-Windows-Sysmon/Operational"],"EventID":"13","UtcTime":"2021-11-21 12:58:15.231","Image":"C:\\Windows\\system32\\compattelrunner.exe"}}
{"preview":false,"result":{"Computer":"DESKTOP-PC01","source":["sysmon_events.json","XmlWinEventLog:Microsoft-Windows-Sysmon/Operational"],"EventID":"1","UtcTime":"2021-11-21 13:05:12.092","Image":"C:\\Program Files\\SplunkUniversalForwarder\\bin\\splunk-powershell.exe","CommandLine":"\"C:\\Program Files\\SplunkUniversalForwarder\\bin\\splunk-powershell.exe\"","ParentCommandLine":"\"C:\\Program Files\\SplunkUniversalForwarder\\bin\\splunkd.exe\" service"}}
{"preview":false,"result":{"Computer":"DESKTOP-PC01","source":["sysmon_events.json","XmlWinEventLog:Microsoft-Windows-Sysmon/Operational"],"EventID":"1","UtcTime":"2021-11-21 13:05:12.995","Image":"C:\\Program Files\\SplunkUniversalForwarder\\bin\\splunk-powershell.exe","CommandLine":"\"C:\\Program Files\\SplunkUniversalForwarder\\bin\\splunk-powershell.exe\" --ps2","ParentCommandLine":"\"C:\\Program Files\\SplunkUniversalForwarder\\bin\\splunkd.exe\" service"}}
{"preview":false,"result":{"Computer":"DESKTOP-PC01","source":["sysmon_events.json","XmlWinEventLog:Microsoft-Windows-Sysmon/Operational"],"EventID":"1","UtcTime":"2021-11-21 13:05:13.752","Image":"C:\\Program Files\\SplunkUniversalForwarder\\bin\\splunk-regmon.exe","CommandLine":"\"C:\\Program Files\\SplunkUniversalForwarder\\bin\\splunk-regmon.exe\"","ParentCommandLine":"\"C:\\Program Files\\SplunkUniversalForwarder\\bin\\splunkd.exe\" service"}}
{"preview":false,"result":{"Computer":"DESKTOP-PC01","source":["sysmon_events.json","XmlWinEventLog:Microsoft-Windows-Sysmon/Operational"],"EventID":"1","UtcTime":"2021-11-21 13:05:15.434","Image":"C:\\Program Files\\SplunkUniversalForwarder\\bin\\splunk-winprintmon.exe","CommandLine":"\"C:\\Program Files\\SplunkUniversalForwarder\\bin\\splunk-winprintmon.exe\"","ParentCommandLine":"\"C:\\Program Files\\SplunkUniversalForwarder\\bin\\splunkd.exe\" service"}}
{"preview":false,"result":{"Computer":"DESKTOP-PC01","source":["sysmon_events.json","XmlWinEventLog:Microsoft-Windows-Sysmon/Operational"],"EventID":"1","UtcTime":"2021-11-21 13:05:18.542","Image":"C:\\Windows\\System32\\auditpol.exe","CommandLine":"C:\\Windows\\System32\\auditpol.exe /set /subcategory:\"User Account Management\" /success:enable","ParentCommandLine":"\"C:\\Program Files\\Cisco\\AMP\\7.4.5.20701\\sfc.exe\""}}
{"preview":false,"result":{"Computer":"DESKTOP-PC01","source":["sysmon_events.json","XmlWinEventLog:Microsoft-Windows-Sysmon/Operational"],"EventID":"1","UtcTime":"2021-11-21 13:05:18.654","Image":"C:\\Windows\\System32\\auditpol.exe","CommandLine":"C:\\Windows\\System32\\auditpol.exe /set /subcategory:\"Logon\" /success:enable /failure:enable","ParentCommandLine":"\"C:\\Program Files\\Cisco\\AMP\\7.4.5.20701\\sfc.exe\""}}
{"preview":false,"result":{"Computer":"DESKTOP-PC01","source":["sysmon_events.json","XmlWinEventLog:Microsoft-Windows-Sysmon/Operational"],"EventID":"1","UtcTime":"2021-11-21 13:05:18.712","Image":"C:\\Windows\\System32\\auditpol.exe","CommandLine":"C:\\Windows\\System32\\auditpol.exe /set /subcategory:\"Logoff\" /success:enable /failure:enable","ParentCommandLine":"\"C:\\Program Files\\Cisco\\AMP\\7.4.5.20701\\sfc.exe\""}}
{"preview":false,"result":{"Computer":"DESKTOP-PC01","source":["sysmon_events.json","XmlWinEventLog:Microsoft-Windows-Sysmon/Operational"],"EventID":"13","UtcTime":"2021-11-21 12:58:15.231","Image":"C:\\Windows\\system32\\compattelrunner.exe"}}
{"preview":false,"result":{"Computer":"DESKTOP-PC01","source":["sysmon_events.json","XmlWinEventLog:Microsoft-Windows-Sysmon/Operational"],"EventID":"13","UtcTime":"2021-11-21 12:58:15.232","Image":"C:\\Windows\\system32\\compattelrunner.exe"}}
{"preview":false,"result":{"Computer":"DESKTOP-PC01","source":["sysmon_events.json","XmlWinEventLog:Microsoft-Windows-Sysmon/Operational"],"EventID":"13","UtcTime":"2021-11-21 12:58:15.232","Image":"C:\\Windows\\system32\\compattelrunner.exe"}}
{"preview":false,"result":{"Computer":"DESKTOP-PC01","source":["sysmon_events.json","XmlWinEventLog:Microsoft-Windows-Sysmon/Operational"],"EventID":"13","UtcTime":"2021-11-21 12:58:15.232","Image":"C:\\Windows\\system32\\compattelrunner.exe"}}
{"preview":false,"result":{"Computer":"DESKTOP-PC01","source":["sysmon_events.json","XmlWinEventLog:Microsoft-Windows-Sysmon/Operational"],"EventID":"13","UtcTime":"2021-11-21 12:58:15.232","Image":"C:\\Windows\\system32\\compattelrunner.exe"}}
{"preview":false,"result":{"Computer":"DESKTOP-PC01","source":["sysmon_events.json","XmlWinEventLog:Microsoft-Windows-Sysmon/Operational"],"EventID":"13","UtcTime":"2021-11-21 12:58:15.232","Image":"C:\\Windows\\system32\\compattelrunner.exe"}}
{"preview":false,"result":{"Computer":"DESKTOP-PC01","source":["sysmon_events.json","XmlWinEventLog:Microsoft-Windows-Sysmon/Operational"],"EventID":"13","UtcTime":"2021-11-21 12:58:15.232","Image":"C:\\Windows\\system32\\compattelrunner.exe"}}
{"preview":false,"result":{"Computer":"DESKTOP-PC01","source":["sysmon_events.json","XmlWinEventLog:Microsoft-Windows-Sysmon/Operational"],"EventID":"13","UtcTime":"2021-11-21 12:58:15.233","Image":"C:\\Windows\\system32\\compattelrunner.exe"}}
{"preview":false,"result":{"Computer":"DESKTOP-PC01","source":["sysmon_events.json","XmlWinEventLog:Microsoft-Windows-Sysmon/Operational"],"EventID":"13","UtcTime":"2021-11-21 12:58:15.233","Image":"C:\\Windows\\system32\\compattelrunner.exe"}}
{"preview":false,"result":{"Computer":"DESKTOP-PC01","source":["sysmon_events.json","XmlWinEventLog:Microsoft-Windows-Sysmon/Operational"],"EventID":"13","UtcTime":"2021-11-21 12:58:15.233","Image":"C:\\Windows\\system32\\compattelrunner.exe"}}
{"preview":false,"result":{"Computer":"DESKTOP-PC01","source":["sysmon_events.json","XmlWinEventLog:Microsoft-Windows-Sysmon/Operational"],"EventID":"13","UtcTime":"2021-11-21 12:58:15.233","Image":"C:\\Windows\\system32\\compattelrunner.exe"}}
{"preview":false,"result":{"Computer":"DESKTOP-PC01","source":["sysmon_events.json","XmlWinEventLog:Microsoft-Windows-Sysmon/Operational"],"EventID":"13","UtcTime":"2021-11-21 12:58:15.234","Image":"C:\\Windows\\system32\\compattelrunner.exe"}}
{"preview":false,"result":{"Computer":"DESKTOP-PC01","source":["sysmon_events.json","XmlWinEventLog:Microsoft-Windows-Sysmon/Operational"],"EventID":"13","UtcTime":"2021-11-21 12:58:15.234","Image":"C:\\Windows\\system32\\compattelrunner.exe"}}
{"preview":false,"result":{"Computer":"DESKTOP-PC01","source":["sysmon_events.json","XmlWinEventLog:Microsoft-Windows-Sysmon/Operational"],"EventID":"1","UtcTime":"2021-11-21 13:05:18.762","Image":"C:\\Windows\\System32\\auditpol.exe","CommandLine":"C:\\Windows\\System32\\auditpol.exe /set /subcategory:\"Security System Extension\" /success:enable","ParentCommandLine":"\"C:\\Program Files\\Cisco\\AMP\\7.4.5.20701\\sfc.exe\""}}
{"preview":false,"result":{"Computer":"DESKTOP-PC01","source":["sysmon_events.json","XmlWinEventLog:Microsoft-Windows-Sysmon/Operational"],"EventID":"1","UtcTime":"2021-11-21 13:05:18.808","Image":"C:\\Windows\\System32\\auditpol.exe","CommandLine":"C:\\Windows\\System32\\auditpol.exe /set /subcategory:\"Other Object Access Events\" /success:enable","ParentCommandLine":"\"C:\\Program Files\\Cisco\\AMP\\7.4.5.20701\\sfc.exe\""}}
{"preview":false,"result":{"Computer":"DESKTOP-PC01","source":["sysmon_events.json","XmlWinEventLog:Microsoft-Windows-Sysmon/Operational"],"EventID":"1","UtcTime":"2021-11-21 13:05:28.252","Image":"C:\\Windows\\System32\\browser_broker.exe","CommandLine":"C:\\Windows\\system32\\browser_broker.exe -Embedding","ParentCommandLine":"C:\\Windows\\system32\\svchost.exe -k DcomLaunch -p"}}
{"preview":false,"result":{"Computer":"DESKTOP-PC01","source":["sysmon_events.json","XmlWinEventLog:Microsoft-Windows-Sysmon/Operational"],"EventID":"13","UtcTime":"2021-11-21 12:58:15.234","Image":"C:\\Windows\\system32\\compattelrunner.exe"}}
{"preview":false,"result":{"Computer":"DESKTOP-PC01","source":["sysmon_events.json","XmlWinEventLog:Microsoft-Windows-Sysmon/Operational"],"EventID":"13","UtcTime":"2021-11-21 12:58:15.234","Image":"C:\\Windows\\system32\\compattelrunner.exe"}}
{"preview":false,"result":{"Computer":"DESKTOP-PC01","source":["sysmon_events.json","XmlWinEventLog:Microsoft-Windows-Sysmon/Operational"],"EventID":"13","UtcTime":"2021-11-21 12:58:15.234","Image":"C:\\Windows\\system32\\compattelrunner.exe"}}
{"preview":false,"result":{"Computer":"DESKTOP-PC01","source":["sysmon_events.json","XmlWinEventLog:Microsoft-Windows-Sysmon/Operational"],"EventID":"13","UtcTime":"2021-11-21 12:58:15.235","Image":"C:\\Windows\\system32\\compattelrunner.exe"}}
{"preview":false,"result":{"Computer":"DESKTOP-PC01","source":["sysmon_events.json","XmlWinEventLog:Microsoft-Windows-Sysmon/Operational"],"EventID":"13","UtcTime":"2021-11-21 12:58:15.235","Image":"C:\\Windows\\system32\\compattelrunner.exe"}}
{"preview":false,"result":{"Computer":"DESKTOP-PC01","source":["sysmon_events.json","XmlWinEventLog:Microsoft-Windows-Sysmon/Operational"],"EventID":"13","UtcTime":"2021-11-21 12:58:15.235","Image":"C:\\Windows\\system32\\compattelrunner.exe"}}
{"preview":false,"result":{"Computer":"DESKTOP-PC01","source":["sysmon_events.json","XmlWinEventLog:Microsoft-Windows-Sysmon/Operational"],"EventID":"13","UtcTime":"2021-11-21 12:58:15.235","Image":"C:\\Windows\\system32\\compattelrunner.exe"}}
{"preview":false,"result":{"Computer":"DESKTOP-PC01","source":["sysmon_events.json","XmlWinEventLog:Microsoft-Windows-Sysmon/Operational"],"EventID":"13","UtcTime":"2021-11-21 12:58:15.235","Image":"C:\\Windows\\system32\\compattelrunner.exe"}}
{"preview":false,"result":{"Computer":"DESKTOP-PC01","source":["sysmon_events.json","XmlWinEventLog:Microsoft-Windows-Sysmon/Operational"],"EventID":"13","UtcTime":"2021-11-21 12:58:15.236","Image":"C:\\Windows\\system32\\compattelrunner.exe"}}
{"preview":false,"result":{"Computer":"DESKTOP-PC01","source":["sysmon_events.json","XmlWinEventLog:Microsoft-Windows-Sysmon/Operational"],"EventID":"13","UtcTime":"2021-11-21 12:58:15.236","Image":"C:\\Windows\\system32\\compattelrunner.exe"}}
{"preview":false,"result":{"Computer":"DESKTOP-PC01","source":["sysmon_events.json","XmlWinEventLog:Microsoft-Windows-Sysmon/Operational"],"EventID":"1","UtcTime":"2021-11-21 12:58:15.447","Image":"C:\\Program Files\\SplunkUniversalForwarder\\bin\\splunk-winprintmon.exe","CommandLine":"\"C:\\Program Files\\SplunkUniversalForwarder\\bin\\splunk-winprintmon.exe\"","ParentCommandLine":"\"C:\\Program Files\\SplunkUniversalForwarder\\bin\\splunkd.exe\" service"}}
{"preview":false,"result":{"Computer":"DESKTOP-PC01","source":["sysmon_events.json","XmlWinEventLog:Microsoft-Windows-Sysmon/Operational"],"EventID":"1","UtcTime":"2021-11-21 12:59:08.617","Image":"C:\\Program Files\\SplunkUniversalForwarder\\bin\\splunk-MonitorNoHandle.exe","CommandLine":"\"C:\\Program Files\\SplunkUniversalForwarder\\bin\\splunk-MonitorNoHandle.exe\"","ParentCommandLine":"\"C:\\Program Files\\SplunkUniversalForwarder\\bin\\splunkd.exe\" service"}}
{"preview":false,"result":{"Computer":"DESKTOP-PC01","source":["sysmon_events.json","XmlWinEventLog:Microsoft-Windows-Sysmon/Operational"],"EventID":"1","UtcTime":"2021-11-21 12:59:09.490","Image":"C:\\Program Files\\SplunkUniversalForwarder\\bin\\splunk-admon.exe","CommandLine":"\"C:\\Program Files\\SplunkUniversalForwarder\\bin\\splunk-admon.exe\"","ParentCommandLine":"\"C:\\Program Files\\SplunkUniversalForwarder\\bin\\splunkd.exe\" service"}}
{"preview":false,"result":{"Computer":"DESKTOP-PC01","source":["sysmon_events.json","XmlWinEventLog:Microsoft-Windows-Sysmon/Operational"],"EventID":"1","UtcTime":"2021-11-21 12:59:10.248","Image":"C:\\Program Files\\SplunkUniversalForwarder\\bin\\splunk-netmon.exe","CommandLine":"\"C:\\Program Files\\SplunkUniversalForwarder\\bin\\splunk-netmon.exe\"","ParentCommandLine":"\"C:\\Program Files\\SplunkUniversalForwarder\\bin\\splunkd.exe\" service"}}
{"preview":false,"result":{"Computer":"DESKTOP-PC01","source":["sysmon_events.json","XmlWinEventLog:Microsoft-Windows-Sysmon/Operational"],"EventID":"22","UtcTime":"2021-11-21 13:05:29.381","Image":"C:\\Windows\\System32\\MicrosoftEdgeCP.exe"}}
{"preview":false,"result":{"Computer":"DESKTOP-PC01","source":["sysmon_events.json","XmlWinEventLog:Microsoft-Windows-Sysmon/Operational"],"EventID":"22","UtcTime":"2021-11-21 13:05:29.381","Image":"C:\\Windows\\SystemApps\\Microsoft.MicrosoftEdge_8wekyb3d8bbwe\\MicrosoftEdge.exe"}}
{"preview":false,"result":{"Computer":"DESKTOP-PC01","source":["sysmon_events.json","XmlWinEventLog:Microsoft-Windows-Sysmon/Operational"],"EventID":"22","UtcTime":"2021-11-21 13:05:58.816","Image":"C:\\Program Files\\Cisco\\AMP\\7.4.5.20701\\sfc.exe"}}
{"preview":false,"result":{"Computer":"DESKTOP-PC01","source":["sysmon_events.json","XmlWinEventLog:Microsoft-Windows-Sysmon/Operational"],"EventID":"1","UtcTime":"2021-11-21 12:59:12.056","Image":"C:\\Program Files\\SplunkUniversalForwarder\\bin\\splunk-powershell.exe","CommandLine":"\"C:\\Program Files\\SplunkUniversalForwarder\\bin\\splunk-powershell.exe\"","ParentCommandLine":"\"C:\\Program Files\\SplunkUniversalForwarder\\bin\\splunkd.exe\" service"}}
{"preview":false,"result":{"Computer":"DESKTOP-PC01","source":["sysmon_events.json","XmlWinEventLog:Microsoft-Windows-Sysmon/Operational"],"EventID":"1","UtcTime":"2021-11-21 12:59:12.914","Image":"C:\\Program Files\\SplunkUniversalForwarder\\bin\\splunk-powershell.exe","CommandLine":"\"C:\\Program Files\\SplunkUniversalForwarder\\bin\\splunk-powershell.exe\" --ps2","ParentCommandLine":"\"C:\\Program Files\\SplunkUniversalForwarder\\bin\\splunkd.exe\" service"}}
